#
# There is insufficient memory for the Java Runtime Environment to continue.
# Native memory allocation (malloc) failed to allocate 181403648 bytes for committing reserved memory.
# Possible reasons:
#   The system is out of physical RAM or swap space
#   In 32 bit mode, the process size limit was hit
# Possible solutions:
#   Reduce memory load on the system
#   Increase physical memory or swap space
#   Check if swap backing store is full
#   Use 64 bit Java on a 64 bit OS
#   Decrease Java heap size (-Xmx/-Xms)
#   Decrease number of Java threads
#   Decrease Java thread stack sizes (-Xss)
#   Set larger code cache with -XX:ReservedCodeCacheSize=
# This output file may be truncated or incomplete.
#
#  Out of Memory Error (os_linux.cpp:2756), pid=5382, tid=140505693284096
#
# JRE version: Java(TM) SE Runtime Environment (7.0_76-b13) (build 1.7.0_76-b13)
# Java VM: Java HotSpot(TM) 64-Bit Server VM (24.76-b04 mixed mode linux-amd64 compressed oops)
# Failed to write core dump. Core dumps have been disabled. To enable core dumping, try "ulimit -c unlimited" before starting Java again
#

---------------  T H R E A D  ---------------

Current thread (0x00007fca10130800):  VMThread [stack: 0x00007fca07dfe000,0x00007fca07eff000] [id=5396]

Stack: [0x00007fca07dfe000,0x00007fca07eff000],  sp=0x00007fca07efd240,  free space=1020k
Native frames: (J=compiled Java code, j=interpreted, Vv=VM code, C=native code)
V  [libjvm.so+0x9a32ba]  VMError::report_and_die()+0x2ea
V  [libjvm.so+0x497f7b]  report_vm_out_of_memory(char const*, int, unsigned long, char const*)+0x9b
V  [libjvm.so+0x81fcce]  os::Linux::commit_memory_impl(char*, unsigned long, bool)+0xfe
V  [libjvm.so+0x820219]  os::pd_commit_memory(char*, unsigned long, unsigned long, bool)+0x29
V  [libjvm.so+0x819faa]  os::commit_memory(char*, unsigned long, unsigned long, bool)+0x2a
V  [libjvm.so+0x88d843]  PSVirtualSpace::expand_by(unsigned long)+0x53
V  [libjvm.so+0x88ec18]  PSYoungGen::resize_generation(unsigned long, unsigned long)+0xf8
V  [libjvm.so+0x88dd82]  PSYoungGen::resize(unsigned long, unsigned long)+0x22
V  [libjvm.so+0x88b13d]  PSScavenge::invoke_no_policy()+0xf3d
V  [libjvm.so+0x88b981]  PSScavenge::invoke()+0x41
V  [libjvm.so+0x842300]  ParallelScavengeHeap::failed_mem_allocate(unsigned long)+0x70
V  [libjvm.so+0x9a4b47]  VM_ParallelGCFailedAllocation::doit()+0x97
V  [libjvm.so+0x9abfe5]  VM_Operation::evaluate()+0x55
V  [libjvm.so+0x9aa3aa]  VMThread::evaluate_operation(VM_Operation*)+0xba
V  [libjvm.so+0x9aa72e]  VMThread::loop()+0x1ce
V  [libjvm.so+0x9aaba0]  VMThread::run()+0x70
V  [libjvm.so+0x821ca8]  java_start(Thread*)+0x108

VM_Operation (0x00007fca19bad450): ParallelGCFailedAllocation, mode: safepoint, requested by thread 0x00007fca1000a000


---------------  P R O C E S S  ---------------

Java Threads: ( => current thread )
  0x00007fca1015f800 JavaThread "Service Thread" daemon [_thread_blocked, id=5402, stack(0x00007fca06fe5000,0x00007fca070e6000)]
  0x00007fca1015d000 JavaThread "C2 CompilerThread1" daemon [_thread_blocked, id=5401, stack(0x00007fca070e6000,0x00007fca071e7000)]
  0x00007fca1015a000 JavaThread "C2 CompilerThread0" daemon [_thread_blocked, id=5400, stack(0x00007fca071e7000,0x00007fca072e8000)]
  0x00007fca10158000 JavaThread "Signal Dispatcher" daemon [_thread_blocked, id=5399, stack(0x00007fca072e8000,0x00007fca073e9000)]
  0x00007fca10137000 JavaThread "Finalizer" daemon [_thread_blocked, id=5398, stack(0x00007fca07bfc000,0x00007fca07cfd000)]
  0x00007fca10135000 JavaThread "Reference Handler" daemon [_thread_blocked, id=5397, stack(0x00007fca07cfd000,0x00007fca07dfe000)]
  0x00007fca1000a000 JavaThread "main" [_thread_blocked, id=5391, stack(0x00007fca19aae000,0x00007fca19baf000)]

Other Threads:
=>0x00007fca10130800 VMThread [stack: 0x00007fca07dfe000,0x00007fca07eff000] [id=5396]
  0x00007fca1016a000 WatcherThread [stack: 0x00007fca06ee4000,0x00007fca06fe5000] [id=5403]

VM state:at safepoint (normal execution)

VM Mutex/Monitor currently owned by a thread:  ([mutex/lock_event])
[0x00007fca10006370] Threads_lock - owner thread: 0x00007fca10130800
[0x00007fca10006870] Heap_lock - owner thread: 0x00007fca1000a000

Heap
 PSYoungGen      total 97792K, used 3568K [0x00000000eaa80000, 0x00000000f0d80000, 0x0000000100000000)
  eden space 94208K, 0% used [0x00000000eaa80000,0x00000000eaa80000,0x00000000f0680000)
  from space 3584K, 99% used [0x00000000f0680000,0x00000000f09fc118,0x00000000f0a00000)
  to   space 3584K, 0% used [0x00000000f0a00000,0x00000000f0a00000,0x00000000f0d80000)
 ParOldGen       total 90112K, used 89097K [0x00000000c0000000, 0x00000000c5800000, 0x00000000eaa80000)
  object space 90112K, 98% used [0x00000000c0000000,0x00000000c5702618,0x00000000c5800000)
 PSPermGen       total 21504K, used 6730K [0x00000000bae00000, 0x00000000bc300000, 0x00000000c0000000)
  object space 21504K, 31% used [0x00000000bae00000,0x00000000bb492928,0x00000000bc300000)

Card table byte_map: [0x00007fca16b6f000,0x00007fca16d99000] byte_map_base: 0x00007fca16598000

Polling page: 0x00007fca19bcf000

Code Cache  [0x00007fca0d000000, 0x00007fca0d270000, 0x00007fca10000000)
 total_blobs=993 nmethods=745 adapters=202 free_code_cache=47119Kb largest_free_block=48196928

Compilation events (10 events):
Event: 5.574 Thread 0x00007fca1015d000 nmethod 751 0x00007fca0d1eba50 code [0x00007fca0d1ebba0, 0x00007fca0d1ebd58]
Event: 5.574 Thread 0x00007fca1015d000  752             com.android.dx.io.instructions.ThreeRegisterDecodedInstruction::getRegisterCount (2 bytes)
Event: 5.574 Thread 0x00007fca1015d000 nmethod 752 0x00007fca0d1eb850 code [0x00007fca0d1eb980, 0x00007fca0d1eb9d8]
Event: 5.595 Thread 0x00007fca1015d000  753             com.android.dx.io.instructions.InstructionCodec$14::decode (53 bytes)
Event: 5.597 Thread 0x00007fca1015a000 nmethod 732 0x00007fca0d201850 code [0x00007fca0d201da0, 0x00007fca0d204f40]
Event: 5.597 Thread 0x00007fca1015a000  754             com.android.dx.io.instructions.InstructionCodec$14::encode (29 bytes)
Event: 5.599 Thread 0x00007fca1015d000 nmethod 753 0x00007fca0d1eb390 code [0x00007fca0d1eb4e0, 0x00007fca0d1eb6b8]
Event: 5.599 Thread 0x00007fca1015a000 nmethod 754 0x00007fca0d0aa990 code [0x00007fca0d0aab00, 0x00007fca0d0aad18]
Event: 5.649 Thread 0x00007fca1015d000  755             com.android.dx.io.instructions.DecodedInstruction::getLiteralUnit (55 bytes)
Event: 5.650 Thread 0x00007fca1015d000 nmethod 755 0x00007fca0d1f5ed0 code [0x00007fca0d1f6000, 0x00007fca0d1f6078]

GC Heap History (9 events):
Event: 1.946 GC heap before
{Heap before GC invocations=1 (full 0):
 PSYoungGen      total 27136K, used 23552K [0x00000000eaa80000, 0x00000000ec880000, 0x0000000100000000)
  eden space 23552K, 100% used [0x00000000eaa80000,0x00000000ec180000,0x00000000ec180000)
  from space 3584K, 0% used [0x00000000ec500000,0x00000000ec500000,0x00000000ec880000)
  to   space 3584K, 0% used [0x00000000ec180000,0x00000000ec180000,0x00000000ec500000)
 ParOldGen       total 61440K, used 0K [0x00000000c0000000, 0x00000000c3c00000, 0x00000000eaa80000)
  object space 61440K, 0% used [0x00000000c0000000,0x00000000c0000000,0x00000000c3c00000)
 PSPermGen       total 21504K, used 4571K [0x00000000bae00000, 0x00000000bc300000, 0x00000000c0000000)
  object space 21504K, 21% used [0x00000000bae00000,0x00000000bb276d10,0x00000000bc300000)
Event: 1.990 GC heap after
Heap after GC invocations=1 (full 0):
 PSYoungGen      total 27136K, used 3552K [0x00000000eaa80000, 0x00000000edf80000, 0x0000000100000000)
  eden space 23552K, 0% used [0x00000000eaa80000,0x00000000eaa80000,0x00000000ec180000)
  from space 3584K, 99% used [0x00000000ec180000,0x00000000ec4f8038,0x00000000ec500000)
  to   space 3584K, 0% used [0x00000000edc00000,0x00000000edc00000,0x00000000edf80000)
 ParOldGen       total 61440K, used 7774K [0x00000000c0000000, 0x00000000c3c00000, 0x00000000eaa80000)
  object space 61440K, 12% used [0x00000000c0000000,0x00000000c0797a00,0x00000000c3c00000)
 PSPermGen       total 21504K, used 4571K [0x00000000bae00000, 0x00000000bc300000, 0x00000000c0000000)
  object space 21504K, 21% used [0x00000000bae00000,0x00000000bb276d10,0x00000000bc300000)
}
Event: 2.427 GC heap before
{Heap before GC invocations=2 (full 0):
 PSYoungGen      total 27136K, used 26398K [0x00000000eaa80000, 0x00000000edf80000, 0x0000000100000000)
  eden space 23552K, 97% used [0x00000000eaa80000,0x00000000ec0cfa30,0x00000000ec180000)
  from space 3584K, 99% used [0x00000000ec180000,0x00000000ec4f8038,0x00000000ec500000)
  to   space 3584K, 0% used [0x00000000edc00000,0x00000000edc00000,0x00000000edf80000)
 ParOldGen       total 61440K, used 7774K [0x00000000c0000000, 0x00000000c3c00000, 0x00000000eaa80000)
  object space 61440K, 12% used [0x00000000c0000000,0x00000000c0797a00,0x00000000c3c00000)
 PSPermGen       total 21504K, used 4973K [0x00000000bae00000, 0x00000000bc300000, 0x00000000c0000000)
  object space 21504K, 23% used [0x00000000bae00000,0x00000000bb2db7c8,0x00000000bc300000)
Event: 2.766 GC heap after
Heap after GC invocations=2 (full 0):
 PSYoungGen      total 50688K, used 3569K [0x00000000eaa80000, 0x00000000edf80000, 0x0000000100000000)
  eden space 47104K, 0% used [0x00000000eaa80000,0x00000000eaa80000,0x00000000ed880000)
  from space 3584K, 99% used [0x00000000edc00000,0x00000000edf7c690,0x00000000edf80000)
  to   space 3584K, 0% used [0x00000000ed880000,0x00000000ed880000,0x00000000edc00000)
 ParOldGen       total 61440K, used 17298K [0x00000000c0000000, 0x00000000c3c00000, 0x00000000eaa80000)
  object space 61440K, 28% used [0x00000000c0000000,0x00000000c10e49e8,0x00000000c3c00000)
 PSPermGen       total 21504K, used 4973K [0x00000000bae00000, 0x00000000bc300000, 0x00000000c0000000)
  object space 21504K, 23% used [0x00000000bae00000,0x00000000bb2db7c8,0x00000000bc300000)
}
Event: 4.643 GC heap before
{Heap before GC invocations=3 (full 0):
 PSYoungGen      total 50688K, used 50673K [0x00000000eaa80000, 0x00000000edf80000, 0x0000000100000000)
  eden space 47104K, 100% used [0x00000000eaa80000,0x00000000ed880000,0x00000000ed880000)
  from space 3584K, 99% used [0x00000000edc00000,0x00000000edf7c690,0x00000000edf80000)
  to   space 3584K, 0% used [0x00000000ed880000,0x00000000ed880000,0x00000000edc00000)
 ParOldGen       total 61440K, used 17298K [0x00000000c0000000, 0x00000000c3c00000, 0x00000000eaa80000)
  object space 61440K, 28% used [0x00000000c0000000,0x00000000c10e49e8,0x00000000c3c00000)
 PSPermGen       total 21504K, used 6664K [0x00000000bae00000, 0x00000000bc300000, 0x00000000c0000000)
  object space 21504K, 30% used [0x00000000bae00000,0x00000000bb482100,0x00000000bc300000)
Event: 4.678 GC heap after
Heap after GC invocations=3 (full 0):
 PSYoungGen      total 50688K, used 3552K [0x00000000eaa80000, 0x00000000f0d80000, 0x0000000100000000)
  eden space 47104K, 0% used [0x00000000eaa80000,0x00000000eaa80000,0x00000000ed880000)
  from space 3584K, 99% used [0x00000000ed880000,0x00000000edbf8040,0x00000000edc00000)
  to   space 3584K, 0% used [0x00000000f0a00000,0x00000000f0a00000,0x00000000f0d80000)
 ParOldGen       total 61440K, used 35163K [0x00000000c0000000, 0x00000000c3c00000, 0x00000000eaa80000)
  object space 61440K, 57% used [0x00000000c0000000,0x00000000c2256ef8,0x00000000c3c00000)
 PSPermGen       total 21504K, used 6664K [0x00000000bae00000, 0x00000000bc300000, 0x00000000c0000000)
  object space 21504K, 30% used [0x00000000bae00000,0x00000000bb482100,0x00000000bc300000)
}
Event: 5.148 GC heap before
{Heap before GC invocations=4 (full 0):
 PSYoungGen      total 50688K, used 50656K [0x00000000eaa80000, 0x00000000f0d80000, 0x0000000100000000)
  eden space 47104K, 100% used [0x00000000eaa80000,0x00000000ed880000,0x00000000ed880000)
  from space 3584K, 99% used [0x00000000ed880000,0x00000000edbf8040,0x00000000edc00000)
  to   space 3584K, 0% used [0x00000000f0a00000,0x00000000f0a00000,0x00000000f0d80000)
 ParOldGen       total 61440K, used 35163K [0x00000000c0000000, 0x00000000c3c00000, 0x00000000eaa80000)
  object space 61440K, 57% used [0x00000000c0000000,0x00000000c2256ef8,0x00000000c3c00000)
 PSPermGen       total 21504K, used 6714K [0x00000000bae00000, 0x00000000bc300000, 0x00000000c0000000)
  object space 21504K, 31% used [0x00000000bae00000,0x00000000bb48e8b0,0x00000000bc300000)
Event: 5.179 GC heap after
Heap after GC invocations=4 (full 0):
 PSYoungGen      total 97792K, used 3552K [0x00000000eaa80000, 0x00000000f0d80000, 0x0000000100000000)
  eden space 94208K, 0% used [0x00000000eaa80000,0x00000000eaa80000,0x00000000f0680000)
  from space 3584K, 99% used [0x00000000f0a00000,0x00000000f0d78040,0x00000000f0d80000)
  to   space 3584K, 0% used [0x00000000f0680000,0x00000000f0680000,0x00000000f0a00000)
 ParOldGen       total 61440K, used 42268K [0x00000000c0000000, 0x00000000c3c00000, 0x00000000eaa80000)
  object space 61440K, 68% used [0x00000000c0000000,0x00000000c29470b0,0x00000000c3c00000)
 PSPermGen       total 21504K, used 6714K [0x00000000bae00000, 0x00000000bc300000, 0x00000000c0000000)
  object space 21504K, 31% used [0x00000000bae00000,0x00000000bb48e8b0,0x00000000bc300000)
}
Event: 5.752 GC heap before
{Heap before GC invocations=5 (full 0):
 PSYoungGen      total 97792K, used 97760K [0x00000000eaa80000, 0x00000000f0d80000, 0x0000000100000000)
  eden space 94208K, 100% used [0x00000000eaa80000,0x00000000f0680000,0x00000000f0680000)
  from space 3584K, 99% used [0x00000000f0a00000,0x00000000f0d78040,0x00000000f0d80000)
  to   space 3584K, 0% used [0x00000000f0680000,0x00000000f0680000,0x00000000f0a00000)
 ParOldGen       total 61440K, used 42268K [0x00000000c0000000, 0x00000000c3c00000, 0x00000000eaa80000)
  object space 61440K, 68% used [0x00000000c0000000,0x00000000c29470b0,0x00000000c3c00000)
 PSPermGen       total 21504K, used 6730K [0x00000000bae00000, 0x00000000bc300000, 0x00000000c0000000)
  object space 21504K, 31% used [0x00000000bae00000,0x00000000bb492928,0x00000000bc300000)

Deoptimization events (10 events):
Event: 3.771 Thread 0x00007fca1000a000 Uncommon trap: reason=class_check action=maybe_recompile pc=0x00007fca0d162e38 method=com.android.dex.Leb128.writeUnsignedLeb128(Lcom/android/dex/util/ByteOutput;I)V @ 40
Event: 3.771 Thread 0x00007fca1000a000 Uncommon trap: reason=class_check action=maybe_recompile pc=0x00007fca0d162e38 method=com.android.dex.Leb128.writeUnsignedLeb128(Lcom/android/dex/util/ByteOutput;I)V @ 40
Event: 3.771 Thread 0x00007fca1000a000 Uncommon trap: reason=class_check action=maybe_recompile pc=0x00007fca0d162e38 method=com.android.dex.Leb128.writeUnsignedLeb128(Lcom/android/dex/util/ByteOutput;I)V @ 40
Event: 3.771 Thread 0x00007fca1000a000 Uncommon trap: reason=class_check action=maybe_recompile pc=0x00007fca0d162e38 method=com.android.dex.Leb128.writeUnsignedLeb128(Lcom/android/dex/util/ByteOutput;I)V @ 40
Event: 3.921 Thread 0x00007fca1000a000 Uncommon trap: reason=predicate action=maybe_recompile pc=0x00007fca0d16ee38 method=com.android.dex.Leb128.writeUnsignedLeb128(Lcom/android/dex/util/ByteOutput;I)V @ 9
Event: 4.167 Thread 0x00007fca1000a000 Uncommon trap: reason=unreached action=reinterpret pc=0x00007fca0d189c8c method=com.android.dx.merge.DexMerger$IdMerger.mergeSorted()V @ 261
Event: 4.167 Thread 0x00007fca1000a000 Uncommon trap: reason=predicate action=maybe_recompile pc=0x00007fca0d17a778 method=com.android.dex.Leb128.readUnsignedLeb128(Lcom/android/dex/util/ByteInput;)I @ 41
Event: 5.001 Thread 0x00007fca1000a000 Uncommon trap: reason=predicate action=maybe_recompile pc=0x00007fca0d0ed478 method=java.util.ComparableTimSort.binarySort([Ljava/lang/Object;III)V @ 37
Event: 5.232 Thread 0x00007fca1000a000 Uncommon trap: reason=array_check action=maybe_recompile pc=0x00007fca0d0ea378 method=java.util.ComparableTimSort.binarySort([Ljava/lang/Object;III)V @ 193
Event: 5.467 Thread 0x00007fca1000a000 Uncommon trap: reason=predicate action=maybe_recompile pc=0x00007fca0d137d98 method=java.util.TimSort.binarySort([Ljava/lang/Object;IIILjava/util/Comparator;)V @ 37

Internal exceptions (10 events):
Event: 3.945 Thread 0x00007fca1000a000 Threw 0x00000000ebb39e00 at /HUDSON/workspace/7u-2-build-linux-amd64/jdk7u76/1941/hotspot/src/share/vm/prims/jvm.cpp:1304
Event: 3.945 Thread 0x00007fca1000a000 Threw 0x00000000ebb3cd00 at /HUDSON/workspace/7u-2-build-linux-amd64/jdk7u76/1941/hotspot/src/share/vm/prims/jvm.cpp:1304
Event: 3.946 Thread 0x00007fca1000a000 Threw 0x00000000ebb40018 at /HUDSON/workspace/7u-2-build-linux-amd64/jdk7u76/1941/hotspot/src/share/vm/prims/jvm.cpp:1304
Event: 3.948 Thread 0x00007fca1000a000 Threw 0x00000000ebb870d8 at /HUDSON/workspace/7u-2-build-linux-amd64/jdk7u76/1941/hotspot/src/share/vm/prims/jvm.cpp:1304
Event: 3.949 Thread 0x00007fca1000a000 Threw 0x00000000ebb89158 at /HUDSON/workspace/7u-2-build-linux-amd64/jdk7u76/1941/hotspot/src/share/vm/prims/jvm.cpp:1304
Event: 4.091 Thread 0x00007fca1000a000 Threw 0x00000000ebda7ab8 at /HUDSON/workspace/7u-2-build-linux-amd64/jdk7u76/1941/hotspot/src/share/vm/prims/jvm.cpp:1304
Event: 4.091 Thread 0x00007fca1000a000 Threw 0x00000000ebda7be0 at /HUDSON/workspace/7u-2-build-linux-amd64/jdk7u76/1941/hotspot/src/share/vm/prims/jvm.cpp:1304
Event: 4.092 Thread 0x00007fca1000a000 Threw 0x00000000ebda9f50 at /HUDSON/workspace/7u-2-build-linux-amd64/jdk7u76/1941/hotspot/src/share/vm/prims/jvm.cpp:1304
Event: 4.092 Thread 0x00007fca1000a000 Threw 0x00000000ebdaa078 at /HUDSON/workspace/7u-2-build-linux-amd64/jdk7u76/1941/hotspot/src/share/vm/prims/jvm.cpp:1304
Event: 4.590 Thread 0x00007fca1000a000 Threw 0x00000000ed4d7730 at /HUDSON/workspace/7u-2-build-linux-amd64/jdk7u76/1941/hotspot/src/share/vm/prims/jvm.cpp:1304

Events (10 events):
Event: 5.218 Thread 0x00007fca1015d000 flushing nmethod 0x00007fca0d132e10
Event: 5.218 Thread 0x00007fca1015d000 flushing nmethod 0x00007fca0d1377d0
Event: 5.232 Thread 0x00007fca1000a000 Uncommon trap: trap_request=0xffffffd6 fr.pc=0x00007fca0d0ea378
Event: 5.232 Thread 0x00007fca1000a000 DEOPT PACKING pc=0x00007fca0d0ea378 sp=0x00007fca19bad410
Event: 5.232 Thread 0x00007fca1000a000 DEOPT UNPACKING pc=0x00007fca0d039045 sp=0x00007fca19bad3e8 mode 2
Event: 5.236 Thread 0x00007fca1015d000 flushing nmethod 0x00007fca0d15c250
Event: 5.467 Thread 0x00007fca1000a000 Uncommon trap: trap_request=0xffffff86 fr.pc=0x00007fca0d137d98
Event: 5.467 Thread 0x00007fca1000a000 DEOPT PACKING pc=0x00007fca0d137d98 sp=0x00007fca19bad480
Event: 5.467 Thread 0x00007fca1000a000 DEOPT UNPACKING pc=0x00007fca0d039045 sp=0x00007fca19bad470 mode 2
Event: 5.752 Executing VM operation: ParallelGCFailedAllocation


Dynamic libraries:
00400000-00401000 r-xp 00000000 08:01 3818624                            /usr/lib/jvm/java-7-oracle/jre/bin/java
00600000-00601000 rw-p 00000000 08:01 3818624                            /usr/lib/jvm/java-7-oracle/jre/bin/java
02152000-02173000 rw-p 00000000 00:00 0                                  [heap]
bae00000-bc300000 rw-p 00000000 00:00 0 
bc300000-c0000000 rw-p 00000000 00:00 0 
c0000000-c5800000 rw-p 00000000 00:00 0 
c5800000-eaa80000 rw-p 00000000 00:00 0 
eaa80000-f0d80000 rw-p 00000000 00:00 0 
fba80000-100000000 rw-p 00000000 00:00 0 
7fc9d8000000-7fc9d8021000 rw-p 00000000 00:00 0 
7fc9d8021000-7fc9dc000000 ---p 00000000 00:00 0 
7fc9dc000000-7fc9dc021000 rw-p 00000000 00:00 0 
7fc9dc021000-7fc9e0000000 ---p 00000000 00:00 0 
7fc9e0000000-7fc9e0be1000 rw-p 00000000 00:00 0 
7fc9e0be1000-7fc9e4000000 ---p 00000000 00:00 0 
7fc9e4000000-7fc9e4f38000 rw-p 00000000 00:00 0 
7fc9e4f38000-7fc9e8000000 ---p 00000000 00:00 0 
7fc9e8000000-7fc9e8021000 rw-p 00000000 00:00 0 
7fc9e8021000-7fc9ec000000 ---p 00000000 00:00 0 
7fc9ec000000-7fc9ec021000 rw-p 00000000 00:00 0 
7fc9ec021000-7fc9f0000000 ---p 00000000 00:00 0 
7fc9f0000000-7fc9f00e5000 rw-p 00000000 00:00 0 
7fc9f00e5000-7fc9f4000000 ---p 00000000 00:00 0 
7fc9f4000000-7fc9f4021000 rw-p 00000000 00:00 0 
7fc9f4021000-7fc9f8000000 ---p 00000000 00:00 0 
7fc9f8000000-7fc9f8021000 rw-p 00000000 00:00 0 
7fc9f8021000-7fc9fc000000 ---p 00000000 00:00 0 
7fc9fc000000-7fc9fc021000 rw-p 00000000 00:00 0 
7fc9fc021000-7fca00000000 ---p 00000000 00:00 0 
7fca00000000-7fca00021000 rw-p 00000000 00:00 0 
7fca00021000-7fca04000000 ---p 00000000 00:00 0 
7fca0694f000-7fca06abc000 rw-p 00000000 00:00 0 
7fca06abc000-7fca06ad2000 r-xp 00000000 08:01 3818469                    /usr/lib/jvm/java-7-oracle/jre/lib/amd64/libnet.so
7fca06ad2000-7fca06cd2000 ---p 00016000 08:01 3818469                    /usr/lib/jvm/java-7-oracle/jre/lib/amd64/libnet.so
7fca06cd2000-7fca06cd3000 rw-p 00016000 08:01 3818469                    /usr/lib/jvm/java-7-oracle/jre/lib/amd64/libnet.so
7fca06cd3000-7fca06ce3000 r-xp 00000000 08:01 3815879                    /usr/lib/jvm/java-7-oracle/jre/lib/amd64/libnio.so
7fca06ce3000-7fca06ee3000 ---p 00010000 08:01 3815879                    /usr/lib/jvm/java-7-oracle/jre/lib/amd64/libnio.so
7fca06ee3000-7fca06ee4000 rw-p 00010000 08:01 3815879                    /usr/lib/jvm/java-7-oracle/jre/lib/amd64/libnio.so
7fca06ee4000-7fca06ee5000 ---p 00000000 00:00 0 
7fca06ee5000-7fca06fe5000 rw-p 00000000 00:00 0                          [stack:5403]
7fca06fe5000-7fca06fe8000 ---p 00000000 00:00 0 
7fca06fe8000-7fca070e6000 rw-p 00000000 00:00 0                          [stack:5402]
7fca070e6000-7fca070e9000 ---p 00000000 00:00 0 
7fca070e9000-7fca071e7000 rw-p 00000000 00:00 0                          [stack:5401]
7fca071e7000-7fca071ea000 ---p 00000000 00:00 0 
7fca071ea000-7fca072e8000 rw-p 00000000 00:00 0                          [stack:5400]
7fca072e8000-7fca072eb000 ---p 00000000 00:00 0 
7fca072eb000-7fca073e9000 rw-p 00000000 00:00 0                          [stack:5399]
7fca073e9000-7fca07bfc000 r--p 00000000 08:01 3808254                    /usr/lib/locale/locale-archive
7fca07bfc000-7fca07bff000 ---p 00000000 00:00 0 
7fca07bff000-7fca07cfd000 rw-p 00000000 00:00 0                          [stack:5398]
7fca07cfd000-7fca07d00000 ---p 00000000 00:00 0 
7fca07d00000-7fca07dfe000 rw-p 00000000 00:00 0                          [stack:5397]
7fca07dfe000-7fca07dff000 ---p 00000000 00:00 0 
7fca07dff000-7fca08000000 rw-p 00000000 00:00 0                          [stack:5396]
7fca08000000-7fca08021000 rw-p 00000000 00:00 0 
7fca08021000-7fca0c000000 ---p 00000000 00:00 0 
7fca0c00d000-7fca0c033000 r--p 00000000 08:01 4460467                    /usr/share/locale-langpack/ko/LC_MESSAGES/libc.mo
7fca0c033000-7fca0ce41000 rw-p 00000000 00:00 0 
7fca0ce41000-7fca0d000000 r--s 039f0000 08:01 3815342                    /usr/lib/jvm/java-7-oracle/jre/lib/rt.jar
7fca0d000000-7fca0d270000 rwxp 00000000 00:00 0 
7fca0d270000-7fca102d3000 rw-p 00000000 00:00 0 
7fca102d3000-7fca14000000 ---p 00000000 00:00 0 
7fca14010000-7fca14017000 r--s 00000000 08:01 4071599                    /usr/lib/x86_64-linux-gnu/gconv/gconv-modules.cache
7fca14017000-7fca165ec000 rw-p 00000000 00:00 0 
7fca165ec000-7fca165ed000 ---p 00000000 00:00 0 
7fca165ed000-7fca166ed000 rw-p 00000000 00:00 0                          [stack:5395]
7fca166ed000-7fca166ee000 ---p 00000000 00:00 0 
7fca166ee000-7fca167ee000 rw-p 00000000 00:00 0                          [stack:5394]
7fca167ee000-7fca167ef000 ---p 00000000 00:00 0 
7fca167ef000-7fca168ef000 rw-p 00000000 00:00 0                          [stack:5393]
7fca168ef000-7fca168f0000 ---p 00000000 00:00 0 
7fca168f0000-7fca169fb000 rw-p 00000000 00:00 0                          [stack:5392]
7fca169fb000-7fca16a19000 rw-p 00000000 00:00 0 
7fca16a19000-7fca16a45000 rw-p 00000000 00:00 0 
7fca16a45000-7fca16b6f000 rw-p 00000000 00:00 0 
7fca16b6f000-7fca16b7a000 rw-p 00000000 00:00 0 
7fca16b7a000-7fca16b98000 rw-p 00000000 00:00 0 
7fca16b98000-7fca16bc4000 rw-p 00000000 00:00 0 
7fca16bc4000-7fca16ced000 rw-p 00000000 00:00 0 
7fca16ced000-7fca16d1f000 rw-p 00000000 00:00 0 
7fca16d1f000-7fca16d98000 rw-p 00000000 00:00 0 
7fca16d98000-7fca16d99000 rw-p 00000000 00:00 0 
7fca16d99000-7fca16db3000 r-xp 00000000 08:01 3815891                    /usr/lib/jvm/java-7-oracle/jre/lib/amd64/libzip.so
7fca16db3000-7fca16fb3000 ---p 0001a000 08:01 3815891                    /usr/lib/jvm/java-7-oracle/jre/lib/amd64/libzip.so
7fca16fb3000-7fca16fb4000 rw-p 0001a000 08:01 3815891                    /usr/lib/jvm/java-7-oracle/jre/lib/amd64/libzip.so
7fca16fb4000-7fca16fbf000 r-xp 00000000 08:01 4601829                    /lib/x86_64-linux-gnu/libnss_files-2.19.so
7fca16fbf000-7fca171be000 ---p 0000b000 08:01 4601829                    /lib/x86_64-linux-gnu/libnss_files-2.19.so
7fca171be000-7fca171bf000 r--p 0000a000 08:01 4601829                    /lib/x86_64-linux-gnu/libnss_files-2.19.so
7fca171bf000-7fca171c0000 rw-p 0000b000 08:01 4601829                    /lib/x86_64-linux-gnu/libnss_files-2.19.so
7fca171c0000-7fca171cb000 r-xp 00000000 08:01 4601826                    /lib/x86_64-linux-gnu/libnss_nis-2.19.so
7fca171cb000-7fca173ca000 ---p 0000b000 08:01 4601826                    /lib/x86_64-linux-gnu/libnss_nis-2.19.so
7fca173ca000-7fca173cb000 r--p 0000a000 08:01 4601826                    /lib/x86_64-linux-gnu/libnss_nis-2.19.so
7fca173cb000-7fca173cc000 rw-p 0000b000 08:01 4601826                    /lib/x86_64-linux-gnu/libnss_nis-2.19.so
7fca173cc000-7fca173e3000 r-xp 00000000 08:01 4601820                    /lib/x86_64-linux-gnu/libnsl-2.19.so
7fca173e3000-7fca175e2000 ---p 00017000 08:01 4601820                    /lib/x86_64-linux-gnu/libnsl-2.19.so
7fca175e2000-7fca175e3000 r--p 00016000 08:01 4601820                    /lib/x86_64-linux-gnu/libnsl-2.19.so
7fca175e3000-7fca175e4000 rw-p 00017000 08:01 4601820                    /lib/x86_64-linux-gnu/libnsl-2.19.so
7fca175e4000-7fca175e6000 rw-p 00000000 00:00 0 
7fca175e6000-7fca175ef000 r-xp 00000000 08:01 4601817                    /lib/x86_64-linux-gnu/libnss_compat-2.19.so
7fca175ef000-7fca177ee000 ---p 00009000 08:01 4601817                    /lib/x86_64-linux-gnu/libnss_compat-2.19.so
7fca177ee000-7fca177ef000 r--p 00008000 08:01 4601817                    /lib/x86_64-linux-gnu/libnss_compat-2.19.so
7fca177ef000-7fca177f0000 rw-p 00009000 08:01 4601817                    /lib/x86_64-linux-gnu/libnss_compat-2.19.so
7fca177f0000-7fca17819000 r-xp 00000000 08:01 3815892                    /usr/lib/jvm/java-7-oracle/jre/lib/amd64/libjava.so
7fca17819000-7fca17a19000 ---p 00029000 08:01 3815892                    /usr/lib/jvm/java-7-oracle/jre/lib/amd64/libjava.so
7fca17a19000-7fca17a1b000 rw-p 00029000 08:01 3815892                    /usr/lib/jvm/java-7-oracle/jre/lib/amd64/libjava.so
7fca17a1b000-7fca17a28000 r-xp 00000000 08:01 3815883                    /usr/lib/jvm/java-7-oracle/jre/lib/amd64/libverify.so
7fca17a28000-7fca17c27000 ---p 0000d000 08:01 3815883                    /usr/lib/jvm/java-7-oracle/jre/lib/amd64/libverify.so
7fca17c27000-7fca17c29000 rw-p 0000c000 08:01 3815883                    /usr/lib/jvm/java-7-oracle/jre/lib/amd64/libverify.so
7fca17c29000-7fca17c30000 r-xp 00000000 08:01 4601812                    /lib/x86_64-linux-gnu/librt-2.19.so
7fca17c30000-7fca17e2f000 ---p 00007000 08:01 4601812                    /lib/x86_64-linux-gnu/librt-2.19.so
7fca17e2f000-7fca17e30000 r--p 00006000 08:01 4601812                    /lib/x86_64-linux-gnu/librt-2.19.so
7fca17e30000-7fca17e31000 rw-p 00007000 08:01 4601812                    /lib/x86_64-linux-gnu/librt-2.19.so
7fca17e31000-7fca17f36000 r-xp 00000000 08:01 4601819                    /lib/x86_64-linux-gnu/libm-2.19.so
7fca17f36000-7fca18135000 ---p 00105000 08:01 4601819                    /lib/x86_64-linux-gnu/libm-2.19.so
7fca18135000-7fca18136000 r--p 00104000 08:01 4601819                    /lib/x86_64-linux-gnu/libm-2.19.so
7fca18136000-7fca18137000 rw-p 00105000 08:01 4601819                    /lib/x86_64-linux-gnu/libm-2.19.so
7fca18137000-7fca18cac000 r-xp 00000000 08:01 3818475                    /usr/lib/jvm/java-7-oracle/jre/lib/amd64/server/libjvm.so
7fca18cac000-7fca18eac000 ---p 00b75000 08:01 3818475                    /usr/lib/jvm/java-7-oracle/jre/lib/amd64/server/libjvm.so
7fca18eac000-7fca18f70000 rw-p 00b75000 08:01 3818475                    /usr/lib/jvm/java-7-oracle/jre/lib/amd64/server/libjvm.so
7fca18f70000-7fca18fb1000 rw-p 00000000 00:00 0 
7fca18fb1000-7fca1916c000 r-xp 00000000 08:01 4601811                    /lib/x86_64-linux-gnu/libc-2.19.so
7fca1916c000-7fca1936c000 ---p 001bb000 08:01 4601811                    /lib/x86_64-linux-gnu/libc-2.19.so
7fca1936c000-7fca19370000 r--p 001bb000 08:01 4601811                    /lib/x86_64-linux-gnu/libc-2.19.so
7fca19370000-7fca19372000 rw-p 001bf000 08:01 4601811                    /lib/x86_64-linux-gnu/libc-2.19.so
7fca19372000-7fca19377000 rw-p 00000000 00:00 0 
7fca19377000-7fca1937a000 r-xp 00000000 08:01 4601815                    /lib/x86_64-linux-gnu/libdl-2.19.so
7fca1937a000-7fca19579000 ---p 00003000 08:01 4601815                    /lib/x86_64-linux-gnu/libdl-2.19.so
7fca19579000-7fca1957a000 r--p 00002000 08:01 4601815                    /lib/x86_64-linux-gnu/libdl-2.19.so
7fca1957a000-7fca1957b000 rw-p 00003000 08:01 4601815                    /lib/x86_64-linux-gnu/libdl-2.19.so
7fca1957b000-7fca19591000 r-xp 00000000 08:01 3815454                    /usr/lib/jvm/java-7-oracle/jre/lib/amd64/jli/libjli.so
7fca19591000-7fca19791000 ---p 00016000 08:01 3815454                    /usr/lib/jvm/java-7-oracle/jre/lib/amd64/jli/libjli.so
7fca19791000-7fca19792000 rw-p 00016000 08:01 3815454                    /usr/lib/jvm/java-7-oracle/jre/lib/amd64/jli/libjli.so
7fca19792000-7fca197ab000 r-xp 00000000 08:01 4601828                    /lib/x86_64-linux-gnu/libpthread-2.19.so
7fca197ab000-7fca199aa000 ---p 00019000 08:01 4601828                    /lib/x86_64-linux-gnu/libpthread-2.19.so
7fca199aa000-7fca199ab000 r--p 00018000 08:01 4601828                    /lib/x86_64-linux-gnu/libpthread-2.19.so
7fca199ab000-7fca199ac000 rw-p 00019000 08:01 4601828                    /lib/x86_64-linux-gnu/libpthread-2.19.so
7fca199ac000-7fca199b0000 rw-p 00000000 00:00 0 
7fca199b0000-7fca199d3000 r-xp 00000000 08:01 4601808                    /lib/x86_64-linux-gnu/ld-2.19.so
7fca199d3000-7fca199d4000 rw-p 00000000 00:00 0 
7fca199d4000-7fca199d8000 r--s 000f7000 08:01 3818490                    /usr/lib/jvm/java-7-oracle/jre/lib/ext/localedata.jar
7fca199d8000-7fca199f8000 rw-p 00000000 00:00 0 
7fca199f8000-7fca19aae000 rw-p 00000000 00:00 0 
7fca19aae000-7fca19ab1000 ---p 00000000 00:00 0 
7fca19ab1000-7fca19bb3000 rw-p 00000000 00:00 0                          [stack:5391]
7fca19bb3000-7fca19bb7000 r--s 0008b000 08:01 3818495                    /usr/lib/jvm/java-7-oracle/jre/lib/jsse.jar
7fca19bb7000-7fca19bc6000 r--s 000dd000 00:22 156718                     /home/johnny/Android/Sdk/build-tools/21.1.2/lib/dx.jar
7fca19bc6000-7fca19bce000 rw-s 00000000 08:01 3284677                    /tmp/hsperfdata_johnny/5382
7fca19bce000-7fca19bcf000 rw-p 00000000 00:00 0 
7fca19bcf000-7fca19bd0000 ---p 00000000 00:00 0 
7fca19bd0000-7fca19bd2000 rw-p 00000000 00:00 0 
7fca19bd2000-7fca19bd3000 r--p 00022000 08:01 4601808                    /lib/x86_64-linux-gnu/ld-2.19.so
7fca19bd3000-7fca19bd4000 rw-p 00023000 08:01 4601808                    /lib/x86_64-linux-gnu/ld-2.19.so
7fca19bd4000-7fca19bd5000 rw-p 00000000 00:00 0 
7fff7cd0f000-7fff7cd30000 rw-p 00000000 00:00 0                          [stack]
7fff7cdfe000-7fff7ce00000 r-xp 00000000 00:00 0                          [vdso]
ffffffffff600000-ffffffffff601000 r-xp 00000000 00:00 0                  [vsyscall]

VM Arguments:
jvm_args: -Xmx1024M 
java_command: /home/johnny/Android/Sdk/build-tools/21.1.2/lib/dx.jar --dex --no-optimize --output /home/johnny/AndroidStudioProjects/App.BangBangGokGok/app/build/intermediates/dex/debug --input-list=/home/johnny/AndroidStudioProjects/App.BangBangGokGok/app/build/intermediates/tmp/dex/debug/inputList.txt
Launcher Type: SUN_STANDARD

Environment Variables:
CLASSPATH=/home/johnny/android-studio/bin/../lib/bootstrap.jar:/home/johnny/android-studio/bin/../lib/extensions.jar:/home/johnny/android-studio/bin/../lib/util.jar:/home/johnny/android-studio/bin/../lib/jdom.jar:/home/johnny/android-studio/bin/../lib/log4j.jar:/home/johnny/android-studio/bin/../lib/trove4j.jar:/home/johnny/android-studio/bin/../lib/jna.jar:/usr/lib/jvm/java-7-oracle/lib/tools.jar
PATH=/usr/local/sbin:/usr/local/bin:/usr/sbin:/usr/bin:/sbin:/bin:/usr/games:/usr/local/games
LD_LIBRARY_PATH=/home/johnny/android-studio/bin:
SHELL=/bin/bash
DISPLAY=:0

Signal Handlers:
SIGSEGV: [libjvm.so+0x9a3bd0], sa_mask[0]=0x7ffbfeff, sa_flags=0x10000004
SIGBUS: [libjvm.so+0x9a3bd0], sa_mask[0]=0x7ffbfeff, sa_flags=0x10000004
SIGFPE: [libjvm.so+0x81cb60], sa_mask[0]=0x7ffbfeff, sa_flags=0x10000004
SIGPIPE: [libjvm.so+0x81cb60], sa_mask[0]=0x7ffbfeff, sa_flags=0x10000004
SIGXFSZ: [libjvm.so+0x81cb60], sa_mask[0]=0x7ffbfeff, sa_flags=0x10000004
SIGILL: [libjvm.so+0x81cb60], sa_mask[0]=0x7ffbfeff, sa_flags=0x10000004
SIGUSR1: SIG_DFL, sa_mask[0]=0x00000000, sa_flags=0x00000000
SIGUSR2: [libjvm.so+0x81e360], sa_mask[0]=0x00000004, sa_flags=0x10000004
SIGHUP: [libjvm.so+0x81f480], sa_mask[0]=0x7ffbfeff, sa_flags=0x10000004
SIGINT: [libjvm.so+0x81f480], sa_mask[0]=0x7ffbfeff, sa_flags=0x10000004
SIGTERM: [libjvm.so+0x81f480], sa_mask[0]=0x7ffbfeff, sa_flags=0x10000004
SIGQUIT: [libjvm.so+0x81f480], sa_mask[0]=0x7ffbfeff, sa_flags=0x10000004


---------------  S Y S T E M  ---------------

OS:jessie/sid

uname:Linux 3.13.0-45-generic #74-Ubuntu SMP Tue Jan 13 19:36:28 UTC 2015 x86_64
libc:glibc 2.19 NPTL 2.19 
rlimit: STACK 8192k, CORE 0k, NPROC 45903, NOFILE 4096, AS infinity
load average:1.42 0.75 0.70

/proc/meminfo:
MemTotal:        5905412 kB
MemFree:           97644 kB
Buffers:             440 kB
Cached:          1058956 kB
SwapCached:            0 kB
Active:          4542016 kB
Inactive:        1010520 kB
Active(anon):    4539440 kB
Inactive(anon):   989012 kB
Active(file):       2576 kB
Inactive(file):    21508 kB
Unevictable:          32 kB
Mlocked:              32 kB
SwapTotal:             0 kB
SwapFree:              0 kB
Dirty:                60 kB
Writeback:             0 kB
AnonPages:       4493636 kB
Mapped:           112500 kB
Shmem:           1034848 kB
Slab:             120044 kB
SReclaimable:      48264 kB
SUnreclaim:        71780 kB
KernelStack:        5792 kB
PageTables:        55736 kB
NFS_Unstable:          0 kB
Bounce:                0 kB
WritebackTmp:          0 kB
CommitLimit:     2952704 kB
Committed_AS:   12027084 kB
VmallocTotal:   34359738367 kB
VmallocUsed:      554492 kB
VmallocChunk:   34359174612 kB
HardwareCorrupted:     0 kB
AnonHugePages:   2125824 kB
HugePages_Total:       0
HugePages_Free:        0
HugePages_Rsvd:        0
HugePages_Surp:        0
Hugepagesize:       2048 kB
DirectMap4k:       76032 kB
DirectMap2M:     6008832 kB


CPU:total 4 (2 cores per cpu, 2 threads per core) family 6 model 37 stepping 5, cmov, cx8, fxsr, mmx, sse, sse2, sse3, ssse3, sse4.1, sse4.2, popcnt, ht, tsc, tscinvbit

/proc/cpuinfo:
processor	: 0
vendor_id	: GenuineIntel
cpu family	: 6
model		: 37
model name	: Intel(R) Core(TM) i3 CPU       M 370  @ 2.40GHz
stepping	: 5
microcode	: 0x2
cpu MHz		: 2399.000
cache size	: 3072 KB
physical id	: 0
siblings	: 4
core id		: 0
cpu cores	: 2
apicid		: 0
initial apicid	: 0
fpu		: yes
fpu_exception	: yes
cpuid level	: 11
wp		: yes
flags		: fpu vme de pse tsc msr pae mce cx8 apic sep mtrr pge mca cmov pat pse36 clflush dts acpi mmx fxsr sse sse2 ss ht tm pbe syscall nx rdtscp lm constant_tsc arch_perfmon pebs bts rep_good nopl xtopology nonstop_tsc aperfmperf pni dtes64 monitor ds_cpl vmx est tm2 ssse3 cx16 xtpr pdcm pcid sse4_1 sse4_2 popcnt lahf_lm arat dtherm tpr_shadow vnmi flexpriority ept vpid
bogomips	: 4787.57
clflush size	: 64
cache_alignment	: 64
address sizes	: 36 bits physical, 48 bits virtual
power management:

processor	: 1
vendor_id	: GenuineIntel
cpu family	: 6
model		: 37
model name	: Intel(R) Core(TM) i3 CPU       M 370  @ 2.40GHz
stepping	: 5
microcode	: 0x2
cpu MHz		: 2399.000
cache size	: 3072 KB
physical id	: 0
siblings	: 4
core id		: 0
cpu cores	: 2
apicid		: 1
initial apicid	: 1
fpu		: yes
fpu_exception	: yes
cpuid level	: 11
wp		: yes
flags		: fpu vme de pse tsc msr pae mce cx8 apic sep mtrr pge mca cmov pat pse36 clflush dts acpi mmx fxsr sse sse2 ss ht tm pbe syscall nx rdtscp lm constant_tsc arch_perfmon pebs bts rep_good nopl xtopology nonstop_tsc aperfmperf pni dtes64 monitor ds_cpl vmx est tm2 ssse3 cx16 xtpr pdcm pcid sse4_1 sse4_2 popcnt lahf_lm arat dtherm tpr_shadow vnmi flexpriority ept vpid
bogomips	: 4787.57
clflush size	: 64
cache_alignment	: 64
address sizes	: 36 bits physical, 48 bits virtual
power management:

processor	: 2
vendor_id	: GenuineIntel
cpu family	: 6
model		: 37
model name	: Intel(R) Core(TM) i3 CPU       M 370  @ 2.40GHz
stepping	: 5
microcode	: 0x2
cpu MHz		: 2399.000
cache size	: 3072 KB
physical id	: 0
siblings	: 4
core id		: 2
cpu cores	: 2
apicid		: 4
initial apicid	: 4
fpu		: yes
fpu_exception	: yes
cpuid level	: 11
wp		: yes
flags		: fpu vme de pse tsc msr pae mce cx8 apic sep mtrr pge mca cmov pat pse36 clflush dts acpi mmx fxsr sse sse2 ss ht tm pbe syscall nx rdtscp lm constant_tsc arch_perfmon pebs bts rep_good nopl xtopology nonstop_tsc aperfmperf pni dtes64 monitor ds_cpl vmx est tm2 ssse3 cx16 xtpr pdcm pcid sse4_1 sse4_2 popcnt lahf_lm arat dtherm tpr_shadow vnmi flexpriority ept vpid
bogomips	: 4787.57
clflush size	: 64
cache_alignment	: 64
address sizes	: 36 bits physical, 48 bits virtual
power management:

processor	: 3
vendor_id	: GenuineIntel
cpu family	: 6
model		: 37
model name	: Intel(R) Core(TM) i3 CPU       M 370  @ 2.40GHz
stepping	: 5
microcode	: 0x2
cpu MHz		: 2399.000
cache size	: 3072 KB
physical id	: 0
siblings	: 4
core id		: 2
cpu cores	: 2
apicid		: 5
initial apicid	: 5
fpu		: yes
fpu_exception	: yes
cpuid level	: 11
wp		: yes
flags		: fpu vme de pse tsc msr pae mce cx8 apic sep mtrr pge mca cmov pat pse36 clflush dts acpi mmx fxsr sse sse2 ss ht tm pbe syscall nx rdtscp lm constant_tsc arch_perfmon pebs bts rep_good nopl xtopology nonstop_tsc aperfmperf pni dtes64 monitor ds_cpl vmx est tm2 ssse3 cx16 xtpr pdcm pcid sse4_1 sse4_2 popcnt lahf_lm arat dtherm tpr_shadow vnmi flexpriority ept vpid
bogomips	: 4787.57
clflush size	: 64
cache_alignment	: 64
address sizes	: 36 bits physical, 48 bits virtual
power management:



Memory: 4k page, physical 5905412k(96156k free), swap 0k(0k free)

vm_info: Java HotSpot(TM) 64-Bit Server VM (24.76-b04) for linux-amd64 JRE (1.7.0_76-b13), built on Dec 18 2014 16:58:39 by "java_re" with gcc 4.3.0 20080428 (Red Hat 4.3.0-8)

time: Thu Feb  5 17:38:19 2015
elapsed time: 6 seconds

