#
# There is insufficient memory for the Java Runtime Environment to continue.
# Native memory allocation (malloc) failed to allocate 48234496 bytes for committing reserved memory.
# Possible reasons:
#   The system is out of physical RAM or swap space
#   In 32 bit mode, the process size limit was hit
# Possible solutions:
#   Reduce memory load on the system
#   Increase physical memory or swap space
#   Check if swap backing store is full
#   Use 64 bit Java on a 64 bit OS
#   Decrease Java heap size (-Xmx/-Xms)
#   Decrease number of Java threads
#   Decrease Java thread stack sizes (-Xss)
#   Set larger code cache with -XX:ReservedCodeCacheSize=
# This output file may be truncated or incomplete.
#
#  Out of Memory Error (os_linux.cpp:2756), pid=5562, tid=140556231456512
#
# JRE version: Java(TM) SE Runtime Environment (7.0_76-b13) (build 1.7.0_76-b13)
# Java VM: Java HotSpot(TM) 64-Bit Server VM (24.76-b04 mixed mode linux-amd64 compressed oops)
# Failed to write core dump. Core dumps have been disabled. To enable core dumping, try "ulimit -c unlimited" before starting Java again
#

---------------  T H R E A D  ---------------

Current thread (0x00007fd5d0130800):  VMThread [stack: 0x00007fd5cc2f3000,0x00007fd5cc3f4000] [id=5576]

Stack: [0x00007fd5cc2f3000,0x00007fd5cc3f4000],  sp=0x00007fd5cc3f2040,  free space=1020k
Native frames: (J=compiled Java code, j=interpreted, Vv=VM code, C=native code)
V  [libjvm.so+0x9a32ba]  VMError::report_and_die()+0x2ea
V  [libjvm.so+0x497f7b]  report_vm_out_of_memory(char const*, int, unsigned long, char const*)+0x9b
V  [libjvm.so+0x81fcce]  os::Linux::commit_memory_impl(char*, unsigned long, bool)+0xfe
V  [libjvm.so+0x820219]  os::pd_commit_memory(char*, unsigned long, unsigned long, bool)+0x29
V  [libjvm.so+0x819faa]  os::commit_memory(char*, unsigned long, unsigned long, bool)+0x2a
V  [libjvm.so+0x88d843]  PSVirtualSpace::expand_by(unsigned long)+0x53
V  [libjvm.so+0x88ec18]  PSYoungGen::resize_generation(unsigned long, unsigned long)+0xf8
V  [libjvm.so+0x88dd82]  PSYoungGen::resize(unsigned long, unsigned long)+0x22
V  [libjvm.so+0x88b13d]  PSScavenge::invoke_no_policy()+0xf3d
V  [libjvm.so+0x88b981]  PSScavenge::invoke()+0x41
V  [libjvm.so+0x842300]  ParallelScavengeHeap::failed_mem_allocate(unsigned long)+0x70
V  [libjvm.so+0x9a4b47]  VM_ParallelGCFailedAllocation::doit()+0x97
V  [libjvm.so+0x9abfe5]  VM_Operation::evaluate()+0x55
V  [libjvm.so+0x9aa3aa]  VMThread::evaluate_operation(VM_Operation*)+0xba
V  [libjvm.so+0x9aa72e]  VMThread::loop()+0x1ce
V  [libjvm.so+0x9aaba0]  VMThread::run()+0x70
V  [libjvm.so+0x821ca8]  java_start(Thread*)+0x108

VM_Operation (0x00007fd5d7dde1d0): ParallelGCFailedAllocation, mode: safepoint, requested by thread 0x00007fd5d000a000


---------------  P R O C E S S  ---------------

Java Threads: ( => current thread )
  0x00007fd5d0167800 JavaThread "Service Thread" daemon [_thread_blocked, id=5582, stack(0x00007fd5c5159000,0x00007fd5c525a000)]
  0x00007fd5d0165000 JavaThread "C2 CompilerThread1" daemon [_thread_blocked, id=5581, stack(0x00007fd5c525a000,0x00007fd5c535b000)]
  0x00007fd5d0162000 JavaThread "C2 CompilerThread0" daemon [_thread_blocked, id=5580, stack(0x00007fd5c535b000,0x00007fd5c545c000)]
  0x00007fd5d0160000 JavaThread "Signal Dispatcher" daemon [_thread_blocked, id=5579, stack(0x00007fd5c545c000,0x00007fd5c555d000)]
  0x00007fd5d0137000 JavaThread "Finalizer" daemon [_thread_blocked, id=5578, stack(0x00007fd5cc0f1000,0x00007fd5cc1f2000)]
  0x00007fd5d0135000 JavaThread "Reference Handler" daemon [_thread_blocked, id=5577, stack(0x00007fd5cc1f2000,0x00007fd5cc2f3000)]
  0x00007fd5d000a000 JavaThread "main" [_thread_blocked, id=5571, stack(0x00007fd5d7cdf000,0x00007fd5d7de0000)]

Other Threads:
=>0x00007fd5d0130800 VMThread [stack: 0x00007fd5cc2f3000,0x00007fd5cc3f4000] [id=5576]
  0x00007fd5d017a000 WatcherThread [stack: 0x00007fd5c5058000,0x00007fd5c5159000] [id=5583]

VM state:at safepoint (normal execution)

VM Mutex/Monitor currently owned by a thread:  ([mutex/lock_event])
[0x00007fd5d0006370] Threads_lock - owner thread: 0x00007fd5d0130800
[0x00007fd5d0006870] Heap_lock - owner thread: 0x00007fd5d000a000

Heap
 PSYoungGen      total 50688K, used 3571K [0x00000000eaa80000, 0x00000000edf80000, 0x0000000100000000)
  eden space 47104K, 0% used [0x00000000eaa80000,0x00000000eaa80000,0x00000000ed880000)
  from space 3584K, 99% used [0x00000000ed880000,0x00000000edbfcc70,0x00000000edc00000)
  to   space 3584K, 0% used [0x00000000edc00000,0x00000000edc00000,0x00000000edf80000)
 ParOldGen       total 61440K, used 30840K [0x00000000c0000000, 0x00000000c3c00000, 0x00000000eaa80000)
  object space 61440K, 50% used [0x00000000c0000000,0x00000000c1e1e348,0x00000000c3c00000)
 PSPermGen       total 21504K, used 6663K [0x00000000bae00000, 0x00000000bc300000, 0x00000000c0000000)
  object space 21504K, 30% used [0x00000000bae00000,0x00000000bb481f30,0x00000000bc300000)

Card table byte_map: [0x00007fd5d4da0000,0x00007fd5d4fca000] byte_map_base: 0x00007fd5d47c9000

Polling page: 0x00007fd5d7e00000

Code Cache  [0x00007fd5cd000000, 0x00007fd5cd270000, 0x00007fd5d0000000)
 total_blobs=814 nmethods=566 adapters=202 free_code_cache=47637Kb largest_free_block=48736704

Compilation events (10 events):
Event: 7.233 Thread 0x00007fd5d0162000 nmethod 568 0x00007fd5cd0a2990 code [0x00007fd5cd0a2ac0, 0x00007fd5cd0a2b18]
Event: 7.233 Thread 0x00007fd5d0162000  569             java.lang.Integer::intValue (5 bytes)
Event: 7.387 Thread 0x00007fd5d0162000 nmethod 569 0x00007fd5cd0a2790 code [0x00007fd5cd0a28c0, 0x00007fd5cd0a2918]
Event: 7.392 Thread 0x00007fd5d0165000 nmethod 564 0x00007fd5cd0a2250 code [0x00007fd5cd0a23c0, 0x00007fd5cd0a2538]
Event: 7.392 Thread 0x00007fd5d0165000  570             com.android.dex.MethodId::<init> (26 bytes)
Event: 7.392 Thread 0x00007fd5d0162000  571             java.lang.Integer::hashCode (5 bytes)
Event: 7.963 Thread 0x00007fd5d0165000 nmethod 570 0x00007fd5cd0a2050 code [0x00007fd5cd0a2180, 0x00007fd5cd0a21f8]
Event: 7.974 Thread 0x00007fd5d0162000 nmethod 571 0x00007fd5cd0a1e50 code [0x00007fd5cd0a1f80, 0x00007fd5cd0a1fd8]
Event: 7.985 Thread 0x00007fd5d0165000  573             com.android.dx.io.instructions.InstructionCodec::access$900 (7 bytes)
Event: 7.985 Thread 0x00007fd5d0162000  572             com.android.dx.io.instructions.InstructionCodec$25::decode (7 bytes)

GC Heap History (5 events):
Event: 1.600 GC heap before
{Heap before GC invocations=1 (full 0):
 PSYoungGen      total 27136K, used 23552K [0x00000000eaa80000, 0x00000000ec880000, 0x0000000100000000)
  eden space 23552K, 100% used [0x00000000eaa80000,0x00000000ec180000,0x00000000ec180000)
  from space 3584K, 0% used [0x00000000ec500000,0x00000000ec500000,0x00000000ec880000)
  to   space 3584K, 0% used [0x00000000ec180000,0x00000000ec180000,0x00000000ec500000)
 ParOldGen       total 61440K, used 0K [0x00000000c0000000, 0x00000000c3c00000, 0x00000000eaa80000)
  object space 61440K, 0% used [0x00000000c0000000,0x00000000c0000000,0x00000000c3c00000)
 PSPermGen       total 21504K, used 4571K [0x00000000bae00000, 0x00000000bc300000, 0x00000000c0000000)
  object space 21504K, 21% used [0x00000000bae00000,0x00000000bb276ec8,0x00000000bc300000)
Event: 1.652 GC heap after
Heap after GC invocations=1 (full 0):
 PSYoungGen      total 27136K, used 3568K [0x00000000eaa80000, 0x00000000edf80000, 0x0000000100000000)
  eden space 23552K, 0% used [0x00000000eaa80000,0x00000000eaa80000,0x00000000ec180000)
  from space 3584K, 99% used [0x00000000ec180000,0x00000000ec4fc048,0x00000000ec500000)
  to   space 3584K, 0% used [0x00000000edc00000,0x00000000edc00000,0x00000000edf80000)
 ParOldGen       total 61440K, used 7762K [0x00000000c0000000, 0x00000000c3c00000, 0x00000000eaa80000)
  object space 61440K, 12% used [0x00000000c0000000,0x00000000c0794a80,0x00000000c3c00000)
 PSPermGen       total 21504K, used 4571K [0x00000000bae00000, 0x00000000bc300000, 0x00000000c0000000)
  object space 21504K, 21% used [0x00000000bae00000,0x00000000bb276ec8,0x00000000bc300000)
}
Event: 2.445 GC heap before
{Heap before GC invocations=2 (full 0):
 PSYoungGen      total 27136K, used 26814K [0x00000000eaa80000, 0x00000000edf80000, 0x0000000100000000)
  eden space 23552K, 98% used [0x00000000eaa80000,0x00000000ec133878,0x00000000ec180000)
  from space 3584K, 99% used [0x00000000ec180000,0x00000000ec4fc048,0x00000000ec500000)
  to   space 3584K, 0% used [0x00000000edc00000,0x00000000edc00000,0x00000000edf80000)
 ParOldGen       total 61440K, used 7762K [0x00000000c0000000, 0x00000000c3c00000, 0x00000000eaa80000)
  object space 61440K, 12% used [0x00000000c0000000,0x00000000c0794a80,0x00000000c3c00000)
 PSPermGen       total 21504K, used 4974K [0x00000000bae00000, 0x00000000bc300000, 0x00000000c0000000)
  object space 21504K, 23% used [0x00000000bae00000,0x00000000bb2db8c8,0x00000000bc300000)
Event: 2.474 GC heap after
Heap after GC invocations=2 (full 0):
 PSYoungGen      total 50688K, used 3552K [0x00000000eaa80000, 0x00000000edf80000, 0x0000000100000000)
  eden space 47104K, 0% used [0x00000000eaa80000,0x00000000eaa80000,0x00000000ed880000)
  from space 3584K, 99% used [0x00000000edc00000,0x00000000edf78018,0x00000000edf80000)
  to   space 3584K, 0% used [0x00000000ed880000,0x00000000ed880000,0x00000000edc00000)
 ParOldGen       total 61440K, used 17244K [0x00000000c0000000, 0x00000000c3c00000, 0x00000000eaa80000)
  object space 61440K, 28% used [0x00000000c0000000,0x00000000c10d73e0,0x00000000c3c00000)
 PSPermGen       total 21504K, used 4974K [0x00000000bae00000, 0x00000000bc300000, 0x00000000c0000000)
  object space 21504K, 23% used [0x00000000bae00000,0x00000000bb2db8c8,0x00000000bc300000)
}
Event: 8.461 GC heap before
{Heap before GC invocations=3 (full 0):
 PSYoungGen      total 50688K, used 50656K [0x00000000eaa80000, 0x00000000edf80000, 0x0000000100000000)
  eden space 47104K, 100% used [0x00000000eaa80000,0x00000000ed880000,0x00000000ed880000)
  from space 3584K, 99% used [0x00000000edc00000,0x00000000edf78018,0x00000000edf80000)
  to   space 3584K, 0% used [0x00000000ed880000,0x00000000ed880000,0x00000000edc00000)
 ParOldGen       total 61440K, used 17244K [0x00000000c0000000, 0x00000000c3c00000, 0x00000000eaa80000)
  object space 61440K, 28% used [0x00000000c0000000,0x00000000c10d73e0,0x00000000c3c00000)
 PSPermGen       total 21504K, used 6663K [0x00000000bae00000, 0x00000000bc300000, 0x00000000c0000000)
  object space 21504K, 30% used [0x00000000bae00000,0x00000000bb481f30,0x00000000bc300000)

Deoptimization events (10 events):
Event: 3.523 Thread 0x00007fd5d000a000 Uncommon trap: reason=class_check action=maybe_recompile pc=0x00007fd5cd14edb4 method=com.android.dx.dex.code.OutputFinisher.calculateReservedCount([Lcom/android/dx/dex/code/Dop;)I @ 72
Event: 3.527 Thread 0x00007fd5d000a000 Uncommon trap: reason=null_assert action=make_not_entrant pc=0x00007fd5cd1604f4 method=com.android.dx.dex.code.StdCatchBuilder.build(Lcom/android/dx/rop/code/RopMethod;[ILcom/android/dx/dex/code/BlockAddresses;)Lcom/android/dx/dex/code/CatchTable; @ 138
Event: 3.538 Thread 0x00007fd5d000a000 Uncommon trap: reason=class_check action=maybe_recompile pc=0x00007fd5cd14edb4 method=com.android.dx.dex.code.OutputFinisher.calculateReservedCount([Lcom/android/dx/dex/code/Dop;)I @ 72
Event: 3.543 Thread 0x00007fd5d000a000 Uncommon trap: reason=class_check action=maybe_recompile pc=0x00007fd5cd14edb4 method=com.android.dx.dex.code.OutputFinisher.calculateReservedCount([Lcom/android/dx/dex/code/Dop;)I @ 72
Event: 4.210 Thread 0x00007fd5d000a000 Uncommon trap: reason=class_check action=maybe_recompile pc=0x00007fd5cd162bb8 method=com.android.dex.Leb128.writeUnsignedLeb128(Lcom/android/dex/util/ByteOutput;I)V @ 40
Event: 4.210 Thread 0x00007fd5d000a000 Uncommon trap: reason=class_check action=maybe_recompile pc=0x00007fd5cd162bb8 method=com.android.dex.Leb128.writeUnsignedLeb128(Lcom/android/dex/util/ByteOutput;I)V @ 40
Event: 4.210 Thread 0x00007fd5d000a000 Uncommon trap: reason=class_check action=maybe_recompile pc=0x00007fd5cd162bb8 method=com.android.dex.Leb128.writeUnsignedLeb128(Lcom/android/dex/util/ByteOutput;I)V @ 40
Event: 4.210 Thread 0x00007fd5d000a000 Uncommon trap: reason=class_check action=maybe_recompile pc=0x00007fd5cd162bb8 method=com.android.dex.Leb128.writeUnsignedLeb128(Lcom/android/dex/util/ByteOutput;I)V @ 40
Event: 4.666 Thread 0x00007fd5d000a000 Uncommon trap: reason=predicate action=maybe_recompile pc=0x00007fd5cd16ea30 method=com.android.dex.Leb128.writeUnsignedLeb128(Lcom/android/dex/util/ByteOutput;I)V @ 9
Event: 6.639 Thread 0x00007fd5d000a000 Uncommon trap: reason=predicate action=maybe_recompile pc=0x00007fd5cd177e38 method=com.android.dex.Leb128.readUnsignedLeb128(Lcom/android/dex/util/ByteInput;)I @ 41

Internal exceptions (10 events):
Event: 4.711 Thread 0x00007fd5d000a000 Threw 0x00000000ebb35710 at /HUDSON/workspace/7u-2-build-linux-amd64/jdk7u76/1941/hotspot/src/share/vm/prims/jvm.cpp:1304
Event: 4.712 Thread 0x00007fd5d000a000 Threw 0x00000000ebb38610 at /HUDSON/workspace/7u-2-build-linux-amd64/jdk7u76/1941/hotspot/src/share/vm/prims/jvm.cpp:1304
Event: 4.712 Thread 0x00007fd5d000a000 Threw 0x00000000ebb3b928 at /HUDSON/workspace/7u-2-build-linux-amd64/jdk7u76/1941/hotspot/src/share/vm/prims/jvm.cpp:1304
Event: 4.717 Thread 0x00007fd5d000a000 Threw 0x00000000ebb829e8 at /HUDSON/workspace/7u-2-build-linux-amd64/jdk7u76/1941/hotspot/src/share/vm/prims/jvm.cpp:1304
Event: 4.717 Thread 0x00007fd5d000a000 Threw 0x00000000ebb84a68 at /HUDSON/workspace/7u-2-build-linux-amd64/jdk7u76/1941/hotspot/src/share/vm/prims/jvm.cpp:1304
Event: 5.317 Thread 0x00007fd5d000a000 Threw 0x00000000ebda1d48 at /HUDSON/workspace/7u-2-build-linux-amd64/jdk7u76/1941/hotspot/src/share/vm/prims/jvm.cpp:1304
Event: 5.321 Thread 0x00007fd5d000a000 Threw 0x00000000ebda1e70 at /HUDSON/workspace/7u-2-build-linux-amd64/jdk7u76/1941/hotspot/src/share/vm/prims/jvm.cpp:1304
Event: 5.321 Thread 0x00007fd5d000a000 Threw 0x00000000ebda41e0 at /HUDSON/workspace/7u-2-build-linux-amd64/jdk7u76/1941/hotspot/src/share/vm/prims/jvm.cpp:1304
Event: 5.321 Thread 0x00007fd5d000a000 Threw 0x00000000ebda4308 at /HUDSON/workspace/7u-2-build-linux-amd64/jdk7u76/1941/hotspot/src/share/vm/prims/jvm.cpp:1304
Event: 7.867 Thread 0x00007fd5d000a000 Threw 0x00000000ed4caad0 at /HUDSON/workspace/7u-2-build-linux-amd64/jdk7u76/1941/hotspot/src/share/vm/prims/jvm.cpp:1304

Events (10 events):
Event: 6.488 loading class 0x00007fd5a09573e0 done
Event: 6.617 Thread 0x00007fd5d000a000 Uncommon trap: trap_request=0xffffff86 fr.pc=0x00007fd5cd177e38
Event: 6.639 Thread 0x00007fd5d000a000 DEOPT PACKING pc=0x00007fd5cd177e38 sp=0x00007fd5d7dde190
Event: 6.649 Thread 0x00007fd5d000a000 DEOPT UNPACKING pc=0x00007fd5cd039045 sp=0x00007fd5d7dde158 mode 2
Event: 6.711 Thread 0x00007fd5d0162000 flushing nmethod 0x00007fd5cd09a5d0
Event: 6.711 Thread 0x00007fd5d0162000 flushing nmethod 0x00007fd5cd0aab10
Event: 6.734 Thread 0x00007fd5d0162000 flushing nmethod 0x00007fd5cd0e4dd0
Event: 7.847 loading class 0x00007fd5d02daba0
Event: 7.856 loading class 0x00007fd5d02daba0 done
Event: 8.461 Executing VM operation: ParallelGCFailedAllocation


Dynamic libraries:
00400000-00401000 r-xp 00000000 08:01 3818624                            /usr/lib/jvm/java-7-oracle/jre/bin/java
00600000-00601000 rw-p 00000000 08:01 3818624                            /usr/lib/jvm/java-7-oracle/jre/bin/java
025c8000-025e9000 rw-p 00000000 00:00 0                                  [heap]
bae00000-bc300000 rw-p 00000000 00:00 0 
bc300000-c0000000 rw-p 00000000 00:00 0 
c0000000-c3c00000 rw-p 00000000 00:00 0 
c3c00000-eaa80000 rw-p 00000000 00:00 0 
eaa80000-edf80000 rw-p 00000000 00:00 0 
f0d80000-100000000 rw-p 00000000 00:00 0 
7fd598000000-7fd598021000 rw-p 00000000 00:00 0 
7fd598021000-7fd59c000000 ---p 00000000 00:00 0 
7fd59c000000-7fd59c021000 rw-p 00000000 00:00 0 
7fd59c021000-7fd5a0000000 ---p 00000000 00:00 0 
7fd5a0000000-7fd5a1079000 rw-p 00000000 00:00 0 
7fd5a1079000-7fd5a4000000 ---p 00000000 00:00 0 
7fd5a4000000-7fd5a4bad000 rw-p 00000000 00:00 0 
7fd5a4bad000-7fd5a8000000 ---p 00000000 00:00 0 
7fd5a8000000-7fd5a8021000 rw-p 00000000 00:00 0 
7fd5a8021000-7fd5ac000000 ---p 00000000 00:00 0 
7fd5ac000000-7fd5ac021000 rw-p 00000000 00:00 0 
7fd5ac021000-7fd5b0000000 ---p 00000000 00:00 0 
7fd5b0000000-7fd5b00e5000 rw-p 00000000 00:00 0 
7fd5b00e5000-7fd5b4000000 ---p 00000000 00:00 0 
7fd5b4000000-7fd5b4021000 rw-p 00000000 00:00 0 
7fd5b4021000-7fd5b8000000 ---p 00000000 00:00 0 
7fd5b8000000-7fd5b8021000 rw-p 00000000 00:00 0 
7fd5b8021000-7fd5bc000000 ---p 00000000 00:00 0 
7fd5bc000000-7fd5bc021000 rw-p 00000000 00:00 0 
7fd5bc021000-7fd5c0000000 ---p 00000000 00:00 0 
7fd5c0000000-7fd5c0021000 rw-p 00000000 00:00 0 
7fd5c0021000-7fd5c4000000 ---p 00000000 00:00 0 
7fd5c4ac3000-7fd5c4c30000 rw-p 00000000 00:00 0 
7fd5c4c30000-7fd5c4c46000 r-xp 00000000 08:01 3818469                    /usr/lib/jvm/java-7-oracle/jre/lib/amd64/libnet.so
7fd5c4c46000-7fd5c4e46000 ---p 00016000 08:01 3818469                    /usr/lib/jvm/java-7-oracle/jre/lib/amd64/libnet.so
7fd5c4e46000-7fd5c4e47000 rw-p 00016000 08:01 3818469                    /usr/lib/jvm/java-7-oracle/jre/lib/amd64/libnet.so
7fd5c4e47000-7fd5c4e57000 r-xp 00000000 08:01 3815879                    /usr/lib/jvm/java-7-oracle/jre/lib/amd64/libnio.so
7fd5c4e57000-7fd5c5057000 ---p 00010000 08:01 3815879                    /usr/lib/jvm/java-7-oracle/jre/lib/amd64/libnio.so
7fd5c5057000-7fd5c5058000 rw-p 00010000 08:01 3815879                    /usr/lib/jvm/java-7-oracle/jre/lib/amd64/libnio.so
7fd5c5058000-7fd5c5059000 ---p 00000000 00:00 0 
7fd5c5059000-7fd5c5159000 rw-p 00000000 00:00 0                          [stack:5583]
7fd5c5159000-7fd5c515c000 ---p 00000000 00:00 0 
7fd5c515c000-7fd5c525a000 rw-p 00000000 00:00 0                          [stack:5582]
7fd5c525a000-7fd5c525d000 ---p 00000000 00:00 0 
7fd5c525d000-7fd5c535b000 rw-p 00000000 00:00 0                          [stack:5581]
7fd5c535b000-7fd5c535e000 ---p 00000000 00:00 0 
7fd5c535e000-7fd5c545c000 rw-p 00000000 00:00 0                          [stack:5580]
7fd5c545c000-7fd5c545f000 ---p 00000000 00:00 0 
7fd5c545f000-7fd5c555d000 rw-p 00000000 00:00 0                          [stack:5579]
7fd5c555d000-7fd5c5d70000 r--p 00000000 08:01 3808254                    /usr/lib/locale/locale-archive
7fd5c5d70000-7fd5c8000000 rw-p 00000000 00:00 0 
7fd5c8000000-7fd5c8021000 rw-p 00000000 00:00 0 
7fd5c8021000-7fd5cc000000 ---p 00000000 00:00 0 
7fd5cc0cb000-7fd5cc0f1000 r--p 00000000 08:01 4460467                    /usr/share/locale-langpack/ko/LC_MESSAGES/libc.mo
7fd5cc0f1000-7fd5cc0f4000 ---p 00000000 00:00 0 
7fd5cc0f4000-7fd5cc1f2000 rw-p 00000000 00:00 0                          [stack:5578]
7fd5cc1f2000-7fd5cc1f5000 ---p 00000000 00:00 0 
7fd5cc1f5000-7fd5cc2f3000 rw-p 00000000 00:00 0                          [stack:5577]
7fd5cc2f3000-7fd5cc2f4000 ---p 00000000 00:00 0 
7fd5cc2f4000-7fd5cd000000 rw-p 00000000 00:00 0                          [stack:5576]
7fd5cd000000-7fd5cd270000 rwxp 00000000 00:00 0 
7fd5cd270000-7fd5d02f9000 rw-p 00000000 00:00 0 
7fd5d02f9000-7fd5d4000000 ---p 00000000 00:00 0 
7fd5d400f000-7fd5d4016000 r--s 00000000 08:01 4071599                    /usr/lib/x86_64-linux-gnu/gconv/gconv-modules.cache
7fd5d4016000-7fd5d4364000 rw-p 00000000 00:00 0 
7fd5d4364000-7fd5d4523000 r--s 039f0000 08:01 3815342                    /usr/lib/jvm/java-7-oracle/jre/lib/rt.jar
7fd5d4523000-7fd5d481d000 rw-p 00000000 00:00 0 
7fd5d481d000-7fd5d481e000 ---p 00000000 00:00 0 
7fd5d481e000-7fd5d491e000 rw-p 00000000 00:00 0                          [stack:5575]
7fd5d491e000-7fd5d491f000 ---p 00000000 00:00 0 
7fd5d491f000-7fd5d4a1f000 rw-p 00000000 00:00 0                          [stack:5574]
7fd5d4a1f000-7fd5d4a20000 ---p 00000000 00:00 0 
7fd5d4a20000-7fd5d4b20000 rw-p 00000000 00:00 0                          [stack:5573]
7fd5d4b20000-7fd5d4b21000 ---p 00000000 00:00 0 
7fd5d4b21000-7fd5d4c2c000 rw-p 00000000 00:00 0                          [stack:5572]
7fd5d4c2c000-7fd5d4c4a000 rw-p 00000000 00:00 0 
7fd5d4c4a000-7fd5d4c68000 rw-p 00000000 00:00 0 
7fd5d4c68000-7fd5d4da0000 rw-p 00000000 00:00 0 
7fd5d4da0000-7fd5d4dab000 rw-p 00000000 00:00 0 
7fd5d4dab000-7fd5d4dc9000 rw-p 00000000 00:00 0 
7fd5d4dc9000-7fd5d4de7000 rw-p 00000000 00:00 0 
7fd5d4de7000-7fd5d4f1e000 rw-p 00000000 00:00 0 
7fd5d4f1e000-7fd5d4f39000 rw-p 00000000 00:00 0 
7fd5d4f39000-7fd5d4fc9000 rw-p 00000000 00:00 0 
7fd5d4fc9000-7fd5d4fca000 rw-p 00000000 00:00 0 
7fd5d4fca000-7fd5d4fe4000 r-xp 00000000 08:01 3815891                    /usr/lib/jvm/java-7-oracle/jre/lib/amd64/libzip.so
7fd5d4fe4000-7fd5d51e4000 ---p 0001a000 08:01 3815891                    /usr/lib/jvm/java-7-oracle/jre/lib/amd64/libzip.so
7fd5d51e4000-7fd5d51e5000 rw-p 0001a000 08:01 3815891                    /usr/lib/jvm/java-7-oracle/jre/lib/amd64/libzip.so
7fd5d51e5000-7fd5d51f0000 r-xp 00000000 08:01 4601829                    /lib/x86_64-linux-gnu/libnss_files-2.19.so
7fd5d51f0000-7fd5d53ef000 ---p 0000b000 08:01 4601829                    /lib/x86_64-linux-gnu/libnss_files-2.19.so
7fd5d53ef000-7fd5d53f0000 r--p 0000a000 08:01 4601829                    /lib/x86_64-linux-gnu/libnss_files-2.19.so
7fd5d53f0000-7fd5d53f1000 rw-p 0000b000 08:01 4601829                    /lib/x86_64-linux-gnu/libnss_files-2.19.so
7fd5d53f1000-7fd5d53fc000 r-xp 00000000 08:01 4601826                    /lib/x86_64-linux-gnu/libnss_nis-2.19.so
7fd5d53fc000-7fd5d55fb000 ---p 0000b000 08:01 4601826                    /lib/x86_64-linux-gnu/libnss_nis-2.19.so
7fd5d55fb000-7fd5d55fc000 r--p 0000a000 08:01 4601826                    /lib/x86_64-linux-gnu/libnss_nis-2.19.so
7fd5d55fc000-7fd5d55fd000 rw-p 0000b000 08:01 4601826                    /lib/x86_64-linux-gnu/libnss_nis-2.19.so
7fd5d55fd000-7fd5d5614000 r-xp 00000000 08:01 4601820                    /lib/x86_64-linux-gnu/libnsl-2.19.so
7fd5d5614000-7fd5d5813000 ---p 00017000 08:01 4601820                    /lib/x86_64-linux-gnu/libnsl-2.19.so
7fd5d5813000-7fd5d5814000 r--p 00016000 08:01 4601820                    /lib/x86_64-linux-gnu/libnsl-2.19.so
7fd5d5814000-7fd5d5815000 rw-p 00017000 08:01 4601820                    /lib/x86_64-linux-gnu/libnsl-2.19.so
7fd5d5815000-7fd5d5817000 rw-p 00000000 00:00 0 
7fd5d5817000-7fd5d5820000 r-xp 00000000 08:01 4601817                    /lib/x86_64-linux-gnu/libnss_compat-2.19.so
7fd5d5820000-7fd5d5a1f000 ---p 00009000 08:01 4601817                    /lib/x86_64-linux-gnu/libnss_compat-2.19.so
7fd5d5a1f000-7fd5d5a20000 r--p 00008000 08:01 4601817                    /lib/x86_64-linux-gnu/libnss_compat-2.19.so
7fd5d5a20000-7fd5d5a21000 rw-p 00009000 08:01 4601817                    /lib/x86_64-linux-gnu/libnss_compat-2.19.so
7fd5d5a21000-7fd5d5a4a000 r-xp 00000000 08:01 3815892                    /usr/lib/jvm/java-7-oracle/jre/lib/amd64/libjava.so
7fd5d5a4a000-7fd5d5c4a000 ---p 00029000 08:01 3815892                    /usr/lib/jvm/java-7-oracle/jre/lib/amd64/libjava.so
7fd5d5c4a000-7fd5d5c4c000 rw-p 00029000 08:01 3815892                    /usr/lib/jvm/java-7-oracle/jre/lib/amd64/libjava.so
7fd5d5c4c000-7fd5d5c59000 r-xp 00000000 08:01 3815883                    /usr/lib/jvm/java-7-oracle/jre/lib/amd64/libverify.so
7fd5d5c59000-7fd5d5e58000 ---p 0000d000 08:01 3815883                    /usr/lib/jvm/java-7-oracle/jre/lib/amd64/libverify.so
7fd5d5e58000-7fd5d5e5a000 rw-p 0000c000 08:01 3815883                    /usr/lib/jvm/java-7-oracle/jre/lib/amd64/libverify.so
7fd5d5e5a000-7fd5d5e61000 r-xp 00000000 08:01 4601812                    /lib/x86_64-linux-gnu/librt-2.19.so
7fd5d5e61000-7fd5d6060000 ---p 00007000 08:01 4601812                    /lib/x86_64-linux-gnu/librt-2.19.so
7fd5d6060000-7fd5d6061000 r--p 00006000 08:01 4601812                    /lib/x86_64-linux-gnu/librt-2.19.so
7fd5d6061000-7fd5d6062000 rw-p 00007000 08:01 4601812                    /lib/x86_64-linux-gnu/librt-2.19.so
7fd5d6062000-7fd5d6167000 r-xp 00000000 08:01 4601819                    /lib/x86_64-linux-gnu/libm-2.19.so
7fd5d6167000-7fd5d6366000 ---p 00105000 08:01 4601819                    /lib/x86_64-linux-gnu/libm-2.19.so
7fd5d6366000-7fd5d6367000 r--p 00104000 08:01 4601819                    /lib/x86_64-linux-gnu/libm-2.19.so
7fd5d6367000-7fd5d6368000 rw-p 00105000 08:01 4601819                    /lib/x86_64-linux-gnu/libm-2.19.so
7fd5d6368000-7fd5d6edd000 r-xp 00000000 08:01 3818475                    /usr/lib/jvm/java-7-oracle/jre/lib/amd64/server/libjvm.so
7fd5d6edd000-7fd5d70dd000 ---p 00b75000 08:01 3818475                    /usr/lib/jvm/java-7-oracle/jre/lib/amd64/server/libjvm.so
7fd5d70dd000-7fd5d71a1000 rw-p 00b75000 08:01 3818475                    /usr/lib/jvm/java-7-oracle/jre/lib/amd64/server/libjvm.so
7fd5d71a1000-7fd5d71e2000 rw-p 00000000 00:00 0 
7fd5d71e2000-7fd5d739d000 r-xp 00000000 08:01 4601811                    /lib/x86_64-linux-gnu/libc-2.19.so
7fd5d739d000-7fd5d759d000 ---p 001bb000 08:01 4601811                    /lib/x86_64-linux-gnu/libc-2.19.so
7fd5d759d000-7fd5d75a1000 r--p 001bb000 08:01 4601811                    /lib/x86_64-linux-gnu/libc-2.19.so
7fd5d75a1000-7fd5d75a3000 rw-p 001bf000 08:01 4601811                    /lib/x86_64-linux-gnu/libc-2.19.so
7fd5d75a3000-7fd5d75a8000 rw-p 00000000 00:00 0 
7fd5d75a8000-7fd5d75ab000 r-xp 00000000 08:01 4601815                    /lib/x86_64-linux-gnu/libdl-2.19.so
7fd5d75ab000-7fd5d77aa000 ---p 00003000 08:01 4601815                    /lib/x86_64-linux-gnu/libdl-2.19.so
7fd5d77aa000-7fd5d77ab000 r--p 00002000 08:01 4601815                    /lib/x86_64-linux-gnu/libdl-2.19.so
7fd5d77ab000-7fd5d77ac000 rw-p 00003000 08:01 4601815                    /lib/x86_64-linux-gnu/libdl-2.19.so
7fd5d77ac000-7fd5d77c2000 r-xp 00000000 08:01 3815454                    /usr/lib/jvm/java-7-oracle/jre/lib/amd64/jli/libjli.so
7fd5d77c2000-7fd5d79c2000 ---p 00016000 08:01 3815454                    /usr/lib/jvm/java-7-oracle/jre/lib/amd64/jli/libjli.so
7fd5d79c2000-7fd5d79c3000 rw-p 00016000 08:01 3815454                    /usr/lib/jvm/java-7-oracle/jre/lib/amd64/jli/libjli.so
7fd5d79c3000-7fd5d79dc000 r-xp 00000000 08:01 4601828                    /lib/x86_64-linux-gnu/libpthread-2.19.so
7fd5d79dc000-7fd5d7bdb000 ---p 00019000 08:01 4601828                    /lib/x86_64-linux-gnu/libpthread-2.19.so
7fd5d7bdb000-7fd5d7bdc000 r--p 00018000 08:01 4601828                    /lib/x86_64-linux-gnu/libpthread-2.19.so
7fd5d7bdc000-7fd5d7bdd000 rw-p 00019000 08:01 4601828                    /lib/x86_64-linux-gnu/libpthread-2.19.so
7fd5d7bdd000-7fd5d7be1000 rw-p 00000000 00:00 0 
7fd5d7be1000-7fd5d7c04000 r-xp 00000000 08:01 4601808                    /lib/x86_64-linux-gnu/ld-2.19.so
7fd5d7c04000-7fd5d7c05000 rw-p 00000000 00:00 0 
7fd5d7c05000-7fd5d7c09000 r--s 000f7000 08:01 3818490                    /usr/lib/jvm/java-7-oracle/jre/lib/ext/localedata.jar
7fd5d7c09000-7fd5d7c29000 rw-p 00000000 00:00 0 
7fd5d7c29000-7fd5d7cdf000 rw-p 00000000 00:00 0 
7fd5d7cdf000-7fd5d7ce2000 ---p 00000000 00:00 0 
7fd5d7ce2000-7fd5d7de4000 rw-p 00000000 00:00 0                          [stack:5571]
7fd5d7de4000-7fd5d7de8000 r--s 0008b000 08:01 3818495                    /usr/lib/jvm/java-7-oracle/jre/lib/jsse.jar
7fd5d7de8000-7fd5d7df7000 r--s 000dd000 00:22 156718                     /home/johnny/Android/Sdk/build-tools/21.1.2/lib/dx.jar
7fd5d7df7000-7fd5d7dff000 rw-s 00000000 08:01 3284678                    /tmp/hsperfdata_johnny/5562
7fd5d7dff000-7fd5d7e00000 rw-p 00000000 00:00 0 
7fd5d7e00000-7fd5d7e01000 ---p 00000000 00:00 0 
7fd5d7e01000-7fd5d7e03000 rw-p 00000000 00:00 0 
7fd5d7e03000-7fd5d7e04000 r--p 00022000 08:01 4601808                    /lib/x86_64-linux-gnu/ld-2.19.so
7fd5d7e04000-7fd5d7e05000 rw-p 00023000 08:01 4601808                    /lib/x86_64-linux-gnu/ld-2.19.so
7fd5d7e05000-7fd5d7e06000 rw-p 00000000 00:00 0 
7fff51c75000-7fff51c96000 rw-p 00000000 00:00 0                          [stack]
7fff51dfe000-7fff51e00000 r-xp 00000000 00:00 0                          [vdso]
ffffffffff600000-ffffffffff601000 r-xp 00000000 00:00 0                  [vsyscall]

VM Arguments:
jvm_args: -Xmx1024M 
java_command: /home/johnny/Android/Sdk/build-tools/21.1.2/lib/dx.jar --dex --no-optimize --output /home/johnny/AndroidStudioProjects/App.BangBangGokGok/app/build/intermediates/dex/debug --input-list=/home/johnny/AndroidStudioProjects/App.BangBangGokGok/app/build/intermediates/tmp/dex/debug/inputList.txt
Launcher Type: SUN_STANDARD

Environment Variables:
CLASSPATH=/home/johnny/android-studio/bin/../lib/bootstrap.jar:/home/johnny/android-studio/bin/../lib/extensions.jar:/home/johnny/android-studio/bin/../lib/util.jar:/home/johnny/android-studio/bin/../lib/jdom.jar:/home/johnny/android-studio/bin/../lib/log4j.jar:/home/johnny/android-studio/bin/../lib/trove4j.jar:/home/johnny/android-studio/bin/../lib/jna.jar:/usr/lib/jvm/java-7-oracle/lib/tools.jar
PATH=/usr/local/sbin:/usr/local/bin:/usr/sbin:/usr/bin:/sbin:/bin:/usr/games:/usr/local/games
LD_LIBRARY_PATH=/home/johnny/android-studio/bin:
SHELL=/bin/bash
DISPLAY=:0

Signal Handlers:
SIGSEGV: [libjvm.so+0x9a3bd0], sa_mask[0]=0x7ffbfeff, sa_flags=0x10000004
SIGBUS: [libjvm.so+0x9a3bd0], sa_mask[0]=0x7ffbfeff, sa_flags=0x10000004
SIGFPE: [libjvm.so+0x81cb60], sa_mask[0]=0x7ffbfeff, sa_flags=0x10000004
SIGPIPE: [libjvm.so+0x81cb60], sa_mask[0]=0x7ffbfeff, sa_flags=0x10000004
SIGXFSZ: [libjvm.so+0x81cb60], sa_mask[0]=0x7ffbfeff, sa_flags=0x10000004
SIGILL: [libjvm.so+0x81cb60], sa_mask[0]=0x7ffbfeff, sa_flags=0x10000004
SIGUSR1: SIG_DFL, sa_mask[0]=0x00000000, sa_flags=0x00000000
SIGUSR2: [libjvm.so+0x81e360], sa_mask[0]=0x00000004, sa_flags=0x10000004
SIGHUP: [libjvm.so+0x81f480], sa_mask[0]=0x7ffbfeff, sa_flags=0x10000004
SIGINT: [libjvm.so+0x81f480], sa_mask[0]=0x7ffbfeff, sa_flags=0x10000004
SIGTERM: [libjvm.so+0x81f480], sa_mask[0]=0x7ffbfeff, sa_flags=0x10000004
SIGQUIT: [libjvm.so+0x81f480], sa_mask[0]=0x7ffbfeff, sa_flags=0x10000004


---------------  S Y S T E M  ---------------

OS:jessie/sid

uname:Linux 3.13.0-45-generic #74-Ubuntu SMP Tue Jan 13 19:36:28 UTC 2015 x86_64
libc:glibc 2.19 NPTL 2.19 
rlimit: STACK 8192k, CORE 0k, NPROC 45903, NOFILE 4096, AS infinity
load average:1.69 0.74 0.66

/proc/meminfo:
MemTotal:        5905412 kB
MemFree:           95848 kB
Buffers:             280 kB
Cached:          1059512 kB
SwapCached:            0 kB
Active:          4542068 kB
Inactive:        1011664 kB
Active(anon):    4540692 kB
Inactive(anon):   987544 kB
Active(file):       1376 kB
Inactive(file):    24120 kB
Unevictable:          32 kB
Mlocked:              32 kB
SwapTotal:             0 kB
SwapFree:              0 kB
Dirty:                20 kB
Writeback:             0 kB
AnonPages:       4494400 kB
Mapped:           117432 kB
Shmem:           1033868 kB
Slab:             117116 kB
SReclaimable:      45404 kB
SUnreclaim:        71712 kB
KernelStack:        6048 kB
PageTables:        59448 kB
NFS_Unstable:          0 kB
Bounce:                0 kB
WritebackTmp:          0 kB
CommitLimit:     2952704 kB
Committed_AS:   12404644 kB
VmallocTotal:   34359738367 kB
VmallocUsed:      554492 kB
VmallocChunk:   34359174612 kB
HardwareCorrupted:     0 kB
AnonHugePages:   2127872 kB
HugePages_Total:       0
HugePages_Free:        0
HugePages_Rsvd:        0
HugePages_Surp:        0
Hugepagesize:       2048 kB
DirectMap4k:       76032 kB
DirectMap2M:     6008832 kB


CPU:total 4 (2 cores per cpu, 2 threads per core) family 6 model 37 stepping 5, cmov, cx8, fxsr, mmx, sse, sse2, sse3, ssse3, sse4.1, sse4.2, popcnt, ht, tsc, tscinvbit

/proc/cpuinfo:
processor	: 0
vendor_id	: GenuineIntel
cpu family	: 6
model		: 37
model name	: Intel(R) Core(TM) i3 CPU       M 370  @ 2.40GHz
stepping	: 5
microcode	: 0x2
cpu MHz		: 2399.000
cache size	: 3072 KB
physical id	: 0
siblings	: 4
core id		: 0
cpu cores	: 2
apicid		: 0
initial apicid	: 0
fpu		: yes
fpu_exception	: yes
cpuid level	: 11
wp		: yes
flags		: fpu vme de pse tsc msr pae mce cx8 apic sep mtrr pge mca cmov pat pse36 clflush dts acpi mmx fxsr sse sse2 ss ht tm pbe syscall nx rdtscp lm constant_tsc arch_perfmon pebs bts rep_good nopl xtopology nonstop_tsc aperfmperf pni dtes64 monitor ds_cpl vmx est tm2 ssse3 cx16 xtpr pdcm pcid sse4_1 sse4_2 popcnt lahf_lm arat dtherm tpr_shadow vnmi flexpriority ept vpid
bogomips	: 4787.57
clflush size	: 64
cache_alignment	: 64
address sizes	: 36 bits physical, 48 bits virtual
power management:

processor	: 1
vendor_id	: GenuineIntel
cpu family	: 6
model		: 37
model name	: Intel(R) Core(TM) i3 CPU       M 370  @ 2.40GHz
stepping	: 5
microcode	: 0x2
cpu MHz		: 2399.000
cache size	: 3072 KB
physical id	: 0
siblings	: 4
core id		: 0
cpu cores	: 2
apicid		: 1
initial apicid	: 1
fpu		: yes
fpu_exception	: yes
cpuid level	: 11
wp		: yes
flags		: fpu vme de pse tsc msr pae mce cx8 apic sep mtrr pge mca cmov pat pse36 clflush dts acpi mmx fxsr sse sse2 ss ht tm pbe syscall nx rdtscp lm constant_tsc arch_perfmon pebs bts rep_good nopl xtopology nonstop_tsc aperfmperf pni dtes64 monitor ds_cpl vmx est tm2 ssse3 cx16 xtpr pdcm pcid sse4_1 sse4_2 popcnt lahf_lm arat dtherm tpr_shadow vnmi flexpriority ept vpid
bogomips	: 4787.57
clflush size	: 64
cache_alignment	: 64
address sizes	: 36 bits physical, 48 bits virtual
power management:

processor	: 2
vendor_id	: GenuineIntel
cpu family	: 6
model		: 37
model name	: Intel(R) Core(TM) i3 CPU       M 370  @ 2.40GHz
stepping	: 5
microcode	: 0x2
cpu MHz		: 2399.000
cache size	: 3072 KB
physical id	: 0
siblings	: 4
core id		: 2
cpu cores	: 2
apicid		: 4
initial apicid	: 4
fpu		: yes
fpu_exception	: yes
cpuid level	: 11
wp		: yes
flags		: fpu vme de pse tsc msr pae mce cx8 apic sep mtrr pge mca cmov pat pse36 clflush dts acpi mmx fxsr sse sse2 ss ht tm pbe syscall nx rdtscp lm constant_tsc arch_perfmon pebs bts rep_good nopl xtopology nonstop_tsc aperfmperf pni dtes64 monitor ds_cpl vmx est tm2 ssse3 cx16 xtpr pdcm pcid sse4_1 sse4_2 popcnt lahf_lm arat dtherm tpr_shadow vnmi flexpriority ept vpid
bogomips	: 4787.57
clflush size	: 64
cache_alignment	: 64
address sizes	: 36 bits physical, 48 bits virtual
power management:

processor	: 3
vendor_id	: GenuineIntel
cpu family	: 6
model		: 37
model name	: Intel(R) Core(TM) i3 CPU       M 370  @ 2.40GHz
stepping	: 5
microcode	: 0x2
cpu MHz		: 2399.000
cache size	: 3072 KB
physical id	: 0
siblings	: 4
core id		: 2
cpu cores	: 2
apicid		: 5
initial apicid	: 5
fpu		: yes
fpu_exception	: yes
cpuid level	: 11
wp		: yes
flags		: fpu vme de pse tsc msr pae mce cx8 apic sep mtrr pge mca cmov pat pse36 clflush dts acpi mmx fxsr sse sse2 ss ht tm pbe syscall nx rdtscp lm constant_tsc arch_perfmon pebs bts rep_good nopl xtopology nonstop_tsc aperfmperf pni dtes64 monitor ds_cpl vmx est tm2 ssse3 cx16 xtpr pdcm pcid sse4_1 sse4_2 popcnt lahf_lm arat dtherm tpr_shadow vnmi flexpriority ept vpid
bogomips	: 4787.57
clflush size	: 64
cache_alignment	: 64
address sizes	: 36 bits physical, 48 bits virtual
power management:



Memory: 4k page, physical 5905412k(106444k free), swap 0k(0k free)

vm_info: Java HotSpot(TM) 64-Bit Server VM (24.76-b04) for linux-amd64 JRE (1.7.0_76-b13), built on Dec 18 2014 16:58:39 by "java_re" with gcc 4.3.0 20080428 (Red Hat 4.3.0-8)

time: Thu Feb  5 17:48:02 2015
elapsed time: 10 seconds

