#
# There is insufficient memory for the Java Runtime Environment to continue.
# Native memory allocation (malloc) failed to allocate 105906176 bytes for committing reserved memory.
# Possible reasons:
#   The system is out of physical RAM or swap space
#   In 32 bit mode, the process size limit was hit
# Possible solutions:
#   Reduce memory load on the system
#   Increase physical memory or swap space
#   Check if swap backing store is full
#   Use 64 bit Java on a 64 bit OS
#   Decrease Java heap size (-Xmx/-Xms)
#   Decrease number of Java threads
#   Decrease Java thread stack sizes (-Xss)
#   Set larger code cache with -XX:ReservedCodeCacheSize=
# This output file may be truncated or incomplete.
#
#  Out of Memory Error (os_linux.cpp:2756), pid=6565, tid=140717497714432
#
# JRE version: Java(TM) SE Runtime Environment (7.0_76-b13) (build 1.7.0_76-b13)
# Java VM: Java HotSpot(TM) 64-Bit Server VM (24.76-b04 mixed mode linux-amd64 compressed oops)
# Failed to write core dump. Core dumps have been disabled. To enable core dumping, try "ulimit -c unlimited" before starting Java again
#

---------------  T H R E A D  ---------------

Current thread (0x00007ffb54130800):  VMThread [stack: 0x00007ffb58670000,0x00007ffb58771000] [id=6579]

Stack: [0x00007ffb58670000,0x00007ffb58771000],  sp=0x00007ffb5876f2c0,  free space=1020k
Native frames: (J=compiled Java code, j=interpreted, Vv=VM code, C=native code)
V  [libjvm.so+0x9a32ba]  VMError::report_and_die()+0x2ea
V  [libjvm.so+0x497f7b]  report_vm_out_of_memory(char const*, int, unsigned long, char const*)+0x9b
V  [libjvm.so+0x81fcce]  os::Linux::commit_memory_impl(char*, unsigned long, bool)+0xfe
V  [libjvm.so+0x820219]  os::pd_commit_memory(char*, unsigned long, unsigned long, bool)+0x29
V  [libjvm.so+0x819faa]  os::commit_memory(char*, unsigned long, unsigned long, bool)+0x2a
V  [libjvm.so+0x88d843]  PSVirtualSpace::expand_by(unsigned long)+0x53
V  [libjvm.so+0x88ec18]  PSYoungGen::resize_generation(unsigned long, unsigned long)+0xf8
V  [libjvm.so+0x88dd82]  PSYoungGen::resize(unsigned long, unsigned long)+0x22
V  [libjvm.so+0x88b13d]  PSScavenge::invoke_no_policy()+0xf3d
V  [libjvm.so+0x88b981]  PSScavenge::invoke()+0x41
V  [libjvm.so+0x842300]  ParallelScavengeHeap::failed_mem_allocate(unsigned long)+0x70
V  [libjvm.so+0x9a4b47]  VM_ParallelGCFailedAllocation::doit()+0x97
V  [libjvm.so+0x9abfe5]  VM_Operation::evaluate()+0x55
V  [libjvm.so+0x9aa3aa]  VMThread::evaluate_operation(VM_Operation*)+0xba
V  [libjvm.so+0x9aa72e]  VMThread::loop()+0x1ce
V  [libjvm.so+0x9aaba0]  VMThread::run()+0x70
V  [libjvm.so+0x821ca8]  java_start(Thread*)+0x108

VM_Operation (0x00007ffb5d1454c0): ParallelGCFailedAllocation, mode: safepoint, requested by thread 0x00007ffb5400a000


---------------  P R O C E S S  ---------------

Java Threads: ( => current thread )
  0x00007ffb5415f800 JavaThread "Service Thread" daemon [_thread_blocked, id=6585, stack(0x00007ffb5806a000,0x00007ffb5816b000)]
  0x00007ffb5415d000 JavaThread "C2 CompilerThread1" daemon [_thread_blocked, id=6584, stack(0x00007ffb5816b000,0x00007ffb5826c000)]
  0x00007ffb5415a000 JavaThread "C2 CompilerThread0" daemon [_thread_blocked, id=6583, stack(0x00007ffb5826c000,0x00007ffb5836d000)]
  0x00007ffb54158000 JavaThread "Signal Dispatcher" daemon [_thread_blocked, id=6582, stack(0x00007ffb5836d000,0x00007ffb5846e000)]
  0x00007ffb54137000 JavaThread "Finalizer" daemon [_thread_blocked, id=6581, stack(0x00007ffb5846e000,0x00007ffb5856f000)]
  0x00007ffb54135000 JavaThread "Reference Handler" daemon [_thread_blocked, id=6580, stack(0x00007ffb5856f000,0x00007ffb58670000)]
  0x00007ffb5400a000 JavaThread "main" [_thread_blocked, id=6574, stack(0x00007ffb5d046000,0x00007ffb5d147000)]

Other Threads:
=>0x00007ffb54130800 VMThread [stack: 0x00007ffb58670000,0x00007ffb58771000] [id=6579]
  0x00007ffb5416a000 WatcherThread [stack: 0x00007ffb4e45c000,0x00007ffb4e55d000] [id=6586]

VM state:at safepoint (normal execution)

VM Mutex/Monitor currently owned by a thread:  ([mutex/lock_event])
[0x00007ffb54006370] Threads_lock - owner thread: 0x00007ffb54130800
[0x00007ffb54006870] Heap_lock - owner thread: 0x00007ffb5400a000

Heap
 PSYoungGen      total 97792K, used 3558K [0x00000000eaa80000, 0x00000000f0d80000, 0x0000000100000000)
  eden space 94208K, 0% used [0x00000000eaa80000,0x00000000eaa80000,0x00000000f0680000)
  from space 3584K, 99% used [0x00000000f0680000,0x00000000f09f9870,0x00000000f0a00000)
  to   space 3584K, 0% used [0x00000000f0a00000,0x00000000f0a00000,0x00000000f0d80000)
 ParOldGen       total 73728K, used 42147K [0x00000000c0000000, 0x00000000c4800000, 0x00000000eaa80000)
  object space 73728K, 57% used [0x00000000c0000000,0x00000000c2928d58,0x00000000c4800000)
 PSPermGen       total 21504K, used 6731K [0x00000000bae00000, 0x00000000bc300000, 0x00000000c0000000)
  object space 21504K, 31% used [0x00000000bae00000,0x00000000bb492c18,0x00000000bc300000)

Card table byte_map: [0x00007ffb5a107000,0x00007ffb5a331000] byte_map_base: 0x00007ffb59b30000

Polling page: 0x00007ffb5d167000

Code Cache  [0x00007ffb51000000, 0x00007ffb51270000, 0x00007ffb54000000)
 total_blobs=990 nmethods=742 adapters=202 free_code_cache=47152Kb largest_free_block=48230592

Compilation events (10 events):
Event: 5.042 Thread 0x00007ffb5415d000 nmethod 751 0x00007ffb511f2dd0 code [0x00007ffb511f2f20, 0x00007ffb511f30d8]
Event: 5.042 Thread 0x00007ffb5415d000  752             com.android.dx.io.instructions.ThreeRegisterDecodedInstruction::getRegisterCount (2 bytes)
Event: 5.043 Thread 0x00007ffb5415d000 nmethod 752 0x00007ffb511f0110 code [0x00007ffb511f0240, 0x00007ffb511f0298]
Event: 5.057 Thread 0x00007ffb5415a000 nmethod 732 0x00007ffb511f94d0 code [0x00007ffb511f9a20, 0x00007ffb511fcbc0]
Event: 5.073 Thread 0x00007ffb5415d000  753             com.android.dx.io.instructions.InstructionCodec$14::decode (53 bytes)
Event: 5.073 Thread 0x00007ffb5415a000  754             com.android.dx.io.instructions.InstructionCodec$14::encode (29 bytes)
Event: 5.077 Thread 0x00007ffb5415a000 nmethod 754 0x00007ffb511f2750 code [0x00007ffb511f28c0, 0x00007ffb511f2ad8]
Event: 5.080 Thread 0x00007ffb5415d000 nmethod 753 0x00007ffb511f2290 code [0x00007ffb511f23e0, 0x00007ffb511f25b8]
Event: 5.163 Thread 0x00007ffb5415a000  755             com.android.dx.io.instructions.DecodedInstruction::getLiteralUnit (55 bytes)
Event: 5.186 Thread 0x00007ffb5415a000 nmethod 755 0x00007ffb511f2050 code [0x00007ffb511f2180, 0x00007ffb511f21f8]

GC Heap History (10 events):
Event: 1.676 GC heap after
Heap after GC invocations=1 (full 0):
 PSYoungGen      total 27136K, used 3568K [0x00000000eaa80000, 0x00000000edf80000, 0x0000000100000000)
  eden space 23552K, 0% used [0x00000000eaa80000,0x00000000eaa80000,0x00000000ec180000)
  from space 3584K, 99% used [0x00000000ec180000,0x00000000ec4fc028,0x00000000ec500000)
  to   space 3584K, 0% used [0x00000000edc00000,0x00000000edc00000,0x00000000edf80000)
 ParOldGen       total 61440K, used 7525K [0x00000000c0000000, 0x00000000c3c00000, 0x00000000eaa80000)
  object space 61440K, 12% used [0x00000000c0000000,0x00000000c0759740,0x00000000c3c00000)
 PSPermGen       total 21504K, used 4571K [0x00000000bae00000, 0x00000000bc300000, 0x00000000c0000000)
  object space 21504K, 21% used [0x00000000bae00000,0x00000000bb276ce8,0x00000000bc300000)
}
Event: 2.213 GC heap before
{Heap before GC invocations=2 (full 0):
 PSYoungGen      total 27136K, used 25455K [0x00000000eaa80000, 0x00000000edf80000, 0x0000000100000000)
  eden space 23552K, 92% used [0x00000000eaa80000,0x00000000ebfdfe50,0x00000000ec180000)
  from space 3584K, 99% used [0x00000000ec180000,0x00000000ec4fc028,0x00000000ec500000)
  to   space 3584K, 0% used [0x00000000edc00000,0x00000000edc00000,0x00000000edf80000)
 ParOldGen       total 61440K, used 7525K [0x00000000c0000000, 0x00000000c3c00000, 0x00000000eaa80000)
  object space 61440K, 12% used [0x00000000c0000000,0x00000000c0759740,0x00000000c3c00000)
 PSPermGen       total 21504K, used 4975K [0x00000000bae00000, 0x00000000bc300000, 0x00000000c0000000)
  object space 21504K, 23% used [0x00000000bae00000,0x00000000bb2dbf90,0x00000000bc300000)
Event: 2.246 GC heap after
Heap after GC invocations=2 (full 0):
 PSYoungGen      total 50688K, used 3569K [0x00000000eaa80000, 0x00000000edf80000, 0x0000000100000000)
  eden space 47104K, 0% used [0x00000000eaa80000,0x00000000eaa80000,0x00000000ed880000)
  from space 3584K, 99% used [0x00000000edc00000,0x00000000edf7c680,0x00000000edf80000)
  to   space 3584K, 0% used [0x00000000ed880000,0x00000000ed880000,0x00000000edc00000)
 ParOldGen       total 61440K, used 16484K [0x00000000c0000000, 0x00000000c3c00000, 0x00000000eaa80000)
  object space 61440K, 26% used [0x00000000c0000000,0x00000000c1019370,0x00000000c3c00000)
 PSPermGen       total 21504K, used 4975K [0x00000000bae00000, 0x00000000bc300000, 0x00000000c0000000)
  object space 21504K, 23% used [0x00000000bae00000,0x00000000bb2dbf90,0x00000000bc300000)
}
Event: 3.939 GC heap before
{Heap before GC invocations=3 (full 0):
 PSYoungGen      total 50688K, used 50673K [0x00000000eaa80000, 0x00000000edf80000, 0x0000000100000000)
  eden space 47104K, 100% used [0x00000000eaa80000,0x00000000ed880000,0x00000000ed880000)
  from space 3584K, 99% used [0x00000000edc00000,0x00000000edf7c680,0x00000000edf80000)
  to   space 3584K, 0% used [0x00000000ed880000,0x00000000ed880000,0x00000000edc00000)
 ParOldGen       total 61440K, used 16484K [0x00000000c0000000, 0x00000000c3c00000, 0x00000000eaa80000)
  object space 61440K, 26% used [0x00000000c0000000,0x00000000c1019370,0x00000000c3c00000)
 PSPermGen       total 21504K, used 6667K [0x00000000bae00000, 0x00000000bc300000, 0x00000000c0000000)
  object space 21504K, 31% used [0x00000000bae00000,0x00000000bb482f10,0x00000000bc300000)
Event: 3.966 GC heap after
Heap after GC invocations=3 (full 0):
 PSYoungGen      total 50688K, used 3569K [0x00000000eaa80000, 0x00000000f0d80000, 0x0000000100000000)
  eden space 47104K, 0% used [0x00000000eaa80000,0x00000000eaa80000,0x00000000ed880000)
  from space 3584K, 99% used [0x00000000ed880000,0x00000000edbfc698,0x00000000edc00000)
  to   space 3584K, 0% used [0x00000000f0a00000,0x00000000f0a00000,0x00000000f0d80000)
 ParOldGen       total 61440K, used 34524K [0x00000000c0000000, 0x00000000c3c00000, 0x00000000eaa80000)
  object space 61440K, 56% used [0x00000000c0000000,0x00000000c21b72c8,0x00000000c3c00000)
 PSPermGen       total 21504K, used 6667K [0x00000000bae00000, 0x00000000bc300000, 0x00000000c0000000)
  object space 21504K, 31% used [0x00000000bae00000,0x00000000bb482f10,0x00000000bc300000)
}
Event: 4.464 GC heap before
{Heap before GC invocations=4 (full 0):
 PSYoungGen      total 50688K, used 50673K [0x00000000eaa80000, 0x00000000f0d80000, 0x0000000100000000)
  eden space 47104K, 100% used [0x00000000eaa80000,0x00000000ed880000,0x00000000ed880000)
  from space 3584K, 99% used [0x00000000ed880000,0x00000000edbfc698,0x00000000edc00000)
  to   space 3584K, 0% used [0x00000000f0a00000,0x00000000f0a00000,0x00000000f0d80000)
 ParOldGen       total 61440K, used 34524K [0x00000000c0000000, 0x00000000c3c00000, 0x00000000eaa80000)
  object space 61440K, 56% used [0x00000000c0000000,0x00000000c21b72c8,0x00000000c3c00000)
 PSPermGen       total 21504K, used 6718K [0x00000000bae00000, 0x00000000bc300000, 0x00000000c0000000)
  object space 21504K, 31% used [0x00000000bae00000,0x00000000bb48fb10,0x00000000bc300000)
Event: 4.482 GC heap after
Heap after GC invocations=4 (full 0):
 PSYoungGen      total 97792K, used 3569K [0x00000000eaa80000, 0x00000000f0d80000, 0x0000000100000000)
  eden space 94208K, 0% used [0x00000000eaa80000,0x00000000eaa80000,0x00000000f0680000)
  from space 3584K, 99% used [0x00000000f0a00000,0x00000000f0d7c698,0x00000000f0d80000)
  to   space 3584K, 0% used [0x00000000f0680000,0x00000000f0680000,0x00000000f0a00000)
 ParOldGen       total 61440K, used 46822K [0x00000000c0000000, 0x00000000c3c00000, 0x00000000eaa80000)
  object space 61440K, 76% used [0x00000000c0000000,0x00000000c2db9a08,0x00000000c3c00000)
 PSPermGen       total 21504K, used 6718K [0x00000000bae00000, 0x00000000bc300000, 0x00000000c0000000)
  object space 21504K, 31% used [0x00000000bae00000,0x00000000bb48fb10,0x00000000bc300000)
}
Event: 4.483 GC heap before
{Heap before GC invocations=5 (full 1):
 PSYoungGen      total 97792K, used 3569K [0x00000000eaa80000, 0x00000000f0d80000, 0x0000000100000000)
  eden space 94208K, 0% used [0x00000000eaa80000,0x00000000eaa80000,0x00000000f0680000)
  from space 3584K, 99% used [0x00000000f0a00000,0x00000000f0d7c698,0x00000000f0d80000)
  to   space 3584K, 0% used [0x00000000f0680000,0x00000000f0680000,0x00000000f0a00000)
 ParOldGen       total 61440K, used 46822K [0x00000000c0000000, 0x00000000c3c00000, 0x00000000eaa80000)
  object space 61440K, 76% used [0x00000000c0000000,0x00000000c2db9a08,0x00000000c3c00000)
 PSPermGen       total 21504K, used 6718K [0x00000000bae00000, 0x00000000bc300000, 0x00000000c0000000)
  object space 21504K, 31% used [0x00000000bae00000,0x00000000bb48fb10,0x00000000bc300000)
Event: 4.638 GC heap after
Heap after GC invocations=5 (full 1):
 PSYoungGen      total 97792K, used 0K [0x00000000eaa80000, 0x00000000f0d80000, 0x0000000100000000)
  eden space 94208K, 0% used [0x00000000eaa80000,0x00000000eaa80000,0x00000000f0680000)
  from space 3584K, 0% used [0x00000000f0a00000,0x00000000f0a00000,0x00000000f0d80000)
  to   space 3584K, 0% used [0x00000000f0680000,0x00000000f0680000,0x00000000f0a00000)
 ParOldGen       total 73728K, used 20173K [0x00000000c0000000, 0x00000000c4800000, 0x00000000eaa80000)
  object space 73728K, 27% used [0x00000000c0000000,0x00000000c13b36b8,0x00000000c4800000)
 PSPermGen       total 21504K, used 6714K [0x00000000bae00000, 0x00000000bc300000, 0x00000000c0000000)
  object space 21504K, 31% used [0x00000000bae00000,0x00000000bb48eba0,0x00000000bc300000)
}
Event: 5.277 GC heap before
{Heap before GC invocations=6 (full 1):
 PSYoungGen      total 97792K, used 92582K [0x00000000eaa80000, 0x00000000f0d80000, 0x0000000100000000)
  eden space 94208K, 98% used [0x00000000eaa80000,0x00000000f04e9978,0x00000000f0680000)
  from space 3584K, 0% used [0x00000000f0a00000,0x00000000f0a00000,0x00000000f0d80000)
  to   space 3584K, 0% used [0x00000000f0680000,0x00000000f0680000,0x00000000f0a00000)
 ParOldGen       total 73728K, used 20173K [0x00000000c0000000, 0x00000000c4800000, 0x00000000eaa80000)
  object space 73728K, 27% used [0x00000000c0000000,0x00000000c13b36b8,0x00000000c4800000)
 PSPermGen       total 21504K, used 6731K [0x00000000bae00000, 0x00000000bc300000, 0x00000000c0000000)
  object space 21504K, 31% used [0x00000000bae00000,0x00000000bb492c18,0x00000000bc300000)

Deoptimization events (10 events):
Event: 3.151 Thread 0x00007ffb5400a000 Uncommon trap: reason=class_check action=maybe_recompile pc=0x00007ffb51163fb8 method=com.android.dex.Leb128.writeUnsignedLeb128(Lcom/android/dex/util/ByteOutput;I)V @ 40
Event: 3.151 Thread 0x00007ffb5400a000 Uncommon trap: reason=class_check action=maybe_recompile pc=0x00007ffb51163fb8 method=com.android.dex.Leb128.writeUnsignedLeb128(Lcom/android/dex/util/ByteOutput;I)V @ 40
Event: 3.151 Thread 0x00007ffb5400a000 Uncommon trap: reason=class_check action=maybe_recompile pc=0x00007ffb51163fb8 method=com.android.dex.Leb128.writeUnsignedLeb128(Lcom/android/dex/util/ByteOutput;I)V @ 40
Event: 3.151 Thread 0x00007ffb5400a000 Uncommon trap: reason=class_check action=maybe_recompile pc=0x00007ffb51163fb8 method=com.android.dex.Leb128.writeUnsignedLeb128(Lcom/android/dex/util/ByteOutput;I)V @ 40
Event: 3.294 Thread 0x00007ffb5400a000 Uncommon trap: reason=predicate action=maybe_recompile pc=0x00007ffb511766b8 method=com.android.dex.Leb128.writeUnsignedLeb128(Lcom/android/dex/util/ByteOutput;I)V @ 9
Event: 3.558 Thread 0x00007ffb5400a000 Uncommon trap: reason=unreached action=reinterpret pc=0x00007ffb51187e14 method=com.android.dx.merge.DexMerger$IdMerger.mergeSorted()V @ 261
Event: 3.558 Thread 0x00007ffb5400a000 Uncommon trap: reason=predicate action=maybe_recompile pc=0x00007ffb51087578 method=com.android.dex.Leb128.readUnsignedLeb128(Lcom/android/dex/util/ByteInput;)I @ 41
Event: 4.337 Thread 0x00007ffb5400a000 Uncommon trap: reason=predicate action=maybe_recompile pc=0x00007ffb510f43f8 method=java.util.ComparableTimSort.binarySort([Ljava/lang/Object;III)V @ 37
Event: 4.726 Thread 0x00007ffb5400a000 Uncommon trap: reason=array_check action=maybe_recompile pc=0x00007ffb510f2b38 method=java.util.ComparableTimSort.binarySort([Ljava/lang/Object;III)V @ 193
Event: 4.959 Thread 0x00007ffb5400a000 Uncommon trap: reason=predicate action=maybe_recompile pc=0x00007ffb51097658 method=java.util.TimSort.binarySort([Ljava/lang/Object;IIILjava/util/Comparator;)V @ 37

Internal exceptions (10 events):
Event: 3.324 Thread 0x00007ffb5400a000 Threw 0x00000000ebe01290 at /HUDSON/workspace/7u-2-build-linux-amd64/jdk7u76/1941/hotspot/src/share/vm/prims/jvm.cpp:1304
Event: 3.324 Thread 0x00007ffb5400a000 Threw 0x00000000ebe04190 at /HUDSON/workspace/7u-2-build-linux-amd64/jdk7u76/1941/hotspot/src/share/vm/prims/jvm.cpp:1304
Event: 3.325 Thread 0x00007ffb5400a000 Threw 0x00000000ebe074a8 at /HUDSON/workspace/7u-2-build-linux-amd64/jdk7u76/1941/hotspot/src/share/vm/prims/jvm.cpp:1304
Event: 3.327 Thread 0x00007ffb5400a000 Threw 0x00000000ebe4e568 at /HUDSON/workspace/7u-2-build-linux-amd64/jdk7u76/1941/hotspot/src/share/vm/prims/jvm.cpp:1304
Event: 3.328 Thread 0x00007ffb5400a000 Threw 0x00000000ebe505e8 at /HUDSON/workspace/7u-2-build-linux-amd64/jdk7u76/1941/hotspot/src/share/vm/prims/jvm.cpp:1304
Event: 3.478 Thread 0x00007ffb5400a000 Threw 0x00000000ec07f6f8 at /HUDSON/workspace/7u-2-build-linux-amd64/jdk7u76/1941/hotspot/src/share/vm/prims/jvm.cpp:1304
Event: 3.478 Thread 0x00007ffb5400a000 Threw 0x00000000ec07f820 at /HUDSON/workspace/7u-2-build-linux-amd64/jdk7u76/1941/hotspot/src/share/vm/prims/jvm.cpp:1304
Event: 3.479 Thread 0x00007ffb5400a000 Threw 0x00000000ec081b90 at /HUDSON/workspace/7u-2-build-linux-amd64/jdk7u76/1941/hotspot/src/share/vm/prims/jvm.cpp:1304
Event: 3.479 Thread 0x00007ffb5400a000 Threw 0x00000000ec081cb8 at /HUDSON/workspace/7u-2-build-linux-amd64/jdk7u76/1941/hotspot/src/share/vm/prims/jvm.cpp:1304
Event: 3.873 Thread 0x00007ffb5400a000 Threw 0x00000000ed20dad0 at /HUDSON/workspace/7u-2-build-linux-amd64/jdk7u76/1941/hotspot/src/share/vm/prims/jvm.cpp:1304

Events (10 events):
Event: 4.463 Executing VM operation: ParallelGCFailedAllocation
Event: 4.638 Executing VM operation: ParallelGCFailedAllocation done
Event: 4.688 Thread 0x00007ffb5415a000 flushing nmethod 0x00007ffb51176250
Event: 4.726 Thread 0x00007ffb5400a000 Uncommon trap: trap_request=0xffffffd6 fr.pc=0x00007ffb510f2b38
Event: 4.726 Thread 0x00007ffb5400a000 DEOPT PACKING pc=0x00007ffb510f2b38 sp=0x00007ffb5d145410
Event: 4.726 Thread 0x00007ffb5400a000 DEOPT UNPACKING pc=0x00007ffb51039045 sp=0x00007ffb5d1453e8 mode 2
Event: 4.959 Thread 0x00007ffb5400a000 Uncommon trap: trap_request=0xffffff86 fr.pc=0x00007ffb51097658
Event: 4.960 Thread 0x00007ffb5400a000 DEOPT PACKING pc=0x00007ffb51097658 sp=0x00007ffb5d145450
Event: 4.960 Thread 0x00007ffb5400a000 DEOPT UNPACKING pc=0x00007ffb51039045 sp=0x00007ffb5d145440 mode 2
Event: 5.266 Executing VM operation: ParallelGCFailedAllocation


Dynamic libraries:
00400000-00401000 r-xp 00000000 08:01 3818624                            /usr/lib/jvm/java-7-oracle/jre/bin/java
00600000-00601000 rw-p 00000000 08:01 3818624                            /usr/lib/jvm/java-7-oracle/jre/bin/java
0253d000-0255e000 rw-p 00000000 00:00 0                                  [heap]
bae00000-bc300000 rw-p 00000000 00:00 0 
bc300000-c0000000 rw-p 00000000 00:00 0 
c0000000-c4800000 rw-p 00000000 00:00 0 
c4800000-eaa80000 rw-p 00000000 00:00 0 
eaa80000-f0d80000 rw-p 00000000 00:00 0 
f7280000-100000000 rw-p 00000000 00:00 0 
7ffb18000000-7ffb18021000 rw-p 00000000 00:00 0 
7ffb18021000-7ffb1c000000 ---p 00000000 00:00 0 
7ffb1c000000-7ffb1c021000 rw-p 00000000 00:00 0 
7ffb1c021000-7ffb20000000 ---p 00000000 00:00 0 
7ffb20000000-7ffb20c06000 rw-p 00000000 00:00 0 
7ffb20c06000-7ffb24000000 ---p 00000000 00:00 0 
7ffb24000000-7ffb24e0a000 rw-p 00000000 00:00 0 
7ffb24e0a000-7ffb28000000 ---p 00000000 00:00 0 
7ffb28000000-7ffb28021000 rw-p 00000000 00:00 0 
7ffb28021000-7ffb2c000000 ---p 00000000 00:00 0 
7ffb2c000000-7ffb2c021000 rw-p 00000000 00:00 0 
7ffb2c021000-7ffb30000000 ---p 00000000 00:00 0 
7ffb30000000-7ffb300e5000 rw-p 00000000 00:00 0 
7ffb300e5000-7ffb34000000 ---p 00000000 00:00 0 
7ffb34000000-7ffb34021000 rw-p 00000000 00:00 0 
7ffb34021000-7ffb38000000 ---p 00000000 00:00 0 
7ffb38000000-7ffb38021000 rw-p 00000000 00:00 0 
7ffb38021000-7ffb3c000000 ---p 00000000 00:00 0 
7ffb3c000000-7ffb3c021000 rw-p 00000000 00:00 0 
7ffb3c021000-7ffb40000000 ---p 00000000 00:00 0 
7ffb40000000-7ffb40021000 rw-p 00000000 00:00 0 
7ffb40021000-7ffb44000000 ---p 00000000 00:00 0 
7ffb48000000-7ffb48021000 rw-p 00000000 00:00 0 
7ffb48021000-7ffb4c000000 ---p 00000000 00:00 0 
7ffb4dec7000-7ffb4e034000 rw-p 00000000 00:00 0 
7ffb4e034000-7ffb4e04a000 r-xp 00000000 08:01 3818469                    /usr/lib/jvm/java-7-oracle/jre/lib/amd64/libnet.so
7ffb4e04a000-7ffb4e24a000 ---p 00016000 08:01 3818469                    /usr/lib/jvm/java-7-oracle/jre/lib/amd64/libnet.so
7ffb4e24a000-7ffb4e24b000 rw-p 00016000 08:01 3818469                    /usr/lib/jvm/java-7-oracle/jre/lib/amd64/libnet.so
7ffb4e24b000-7ffb4e25b000 r-xp 00000000 08:01 3815879                    /usr/lib/jvm/java-7-oracle/jre/lib/amd64/libnio.so
7ffb4e25b000-7ffb4e45b000 ---p 00010000 08:01 3815879                    /usr/lib/jvm/java-7-oracle/jre/lib/amd64/libnio.so
7ffb4e45b000-7ffb4e45c000 rw-p 00010000 08:01 3815879                    /usr/lib/jvm/java-7-oracle/jre/lib/amd64/libnio.so
7ffb4e45c000-7ffb4e45d000 ---p 00000000 00:00 0 
7ffb4e45d000-7ffb4e55d000 rw-p 00000000 00:00 0                          [stack:6586]
7ffb4e55d000-7ffb4ed70000 r--p 00000000 08:01 3808254                    /usr/lib/locale/locale-archive
7ffb4ed70000-7ffb51000000 rw-p 00000000 00:00 0 
7ffb51000000-7ffb51270000 rwxp 00000000 00:00 0 
7ffb51270000-7ffb54343000 rw-p 00000000 00:00 0 
7ffb54343000-7ffb58000000 ---p 00000000 00:00 0 
7ffb5803d000-7ffb58044000 r--s 00000000 08:01 4071599                    /usr/lib/x86_64-linux-gnu/gconv/gconv-modules.cache
7ffb58044000-7ffb5806a000 r--p 00000000 08:01 4460467                    /usr/share/locale-langpack/ko/LC_MESSAGES/libc.mo
7ffb5806a000-7ffb5806d000 ---p 00000000 00:00 0 
7ffb5806d000-7ffb5816b000 rw-p 00000000 00:00 0                          [stack:6585]
7ffb5816b000-7ffb5816e000 ---p 00000000 00:00 0 
7ffb5816e000-7ffb5826c000 rw-p 00000000 00:00 0                          [stack:6584]
7ffb5826c000-7ffb5826f000 ---p 00000000 00:00 0 
7ffb5826f000-7ffb5836d000 rw-p 00000000 00:00 0                          [stack:6583]
7ffb5836d000-7ffb58370000 ---p 00000000 00:00 0 
7ffb58370000-7ffb5846e000 rw-p 00000000 00:00 0                          [stack:6582]
7ffb5846e000-7ffb58471000 ---p 00000000 00:00 0 
7ffb58471000-7ffb5856f000 rw-p 00000000 00:00 0                          [stack:6581]
7ffb5856f000-7ffb58572000 ---p 00000000 00:00 0 
7ffb58572000-7ffb58670000 rw-p 00000000 00:00 0                          [stack:6580]
7ffb58670000-7ffb58671000 ---p 00000000 00:00 0 
7ffb58671000-7ffb596cb000 rw-p 00000000 00:00 0                          [stack:6579]
7ffb596cb000-7ffb5988a000 r--s 039f0000 08:01 3815342                    /usr/lib/jvm/java-7-oracle/jre/lib/rt.jar
7ffb5988a000-7ffb59b84000 rw-p 00000000 00:00 0 
7ffb59b84000-7ffb59b85000 ---p 00000000 00:00 0 
7ffb59b85000-7ffb59c85000 rw-p 00000000 00:00 0                          [stack:6578]
7ffb59c85000-7ffb59c86000 ---p 00000000 00:00 0 
7ffb59c86000-7ffb59d86000 rw-p 00000000 00:00 0                          [stack:6577]
7ffb59d86000-7ffb59d87000 ---p 00000000 00:00 0 
7ffb59d87000-7ffb59e87000 rw-p 00000000 00:00 0                          [stack:6576]
7ffb59e87000-7ffb59e88000 ---p 00000000 00:00 0 
7ffb59e88000-7ffb59f93000 rw-p 00000000 00:00 0                          [stack:6575]
7ffb59f93000-7ffb59fb1000 rw-p 00000000 00:00 0 
7ffb59fb1000-7ffb59fd5000 rw-p 00000000 00:00 0 
7ffb59fd5000-7ffb5a107000 rw-p 00000000 00:00 0 
7ffb5a107000-7ffb5a112000 rw-p 00000000 00:00 0 
7ffb5a112000-7ffb5a130000 rw-p 00000000 00:00 0 
7ffb5a130000-7ffb5a154000 rw-p 00000000 00:00 0 
7ffb5a154000-7ffb5a285000 rw-p 00000000 00:00 0 
7ffb5a285000-7ffb5a2b7000 rw-p 00000000 00:00 0 
7ffb5a2b7000-7ffb5a330000 rw-p 00000000 00:00 0 
7ffb5a330000-7ffb5a331000 rw-p 00000000 00:00 0 
7ffb5a331000-7ffb5a34b000 r-xp 00000000 08:01 3815891                    /usr/lib/jvm/java-7-oracle/jre/lib/amd64/libzip.so
7ffb5a34b000-7ffb5a54b000 ---p 0001a000 08:01 3815891                    /usr/lib/jvm/java-7-oracle/jre/lib/amd64/libzip.so
7ffb5a54b000-7ffb5a54c000 rw-p 0001a000 08:01 3815891                    /usr/lib/jvm/java-7-oracle/jre/lib/amd64/libzip.so
7ffb5a54c000-7ffb5a557000 r-xp 00000000 08:01 4601829                    /lib/x86_64-linux-gnu/libnss_files-2.19.so
7ffb5a557000-7ffb5a756000 ---p 0000b000 08:01 4601829                    /lib/x86_64-linux-gnu/libnss_files-2.19.so
7ffb5a756000-7ffb5a757000 r--p 0000a000 08:01 4601829                    /lib/x86_64-linux-gnu/libnss_files-2.19.so
7ffb5a757000-7ffb5a758000 rw-p 0000b000 08:01 4601829                    /lib/x86_64-linux-gnu/libnss_files-2.19.so
7ffb5a758000-7ffb5a763000 r-xp 00000000 08:01 4601826                    /lib/x86_64-linux-gnu/libnss_nis-2.19.so
7ffb5a763000-7ffb5a962000 ---p 0000b000 08:01 4601826                    /lib/x86_64-linux-gnu/libnss_nis-2.19.so
7ffb5a962000-7ffb5a963000 r--p 0000a000 08:01 4601826                    /lib/x86_64-linux-gnu/libnss_nis-2.19.so
7ffb5a963000-7ffb5a964000 rw-p 0000b000 08:01 4601826                    /lib/x86_64-linux-gnu/libnss_nis-2.19.so
7ffb5a964000-7ffb5a97b000 r-xp 00000000 08:01 4601820                    /lib/x86_64-linux-gnu/libnsl-2.19.so
7ffb5a97b000-7ffb5ab7a000 ---p 00017000 08:01 4601820                    /lib/x86_64-linux-gnu/libnsl-2.19.so
7ffb5ab7a000-7ffb5ab7b000 r--p 00016000 08:01 4601820                    /lib/x86_64-linux-gnu/libnsl-2.19.so
7ffb5ab7b000-7ffb5ab7c000 rw-p 00017000 08:01 4601820                    /lib/x86_64-linux-gnu/libnsl-2.19.so
7ffb5ab7c000-7ffb5ab7e000 rw-p 00000000 00:00 0 
7ffb5ab7e000-7ffb5ab87000 r-xp 00000000 08:01 4601817                    /lib/x86_64-linux-gnu/libnss_compat-2.19.so
7ffb5ab87000-7ffb5ad86000 ---p 00009000 08:01 4601817                    /lib/x86_64-linux-gnu/libnss_compat-2.19.so
7ffb5ad86000-7ffb5ad87000 r--p 00008000 08:01 4601817                    /lib/x86_64-linux-gnu/libnss_compat-2.19.so
7ffb5ad87000-7ffb5ad88000 rw-p 00009000 08:01 4601817                    /lib/x86_64-linux-gnu/libnss_compat-2.19.so
7ffb5ad88000-7ffb5adb1000 r-xp 00000000 08:01 3815892                    /usr/lib/jvm/java-7-oracle/jre/lib/amd64/libjava.so
7ffb5adb1000-7ffb5afb1000 ---p 00029000 08:01 3815892                    /usr/lib/jvm/java-7-oracle/jre/lib/amd64/libjava.so
7ffb5afb1000-7ffb5afb3000 rw-p 00029000 08:01 3815892                    /usr/lib/jvm/java-7-oracle/jre/lib/amd64/libjava.so
7ffb5afb3000-7ffb5afc0000 r-xp 00000000 08:01 3815883                    /usr/lib/jvm/java-7-oracle/jre/lib/amd64/libverify.so
7ffb5afc0000-7ffb5b1bf000 ---p 0000d000 08:01 3815883                    /usr/lib/jvm/java-7-oracle/jre/lib/amd64/libverify.so
7ffb5b1bf000-7ffb5b1c1000 rw-p 0000c000 08:01 3815883                    /usr/lib/jvm/java-7-oracle/jre/lib/amd64/libverify.so
7ffb5b1c1000-7ffb5b1c8000 r-xp 00000000 08:01 4601812                    /lib/x86_64-linux-gnu/librt-2.19.so
7ffb5b1c8000-7ffb5b3c7000 ---p 00007000 08:01 4601812                    /lib/x86_64-linux-gnu/librt-2.19.so
7ffb5b3c7000-7ffb5b3c8000 r--p 00006000 08:01 4601812                    /lib/x86_64-linux-gnu/librt-2.19.so
7ffb5b3c8000-7ffb5b3c9000 rw-p 00007000 08:01 4601812                    /lib/x86_64-linux-gnu/librt-2.19.so
7ffb5b3c9000-7ffb5b4ce000 r-xp 00000000 08:01 4601819                    /lib/x86_64-linux-gnu/libm-2.19.so
7ffb5b4ce000-7ffb5b6cd000 ---p 00105000 08:01 4601819                    /lib/x86_64-linux-gnu/libm-2.19.so
7ffb5b6cd000-7ffb5b6ce000 r--p 00104000 08:01 4601819                    /lib/x86_64-linux-gnu/libm-2.19.so
7ffb5b6ce000-7ffb5b6cf000 rw-p 00105000 08:01 4601819                    /lib/x86_64-linux-gnu/libm-2.19.so
7ffb5b6cf000-7ffb5c244000 r-xp 00000000 08:01 3818475                    /usr/lib/jvm/java-7-oracle/jre/lib/amd64/server/libjvm.so
7ffb5c244000-7ffb5c444000 ---p 00b75000 08:01 3818475                    /usr/lib/jvm/java-7-oracle/jre/lib/amd64/server/libjvm.so
7ffb5c444000-7ffb5c508000 rw-p 00b75000 08:01 3818475                    /usr/lib/jvm/java-7-oracle/jre/lib/amd64/server/libjvm.so
7ffb5c508000-7ffb5c549000 rw-p 00000000 00:00 0 
7ffb5c549000-7ffb5c704000 r-xp 00000000 08:01 4601811                    /lib/x86_64-linux-gnu/libc-2.19.so
7ffb5c704000-7ffb5c904000 ---p 001bb000 08:01 4601811                    /lib/x86_64-linux-gnu/libc-2.19.so
7ffb5c904000-7ffb5c908000 r--p 001bb000 08:01 4601811                    /lib/x86_64-linux-gnu/libc-2.19.so
7ffb5c908000-7ffb5c90a000 rw-p 001bf000 08:01 4601811                    /lib/x86_64-linux-gnu/libc-2.19.so
7ffb5c90a000-7ffb5c90f000 rw-p 00000000 00:00 0 
7ffb5c90f000-7ffb5c912000 r-xp 00000000 08:01 4601815                    /lib/x86_64-linux-gnu/libdl-2.19.so
7ffb5c912000-7ffb5cb11000 ---p 00003000 08:01 4601815                    /lib/x86_64-linux-gnu/libdl-2.19.so
7ffb5cb11000-7ffb5cb12000 r--p 00002000 08:01 4601815                    /lib/x86_64-linux-gnu/libdl-2.19.so
7ffb5cb12000-7ffb5cb13000 rw-p 00003000 08:01 4601815                    /lib/x86_64-linux-gnu/libdl-2.19.so
7ffb5cb13000-7ffb5cb29000 r-xp 00000000 08:01 3815454                    /usr/lib/jvm/java-7-oracle/jre/lib/amd64/jli/libjli.so
7ffb5cb29000-7ffb5cd29000 ---p 00016000 08:01 3815454                    /usr/lib/jvm/java-7-oracle/jre/lib/amd64/jli/libjli.so
7ffb5cd29000-7ffb5cd2a000 rw-p 00016000 08:01 3815454                    /usr/lib/jvm/java-7-oracle/jre/lib/amd64/jli/libjli.so
7ffb5cd2a000-7ffb5cd43000 r-xp 00000000 08:01 4601828                    /lib/x86_64-linux-gnu/libpthread-2.19.so
7ffb5cd43000-7ffb5cf42000 ---p 00019000 08:01 4601828                    /lib/x86_64-linux-gnu/libpthread-2.19.so
7ffb5cf42000-7ffb5cf43000 r--p 00018000 08:01 4601828                    /lib/x86_64-linux-gnu/libpthread-2.19.so
7ffb5cf43000-7ffb5cf44000 rw-p 00019000 08:01 4601828                    /lib/x86_64-linux-gnu/libpthread-2.19.so
7ffb5cf44000-7ffb5cf48000 rw-p 00000000 00:00 0 
7ffb5cf48000-7ffb5cf6b000 r-xp 00000000 08:01 4601808                    /lib/x86_64-linux-gnu/ld-2.19.so
7ffb5cf6b000-7ffb5cf6c000 rw-p 00000000 00:00 0 
7ffb5cf6c000-7ffb5cf70000 r--s 000f7000 08:01 3818490                    /usr/lib/jvm/java-7-oracle/jre/lib/ext/localedata.jar
7ffb5cf70000-7ffb5cf90000 rw-p 00000000 00:00 0 
7ffb5cf90000-7ffb5d046000 rw-p 00000000 00:00 0 
7ffb5d046000-7ffb5d049000 ---p 00000000 00:00 0 
7ffb5d049000-7ffb5d14b000 rw-p 00000000 00:00 0                          [stack:6574]
7ffb5d14b000-7ffb5d14f000 r--s 0008b000 08:01 3818495                    /usr/lib/jvm/java-7-oracle/jre/lib/jsse.jar
7ffb5d14f000-7ffb5d15e000 r--s 000dd000 00:22 156718                     /home/johnny/Android/Sdk/build-tools/21.1.2/lib/dx.jar
7ffb5d15e000-7ffb5d166000 rw-s 00000000 08:01 3675025                    /tmp/hsperfdata_johnny/6565
7ffb5d166000-7ffb5d167000 rw-p 00000000 00:00 0 
7ffb5d167000-7ffb5d168000 ---p 00000000 00:00 0 
7ffb5d168000-7ffb5d16a000 rw-p 00000000 00:00 0 
7ffb5d16a000-7ffb5d16b000 r--p 00022000 08:01 4601808                    /lib/x86_64-linux-gnu/ld-2.19.so
7ffb5d16b000-7ffb5d16c000 rw-p 00023000 08:01 4601808                    /lib/x86_64-linux-gnu/ld-2.19.so
7ffb5d16c000-7ffb5d16d000 rw-p 00000000 00:00 0 
7fff97de5000-7fff97e06000 rw-p 00000000 00:00 0                          [stack]
7fff97ff7000-7fff97ff9000 r-xp 00000000 00:00 0                          [vdso]
ffffffffff600000-ffffffffff601000 r-xp 00000000 00:00 0                  [vsyscall]

VM Arguments:
jvm_args: -Xmx1024M 
java_command: /home/johnny/Android/Sdk/build-tools/21.1.2/lib/dx.jar --dex --no-optimize --output /home/johnny/AndroidStudioProjects/App.BangBangGokGok/app/build/intermediates/dex/debug --input-list=/home/johnny/AndroidStudioProjects/App.BangBangGokGok/app/build/intermediates/tmp/dex/debug/inputList.txt
Launcher Type: SUN_STANDARD

Environment Variables:
CLASSPATH=/home/johnny/android-studio/bin/../lib/bootstrap.jar:/home/johnny/android-studio/bin/../lib/extensions.jar:/home/johnny/android-studio/bin/../lib/util.jar:/home/johnny/android-studio/bin/../lib/jdom.jar:/home/johnny/android-studio/bin/../lib/log4j.jar:/home/johnny/android-studio/bin/../lib/trove4j.jar:/home/johnny/android-studio/bin/../lib/jna.jar:/usr/lib/jvm/java-7-oracle/lib/tools.jar
PATH=/usr/local/sbin:/usr/local/bin:/usr/sbin:/usr/bin:/sbin:/bin:/usr/games:/usr/local/games
LD_LIBRARY_PATH=/home/johnny/android-studio/bin:
SHELL=/bin/bash
DISPLAY=:0

Signal Handlers:
SIGSEGV: [libjvm.so+0x9a3bd0], sa_mask[0]=0x7ffbfeff, sa_flags=0x10000004
SIGBUS: [libjvm.so+0x9a3bd0], sa_mask[0]=0x7ffbfeff, sa_flags=0x10000004
SIGFPE: [libjvm.so+0x81cb60], sa_mask[0]=0x7ffbfeff, sa_flags=0x10000004
SIGPIPE: [libjvm.so+0x81cb60], sa_mask[0]=0x7ffbfeff, sa_flags=0x10000004
SIGXFSZ: [libjvm.so+0x81cb60], sa_mask[0]=0x7ffbfeff, sa_flags=0x10000004
SIGILL: [libjvm.so+0x81cb60], sa_mask[0]=0x7ffbfeff, sa_flags=0x10000004
SIGUSR1: SIG_DFL, sa_mask[0]=0x00000000, sa_flags=0x00000000
SIGUSR2: [libjvm.so+0x81e360], sa_mask[0]=0x00000004, sa_flags=0x10000004
SIGHUP: [libjvm.so+0x81f480], sa_mask[0]=0x7ffbfeff, sa_flags=0x10000004
SIGINT: [libjvm.so+0x81f480], sa_mask[0]=0x7ffbfeff, sa_flags=0x10000004
SIGTERM: [libjvm.so+0x81f480], sa_mask[0]=0x7ffbfeff, sa_flags=0x10000004
SIGQUIT: [libjvm.so+0x81f480], sa_mask[0]=0x7ffbfeff, sa_flags=0x10000004


---------------  S Y S T E M  ---------------

OS:jessie/sid

uname:Linux 3.13.0-45-generic #74-Ubuntu SMP Tue Jan 13 19:36:28 UTC 2015 x86_64
libc:glibc 2.19 NPTL 2.19 
rlimit: STACK 8192k, CORE 0k, NPROC 45903, NOFILE 4096, AS infinity
load average:2.89 2.28 1.59

/proc/meminfo:
MemTotal:        5905412 kB
MemFree:          115544 kB
Buffers:             144 kB
Cached:          1723932 kB
SwapCached:            0 kB
Active:          3869680 kB
Inactive:        1675088 kB
Active(anon):    3868016 kB
Inactive(anon):  1665432 kB
Active(file):       1664 kB
Inactive(file):     9656 kB
Unevictable:          32 kB
Mlocked:              32 kB
SwapTotal:             0 kB
SwapFree:              0 kB
Dirty:                76 kB
Writeback:             0 kB
AnonPages:       3820620 kB
Mapped:            90304 kB
Shmem:           1712860 kB
Slab:             113684 kB
SReclaimable:      42804 kB
SUnreclaim:        70880 kB
KernelStack:        5312 kB
PageTables:        53512 kB
NFS_Unstable:          0 kB
Bounce:                0 kB
WritebackTmp:          0 kB
CommitLimit:     2952704 kB
Committed_AS:   11763480 kB
VmallocTotal:   34359738367 kB
VmallocUsed:      554524 kB
VmallocChunk:   34359174564 kB
HardwareCorrupted:     0 kB
AnonHugePages:   1132544 kB
HugePages_Total:       0
HugePages_Free:        0
HugePages_Rsvd:        0
HugePages_Surp:        0
Hugepagesize:       2048 kB
DirectMap4k:       82176 kB
DirectMap2M:     6002688 kB


CPU:total 4 (2 cores per cpu, 2 threads per core) family 6 model 37 stepping 5, cmov, cx8, fxsr, mmx, sse, sse2, sse3, ssse3, sse4.1, sse4.2, popcnt, ht, tsc, tscinvbit

/proc/cpuinfo:
processor	: 0
vendor_id	: GenuineIntel
cpu family	: 6
model		: 37
model name	: Intel(R) Core(TM) i3 CPU       M 370  @ 2.40GHz
stepping	: 5
microcode	: 0x2
cpu MHz		: 2399.000
cache size	: 3072 KB
physical id	: 0
siblings	: 4
core id		: 0
cpu cores	: 2
apicid		: 0
initial apicid	: 0
fpu		: yes
fpu_exception	: yes
cpuid level	: 11
wp		: yes
flags		: fpu vme de pse tsc msr pae mce cx8 apic sep mtrr pge mca cmov pat pse36 clflush dts acpi mmx fxsr sse sse2 ss ht tm pbe syscall nx rdtscp lm constant_tsc arch_perfmon pebs bts rep_good nopl xtopology nonstop_tsc aperfmperf pni dtes64 monitor ds_cpl vmx est tm2 ssse3 cx16 xtpr pdcm pcid sse4_1 sse4_2 popcnt lahf_lm arat dtherm tpr_shadow vnmi flexpriority ept vpid
bogomips	: 4788.16
clflush size	: 64
cache_alignment	: 64
address sizes	: 36 bits physical, 48 bits virtual
power management:

processor	: 1
vendor_id	: GenuineIntel
cpu family	: 6
model		: 37
model name	: Intel(R) Core(TM) i3 CPU       M 370  @ 2.40GHz
stepping	: 5
microcode	: 0x2
cpu MHz		: 2399.000
cache size	: 3072 KB
physical id	: 0
siblings	: 4
core id		: 0
cpu cores	: 2
apicid		: 1
initial apicid	: 1
fpu		: yes
fpu_exception	: yes
cpuid level	: 11
wp		: yes
flags		: fpu vme de pse tsc msr pae mce cx8 apic sep mtrr pge mca cmov pat pse36 clflush dts acpi mmx fxsr sse sse2 ss ht tm pbe syscall nx rdtscp lm constant_tsc arch_perfmon pebs bts rep_good nopl xtopology nonstop_tsc aperfmperf pni dtes64 monitor ds_cpl vmx est tm2 ssse3 cx16 xtpr pdcm pcid sse4_1 sse4_2 popcnt lahf_lm arat dtherm tpr_shadow vnmi flexpriority ept vpid
bogomips	: 4788.16
clflush size	: 64
cache_alignment	: 64
address sizes	: 36 bits physical, 48 bits virtual
power management:

processor	: 2
vendor_id	: GenuineIntel
cpu family	: 6
model		: 37
model name	: Intel(R) Core(TM) i3 CPU       M 370  @ 2.40GHz
stepping	: 5
microcode	: 0x2
cpu MHz		: 2399.000
cache size	: 3072 KB
physical id	: 0
siblings	: 4
core id		: 2
cpu cores	: 2
apicid		: 4
initial apicid	: 4
fpu		: yes
fpu_exception	: yes
cpuid level	: 11
wp		: yes
flags		: fpu vme de pse tsc msr pae mce cx8 apic sep mtrr pge mca cmov pat pse36 clflush dts acpi mmx fxsr sse sse2 ss ht tm pbe syscall nx rdtscp lm constant_tsc arch_perfmon pebs bts rep_good nopl xtopology nonstop_tsc aperfmperf pni dtes64 monitor ds_cpl vmx est tm2 ssse3 cx16 xtpr pdcm pcid sse4_1 sse4_2 popcnt lahf_lm arat dtherm tpr_shadow vnmi flexpriority ept vpid
bogomips	: 4788.16
clflush size	: 64
cache_alignment	: 64
address sizes	: 36 bits physical, 48 bits virtual
power management:

processor	: 3
vendor_id	: GenuineIntel
cpu family	: 6
model		: 37
model name	: Intel(R) Core(TM) i3 CPU       M 370  @ 2.40GHz
stepping	: 5
microcode	: 0x2
cpu MHz		: 2399.000
cache size	: 3072 KB
physical id	: 0
siblings	: 4
core id		: 2
cpu cores	: 2
apicid		: 5
initial apicid	: 5
fpu		: yes
fpu_exception	: yes
cpuid level	: 11
wp		: yes
flags		: fpu vme de pse tsc msr pae mce cx8 apic sep mtrr pge mca cmov pat pse36 clflush dts acpi mmx fxsr sse sse2 ss ht tm pbe syscall nx rdtscp lm constant_tsc arch_perfmon pebs bts rep_good nopl xtopology nonstop_tsc aperfmperf pni dtes64 monitor ds_cpl vmx est tm2 ssse3 cx16 xtpr pdcm pcid sse4_1 sse4_2 popcnt lahf_lm arat dtherm tpr_shadow vnmi flexpriority ept vpid
bogomips	: 4788.16
clflush size	: 64
cache_alignment	: 64
address sizes	: 36 bits physical, 48 bits virtual
power management:



Memory: 4k page, physical 5905412k(113312k free), swap 0k(0k free)

vm_info: Java HotSpot(TM) 64-Bit Server VM (24.76-b04) for linux-amd64 JRE (1.7.0_76-b13), built on Dec 18 2014 16:58:39 by "java_re" with gcc 4.3.0 20080428 (Red Hat 4.3.0-8)

time: Fri Feb 13 16:59:29 2015
elapsed time: 6 seconds

