#
# There is insufficient memory for the Java Runtime Environment to continue.
# Native memory allocation (malloc) failed to allocate 160432128 bytes for committing reserved memory.
# Possible reasons:
#   The system is out of physical RAM or swap space
#   In 32 bit mode, the process size limit was hit
# Possible solutions:
#   Reduce memory load on the system
#   Increase physical memory or swap space
#   Check if swap backing store is full
#   Use 64 bit Java on a 64 bit OS
#   Decrease Java heap size (-Xmx/-Xms)
#   Decrease number of Java threads
#   Decrease Java thread stack sizes (-Xss)
#   Set larger code cache with -XX:ReservedCodeCacheSize=
# This output file may be truncated or incomplete.
#
#  Out of Memory Error (os_linux.cpp:2756), pid=5634, tid=140243606337280
#
# JRE version: Java(TM) SE Runtime Environment (7.0_76-b13) (build 1.7.0_76-b13)
# Java VM: Java HotSpot(TM) 64-Bit Server VM (24.76-b04 mixed mode linux-amd64 compressed oops)
# Failed to write core dump. Core dumps have been disabled. To enable core dumping, try "ulimit -c unlimited" before starting Java again
#

---------------  T H R E A D  ---------------

Current thread (0x00007f8d08130800):  VMThread [stack: 0x00007f8d02467000,0x00007f8d02568000] [id=5648]

Stack: [0x00007f8d02467000,0x00007f8d02568000],  sp=0x00007f8d02566040,  free space=1020k
Native frames: (J=compiled Java code, j=interpreted, Vv=VM code, C=native code)
V  [libjvm.so+0x9a32ba]  VMError::report_and_die()+0x2ea
V  [libjvm.so+0x497f7b]  report_vm_out_of_memory(char const*, int, unsigned long, char const*)+0x9b
V  [libjvm.so+0x81fcce]  os::Linux::commit_memory_impl(char*, unsigned long, bool)+0xfe
V  [libjvm.so+0x820219]  os::pd_commit_memory(char*, unsigned long, unsigned long, bool)+0x29
V  [libjvm.so+0x819faa]  os::commit_memory(char*, unsigned long, unsigned long, bool)+0x2a
V  [libjvm.so+0x88d843]  PSVirtualSpace::expand_by(unsigned long)+0x53
V  [libjvm.so+0x88ec18]  PSYoungGen::resize_generation(unsigned long, unsigned long)+0xf8
V  [libjvm.so+0x88dd82]  PSYoungGen::resize(unsigned long, unsigned long)+0x22
V  [libjvm.so+0x88b13d]  PSScavenge::invoke_no_policy()+0xf3d
V  [libjvm.so+0x88b981]  PSScavenge::invoke()+0x41
V  [libjvm.so+0x842300]  ParallelScavengeHeap::failed_mem_allocate(unsigned long)+0x70
V  [libjvm.so+0x9a4b47]  VM_ParallelGCFailedAllocation::doit()+0x97
V  [libjvm.so+0x9abfe5]  VM_Operation::evaluate()+0x55
V  [libjvm.so+0x9aa3aa]  VMThread::evaluate_operation(VM_Operation*)+0xba
V  [libjvm.so+0x9aa72e]  VMThread::loop()+0x1ce
V  [libjvm.so+0x9aaba0]  VMThread::run()+0x70
V  [libjvm.so+0x821ca8]  java_start(Thread*)+0x108

VM_Operation (0x00007f8d102b14c0): ParallelGCFailedAllocation, mode: safepoint, requested by thread 0x00007f8d0800a000


---------------  P R O C E S S  ---------------

Java Threads: ( => current thread )
  0x00007f8d0815f800 JavaThread "Service Thread" daemon [_thread_blocked, id=5654, stack(0x00007f8d0164e000,0x00007f8d0174f000)]
  0x00007f8d0815d000 JavaThread "C2 CompilerThread1" daemon [_thread_blocked, id=5653, stack(0x00007f8d0174f000,0x00007f8d01850000)]
  0x00007f8d0815a000 JavaThread "C2 CompilerThread0" daemon [_thread_blocked, id=5652, stack(0x00007f8d01850000,0x00007f8d01951000)]
  0x00007f8d08158000 JavaThread "Signal Dispatcher" daemon [_thread_blocked, id=5651, stack(0x00007f8d01951000,0x00007f8d01a52000)]
  0x00007f8d08137000 JavaThread "Finalizer" daemon [_thread_blocked, id=5650, stack(0x00007f8d02265000,0x00007f8d02366000)]
  0x00007f8d08135000 JavaThread "Reference Handler" daemon [_thread_blocked, id=5649, stack(0x00007f8d02366000,0x00007f8d02467000)]
  0x00007f8d0800a000 JavaThread "main" [_thread_blocked, id=5643, stack(0x00007f8d101b2000,0x00007f8d102b3000)]

Other Threads:
=>0x00007f8d08130800 VMThread [stack: 0x00007f8d02467000,0x00007f8d02568000] [id=5648]
  0x00007f8d0816a000 WatcherThread [stack: 0x00007f8d0154d000,0x00007f8d0164e000] [id=5655]

VM state:at safepoint (normal execution)

VM Mutex/Monitor currently owned by a thread:  ([mutex/lock_event])
[0x00007f8d08006370] Threads_lock - owner thread: 0x00007f8d08130800
[0x00007f8d08006870] Heap_lock - owner thread: 0x00007f8d0800a000

Heap
 PSYoungGen      total 97792K, used 3579K [0x00000000eaa80000, 0x00000000f0d80000, 0x0000000100000000)
  eden space 94208K, 0% used [0x00000000eaa80000,0x00000000eaa80000,0x00000000f0680000)
  from space 3584K, 99% used [0x00000000f0680000,0x00000000f09fef50,0x00000000f0a00000)
  to   space 3584K, 0% used [0x00000000f0a00000,0x00000000f0a00000,0x00000000f0d80000)
 ParOldGen       total 75776K, used 69329K [0x00000000c0000000, 0x00000000c4a00000, 0x00000000eaa80000)
  object space 75776K, 91% used [0x00000000c0000000,0x00000000c43b4570,0x00000000c4a00000)
 PSPermGen       total 21504K, used 6736K [0x00000000bae00000, 0x00000000bc300000, 0x00000000c0000000)
  object space 21504K, 31% used [0x00000000bae00000,0x00000000bb494358,0x00000000bc300000)

Card table byte_map: [0x00007f8d0d273000,0x00007f8d0d49d000] byte_map_base: 0x00007f8d0cc9c000

Polling page: 0x00007f8d102d3000

Code Cache  [0x00007f8d05000000, 0x00007f8d05270000, 0x00007f8d08000000)
 total_blobs=1007 nmethods=759 adapters=202 free_code_cache=47147Kb largest_free_block=48215424

Compilation events (10 events):
Event: 5.118 Thread 0x00007f8d0815a000 nmethod 767 0x00007f8d051f4d10 code [0x00007f8d051f4e60, 0x00007f8d051f5018]
Event: 5.118 Thread 0x00007f8d0815a000  768             com.android.dx.io.instructions.ThreeRegisterDecodedInstruction::getRegisterCount (2 bytes)
Event: 5.119 Thread 0x00007f8d0815a000 nmethod 768 0x00007f8d051eed50 code [0x00007f8d051eee80, 0x00007f8d051eeed8]
Event: 5.119 Thread 0x00007f8d0815a000  769             com.android.dx.io.instructions.DecodedInstruction::getTargetByte (48 bytes)
Event: 5.119 Thread 0x00007f8d0815a000 nmethod 769 0x00007f8d051f4ad0 code [0x00007f8d051f4c00, 0x00007f8d051f4c78]
Event: 5.129 Thread 0x00007f8d0815a000  770             com.android.dx.io.instructions.InstructionCodec$14::decode (53 bytes)
Event: 5.133 Thread 0x00007f8d0815a000 nmethod 770 0x00007f8d051f4610 code [0x00007f8d051f4760, 0x00007f8d051f4938]
Event: 5.133 Thread 0x00007f8d0815a000  771             com.android.dx.io.instructions.InstructionCodec$14::encode (29 bytes)
Event: 5.136 Thread 0x00007f8d0815a000 nmethod 771 0x00007f8d051f3f90 code [0x00007f8d051f4100, 0x00007f8d051f4318]
Event: 5.160 Thread 0x00007f8d0815d000 nmethod 749 0x00007f8d051fd010 code [0x00007f8d051fd560, 0x00007f8d05200700]

GC Heap History (9 events):
Event: 1.549 GC heap before
{Heap before GC invocations=1 (full 0):
 PSYoungGen      total 27136K, used 23552K [0x00000000eaa80000, 0x00000000ec880000, 0x0000000100000000)
  eden space 23552K, 100% used [0x00000000eaa80000,0x00000000ec180000,0x00000000ec180000)
  from space 3584K, 0% used [0x00000000ec500000,0x00000000ec500000,0x00000000ec880000)
  to   space 3584K, 0% used [0x00000000ec180000,0x00000000ec180000,0x00000000ec500000)
 ParOldGen       total 61440K, used 0K [0x00000000c0000000, 0x00000000c3c00000, 0x00000000eaa80000)
  object space 61440K, 0% used [0x00000000c0000000,0x00000000c0000000,0x00000000c3c00000)
 PSPermGen       total 21504K, used 4573K [0x00000000bae00000, 0x00000000bc300000, 0x00000000c0000000)
  object space 21504K, 21% used [0x00000000bae00000,0x00000000bb2774c8,0x00000000bc300000)
Event: 1.570 GC heap after
Heap after GC invocations=1 (full 0):
 PSYoungGen      total 27136K, used 3568K [0x00000000eaa80000, 0x00000000edf80000, 0x0000000100000000)
  eden space 23552K, 0% used [0x00000000eaa80000,0x00000000eaa80000,0x00000000ec180000)
  from space 3584K, 99% used [0x00000000ec180000,0x00000000ec4fc028,0x00000000ec500000)
  to   space 3584K, 0% used [0x00000000edc00000,0x00000000edc00000,0x00000000edf80000)
 ParOldGen       total 61440K, used 7734K [0x00000000c0000000, 0x00000000c3c00000, 0x00000000eaa80000)
  object space 61440K, 12% used [0x00000000c0000000,0x00000000c078db18,0x00000000c3c00000)
 PSPermGen       total 21504K, used 4573K [0x00000000bae00000, 0x00000000bc300000, 0x00000000c0000000)
  object space 21504K, 21% used [0x00000000bae00000,0x00000000bb2774c8,0x00000000bc300000)
}
Event: 2.201 GC heap before
{Heap before GC invocations=2 (full 0):
 PSYoungGen      total 27136K, used 25041K [0x00000000eaa80000, 0x00000000edf80000, 0x0000000100000000)
  eden space 23552K, 91% used [0x00000000eaa80000,0x00000000ebf78748,0x00000000ec180000)
  from space 3584K, 99% used [0x00000000ec180000,0x00000000ec4fc028,0x00000000ec500000)
  to   space 3584K, 0% used [0x00000000edc00000,0x00000000edc00000,0x00000000edf80000)
 ParOldGen       total 61440K, used 7734K [0x00000000c0000000, 0x00000000c3c00000, 0x00000000eaa80000)
  object space 61440K, 12% used [0x00000000c0000000,0x00000000c078db18,0x00000000c3c00000)
 PSPermGen       total 21504K, used 4978K [0x00000000bae00000, 0x00000000bc300000, 0x00000000c0000000)
  object space 21504K, 23% used [0x00000000bae00000,0x00000000bb2dca58,0x00000000bc300000)
Event: 2.224 GC heap after
Heap after GC invocations=2 (full 0):
 PSYoungGen      total 50688K, used 3569K [0x00000000eaa80000, 0x00000000edf80000, 0x0000000100000000)
  eden space 47104K, 0% used [0x00000000eaa80000,0x00000000eaa80000,0x00000000ed880000)
  from space 3584K, 99% used [0x00000000edc00000,0x00000000edf7c680,0x00000000edf80000)
  to   space 3584K, 0% used [0x00000000ed880000,0x00000000ed880000,0x00000000edc00000)
 ParOldGen       total 61440K, used 16445K [0x00000000c0000000, 0x00000000c3c00000, 0x00000000eaa80000)
  object space 61440K, 26% used [0x00000000c0000000,0x00000000c100f748,0x00000000c3c00000)
 PSPermGen       total 21504K, used 4978K [0x00000000bae00000, 0x00000000bc300000, 0x00000000c0000000)
  object space 21504K, 23% used [0x00000000bae00000,0x00000000bb2dca58,0x00000000bc300000)
}
Event: 4.084 GC heap before
{Heap before GC invocations=3 (full 0):
 PSYoungGen      total 50688K, used 50673K [0x00000000eaa80000, 0x00000000edf80000, 0x0000000100000000)
  eden space 47104K, 100% used [0x00000000eaa80000,0x00000000ed880000,0x00000000ed880000)
  from space 3584K, 99% used [0x00000000edc00000,0x00000000edf7c680,0x00000000edf80000)
  to   space 3584K, 0% used [0x00000000ed880000,0x00000000ed880000,0x00000000edc00000)
 ParOldGen       total 61440K, used 16445K [0x00000000c0000000, 0x00000000c3c00000, 0x00000000eaa80000)
  object space 61440K, 26% used [0x00000000c0000000,0x00000000c100f748,0x00000000c3c00000)
 PSPermGen       total 21504K, used 6670K [0x00000000bae00000, 0x00000000bc300000, 0x00000000c0000000)
  object space 21504K, 31% used [0x00000000bae00000,0x00000000bb483848,0x00000000bc300000)
Event: 4.197 GC heap after
Heap after GC invocations=3 (full 0):
 PSYoungGen      total 50688K, used 3571K [0x00000000eaa80000, 0x00000000f0d80000, 0x0000000100000000)
  eden space 47104K, 0% used [0x00000000eaa80000,0x00000000eaa80000,0x00000000ed880000)
  from space 3584K, 99% used [0x00000000ed880000,0x00000000edbfcc70,0x00000000edc00000)
  to   space 3584K, 0% used [0x00000000f0a00000,0x00000000f0a00000,0x00000000f0d80000)
 ParOldGen       total 61440K, used 32513K [0x00000000c0000000, 0x00000000c3c00000, 0x00000000eaa80000)
  object space 61440K, 52% used [0x00000000c0000000,0x00000000c1fc07a8,0x00000000c3c00000)
 PSPermGen       total 21504K, used 6670K [0x00000000bae00000, 0x00000000bc300000, 0x00000000c0000000)
  object space 21504K, 31% used [0x00000000bae00000,0x00000000bb483848,0x00000000bc300000)
}
Event: 4.612 GC heap before
{Heap before GC invocations=4 (full 0):
 PSYoungGen      total 50688K, used 50675K [0x00000000eaa80000, 0x00000000f0d80000, 0x0000000100000000)
  eden space 47104K, 100% used [0x00000000eaa80000,0x00000000ed880000,0x00000000ed880000)
  from space 3584K, 99% used [0x00000000ed880000,0x00000000edbfcc70,0x00000000edc00000)
  to   space 3584K, 0% used [0x00000000f0a00000,0x00000000f0a00000,0x00000000f0d80000)
 ParOldGen       total 61440K, used 32513K [0x00000000c0000000, 0x00000000c3c00000, 0x00000000eaa80000)
  object space 61440K, 52% used [0x00000000c0000000,0x00000000c1fc07a8,0x00000000c3c00000)
 PSPermGen       total 21504K, used 6720K [0x00000000bae00000, 0x00000000bc300000, 0x00000000c0000000)
  object space 21504K, 31% used [0x00000000bae00000,0x00000000bb490388,0x00000000bc300000)
Event: 4.635 GC heap after
Heap after GC invocations=4 (full 0):
 PSYoungGen      total 97792K, used 3580K [0x00000000eaa80000, 0x00000000f0d80000, 0x0000000100000000)
  eden space 94208K, 0% used [0x00000000eaa80000,0x00000000eaa80000,0x00000000f0680000)
  from space 3584K, 99% used [0x00000000f0a00000,0x00000000f0d7f080,0x00000000f0d80000)
  to   space 3584K, 0% used [0x00000000f0680000,0x00000000f0680000,0x00000000f0a00000)
 ParOldGen       total 61440K, used 37141K [0x00000000c0000000, 0x00000000c3c00000, 0x00000000eaa80000)
  object space 61440K, 60% used [0x00000000c0000000,0x00000000c24456b8,0x00000000c3c00000)
 PSPermGen       total 21504K, used 6720K [0x00000000bae00000, 0x00000000bc300000, 0x00000000c0000000)
  object space 21504K, 31% used [0x00000000bae00000,0x00000000bb490388,0x00000000bc300000)
}
Event: 5.569 GC heap before
{Heap before GC invocations=5 (full 0):
 PSYoungGen      total 97792K, used 96129K [0x00000000eaa80000, 0x00000000f0d80000, 0x0000000100000000)
  eden space 94208K, 98% used [0x00000000eaa80000,0x00000000f04e1478,0x00000000f0680000)
  from space 3584K, 99% used [0x00000000f0a00000,0x00000000f0d7f080,0x00000000f0d80000)
  to   space 3584K, 0% used [0x00000000f0680000,0x00000000f0680000,0x00000000f0a00000)
 ParOldGen       total 61440K, used 37141K [0x00000000c0000000, 0x00000000c3c00000, 0x00000000eaa80000)
  object space 61440K, 60% used [0x00000000c0000000,0x00000000c24456b8,0x00000000c3c00000)
 PSPermGen       total 21504K, used 6736K [0x00000000bae00000, 0x00000000bc300000, 0x00000000c0000000)
  object space 21504K, 31% used [0x00000000bae00000,0x00000000bb494358,0x00000000bc300000)

Deoptimization events (10 events):
Event: 2.875 Thread 0x00007f8d0800a000 Uncommon trap: reason=unreached action=reinterpret pc=0x00007f8d05142f40 method=com.android.dx.rop.code.SourcePosition.equals(Ljava/lang/Object;)Z @ 11
Event: 3.179 Thread 0x00007f8d0800a000 Uncommon trap: reason=class_check action=maybe_recompile pc=0x00007f8d05165af8 method=com.android.dex.Leb128.writeUnsignedLeb128(Lcom/android/dex/util/ByteOutput;I)V @ 40
Event: 3.179 Thread 0x00007f8d0800a000 Uncommon trap: reason=class_check action=maybe_recompile pc=0x00007f8d05165af8 method=com.android.dex.Leb128.writeUnsignedLeb128(Lcom/android/dex/util/ByteOutput;I)V @ 40
Event: 3.179 Thread 0x00007f8d0800a000 Uncommon trap: reason=class_check action=maybe_recompile pc=0x00007f8d05165af8 method=com.android.dex.Leb128.writeUnsignedLeb128(Lcom/android/dex/util/ByteOutput;I)V @ 40
Event: 3.180 Thread 0x00007f8d0800a000 Uncommon trap: reason=class_check action=maybe_recompile pc=0x00007f8d05165af8 method=com.android.dex.Leb128.writeUnsignedLeb128(Lcom/android/dex/util/ByteOutput;I)V @ 40
Event: 3.335 Thread 0x00007f8d0800a000 Uncommon trap: reason=predicate action=maybe_recompile pc=0x00007f8d0517ae78 method=com.android.dex.Leb128.writeUnsignedLeb128(Lcom/android/dex/util/ByteOutput;I)V @ 9
Event: 3.583 Thread 0x00007f8d0800a000 Uncommon trap: reason=unreached action=reinterpret pc=0x00007f8d05188894 method=com.android.dx.merge.DexMerger$IdMerger.mergeSorted()V @ 261
Event: 3.583 Thread 0x00007f8d0800a000 Uncommon trap: reason=predicate action=maybe_recompile pc=0x00007f8d0517a0f8 method=com.android.dex.Leb128.readUnsignedLeb128(Lcom/android/dex/util/ByteInput;)I @ 41
Event: 4.510 Thread 0x00007f8d0800a000 Uncommon trap: reason=predicate action=maybe_recompile pc=0x00007f8d050ee478 method=java.util.ComparableTimSort.binarySort([Ljava/lang/Object;III)V @ 37
Event: 4.917 Thread 0x00007f8d0800a000 Uncommon trap: reason=predicate action=maybe_recompile pc=0x00007f8d0511a398 method=java.util.TimSort.binarySort([Ljava/lang/Object;IIILjava/util/Comparator;)V @ 37

Internal exceptions (10 events):
Event: 3.362 Thread 0x00007f8d0800a000 Threw 0x00000000ebdfbb00 at /HUDSON/workspace/7u-2-build-linux-amd64/jdk7u76/1941/hotspot/src/share/vm/prims/jvm.cpp:1304
Event: 3.362 Thread 0x00007f8d0800a000 Threw 0x00000000ebdfea00 at /HUDSON/workspace/7u-2-build-linux-amd64/jdk7u76/1941/hotspot/src/share/vm/prims/jvm.cpp:1304
Event: 3.363 Thread 0x00007f8d0800a000 Threw 0x00000000ebe01d18 at /HUDSON/workspace/7u-2-build-linux-amd64/jdk7u76/1941/hotspot/src/share/vm/prims/jvm.cpp:1304
Event: 3.365 Thread 0x00007f8d0800a000 Threw 0x00000000ebe48dd8 at /HUDSON/workspace/7u-2-build-linux-amd64/jdk7u76/1941/hotspot/src/share/vm/prims/jvm.cpp:1304
Event: 3.366 Thread 0x00007f8d0800a000 Threw 0x00000000ebe4ae58 at /HUDSON/workspace/7u-2-build-linux-amd64/jdk7u76/1941/hotspot/src/share/vm/prims/jvm.cpp:1304
Event: 3.513 Thread 0x00007f8d0800a000 Threw 0x00000000ec0795c0 at /HUDSON/workspace/7u-2-build-linux-amd64/jdk7u76/1941/hotspot/src/share/vm/prims/jvm.cpp:1304
Event: 3.513 Thread 0x00007f8d0800a000 Threw 0x00000000ec0796e8 at /HUDSON/workspace/7u-2-build-linux-amd64/jdk7u76/1941/hotspot/src/share/vm/prims/jvm.cpp:1304
Event: 3.514 Thread 0x00007f8d0800a000 Threw 0x00000000ec07ba58 at /HUDSON/workspace/7u-2-build-linux-amd64/jdk7u76/1941/hotspot/src/share/vm/prims/jvm.cpp:1304
Event: 3.514 Thread 0x00007f8d0800a000 Threw 0x00000000ec07bb80 at /HUDSON/workspace/7u-2-build-linux-amd64/jdk7u76/1941/hotspot/src/share/vm/prims/jvm.cpp:1304
Event: 4.002 Thread 0x00007f8d0800a000 Threw 0x00000000ed202bf0 at /HUDSON/workspace/7u-2-build-linux-amd64/jdk7u76/1941/hotspot/src/share/vm/prims/jvm.cpp:1304

Events (10 events):
Event: 4.663 Thread 0x00007f8d0815d000 flushing nmethod 0x00007f8d05119e10
Event: 4.663 Thread 0x00007f8d0815d000 flushing nmethod 0x00007f8d051322d0
Event: 4.664 Thread 0x00007f8d0815d000 flushing nmethod 0x00007f8d05142d90
Event: 4.664 Thread 0x00007f8d0815d000 flushing nmethod 0x00007f8d05144890
Event: 4.664 Thread 0x00007f8d0815d000 flushing nmethod 0x00007f8d05145fd0
Event: 4.668 Thread 0x00007f8d0815d000 flushing nmethod 0x00007f8d05165810
Event: 4.917 Thread 0x00007f8d0800a000 Uncommon trap: trap_request=0xffffff86 fr.pc=0x00007f8d0511a398
Event: 4.917 Thread 0x00007f8d0800a000 DEOPT PACKING pc=0x00007f8d0511a398 sp=0x00007f8d102b1450
Event: 4.917 Thread 0x00007f8d0800a000 DEOPT UNPACKING pc=0x00007f8d05039045 sp=0x00007f8d102b1440 mode 2
Event: 5.569 Executing VM operation: ParallelGCFailedAllocation


Dynamic libraries:
00400000-00401000 r-xp 00000000 08:01 3818624                            /usr/lib/jvm/java-7-oracle/jre/bin/java
00600000-00601000 rw-p 00000000 08:01 3818624                            /usr/lib/jvm/java-7-oracle/jre/bin/java
0219b000-021bc000 rw-p 00000000 00:00 0                                  [heap]
bae00000-bc300000 rw-p 00000000 00:00 0 
bc300000-c0000000 rw-p 00000000 00:00 0 
c0000000-c4a00000 rw-p 00000000 00:00 0 
c4a00000-eaa80000 rw-p 00000000 00:00 0 
eaa80000-f0d80000 rw-p 00000000 00:00 0 
fa680000-100000000 rw-p 00000000 00:00 0 
7f8ccc000000-7f8ccc021000 rw-p 00000000 00:00 0 
7f8ccc021000-7f8cd0000000 ---p 00000000 00:00 0 
7f8cd4000000-7f8cd4c44000 rw-p 00000000 00:00 0 
7f8cd4c44000-7f8cd8000000 ---p 00000000 00:00 0 
7f8cd8000000-7f8cd8021000 rw-p 00000000 00:00 0 
7f8cd8021000-7f8cdc000000 ---p 00000000 00:00 0 
7f8cdc000000-7f8cdc021000 rw-p 00000000 00:00 0 
7f8cdc021000-7f8ce0000000 ---p 00000000 00:00 0 
7f8ce0000000-7f8ce1015000 rw-p 00000000 00:00 0 
7f8ce1015000-7f8ce4000000 ---p 00000000 00:00 0 
7f8ce4000000-7f8ce4021000 rw-p 00000000 00:00 0 
7f8ce4021000-7f8ce8000000 ---p 00000000 00:00 0 
7f8ce8000000-7f8ce8021000 rw-p 00000000 00:00 0 
7f8ce8021000-7f8cec000000 ---p 00000000 00:00 0 
7f8cec000000-7f8cec021000 rw-p 00000000 00:00 0 
7f8cec021000-7f8cf0000000 ---p 00000000 00:00 0 
7f8cf0000000-7f8cf00e5000 rw-p 00000000 00:00 0 
7f8cf00e5000-7f8cf4000000 ---p 00000000 00:00 0 
7f8cf4000000-7f8cf4021000 rw-p 00000000 00:00 0 
7f8cf4021000-7f8cf8000000 ---p 00000000 00:00 0 
7f8cf8000000-7f8cf8021000 rw-p 00000000 00:00 0 
7f8cf8021000-7f8cfc000000 ---p 00000000 00:00 0 
7f8cfc000000-7f8cfc021000 rw-p 00000000 00:00 0 
7f8cfc021000-7f8d00000000 ---p 00000000 00:00 0 
7f8d00fb8000-7f8d01125000 rw-p 00000000 00:00 0 
7f8d01125000-7f8d0113b000 r-xp 00000000 08:01 3818469                    /usr/lib/jvm/java-7-oracle/jre/lib/amd64/libnet.so
7f8d0113b000-7f8d0133b000 ---p 00016000 08:01 3818469                    /usr/lib/jvm/java-7-oracle/jre/lib/amd64/libnet.so
7f8d0133b000-7f8d0133c000 rw-p 00016000 08:01 3818469                    /usr/lib/jvm/java-7-oracle/jre/lib/amd64/libnet.so
7f8d0133c000-7f8d0134c000 r-xp 00000000 08:01 3815879                    /usr/lib/jvm/java-7-oracle/jre/lib/amd64/libnio.so
7f8d0134c000-7f8d0154c000 ---p 00010000 08:01 3815879                    /usr/lib/jvm/java-7-oracle/jre/lib/amd64/libnio.so
7f8d0154c000-7f8d0154d000 rw-p 00010000 08:01 3815879                    /usr/lib/jvm/java-7-oracle/jre/lib/amd64/libnio.so
7f8d0154d000-7f8d0154e000 ---p 00000000 00:00 0 
7f8d0154e000-7f8d0164e000 rw-p 00000000 00:00 0                          [stack:5655]
7f8d0164e000-7f8d01651000 ---p 00000000 00:00 0 
7f8d01651000-7f8d0174f000 rw-p 00000000 00:00 0                          [stack:5654]
7f8d0174f000-7f8d01752000 ---p 00000000 00:00 0 
7f8d01752000-7f8d01850000 rw-p 00000000 00:00 0                          [stack:5653]
7f8d01850000-7f8d01853000 ---p 00000000 00:00 0 
7f8d01853000-7f8d01951000 rw-p 00000000 00:00 0                          [stack:5652]
7f8d01951000-7f8d01954000 ---p 00000000 00:00 0 
7f8d01954000-7f8d01a52000 rw-p 00000000 00:00 0                          [stack:5651]
7f8d01a52000-7f8d02265000 r--p 00000000 08:01 3808254                    /usr/lib/locale/locale-archive
7f8d02265000-7f8d02268000 ---p 00000000 00:00 0 
7f8d02268000-7f8d02366000 rw-p 00000000 00:00 0                          [stack:5650]
7f8d02366000-7f8d02369000 ---p 00000000 00:00 0 
7f8d02369000-7f8d02467000 rw-p 00000000 00:00 0                          [stack:5649]
7f8d02467000-7f8d02468000 ---p 00000000 00:00 0 
7f8d02468000-7f8d05000000 rw-p 00000000 00:00 0                          [stack:5648]
7f8d05000000-7f8d05270000 rwxp 00000000 00:00 0 
7f8d05270000-7f8d082f4000 rw-p 00000000 00:00 0 
7f8d082f4000-7f8d0c000000 ---p 00000000 00:00 0 
7f8d0c0b8000-7f8d0c0bf000 r--s 00000000 08:01 4071599                    /usr/lib/x86_64-linux-gnu/gconv/gconv-modules.cache
7f8d0c0bf000-7f8d0c0e5000 r--p 00000000 08:01 4460467                    /usr/share/locale-langpack/ko/LC_MESSAGES/libc.mo
7f8d0c0e5000-7f8d0c837000 rw-p 00000000 00:00 0 
7f8d0c837000-7f8d0c9f6000 r--s 039f0000 08:01 3815342                    /usr/lib/jvm/java-7-oracle/jre/lib/rt.jar
7f8d0c9f6000-7f8d0ccf0000 rw-p 00000000 00:00 0 
7f8d0ccf0000-7f8d0ccf1000 ---p 00000000 00:00 0 
7f8d0ccf1000-7f8d0cdf1000 rw-p 00000000 00:00 0                          [stack:5647]
7f8d0cdf1000-7f8d0cdf2000 ---p 00000000 00:00 0 
7f8d0cdf2000-7f8d0cef2000 rw-p 00000000 00:00 0                          [stack:5646]
7f8d0cef2000-7f8d0cef3000 ---p 00000000 00:00 0 
7f8d0cef3000-7f8d0cff3000 rw-p 00000000 00:00 0                          [stack:5645]
7f8d0cff3000-7f8d0cff4000 ---p 00000000 00:00 0 
7f8d0cff4000-7f8d0d0ff000 rw-p 00000000 00:00 0                          [stack:5644]
7f8d0d0ff000-7f8d0d11d000 rw-p 00000000 00:00 0 
7f8d0d11d000-7f8d0d142000 rw-p 00000000 00:00 0 
7f8d0d142000-7f8d0d273000 rw-p 00000000 00:00 0 
7f8d0d273000-7f8d0d27e000 rw-p 00000000 00:00 0 
7f8d0d27e000-7f8d0d29c000 rw-p 00000000 00:00 0 
7f8d0d29c000-7f8d0d2c1000 rw-p 00000000 00:00 0 
7f8d0d2c1000-7f8d0d3f1000 rw-p 00000000 00:00 0 
7f8d0d3f1000-7f8d0d423000 rw-p 00000000 00:00 0 
7f8d0d423000-7f8d0d49c000 rw-p 00000000 00:00 0 
7f8d0d49c000-7f8d0d49d000 rw-p 00000000 00:00 0 
7f8d0d49d000-7f8d0d4b7000 r-xp 00000000 08:01 3815891                    /usr/lib/jvm/java-7-oracle/jre/lib/amd64/libzip.so
7f8d0d4b7000-7f8d0d6b7000 ---p 0001a000 08:01 3815891                    /usr/lib/jvm/java-7-oracle/jre/lib/amd64/libzip.so
7f8d0d6b7000-7f8d0d6b8000 rw-p 0001a000 08:01 3815891                    /usr/lib/jvm/java-7-oracle/jre/lib/amd64/libzip.so
7f8d0d6b8000-7f8d0d6c3000 r-xp 00000000 08:01 4601829                    /lib/x86_64-linux-gnu/libnss_files-2.19.so
7f8d0d6c3000-7f8d0d8c2000 ---p 0000b000 08:01 4601829                    /lib/x86_64-linux-gnu/libnss_files-2.19.so
7f8d0d8c2000-7f8d0d8c3000 r--p 0000a000 08:01 4601829                    /lib/x86_64-linux-gnu/libnss_files-2.19.so
7f8d0d8c3000-7f8d0d8c4000 rw-p 0000b000 08:01 4601829                    /lib/x86_64-linux-gnu/libnss_files-2.19.so
7f8d0d8c4000-7f8d0d8cf000 r-xp 00000000 08:01 4601826                    /lib/x86_64-linux-gnu/libnss_nis-2.19.so
7f8d0d8cf000-7f8d0dace000 ---p 0000b000 08:01 4601826                    /lib/x86_64-linux-gnu/libnss_nis-2.19.so
7f8d0dace000-7f8d0dacf000 r--p 0000a000 08:01 4601826                    /lib/x86_64-linux-gnu/libnss_nis-2.19.so
7f8d0dacf000-7f8d0dad0000 rw-p 0000b000 08:01 4601826                    /lib/x86_64-linux-gnu/libnss_nis-2.19.so
7f8d0dad0000-7f8d0dae7000 r-xp 00000000 08:01 4601820                    /lib/x86_64-linux-gnu/libnsl-2.19.so
7f8d0dae7000-7f8d0dce6000 ---p 00017000 08:01 4601820                    /lib/x86_64-linux-gnu/libnsl-2.19.so
7f8d0dce6000-7f8d0dce7000 r--p 00016000 08:01 4601820                    /lib/x86_64-linux-gnu/libnsl-2.19.so
7f8d0dce7000-7f8d0dce8000 rw-p 00017000 08:01 4601820                    /lib/x86_64-linux-gnu/libnsl-2.19.so
7f8d0dce8000-7f8d0dcea000 rw-p 00000000 00:00 0 
7f8d0dcea000-7f8d0dcf3000 r-xp 00000000 08:01 4601817                    /lib/x86_64-linux-gnu/libnss_compat-2.19.so
7f8d0dcf3000-7f8d0def2000 ---p 00009000 08:01 4601817                    /lib/x86_64-linux-gnu/libnss_compat-2.19.so
7f8d0def2000-7f8d0def3000 r--p 00008000 08:01 4601817                    /lib/x86_64-linux-gnu/libnss_compat-2.19.so
7f8d0def3000-7f8d0def4000 rw-p 00009000 08:01 4601817                    /lib/x86_64-linux-gnu/libnss_compat-2.19.so
7f8d0def4000-7f8d0df1d000 r-xp 00000000 08:01 3815892                    /usr/lib/jvm/java-7-oracle/jre/lib/amd64/libjava.so
7f8d0df1d000-7f8d0e11d000 ---p 00029000 08:01 3815892                    /usr/lib/jvm/java-7-oracle/jre/lib/amd64/libjava.so
7f8d0e11d000-7f8d0e11f000 rw-p 00029000 08:01 3815892                    /usr/lib/jvm/java-7-oracle/jre/lib/amd64/libjava.so
7f8d0e11f000-7f8d0e12c000 r-xp 00000000 08:01 3815883                    /usr/lib/jvm/java-7-oracle/jre/lib/amd64/libverify.so
7f8d0e12c000-7f8d0e32b000 ---p 0000d000 08:01 3815883                    /usr/lib/jvm/java-7-oracle/jre/lib/amd64/libverify.so
7f8d0e32b000-7f8d0e32d000 rw-p 0000c000 08:01 3815883                    /usr/lib/jvm/java-7-oracle/jre/lib/amd64/libverify.so
7f8d0e32d000-7f8d0e334000 r-xp 00000000 08:01 4601812                    /lib/x86_64-linux-gnu/librt-2.19.so
7f8d0e334000-7f8d0e533000 ---p 00007000 08:01 4601812                    /lib/x86_64-linux-gnu/librt-2.19.so
7f8d0e533000-7f8d0e534000 r--p 00006000 08:01 4601812                    /lib/x86_64-linux-gnu/librt-2.19.so
7f8d0e534000-7f8d0e535000 rw-p 00007000 08:01 4601812                    /lib/x86_64-linux-gnu/librt-2.19.so
7f8d0e535000-7f8d0e63a000 r-xp 00000000 08:01 4601819                    /lib/x86_64-linux-gnu/libm-2.19.so
7f8d0e63a000-7f8d0e839000 ---p 00105000 08:01 4601819                    /lib/x86_64-linux-gnu/libm-2.19.so
7f8d0e839000-7f8d0e83a000 r--p 00104000 08:01 4601819                    /lib/x86_64-linux-gnu/libm-2.19.so
7f8d0e83a000-7f8d0e83b000 rw-p 00105000 08:01 4601819                    /lib/x86_64-linux-gnu/libm-2.19.so
7f8d0e83b000-7f8d0f3b0000 r-xp 00000000 08:01 3818475                    /usr/lib/jvm/java-7-oracle/jre/lib/amd64/server/libjvm.so
7f8d0f3b0000-7f8d0f5b0000 ---p 00b75000 08:01 3818475                    /usr/lib/jvm/java-7-oracle/jre/lib/amd64/server/libjvm.so
7f8d0f5b0000-7f8d0f674000 rw-p 00b75000 08:01 3818475                    /usr/lib/jvm/java-7-oracle/jre/lib/amd64/server/libjvm.so
7f8d0f674000-7f8d0f6b5000 rw-p 00000000 00:00 0 
7f8d0f6b5000-7f8d0f870000 r-xp 00000000 08:01 4601811                    /lib/x86_64-linux-gnu/libc-2.19.so
7f8d0f870000-7f8d0fa70000 ---p 001bb000 08:01 4601811                    /lib/x86_64-linux-gnu/libc-2.19.so
7f8d0fa70000-7f8d0fa74000 r--p 001bb000 08:01 4601811                    /lib/x86_64-linux-gnu/libc-2.19.so
7f8d0fa74000-7f8d0fa76000 rw-p 001bf000 08:01 4601811                    /lib/x86_64-linux-gnu/libc-2.19.so
7f8d0fa76000-7f8d0fa7b000 rw-p 00000000 00:00 0 
7f8d0fa7b000-7f8d0fa7e000 r-xp 00000000 08:01 4601815                    /lib/x86_64-linux-gnu/libdl-2.19.so
7f8d0fa7e000-7f8d0fc7d000 ---p 00003000 08:01 4601815                    /lib/x86_64-linux-gnu/libdl-2.19.so
7f8d0fc7d000-7f8d0fc7e000 r--p 00002000 08:01 4601815                    /lib/x86_64-linux-gnu/libdl-2.19.so
7f8d0fc7e000-7f8d0fc7f000 rw-p 00003000 08:01 4601815                    /lib/x86_64-linux-gnu/libdl-2.19.so
7f8d0fc7f000-7f8d0fc95000 r-xp 00000000 08:01 3815454                    /usr/lib/jvm/java-7-oracle/jre/lib/amd64/jli/libjli.so
7f8d0fc95000-7f8d0fe95000 ---p 00016000 08:01 3815454                    /usr/lib/jvm/java-7-oracle/jre/lib/amd64/jli/libjli.so
7f8d0fe95000-7f8d0fe96000 rw-p 00016000 08:01 3815454                    /usr/lib/jvm/java-7-oracle/jre/lib/amd64/jli/libjli.so
7f8d0fe96000-7f8d0feaf000 r-xp 00000000 08:01 4601828                    /lib/x86_64-linux-gnu/libpthread-2.19.so
7f8d0feaf000-7f8d100ae000 ---p 00019000 08:01 4601828                    /lib/x86_64-linux-gnu/libpthread-2.19.so
7f8d100ae000-7f8d100af000 r--p 00018000 08:01 4601828                    /lib/x86_64-linux-gnu/libpthread-2.19.so
7f8d100af000-7f8d100b0000 rw-p 00019000 08:01 4601828                    /lib/x86_64-linux-gnu/libpthread-2.19.so
7f8d100b0000-7f8d100b4000 rw-p 00000000 00:00 0 
7f8d100b4000-7f8d100d7000 r-xp 00000000 08:01 4601808                    /lib/x86_64-linux-gnu/ld-2.19.so
7f8d100d7000-7f8d100d8000 rw-p 00000000 00:00 0 
7f8d100d8000-7f8d100dc000 r--s 000f7000 08:01 3818490                    /usr/lib/jvm/java-7-oracle/jre/lib/ext/localedata.jar
7f8d100dc000-7f8d100fc000 rw-p 00000000 00:00 0 
7f8d100fc000-7f8d101b2000 rw-p 00000000 00:00 0 
7f8d101b2000-7f8d101b5000 ---p 00000000 00:00 0 
7f8d101b5000-7f8d102b7000 rw-p 00000000 00:00 0                          [stack:5643]
7f8d102b7000-7f8d102bb000 r--s 0008b000 08:01 3818495                    /usr/lib/jvm/java-7-oracle/jre/lib/jsse.jar
7f8d102bb000-7f8d102ca000 r--s 000dd000 00:22 156718                     /home/johnny/Android/Sdk/build-tools/21.1.2/lib/dx.jar
7f8d102ca000-7f8d102d2000 rw-s 00000000 08:01 3672902                    /tmp/hsperfdata_johnny/5634
7f8d102d2000-7f8d102d3000 rw-p 00000000 00:00 0 
7f8d102d3000-7f8d102d4000 ---p 00000000 00:00 0 
7f8d102d4000-7f8d102d6000 rw-p 00000000 00:00 0 
7f8d102d6000-7f8d102d7000 r--p 00022000 08:01 4601808                    /lib/x86_64-linux-gnu/ld-2.19.so
7f8d102d7000-7f8d102d8000 rw-p 00023000 08:01 4601808                    /lib/x86_64-linux-gnu/ld-2.19.so
7f8d102d8000-7f8d102d9000 rw-p 00000000 00:00 0 
7fffec7be000-7fffec7df000 rw-p 00000000 00:00 0                          [stack]
7fffec7fe000-7fffec800000 r-xp 00000000 00:00 0                          [vdso]
ffffffffff600000-ffffffffff601000 r-xp 00000000 00:00 0                  [vsyscall]

VM Arguments:
jvm_args: -Xmx1024M 
java_command: /home/johnny/Android/Sdk/build-tools/21.1.2/lib/dx.jar --dex --no-optimize --output /home/johnny/AndroidStudioProjects/App.BangBangGokGok/app/build/intermediates/dex/debug --input-list=/home/johnny/AndroidStudioProjects/App.BangBangGokGok/app/build/intermediates/tmp/dex/debug/inputList.txt
Launcher Type: SUN_STANDARD

Environment Variables:
CLASSPATH=/home/johnny/android-studio/bin/../lib/bootstrap.jar:/home/johnny/android-studio/bin/../lib/extensions.jar:/home/johnny/android-studio/bin/../lib/util.jar:/home/johnny/android-studio/bin/../lib/jdom.jar:/home/johnny/android-studio/bin/../lib/log4j.jar:/home/johnny/android-studio/bin/../lib/trove4j.jar:/home/johnny/android-studio/bin/../lib/jna.jar:/usr/lib/jvm/java-7-oracle/lib/tools.jar
PATH=/usr/local/sbin:/usr/local/bin:/usr/sbin:/usr/bin:/sbin:/bin:/usr/games:/usr/local/games
LD_LIBRARY_PATH=/home/johnny/android-studio/bin:
SHELL=/bin/bash
DISPLAY=:0

Signal Handlers:
SIGSEGV: [libjvm.so+0x9a3bd0], sa_mask[0]=0x7ffbfeff, sa_flags=0x10000004
SIGBUS: [libjvm.so+0x9a3bd0], sa_mask[0]=0x7ffbfeff, sa_flags=0x10000004
SIGFPE: [libjvm.so+0x81cb60], sa_mask[0]=0x7ffbfeff, sa_flags=0x10000004
SIGPIPE: [libjvm.so+0x81cb60], sa_mask[0]=0x7ffbfeff, sa_flags=0x10000004
SIGXFSZ: [libjvm.so+0x81cb60], sa_mask[0]=0x7ffbfeff, sa_flags=0x10000004
SIGILL: [libjvm.so+0x81cb60], sa_mask[0]=0x7ffbfeff, sa_flags=0x10000004
SIGUSR1: SIG_DFL, sa_mask[0]=0x00000000, sa_flags=0x00000000
SIGUSR2: [libjvm.so+0x81e360], sa_mask[0]=0x00000004, sa_flags=0x10000004
SIGHUP: [libjvm.so+0x81f480], sa_mask[0]=0x7ffbfeff, sa_flags=0x10000004
SIGINT: [libjvm.so+0x81f480], sa_mask[0]=0x7ffbfeff, sa_flags=0x10000004
SIGTERM: [libjvm.so+0x81f480], sa_mask[0]=0x7ffbfeff, sa_flags=0x10000004
SIGQUIT: [libjvm.so+0x81f480], sa_mask[0]=0x7ffbfeff, sa_flags=0x10000004


---------------  S Y S T E M  ---------------

OS:jessie/sid

uname:Linux 3.13.0-45-generic #74-Ubuntu SMP Tue Jan 13 19:36:28 UTC 2015 x86_64
libc:glibc 2.19 NPTL 2.19 
rlimit: STACK 8192k, CORE 0k, NPROC 45903, NOFILE 4096, AS infinity
load average:1.67 1.05 0.84

/proc/meminfo:
MemTotal:        5905412 kB
MemFree:          167796 kB
Buffers:            2768 kB
Cached:          1333376 kB
SwapCached:            0 kB
Active:          4209080 kB
Inactive:        1271612 kB
Active(anon):    4175900 kB
Inactive(anon):  1241456 kB
Active(file):      33180 kB
Inactive(file):    30156 kB
Unevictable:          32 kB
Mlocked:              32 kB
SwapTotal:             0 kB
SwapFree:              0 kB
Dirty:                 0 kB
Writeback:           440 kB
AnonPages:       4143956 kB
Mapped:           128124 kB
Shmem:           1273480 kB
Slab:             123512 kB
SReclaimable:      50144 kB
SUnreclaim:        73368 kB
KernelStack:        5416 kB
PageTables:        54504 kB
NFS_Unstable:          0 kB
Bounce:                0 kB
WritebackTmp:          0 kB
CommitLimit:     2952704 kB
Committed_AS:   11494736 kB
VmallocTotal:   34359738367 kB
VmallocUsed:      554524 kB
VmallocChunk:   34359174564 kB
HardwareCorrupted:     0 kB
AnonHugePages:   1955840 kB
HugePages_Total:       0
HugePages_Free:        0
HugePages_Rsvd:        0
HugePages_Surp:        0
Hugepagesize:       2048 kB
DirectMap4k:       82176 kB
DirectMap2M:     6002688 kB


CPU:total 4 (2 cores per cpu, 2 threads per core) family 6 model 37 stepping 5, cmov, cx8, fxsr, mmx, sse, sse2, sse3, ssse3, sse4.1, sse4.2, popcnt, ht, tsc, tscinvbit

/proc/cpuinfo:
processor	: 0
vendor_id	: GenuineIntel
cpu family	: 6
model		: 37
model name	: Intel(R) Core(TM) i3 CPU       M 370  @ 2.40GHz
stepping	: 5
microcode	: 0x2
cpu MHz		: 933.000
cache size	: 3072 KB
physical id	: 0
siblings	: 4
core id		: 0
cpu cores	: 2
apicid		: 0
initial apicid	: 0
fpu		: yes
fpu_exception	: yes
cpuid level	: 11
wp		: yes
flags		: fpu vme de pse tsc msr pae mce cx8 apic sep mtrr pge mca cmov pat pse36 clflush dts acpi mmx fxsr sse sse2 ss ht tm pbe syscall nx rdtscp lm constant_tsc arch_perfmon pebs bts rep_good nopl xtopology nonstop_tsc aperfmperf pni dtes64 monitor ds_cpl vmx est tm2 ssse3 cx16 xtpr pdcm pcid sse4_1 sse4_2 popcnt lahf_lm arat dtherm tpr_shadow vnmi flexpriority ept vpid
bogomips	: 4788.16
clflush size	: 64
cache_alignment	: 64
address sizes	: 36 bits physical, 48 bits virtual
power management:

processor	: 1
vendor_id	: GenuineIntel
cpu family	: 6
model		: 37
model name	: Intel(R) Core(TM) i3 CPU       M 370  @ 2.40GHz
stepping	: 5
microcode	: 0x2
cpu MHz		: 933.000
cache size	: 3072 KB
physical id	: 0
siblings	: 4
core id		: 0
cpu cores	: 2
apicid		: 1
initial apicid	: 1
fpu		: yes
fpu_exception	: yes
cpuid level	: 11
wp		: yes
flags		: fpu vme de pse tsc msr pae mce cx8 apic sep mtrr pge mca cmov pat pse36 clflush dts acpi mmx fxsr sse sse2 ss ht tm pbe syscall nx rdtscp lm constant_tsc arch_perfmon pebs bts rep_good nopl xtopology nonstop_tsc aperfmperf pni dtes64 monitor ds_cpl vmx est tm2 ssse3 cx16 xtpr pdcm pcid sse4_1 sse4_2 popcnt lahf_lm arat dtherm tpr_shadow vnmi flexpriority ept vpid
bogomips	: 4788.16
clflush size	: 64
cache_alignment	: 64
address sizes	: 36 bits physical, 48 bits virtual
power management:

processor	: 2
vendor_id	: GenuineIntel
cpu family	: 6
model		: 37
model name	: Intel(R) Core(TM) i3 CPU       M 370  @ 2.40GHz
stepping	: 5
microcode	: 0x2
cpu MHz		: 2399.000
cache size	: 3072 KB
physical id	: 0
siblings	: 4
core id		: 2
cpu cores	: 2
apicid		: 4
initial apicid	: 4
fpu		: yes
fpu_exception	: yes
cpuid level	: 11
wp		: yes
flags		: fpu vme de pse tsc msr pae mce cx8 apic sep mtrr pge mca cmov pat pse36 clflush dts acpi mmx fxsr sse sse2 ss ht tm pbe syscall nx rdtscp lm constant_tsc arch_perfmon pebs bts rep_good nopl xtopology nonstop_tsc aperfmperf pni dtes64 monitor ds_cpl vmx est tm2 ssse3 cx16 xtpr pdcm pcid sse4_1 sse4_2 popcnt lahf_lm arat dtherm tpr_shadow vnmi flexpriority ept vpid
bogomips	: 4788.16
clflush size	: 64
cache_alignment	: 64
address sizes	: 36 bits physical, 48 bits virtual
power management:

processor	: 3
vendor_id	: GenuineIntel
cpu family	: 6
model		: 37
model name	: Intel(R) Core(TM) i3 CPU       M 370  @ 2.40GHz
stepping	: 5
microcode	: 0x2
cpu MHz		: 933.000
cache size	: 3072 KB
physical id	: 0
siblings	: 4
core id		: 2
cpu cores	: 2
apicid		: 5
initial apicid	: 5
fpu		: yes
fpu_exception	: yes
cpuid level	: 11
wp		: yes
flags		: fpu vme de pse tsc msr pae mce cx8 apic sep mtrr pge mca cmov pat pse36 clflush dts acpi mmx fxsr sse sse2 ss ht tm pbe syscall nx rdtscp lm constant_tsc arch_perfmon pebs bts rep_good nopl xtopology nonstop_tsc aperfmperf pni dtes64 monitor ds_cpl vmx est tm2 ssse3 cx16 xtpr pdcm pcid sse4_1 sse4_2 popcnt lahf_lm arat dtherm tpr_shadow vnmi flexpriority ept vpid
bogomips	: 4788.16
clflush size	: 64
cache_alignment	: 64
address sizes	: 36 bits physical, 48 bits virtual
power management:



Memory: 4k page, physical 5905412k(167796k free), swap 0k(0k free)

vm_info: Java HotSpot(TM) 64-Bit Server VM (24.76-b04) for linux-amd64 JRE (1.7.0_76-b13), built on Dec 18 2014 16:58:39 by "java_re" with gcc 4.3.0 20080428 (Red Hat 4.3.0-8)

time: Fri Feb 13 16:41:49 2015
elapsed time: 5 seconds

