#
# There is insufficient memory for the Java Runtime Environment to continue.
# Native memory allocation (malloc) failed to allocate 160432128 bytes for committing reserved memory.
# Possible reasons:
#   The system is out of physical RAM or swap space
#   In 32 bit mode, the process size limit was hit
# Possible solutions:
#   Reduce memory load on the system
#   Increase physical memory or swap space
#   Check if swap backing store is full
#   Use 64 bit Java on a 64 bit OS
#   Decrease Java heap size (-Xmx/-Xms)
#   Decrease number of Java threads
#   Decrease Java thread stack sizes (-Xss)
#   Set larger code cache with -XX:ReservedCodeCacheSize=
# This output file may be truncated or incomplete.
#
#  Out of Memory Error (os_linux.cpp:2756), pid=9323, tid=140277459203840
#
# JRE version: Java(TM) SE Runtime Environment (7.0_76-b13) (build 1.7.0_76-b13)
# Java VM: Java HotSpot(TM) 64-Bit Server VM (24.76-b04 mixed mode linux-amd64 compressed oops)
# Failed to write core dump. Core dumps have been disabled. To enable core dumping, try "ulimit -c unlimited" before starting Java again
#

---------------  T H R E A D  ---------------

Current thread (0x00007f94e0130800):  VMThread [stack: 0x00007f94e4103000,0x00007f94e4204000] [id=9337]

Stack: [0x00007f94e4103000,0x00007f94e4204000],  sp=0x00007f94e4201fc0,  free space=1019k
Native frames: (J=compiled Java code, j=interpreted, Vv=VM code, C=native code)
V  [libjvm.so+0x9a32ba]  VMError::report_and_die()+0x2ea
V  [libjvm.so+0x497f7b]  report_vm_out_of_memory(char const*, int, unsigned long, char const*)+0x9b
V  [libjvm.so+0x81fcce]  os::Linux::commit_memory_impl(char*, unsigned long, bool)+0xfe
V  [libjvm.so+0x820219]  os::pd_commit_memory(char*, unsigned long, unsigned long, bool)+0x29
V  [libjvm.so+0x819faa]  os::commit_memory(char*, unsigned long, unsigned long, bool)+0x2a
V  [libjvm.so+0x88d843]  PSVirtualSpace::expand_by(unsigned long)+0x53
V  [libjvm.so+0x88ec18]  PSYoungGen::resize_generation(unsigned long, unsigned long)+0xf8
V  [libjvm.so+0x88dd82]  PSYoungGen::resize(unsigned long, unsigned long)+0x22
V  [libjvm.so+0x88b13d]  PSScavenge::invoke_no_policy()+0xf3d
V  [libjvm.so+0x88b981]  PSScavenge::invoke()+0x41
V  [libjvm.so+0x842300]  ParallelScavengeHeap::failed_mem_allocate(unsigned long)+0x70
V  [libjvm.so+0x9a4b47]  VM_ParallelGCFailedAllocation::doit()+0x97
V  [libjvm.so+0x9abfe5]  VM_Operation::evaluate()+0x55
V  [libjvm.so+0x9aa3aa]  VMThread::evaluate_operation(VM_Operation*)+0xba
V  [libjvm.so+0x9aa72e]  VMThread::loop()+0x1ce
V  [libjvm.so+0x9aaba0]  VMThread::run()+0x70
V  [libjvm.so+0x821ca8]  java_start(Thread*)+0x108

VM_Operation (0x00007f94e8bd8460): ParallelGCFailedAllocation, mode: safepoint, requested by thread 0x00007f94e000a000


---------------  P R O C E S S  ---------------

Java Threads: ( => current thread )
  0x00007f94e015f800 JavaThread "Service Thread" daemon [_thread_blocked, id=9343, stack(0x00007f94dc2e8000,0x00007f94dc3e9000)]
  0x00007f94e015d000 JavaThread "C2 CompilerThread1" daemon [_thread_blocked, id=9342, stack(0x00007f94dc3e9000,0x00007f94dc4ea000)]
  0x00007f94e015a000 JavaThread "C2 CompilerThread0" daemon [_thread_blocked, id=9341, stack(0x00007f94dc4ea000,0x00007f94dc5eb000)]
  0x00007f94e0158000 JavaThread "Signal Dispatcher" daemon [_thread_blocked, id=9340, stack(0x00007f94dc5eb000,0x00007f94dc6ec000)]
  0x00007f94e0137000 JavaThread "Finalizer" daemon [_thread_blocked, id=9339, stack(0x00007f94dceff000,0x00007f94dd000000)]
  0x00007f94e0135000 JavaThread "Reference Handler" daemon [_thread_blocked, id=9338, stack(0x00007f94e4002000,0x00007f94e4103000)]
  0x00007f94e000a000 JavaThread "main" [_thread_blocked, id=9332, stack(0x00007f94e8ad9000,0x00007f94e8bda000)]

Other Threads:
=>0x00007f94e0130800 VMThread [stack: 0x00007f94e4103000,0x00007f94e4204000] [id=9337]
  0x00007f94e016a000 WatcherThread [stack: 0x00007f94dc1e7000,0x00007f94dc2e8000] [id=9344]

VM state:at safepoint (normal execution)

VM Mutex/Monitor currently owned by a thread:  ([mutex/lock_event])
[0x00007f94e0006370] Threads_lock - owner thread: 0x00007f94e0130800
[0x00007f94e0006870] Heap_lock - owner thread: 0x00007f94e000a000

Heap
 PSYoungGen      total 97792K, used 3571K [0x00000000eaa80000, 0x00000000f0d80000, 0x0000000100000000)
  eden space 94208K, 0% used [0x00000000eaa80000,0x00000000eaa80000,0x00000000f0680000)
  from space 3584K, 99% used [0x00000000f0680000,0x00000000f09fce50,0x00000000f0a00000)
  to   space 3584K, 0% used [0x00000000f0a00000,0x00000000f0a00000,0x00000000f0d80000)
 ParOldGen       total 76800K, used 73840K [0x00000000c0000000, 0x00000000c4b00000, 0x00000000eaa80000)
  object space 76800K, 96% used [0x00000000c0000000,0x00000000c481c350,0x00000000c4b00000)
 PSPermGen       total 21504K, used 6738K [0x00000000bae00000, 0x00000000bc300000, 0x00000000c0000000)
  object space 21504K, 31% used [0x00000000bae00000,0x00000000bb494b88,0x00000000bc300000)

Card table byte_map: [0x00007f94e5b9a000,0x00007f94e5dc4000] byte_map_base: 0x00007f94e55c3000

Polling page: 0x00007f94e8bfa000

Code Cache  [0x00007f94dd000000, 0x00007f94dd270000, 0x00007f94e0000000)
 total_blobs=1017 nmethods=769 adapters=202 free_code_cache=47061Kb largest_free_block=48158592

Compilation events (10 events):
Event: 5.165 Thread 0x00007f94e015d000 nmethod 772 0x00007f94dd205710 code [0x00007f94dd205860, 0x00007f94dd205938]
Event: 5.165 Thread 0x00007f94e015d000  773             com.android.dex.util.ByteArrayByteInput::<init> (10 bytes)
Event: 5.165 Thread 0x00007f94e015d000 nmethod 773 0x00007f94dd0acb50 code [0x00007f94dd0acc80, 0x00007f94dd0accf8]
Event: 5.165 Thread 0x00007f94e015d000  774 %           java.util.TimSort::binarySort @ 69 (223 bytes)
Event: 5.184 Thread 0x00007f94e015d000 nmethod 774% 0x00007f94dd2070d0 code [0x00007f94dd207280, 0x00007f94dd207ab8]
Event: 5.184 Thread 0x00007f94e015d000  775             com.android.dx.io.instructions.ThreeRegisterDecodedInstruction::withIndex (41 bytes)
Event: 5.187 Thread 0x00007f94e015d000 nmethod 775 0x00007f94dd205290 code [0x00007f94dd2053e0, 0x00007f94dd205598]
Event: 5.187 Thread 0x00007f94e015d000  776             com.android.dx.io.instructions.ThreeRegisterDecodedInstruction::getRegisterCount (2 bytes)
Event: 5.188 Thread 0x00007f94e015d000 nmethod 776 0x00007f94dd206ed0 code [0x00007f94dd207000, 0x00007f94dd207058]
Event: 5.188 Thread 0x00007f94e015d000  777             com.android.dx.io.instructions.InstructionCodec$34::decode (314 bytes)

GC Heap History (9 events):
Event: 1.470 GC heap before
{Heap before GC invocations=1 (full 0):
 PSYoungGen      total 27136K, used 23552K [0x00000000eaa80000, 0x00000000ec880000, 0x0000000100000000)
  eden space 23552K, 100% used [0x00000000eaa80000,0x00000000ec180000,0x00000000ec180000)
  from space 3584K, 0% used [0x00000000ec500000,0x00000000ec500000,0x00000000ec880000)
  to   space 3584K, 0% used [0x00000000ec180000,0x00000000ec180000,0x00000000ec500000)
 ParOldGen       total 61440K, used 0K [0x00000000c0000000, 0x00000000c3c00000, 0x00000000eaa80000)
  object space 61440K, 0% used [0x00000000c0000000,0x00000000c0000000,0x00000000c3c00000)
 PSPermGen       total 21504K, used 4574K [0x00000000bae00000, 0x00000000bc300000, 0x00000000c0000000)
  object space 21504K, 21% used [0x00000000bae00000,0x00000000bb277828,0x00000000bc300000)
Event: 1.516 GC heap after
Heap after GC invocations=1 (full 0):
 PSYoungGen      total 27136K, used 3568K [0x00000000eaa80000, 0x00000000edf80000, 0x0000000100000000)
  eden space 23552K, 0% used [0x00000000eaa80000,0x00000000eaa80000,0x00000000ec180000)
  from space 3584K, 99% used [0x00000000ec180000,0x00000000ec4fc028,0x00000000ec500000)
  to   space 3584K, 0% used [0x00000000edc00000,0x00000000edc00000,0x00000000edf80000)
 ParOldGen       total 61440K, used 7754K [0x00000000c0000000, 0x00000000c3c00000, 0x00000000eaa80000)
  object space 61440K, 12% used [0x00000000c0000000,0x00000000c0792ae8,0x00000000c3c00000)
 PSPermGen       total 21504K, used 4574K [0x00000000bae00000, 0x00000000bc300000, 0x00000000c0000000)
  object space 21504K, 21% used [0x00000000bae00000,0x00000000bb277828,0x00000000bc300000)
}
Event: 2.069 GC heap before
{Heap before GC invocations=2 (full 0):
 PSYoungGen      total 27136K, used 27002K [0x00000000eaa80000, 0x00000000edf80000, 0x0000000100000000)
  eden space 23552K, 99% used [0x00000000eaa80000,0x00000000ec1628b8,0x00000000ec180000)
  from space 3584K, 99% used [0x00000000ec180000,0x00000000ec4fc028,0x00000000ec500000)
  to   space 3584K, 0% used [0x00000000edc00000,0x00000000edc00000,0x00000000edf80000)
 ParOldGen       total 61440K, used 7754K [0x00000000c0000000, 0x00000000c3c00000, 0x00000000eaa80000)
  object space 61440K, 12% used [0x00000000c0000000,0x00000000c0792ae8,0x00000000c3c00000)
 PSPermGen       total 21504K, used 4980K [0x00000000bae00000, 0x00000000bc300000, 0x00000000c0000000)
  object space 21504K, 23% used [0x00000000bae00000,0x00000000bb2dd280,0x00000000bc300000)
Event: 2.105 GC heap after
Heap after GC invocations=2 (full 0):
 PSYoungGen      total 50688K, used 3584K [0x00000000eaa80000, 0x00000000edf80000, 0x0000000100000000)
  eden space 47104K, 0% used [0x00000000eaa80000,0x00000000eaa80000,0x00000000ed880000)
  from space 3584K, 100% used [0x00000000edc00000,0x00000000edf80000,0x00000000edf80000)
  to   space 3584K, 0% used [0x00000000ed880000,0x00000000ed880000,0x00000000edc00000)
 ParOldGen       total 61440K, used 18000K [0x00000000c0000000, 0x00000000c3c00000, 0x00000000eaa80000)
  object space 61440K, 29% used [0x00000000c0000000,0x00000000c1194000,0x00000000c3c00000)
 PSPermGen       total 21504K, used 4980K [0x00000000bae00000, 0x00000000bc300000, 0x00000000c0000000)
  object space 21504K, 23% used [0x00000000bae00000,0x00000000bb2dd280,0x00000000bc300000)
}
Event: 4.203 GC heap before
{Heap before GC invocations=3 (full 0):
 PSYoungGen      total 50688K, used 50040K [0x00000000eaa80000, 0x00000000edf80000, 0x0000000100000000)
  eden space 47104K, 98% used [0x00000000eaa80000,0x00000000ed7de350,0x00000000ed880000)
  from space 3584K, 100% used [0x00000000edc00000,0x00000000edf80000,0x00000000edf80000)
  to   space 3584K, 0% used [0x00000000ed880000,0x00000000ed880000,0x00000000edc00000)
 ParOldGen       total 61440K, used 18000K [0x00000000c0000000, 0x00000000c3c00000, 0x00000000eaa80000)
  object space 61440K, 29% used [0x00000000c0000000,0x00000000c1194000,0x00000000c3c00000)
 PSPermGen       total 21504K, used 6672K [0x00000000bae00000, 0x00000000bc300000, 0x00000000c0000000)
  object space 21504K, 31% used [0x00000000bae00000,0x00000000bb4843d8,0x00000000bc300000)
Event: 4.224 GC heap after
Heap after GC invocations=3 (full 0):
 PSYoungGen      total 50688K, used 3571K [0x00000000eaa80000, 0x00000000f0d80000, 0x0000000100000000)
  eden space 47104K, 0% used [0x00000000eaa80000,0x00000000eaa80000,0x00000000ed880000)
  from space 3584K, 99% used [0x00000000ed880000,0x00000000edbfce50,0x00000000edc00000)
  to   space 3584K, 0% used [0x00000000f0a00000,0x00000000f0a00000,0x00000000f0d80000)
 ParOldGen       total 61440K, used 25452K [0x00000000c0000000, 0x00000000c3c00000, 0x00000000eaa80000)
  object space 61440K, 41% used [0x00000000c0000000,0x00000000c18db070,0x00000000c3c00000)
 PSPermGen       total 21504K, used 6672K [0x00000000bae00000, 0x00000000bc300000, 0x00000000c0000000)
  object space 21504K, 31% used [0x00000000bae00000,0x00000000bb4843d8,0x00000000bc300000)
}
Event: 4.691 GC heap before
{Heap before GC invocations=4 (full 0):
 PSYoungGen      total 50688K, used 50349K [0x00000000eaa80000, 0x00000000f0d80000, 0x0000000100000000)
  eden space 47104K, 99% used [0x00000000eaa80000,0x00000000ed82e5e0,0x00000000ed880000)
  from space 3584K, 99% used [0x00000000ed880000,0x00000000edbfce50,0x00000000edc00000)
  to   space 3584K, 0% used [0x00000000f0a00000,0x00000000f0a00000,0x00000000f0d80000)
 ParOldGen       total 61440K, used 25452K [0x00000000c0000000, 0x00000000c3c00000, 0x00000000eaa80000)
  object space 61440K, 41% used [0x00000000c0000000,0x00000000c18db070,0x00000000c3c00000)
 PSPermGen       total 21504K, used 6723K [0x00000000bae00000, 0x00000000bc300000, 0x00000000c0000000)
  object space 21504K, 31% used [0x00000000bae00000,0x00000000bb490c58,0x00000000bc300000)
Event: 4.737 GC heap after
Heap after GC invocations=4 (full 0):
 PSYoungGen      total 97792K, used 3571K [0x00000000eaa80000, 0x00000000f0d80000, 0x0000000100000000)
  eden space 94208K, 0% used [0x00000000eaa80000,0x00000000eaa80000,0x00000000f0680000)
  from space 3584K, 99% used [0x00000000f0a00000,0x00000000f0d7ce50,0x00000000f0d80000)
  to   space 3584K, 0% used [0x00000000f0680000,0x00000000f0680000,0x00000000f0a00000)
 ParOldGen       total 61440K, used 35764K [0x00000000c0000000, 0x00000000c3c00000, 0x00000000eaa80000)
  object space 61440K, 58% used [0x00000000c0000000,0x00000000c22ed010,0x00000000c3c00000)
 PSPermGen       total 21504K, used 6723K [0x00000000bae00000, 0x00000000bc300000, 0x00000000c0000000)
  object space 21504K, 31% used [0x00000000bae00000,0x00000000bb490c58,0x00000000bc300000)
}
Event: 5.213 GC heap before
{Heap before GC invocations=5 (full 0):
 PSYoungGen      total 97792K, used 97779K [0x00000000eaa80000, 0x00000000f0d80000, 0x0000000100000000)
  eden space 94208K, 100% used [0x00000000eaa80000,0x00000000f0680000,0x00000000f0680000)
  from space 3584K, 99% used [0x00000000f0a00000,0x00000000f0d7ce50,0x00000000f0d80000)
  to   space 3584K, 0% used [0x00000000f0680000,0x00000000f0680000,0x00000000f0a00000)
 ParOldGen       total 61440K, used 35764K [0x00000000c0000000, 0x00000000c3c00000, 0x00000000eaa80000)
  object space 61440K, 58% used [0x00000000c0000000,0x00000000c22ed010,0x00000000c3c00000)
 PSPermGen       total 21504K, used 6738K [0x00000000bae00000, 0x00000000bc300000, 0x00000000c0000000)
  object space 21504K, 31% used [0x00000000bae00000,0x00000000bb494b88,0x00000000bc300000)

Deoptimization events (10 events):
Event: 3.881 Thread 0x00007f94e000a000 Uncommon trap: reason=unreached action=reinterpret pc=0x00007f94dd1a0f10 method=com.android.dx.merge.DexMerger$IdMerger.mergeSorted()V @ 261
Event: 3.902 Thread 0x00007f94e000a000 Uncommon trap: reason=predicate action=maybe_recompile pc=0x00007f94dd191e38 method=com.android.dex.Leb128.readUnsignedLeb128(Lcom/android/dex/util/ByteInput;)I @ 41
Event: 4.502 Thread 0x00007f94e000a000 Uncommon trap: reason=predicate action=maybe_recompile pc=0x00007f94dd0a49d4 method=java.util.ComparableTimSort.binarySort([Ljava/lang/Object;III)V @ 37
Event: 4.813 Thread 0x00007f94e000a000 Uncommon trap: reason=predicate action=maybe_recompile pc=0x00007f94dd0a0558 method=java.util.TimSort.binarySort([Ljava/lang/Object;IIILjava/util/Comparator;)V @ 37
Event: 5.032 Thread 0x00007f94e000a000 Uncommon trap: reason=array_check action=maybe_recompile pc=0x00007f94dd0a6760 method=java.util.ComparableTimSort.binarySort([Ljava/lang/Object;III)V @ 193
Event: 5.078 Thread 0x00007f94e000a000 Uncommon trap: reason=array_check action=maybe_recompile pc=0x00007f94dd1fd3fc method=java.util.TimSort.binarySort([Ljava/lang/Object;IIILjava/util/Comparator;)V @ 193
Event: 5.078 Thread 0x00007f94e000a000 Uncommon trap: reason=array_check action=maybe_recompile pc=0x00007f94dd1fd3fc method=java.util.TimSort.binarySort([Ljava/lang/Object;IIILjava/util/Comparator;)V @ 193
Event: 5.078 Thread 0x00007f94e000a000 Uncommon trap: reason=array_check action=maybe_recompile pc=0x00007f94dd1fd3fc method=java.util.TimSort.binarySort([Ljava/lang/Object;IIILjava/util/Comparator;)V @ 193
Event: 5.078 Thread 0x00007f94e000a000 Uncommon trap: reason=array_check action=maybe_recompile pc=0x00007f94dd1fd3fc method=java.util.TimSort.binarySort([Ljava/lang/Object;IIILjava/util/Comparator;)V @ 193
Event: 5.198 Thread 0x00007f94e000a000 Uncommon trap: reason=array_check action=maybe_recompile pc=0x00007f94dd0a6760 method=java.util.ComparableTimSort.binarySort([Ljava/lang/Object;III)V @ 193

Internal exceptions (10 events):
Event: 3.688 Thread 0x00007f94e000a000 Threw 0x00000000ec204228 at /HUDSON/workspace/7u-2-build-linux-amd64/jdk7u76/1941/hotspot/src/share/vm/prims/jvm.cpp:1304
Event: 3.688 Thread 0x00007f94e000a000 Threw 0x00000000ec207128 at /HUDSON/workspace/7u-2-build-linux-amd64/jdk7u76/1941/hotspot/src/share/vm/prims/jvm.cpp:1304
Event: 3.689 Thread 0x00007f94e000a000 Threw 0x00000000ec20a440 at /HUDSON/workspace/7u-2-build-linux-amd64/jdk7u76/1941/hotspot/src/share/vm/prims/jvm.cpp:1304
Event: 3.692 Thread 0x00007f94e000a000 Threw 0x00000000ec2114e8 at /HUDSON/workspace/7u-2-build-linux-amd64/jdk7u76/1941/hotspot/src/share/vm/prims/jvm.cpp:1304
Event: 3.693 Thread 0x00007f94e000a000 Threw 0x00000000ec213568 at /HUDSON/workspace/7u-2-build-linux-amd64/jdk7u76/1941/hotspot/src/share/vm/prims/jvm.cpp:1304
Event: 3.832 Thread 0x00007f94e000a000 Threw 0x00000000ec4bb050 at /HUDSON/workspace/7u-2-build-linux-amd64/jdk7u76/1941/hotspot/src/share/vm/prims/jvm.cpp:1304
Event: 3.832 Thread 0x00007f94e000a000 Threw 0x00000000ec4bb178 at /HUDSON/workspace/7u-2-build-linux-amd64/jdk7u76/1941/hotspot/src/share/vm/prims/jvm.cpp:1304
Event: 3.833 Thread 0x00007f94e000a000 Threw 0x00000000ec4bd4e8 at /HUDSON/workspace/7u-2-build-linux-amd64/jdk7u76/1941/hotspot/src/share/vm/prims/jvm.cpp:1304
Event: 3.833 Thread 0x00007f94e000a000 Threw 0x00000000ec4bd610 at /HUDSON/workspace/7u-2-build-linux-amd64/jdk7u76/1941/hotspot/src/share/vm/prims/jvm.cpp:1304
Event: 4.259 Thread 0x00007f94e000a000 Threw 0x00000000eaf37bb8 at /HUDSON/workspace/7u-2-build-linux-amd64/jdk7u76/1941/hotspot/src/share/vm/prims/jvm.cpp:1304

Events (10 events):
Event: 5.078 Thread 0x00007f94e000a000 Uncommon trap: trap_request=0xffffffd6 fr.pc=0x00007f94dd1fd3fc
Event: 5.078 Thread 0x00007f94e000a000 DEOPT PACKING pc=0x00007f94dd1fd3fc sp=0x00007f94e8bd8490
Event: 5.078 Thread 0x00007f94e000a000 DEOPT UNPACKING pc=0x00007f94dd039045 sp=0x00007f94e8bd8458 mode 2
Event: 5.078 Thread 0x00007f94e000a000 Uncommon trap: trap_request=0xffffffd6 fr.pc=0x00007f94dd1fd3fc
Event: 5.078 Thread 0x00007f94e000a000 DEOPT PACKING pc=0x00007f94dd1fd3fc sp=0x00007f94e8bd8490
Event: 5.078 Thread 0x00007f94e000a000 DEOPT UNPACKING pc=0x00007f94dd039045 sp=0x00007f94e8bd8458 mode 2
Event: 5.198 Thread 0x00007f94e000a000 Uncommon trap: trap_request=0xffffffd6 fr.pc=0x00007f94dd0a6760
Event: 5.198 Thread 0x00007f94e000a000 DEOPT PACKING pc=0x00007f94dd0a6760 sp=0x00007f94e8bd8420
Event: 5.198 Thread 0x00007f94e000a000 DEOPT UNPACKING pc=0x00007f94dd039045 sp=0x00007f94e8bd83e8 mode 2
Event: 5.213 Executing VM operation: ParallelGCFailedAllocation


Dynamic libraries:
00400000-00401000 r-xp 00000000 08:01 3818624                            /usr/lib/jvm/java-7-oracle/jre/bin/java
00600000-00601000 rw-p 00000000 08:01 3818624                            /usr/lib/jvm/java-7-oracle/jre/bin/java
021d1000-021f2000 rw-p 00000000 00:00 0                                  [heap]
bae00000-bc300000 rw-p 00000000 00:00 0 
bc300000-c0000000 rw-p 00000000 00:00 0 
c0000000-c4b00000 rw-p 00000000 00:00 0 
c4b00000-eaa80000 rw-p 00000000 00:00 0 
eaa80000-f0d80000 rw-p 00000000 00:00 0 
fa680000-100000000 rw-p 00000000 00:00 0 
7f94a8000000-7f94a8021000 rw-p 00000000 00:00 0 
7f94a8021000-7f94ac000000 ---p 00000000 00:00 0 
7f94ac000000-7f94ac021000 rw-p 00000000 00:00 0 
7f94ac021000-7f94b0000000 ---p 00000000 00:00 0 
7f94b0000000-7f94b1110000 rw-p 00000000 00:00 0 
7f94b1110000-7f94b4000000 ---p 00000000 00:00 0 
7f94b4000000-7f94b4f14000 rw-p 00000000 00:00 0 
7f94b4f14000-7f94b8000000 ---p 00000000 00:00 0 
7f94b8000000-7f94b8021000 rw-p 00000000 00:00 0 
7f94b8021000-7f94bc000000 ---p 00000000 00:00 0 
7f94bc000000-7f94bc021000 rw-p 00000000 00:00 0 
7f94bc021000-7f94c0000000 ---p 00000000 00:00 0 
7f94c0000000-7f94c0251000 rw-p 00000000 00:00 0 
7f94c0251000-7f94c4000000 ---p 00000000 00:00 0 
7f94c4000000-7f94c4021000 rw-p 00000000 00:00 0 
7f94c4021000-7f94c8000000 ---p 00000000 00:00 0 
7f94c8000000-7f94c8021000 rw-p 00000000 00:00 0 
7f94c8021000-7f94cc000000 ---p 00000000 00:00 0 
7f94cc000000-7f94cc021000 rw-p 00000000 00:00 0 
7f94cc021000-7f94d0000000 ---p 00000000 00:00 0 
7f94d0000000-7f94d0021000 rw-p 00000000 00:00 0 
7f94d0021000-7f94d4000000 ---p 00000000 00:00 0 
7f94d5948000-7f94d595e000 r-xp 00000000 08:01 3818469                    /usr/lib/jvm/java-7-oracle/jre/lib/amd64/libnet.so
7f94d595e000-7f94d5b5e000 ---p 00016000 08:01 3818469                    /usr/lib/jvm/java-7-oracle/jre/lib/amd64/libnet.so
7f94d5b5e000-7f94d5b5f000 rw-p 00016000 08:01 3818469                    /usr/lib/jvm/java-7-oracle/jre/lib/amd64/libnet.so
7f94d5b5f000-7f94d5b6f000 r-xp 00000000 08:01 3815879                    /usr/lib/jvm/java-7-oracle/jre/lib/amd64/libnio.so
7f94d5b6f000-7f94d5d6f000 ---p 00010000 08:01 3815879                    /usr/lib/jvm/java-7-oracle/jre/lib/amd64/libnio.so
7f94d5d6f000-7f94d5d70000 rw-p 00010000 08:01 3815879                    /usr/lib/jvm/java-7-oracle/jre/lib/amd64/libnio.so
7f94d5d70000-7f94d8000000 rw-p 00000000 00:00 0 
7f94d8000000-7f94d8021000 rw-p 00000000 00:00 0 
7f94d8021000-7f94dc000000 ---p 00000000 00:00 0 
7f94dc1ba000-7f94dc1c1000 r--s 00000000 08:01 4071599                    /usr/lib/x86_64-linux-gnu/gconv/gconv-modules.cache
7f94dc1c1000-7f94dc1e7000 r--p 00000000 08:01 4460467                    /usr/share/locale-langpack/ko/LC_MESSAGES/libc.mo
7f94dc1e7000-7f94dc1e8000 ---p 00000000 00:00 0 
7f94dc1e8000-7f94dc2e8000 rw-p 00000000 00:00 0                          [stack:9344]
7f94dc2e8000-7f94dc2eb000 ---p 00000000 00:00 0 
7f94dc2eb000-7f94dc3e9000 rw-p 00000000 00:00 0                          [stack:9343]
7f94dc3e9000-7f94dc3ec000 ---p 00000000 00:00 0 
7f94dc3ec000-7f94dc4ea000 rw-p 00000000 00:00 0                          [stack:9342]
7f94dc4ea000-7f94dc4ed000 ---p 00000000 00:00 0 
7f94dc4ed000-7f94dc5eb000 rw-p 00000000 00:00 0                          [stack:9341]
7f94dc5eb000-7f94dc5ee000 ---p 00000000 00:00 0 
7f94dc5ee000-7f94dc6ec000 rw-p 00000000 00:00 0                          [stack:9340]
7f94dc6ec000-7f94dceff000 r--p 00000000 08:01 3808254                    /usr/lib/locale/locale-archive
7f94dceff000-7f94dcf02000 ---p 00000000 00:00 0 
7f94dcf02000-7f94dd000000 rw-p 00000000 00:00 0                          [stack:9339]
7f94dd000000-7f94dd270000 rwxp 00000000 00:00 0 
7f94dd270000-7f94e0319000 rw-p 00000000 00:00 0 
7f94e0319000-7f94e4000000 ---p 00000000 00:00 0 
7f94e4002000-7f94e4005000 ---p 00000000 00:00 0 
7f94e4005000-7f94e4103000 rw-p 00000000 00:00 0                          [stack:9338]
7f94e4103000-7f94e4104000 ---p 00000000 00:00 0 
7f94e4104000-7f94e515e000 rw-p 00000000 00:00 0                          [stack:9337]
7f94e515e000-7f94e531d000 r--s 039f0000 08:01 3815342                    /usr/lib/jvm/java-7-oracle/jre/lib/rt.jar
7f94e531d000-7f94e5617000 rw-p 00000000 00:00 0 
7f94e5617000-7f94e5618000 ---p 00000000 00:00 0 
7f94e5618000-7f94e5718000 rw-p 00000000 00:00 0                          [stack:9336]
7f94e5718000-7f94e5719000 ---p 00000000 00:00 0 
7f94e5719000-7f94e5819000 rw-p 00000000 00:00 0                          [stack:9335]
7f94e5819000-7f94e581a000 ---p 00000000 00:00 0 
7f94e581a000-7f94e591a000 rw-p 00000000 00:00 0                          [stack:9334]
7f94e591a000-7f94e591b000 ---p 00000000 00:00 0 
7f94e591b000-7f94e5a26000 rw-p 00000000 00:00 0                          [stack:9333]
7f94e5a26000-7f94e5a44000 rw-p 00000000 00:00 0 
7f94e5a44000-7f94e5a6a000 rw-p 00000000 00:00 0 
7f94e5a6a000-7f94e5b9a000 rw-p 00000000 00:00 0 
7f94e5b9a000-7f94e5ba5000 rw-p 00000000 00:00 0 
7f94e5ba5000-7f94e5bc3000 rw-p 00000000 00:00 0 
7f94e5bc3000-7f94e5be9000 rw-p 00000000 00:00 0 
7f94e5be9000-7f94e5d18000 rw-p 00000000 00:00 0 
7f94e5d18000-7f94e5d4a000 rw-p 00000000 00:00 0 
7f94e5d4a000-7f94e5dc3000 rw-p 00000000 00:00 0 
7f94e5dc3000-7f94e5dc4000 rw-p 00000000 00:00 0 
7f94e5dc4000-7f94e5dde000 r-xp 00000000 08:01 3815891                    /usr/lib/jvm/java-7-oracle/jre/lib/amd64/libzip.so
7f94e5dde000-7f94e5fde000 ---p 0001a000 08:01 3815891                    /usr/lib/jvm/java-7-oracle/jre/lib/amd64/libzip.so
7f94e5fde000-7f94e5fdf000 rw-p 0001a000 08:01 3815891                    /usr/lib/jvm/java-7-oracle/jre/lib/amd64/libzip.so
7f94e5fdf000-7f94e5fea000 r-xp 00000000 08:01 4601829                    /lib/x86_64-linux-gnu/libnss_files-2.19.so
7f94e5fea000-7f94e61e9000 ---p 0000b000 08:01 4601829                    /lib/x86_64-linux-gnu/libnss_files-2.19.so
7f94e61e9000-7f94e61ea000 r--p 0000a000 08:01 4601829                    /lib/x86_64-linux-gnu/libnss_files-2.19.so
7f94e61ea000-7f94e61eb000 rw-p 0000b000 08:01 4601829                    /lib/x86_64-linux-gnu/libnss_files-2.19.so
7f94e61eb000-7f94e61f6000 r-xp 00000000 08:01 4601826                    /lib/x86_64-linux-gnu/libnss_nis-2.19.so
7f94e61f6000-7f94e63f5000 ---p 0000b000 08:01 4601826                    /lib/x86_64-linux-gnu/libnss_nis-2.19.so
7f94e63f5000-7f94e63f6000 r--p 0000a000 08:01 4601826                    /lib/x86_64-linux-gnu/libnss_nis-2.19.so
7f94e63f6000-7f94e63f7000 rw-p 0000b000 08:01 4601826                    /lib/x86_64-linux-gnu/libnss_nis-2.19.so
7f94e63f7000-7f94e640e000 r-xp 00000000 08:01 4601820                    /lib/x86_64-linux-gnu/libnsl-2.19.so
7f94e640e000-7f94e660d000 ---p 00017000 08:01 4601820                    /lib/x86_64-linux-gnu/libnsl-2.19.so
7f94e660d000-7f94e660e000 r--p 00016000 08:01 4601820                    /lib/x86_64-linux-gnu/libnsl-2.19.so
7f94e660e000-7f94e660f000 rw-p 00017000 08:01 4601820                    /lib/x86_64-linux-gnu/libnsl-2.19.so
7f94e660f000-7f94e6611000 rw-p 00000000 00:00 0 
7f94e6611000-7f94e661a000 r-xp 00000000 08:01 4601817                    /lib/x86_64-linux-gnu/libnss_compat-2.19.so
7f94e661a000-7f94e6819000 ---p 00009000 08:01 4601817                    /lib/x86_64-linux-gnu/libnss_compat-2.19.so
7f94e6819000-7f94e681a000 r--p 00008000 08:01 4601817                    /lib/x86_64-linux-gnu/libnss_compat-2.19.so
7f94e681a000-7f94e681b000 rw-p 00009000 08:01 4601817                    /lib/x86_64-linux-gnu/libnss_compat-2.19.so
7f94e681b000-7f94e6844000 r-xp 00000000 08:01 3815892                    /usr/lib/jvm/java-7-oracle/jre/lib/amd64/libjava.so
7f94e6844000-7f94e6a44000 ---p 00029000 08:01 3815892                    /usr/lib/jvm/java-7-oracle/jre/lib/amd64/libjava.so
7f94e6a44000-7f94e6a46000 rw-p 00029000 08:01 3815892                    /usr/lib/jvm/java-7-oracle/jre/lib/amd64/libjava.so
7f94e6a46000-7f94e6a53000 r-xp 00000000 08:01 3815883                    /usr/lib/jvm/java-7-oracle/jre/lib/amd64/libverify.so
7f94e6a53000-7f94e6c52000 ---p 0000d000 08:01 3815883                    /usr/lib/jvm/java-7-oracle/jre/lib/amd64/libverify.so
7f94e6c52000-7f94e6c54000 rw-p 0000c000 08:01 3815883                    /usr/lib/jvm/java-7-oracle/jre/lib/amd64/libverify.so
7f94e6c54000-7f94e6c5b000 r-xp 00000000 08:01 4601812                    /lib/x86_64-linux-gnu/librt-2.19.so
7f94e6c5b000-7f94e6e5a000 ---p 00007000 08:01 4601812                    /lib/x86_64-linux-gnu/librt-2.19.so
7f94e6e5a000-7f94e6e5b000 r--p 00006000 08:01 4601812                    /lib/x86_64-linux-gnu/librt-2.19.so
7f94e6e5b000-7f94e6e5c000 rw-p 00007000 08:01 4601812                    /lib/x86_64-linux-gnu/librt-2.19.so
7f94e6e5c000-7f94e6f61000 r-xp 00000000 08:01 4601819                    /lib/x86_64-linux-gnu/libm-2.19.so
7f94e6f61000-7f94e7160000 ---p 00105000 08:01 4601819                    /lib/x86_64-linux-gnu/libm-2.19.so
7f94e7160000-7f94e7161000 r--p 00104000 08:01 4601819                    /lib/x86_64-linux-gnu/libm-2.19.so
7f94e7161000-7f94e7162000 rw-p 00105000 08:01 4601819                    /lib/x86_64-linux-gnu/libm-2.19.so
7f94e7162000-7f94e7cd7000 r-xp 00000000 08:01 3818475                    /usr/lib/jvm/java-7-oracle/jre/lib/amd64/server/libjvm.so
7f94e7cd7000-7f94e7ed7000 ---p 00b75000 08:01 3818475                    /usr/lib/jvm/java-7-oracle/jre/lib/amd64/server/libjvm.so
7f94e7ed7000-7f94e7f9b000 rw-p 00b75000 08:01 3818475                    /usr/lib/jvm/java-7-oracle/jre/lib/amd64/server/libjvm.so
7f94e7f9b000-7f94e7fdc000 rw-p 00000000 00:00 0 
7f94e7fdc000-7f94e8197000 r-xp 00000000 08:01 4601811                    /lib/x86_64-linux-gnu/libc-2.19.so
7f94e8197000-7f94e8397000 ---p 001bb000 08:01 4601811                    /lib/x86_64-linux-gnu/libc-2.19.so
7f94e8397000-7f94e839b000 r--p 001bb000 08:01 4601811                    /lib/x86_64-linux-gnu/libc-2.19.so
7f94e839b000-7f94e839d000 rw-p 001bf000 08:01 4601811                    /lib/x86_64-linux-gnu/libc-2.19.so
7f94e839d000-7f94e83a2000 rw-p 00000000 00:00 0 
7f94e83a2000-7f94e83a5000 r-xp 00000000 08:01 4601815                    /lib/x86_64-linux-gnu/libdl-2.19.so
7f94e83a5000-7f94e85a4000 ---p 00003000 08:01 4601815                    /lib/x86_64-linux-gnu/libdl-2.19.so
7f94e85a4000-7f94e85a5000 r--p 00002000 08:01 4601815                    /lib/x86_64-linux-gnu/libdl-2.19.so
7f94e85a5000-7f94e85a6000 rw-p 00003000 08:01 4601815                    /lib/x86_64-linux-gnu/libdl-2.19.so
7f94e85a6000-7f94e85bc000 r-xp 00000000 08:01 3815454                    /usr/lib/jvm/java-7-oracle/jre/lib/amd64/jli/libjli.so
7f94e85bc000-7f94e87bc000 ---p 00016000 08:01 3815454                    /usr/lib/jvm/java-7-oracle/jre/lib/amd64/jli/libjli.so
7f94e87bc000-7f94e87bd000 rw-p 00016000 08:01 3815454                    /usr/lib/jvm/java-7-oracle/jre/lib/amd64/jli/libjli.so
7f94e87bd000-7f94e87d6000 r-xp 00000000 08:01 4601828                    /lib/x86_64-linux-gnu/libpthread-2.19.so
7f94e87d6000-7f94e89d5000 ---p 00019000 08:01 4601828                    /lib/x86_64-linux-gnu/libpthread-2.19.so
7f94e89d5000-7f94e89d6000 r--p 00018000 08:01 4601828                    /lib/x86_64-linux-gnu/libpthread-2.19.so
7f94e89d6000-7f94e89d7000 rw-p 00019000 08:01 4601828                    /lib/x86_64-linux-gnu/libpthread-2.19.so
7f94e89d7000-7f94e89db000 rw-p 00000000 00:00 0 
7f94e89db000-7f94e89fe000 r-xp 00000000 08:01 4601808                    /lib/x86_64-linux-gnu/ld-2.19.so
7f94e89fe000-7f94e89ff000 rw-p 00000000 00:00 0 
7f94e89ff000-7f94e8a03000 r--s 000f7000 08:01 3818490                    /usr/lib/jvm/java-7-oracle/jre/lib/ext/localedata.jar
7f94e8a03000-7f94e8a23000 rw-p 00000000 00:00 0 
7f94e8a23000-7f94e8ad9000 rw-p 00000000 00:00 0 
7f94e8ad9000-7f94e8adc000 ---p 00000000 00:00 0 
7f94e8adc000-7f94e8bde000 rw-p 00000000 00:00 0                          [stack:9332]
7f94e8bde000-7f94e8be2000 r--s 0008b000 08:01 3818495                    /usr/lib/jvm/java-7-oracle/jre/lib/jsse.jar
7f94e8be2000-7f94e8bf1000 r--s 000dd000 00:23 156718                     /home/johnny/Android/Sdk/build-tools/21.1.2/lib/dx.jar
7f94e8bf1000-7f94e8bf9000 rw-s 00000000 08:01 3674579                    /tmp/hsperfdata_johnny/9323
7f94e8bf9000-7f94e8bfa000 rw-p 00000000 00:00 0 
7f94e8bfa000-7f94e8bfb000 ---p 00000000 00:00 0 
7f94e8bfb000-7f94e8bfd000 rw-p 00000000 00:00 0 
7f94e8bfd000-7f94e8bfe000 r--p 00022000 08:01 4601808                    /lib/x86_64-linux-gnu/ld-2.19.so
7f94e8bfe000-7f94e8bff000 rw-p 00023000 08:01 4601808                    /lib/x86_64-linux-gnu/ld-2.19.so
7f94e8bff000-7f94e8c00000 rw-p 00000000 00:00 0 
7fff8d617000-7fff8d638000 rw-p 00000000 00:00 0                          [stack]
7fff8d79c000-7fff8d79e000 r-xp 00000000 00:00 0                          [vdso]
ffffffffff600000-ffffffffff601000 r-xp 00000000 00:00 0                  [vsyscall]

VM Arguments:
jvm_args: -Xmx1024M 
java_command: /home/johnny/Android/Sdk/build-tools/21.1.2/lib/dx.jar --dex --no-optimize --output /home/johnny/AndroidStudioProjects/App.BangBangGokGok/app/build/intermediates/dex/debug --input-list=/home/johnny/AndroidStudioProjects/App.BangBangGokGok/app/build/intermediates/tmp/dex/debug/inputList.txt
Launcher Type: SUN_STANDARD

Environment Variables:
CLASSPATH=/home/johnny/android-studio/bin/../lib/bootstrap.jar:/home/johnny/android-studio/bin/../lib/extensions.jar:/home/johnny/android-studio/bin/../lib/util.jar:/home/johnny/android-studio/bin/../lib/jdom.jar:/home/johnny/android-studio/bin/../lib/log4j.jar:/home/johnny/android-studio/bin/../lib/trove4j.jar:/home/johnny/android-studio/bin/../lib/jna.jar:/usr/lib/jvm/java-7-oracle/lib/tools.jar
PATH=/usr/local/sbin:/usr/local/bin:/usr/sbin:/usr/bin:/sbin:/bin:/usr/games:/usr/local/games
LD_LIBRARY_PATH=/home/johnny/android-studio/bin:
SHELL=/bin/bash
DISPLAY=:0

Signal Handlers:
SIGSEGV: [libjvm.so+0x9a3bd0], sa_mask[0]=0x7ffbfeff, sa_flags=0x10000004
SIGBUS: [libjvm.so+0x9a3bd0], sa_mask[0]=0x7ffbfeff, sa_flags=0x10000004
SIGFPE: [libjvm.so+0x81cb60], sa_mask[0]=0x7ffbfeff, sa_flags=0x10000004
SIGPIPE: [libjvm.so+0x81cb60], sa_mask[0]=0x7ffbfeff, sa_flags=0x10000004
SIGXFSZ: [libjvm.so+0x81cb60], sa_mask[0]=0x7ffbfeff, sa_flags=0x10000004
SIGILL: [libjvm.so+0x81cb60], sa_mask[0]=0x7ffbfeff, sa_flags=0x10000004
SIGUSR1: SIG_DFL, sa_mask[0]=0x00000000, sa_flags=0x00000000
SIGUSR2: [libjvm.so+0x81e360], sa_mask[0]=0x00000004, sa_flags=0x10000004
SIGHUP: [libjvm.so+0x81f480], sa_mask[0]=0x7ffbfeff, sa_flags=0x10000004
SIGINT: [libjvm.so+0x81f480], sa_mask[0]=0x7ffbfeff, sa_flags=0x10000004
SIGTERM: [libjvm.so+0x81f480], sa_mask[0]=0x7ffbfeff, sa_flags=0x10000004
SIGQUIT: [libjvm.so+0x81f480], sa_mask[0]=0x7ffbfeff, sa_flags=0x10000004


---------------  S Y S T E M  ---------------

OS:jessie/sid

uname:Linux 3.13.0-45-generic #74-Ubuntu SMP Tue Jan 13 19:36:28 UTC 2015 x86_64
libc:glibc 2.19 NPTL 2.19 
rlimit: STACK 8192k, CORE 0k, NPROC 45903, NOFILE 4096, AS infinity
load average:1.79 1.23 1.75

/proc/meminfo:
MemTotal:        5905412 kB
MemFree:          101376 kB
Buffers:             148 kB
Cached:          1335712 kB
SwapCached:            0 kB
Active:          4444048 kB
Inactive:        1121852 kB
Active(anon):    4443208 kB
Inactive(anon):  1112744 kB
Active(file):        840 kB
Inactive(file):     9108 kB
Unevictable:          32 kB
Mlocked:              32 kB
SwapTotal:             0 kB
SwapFree:              0 kB
Dirty:                52 kB
Writeback:             0 kB
AnonPages:       4230288 kB
Mapped:            89472 kB
Shmem:           1325696 kB
Slab:             113520 kB
SReclaimable:      43412 kB
SUnreclaim:        70108 kB
KernelStack:        5208 kB
PageTables:        50260 kB
NFS_Unstable:          0 kB
Bounce:                0 kB
WritebackTmp:          0 kB
CommitLimit:     2952704 kB
Committed_AS:   11639352 kB
VmallocTotal:   34359738367 kB
VmallocUsed:      555964 kB
VmallocChunk:   34359161180 kB
HardwareCorrupted:     0 kB
AnonHugePages:   1378304 kB
HugePages_Total:       0
HugePages_Free:        0
HugePages_Rsvd:        0
HugePages_Surp:        0
Hugepagesize:       2048 kB
DirectMap4k:       78080 kB
DirectMap2M:     6006784 kB


CPU:total 4 (2 cores per cpu, 2 threads per core) family 6 model 37 stepping 5, cmov, cx8, fxsr, mmx, sse, sse2, sse3, ssse3, sse4.1, sse4.2, popcnt, ht, tsc, tscinvbit

/proc/cpuinfo:
processor	: 0
vendor_id	: GenuineIntel
cpu family	: 6
model		: 37
model name	: Intel(R) Core(TM) i3 CPU       M 370  @ 2.40GHz
stepping	: 5
microcode	: 0x2
cpu MHz		: 2399.000
cache size	: 3072 KB
physical id	: 0
siblings	: 4
core id		: 0
cpu cores	: 2
apicid		: 0
initial apicid	: 0
fpu		: yes
fpu_exception	: yes
cpuid level	: 11
wp		: yes
flags		: fpu vme de pse tsc msr pae mce cx8 apic sep mtrr pge mca cmov pat pse36 clflush dts acpi mmx fxsr sse sse2 ss ht tm pbe syscall nx rdtscp lm constant_tsc arch_perfmon pebs bts rep_good nopl xtopology nonstop_tsc aperfmperf pni dtes64 monitor ds_cpl vmx est tm2 ssse3 cx16 xtpr pdcm pcid sse4_1 sse4_2 popcnt lahf_lm arat dtherm tpr_shadow vnmi flexpriority ept vpid
bogomips	: 4787.88
clflush size	: 64
cache_alignment	: 64
address sizes	: 36 bits physical, 48 bits virtual
power management:

processor	: 1
vendor_id	: GenuineIntel
cpu family	: 6
model		: 37
model name	: Intel(R) Core(TM) i3 CPU       M 370  @ 2.40GHz
stepping	: 5
microcode	: 0x2
cpu MHz		: 2399.000
cache size	: 3072 KB
physical id	: 0
siblings	: 4
core id		: 0
cpu cores	: 2
apicid		: 1
initial apicid	: 1
fpu		: yes
fpu_exception	: yes
cpuid level	: 11
wp		: yes
flags		: fpu vme de pse tsc msr pae mce cx8 apic sep mtrr pge mca cmov pat pse36 clflush dts acpi mmx fxsr sse sse2 ss ht tm pbe syscall nx rdtscp lm constant_tsc arch_perfmon pebs bts rep_good nopl xtopology nonstop_tsc aperfmperf pni dtes64 monitor ds_cpl vmx est tm2 ssse3 cx16 xtpr pdcm pcid sse4_1 sse4_2 popcnt lahf_lm arat dtherm tpr_shadow vnmi flexpriority ept vpid
bogomips	: 4787.88
clflush size	: 64
cache_alignment	: 64
address sizes	: 36 bits physical, 48 bits virtual
power management:

processor	: 2
vendor_id	: GenuineIntel
cpu family	: 6
model		: 37
model name	: Intel(R) Core(TM) i3 CPU       M 370  @ 2.40GHz
stepping	: 5
microcode	: 0x2
cpu MHz		: 2399.000
cache size	: 3072 KB
physical id	: 0
siblings	: 4
core id		: 2
cpu cores	: 2
apicid		: 4
initial apicid	: 4
fpu		: yes
fpu_exception	: yes
cpuid level	: 11
wp		: yes
flags		: fpu vme de pse tsc msr pae mce cx8 apic sep mtrr pge mca cmov pat pse36 clflush dts acpi mmx fxsr sse sse2 ss ht tm pbe syscall nx rdtscp lm constant_tsc arch_perfmon pebs bts rep_good nopl xtopology nonstop_tsc aperfmperf pni dtes64 monitor ds_cpl vmx est tm2 ssse3 cx16 xtpr pdcm pcid sse4_1 sse4_2 popcnt lahf_lm arat dtherm tpr_shadow vnmi flexpriority ept vpid
bogomips	: 4787.88
clflush size	: 64
cache_alignment	: 64
address sizes	: 36 bits physical, 48 bits virtual
power management:

processor	: 3
vendor_id	: GenuineIntel
cpu family	: 6
model		: 37
model name	: Intel(R) Core(TM) i3 CPU       M 370  @ 2.40GHz
stepping	: 5
microcode	: 0x2
cpu MHz		: 2399.000
cache size	: 3072 KB
physical id	: 0
siblings	: 4
core id		: 2
cpu cores	: 2
apicid		: 5
initial apicid	: 5
fpu		: yes
fpu_exception	: yes
cpuid level	: 11
wp		: yes
flags		: fpu vme de pse tsc msr pae mce cx8 apic sep mtrr pge mca cmov pat pse36 clflush dts acpi mmx fxsr sse sse2 ss ht tm pbe syscall nx rdtscp lm constant_tsc arch_perfmon pebs bts rep_good nopl xtopology nonstop_tsc aperfmperf pni dtes64 monitor ds_cpl vmx est tm2 ssse3 cx16 xtpr pdcm pcid sse4_1 sse4_2 popcnt lahf_lm arat dtherm tpr_shadow vnmi flexpriority ept vpid
bogomips	: 4787.88
clflush size	: 64
cache_alignment	: 64
address sizes	: 36 bits physical, 48 bits virtual
power management:



Memory: 4k page, physical 5905412k(99392k free), swap 0k(0k free)

vm_info: Java HotSpot(TM) 64-Bit Server VM (24.76-b04) for linux-amd64 JRE (1.7.0_76-b13), built on Dec 18 2014 16:58:39 by "java_re" with gcc 4.3.0 20080428 (Red Hat 4.3.0-8)

time: Mon Feb 23 18:39:45 2015
elapsed time: 7 seconds

