#
# There is insufficient memory for the Java Runtime Environment to continue.
# Native memory allocation (malloc) failed to allocate 95420416 bytes for committing reserved memory.
# Possible reasons:
#   The system is out of physical RAM or swap space
#   In 32 bit mode, the process size limit was hit
# Possible solutions:
#   Reduce memory load on the system
#   Increase physical memory or swap space
#   Check if swap backing store is full
#   Use 64 bit Java on a 64 bit OS
#   Decrease Java heap size (-Xmx/-Xms)
#   Decrease number of Java threads
#   Decrease Java thread stack sizes (-Xss)
#   Set larger code cache with -XX:ReservedCodeCacheSize=
# This output file may be truncated or incomplete.
#
#  Out of Memory Error (os_linux.cpp:2756), pid=7089, tid=139862405949184
#
# JRE version: Java(TM) SE Runtime Environment (7.0_76-b13) (build 1.7.0_76-b13)
# Java VM: Java HotSpot(TM) 64-Bit Server VM (24.76-b04 mixed mode linux-amd64 compressed oops)
# Failed to write core dump. Core dumps have been disabled. To enable core dumping, try "ulimit -c unlimited" before starting Java again
#

---------------  T H R E A D  ---------------

Current thread (0x00007f344c130800):  VMThread [stack: 0x00007f3440f62000,0x00007f3441063000] [id=7102]

Stack: [0x00007f3440f62000,0x00007f3441063000],  sp=0x00007f34410610c0,  free space=1020k
Native frames: (J=compiled Java code, j=interpreted, Vv=VM code, C=native code)
V  [libjvm.so+0x9a32ba]  VMError::report_and_die()+0x2ea
V  [libjvm.so+0x497f7b]  report_vm_out_of_memory(char const*, int, unsigned long, char const*)+0x9b
V  [libjvm.so+0x81fcce]  os::Linux::commit_memory_impl(char*, unsigned long, bool)+0xfe
V  [libjvm.so+0x820219]  os::pd_commit_memory(char*, unsigned long, unsigned long, bool)+0x29
V  [libjvm.so+0x819faa]  os::commit_memory(char*, unsigned long, unsigned long, bool)+0x2a
V  [libjvm.so+0x88d843]  PSVirtualSpace::expand_by(unsigned long)+0x53
V  [libjvm.so+0x88ec18]  PSYoungGen::resize_generation(unsigned long, unsigned long)+0xf8
V  [libjvm.so+0x88dd82]  PSYoungGen::resize(unsigned long, unsigned long)+0x22
V  [libjvm.so+0x88b13d]  PSScavenge::invoke_no_policy()+0xf3d
V  [libjvm.so+0x88b981]  PSScavenge::invoke()+0x41
V  [libjvm.so+0x842300]  ParallelScavengeHeap::failed_mem_allocate(unsigned long)+0x70
V  [libjvm.so+0x9a4b47]  VM_ParallelGCFailedAllocation::doit()+0x97
V  [libjvm.so+0x9abfe5]  VM_Operation::evaluate()+0x55
V  [libjvm.so+0x9aa3aa]  VMThread::evaluate_operation(VM_Operation*)+0xba
V  [libjvm.so+0x9aa72e]  VMThread::loop()+0x1ce
V  [libjvm.so+0x9aaba0]  VMThread::run()+0x70
V  [libjvm.so+0x821ca8]  java_start(Thread*)+0x108

VM_Operation (0x00007f3452cf51b0): ParallelGCFailedAllocation, mode: safepoint, requested by thread 0x00007f344c00a000


---------------  P R O C E S S  ---------------

Java Threads: ( => current thread )
  0x00007f344c15f800 JavaThread "Service Thread" daemon [_thread_blocked, id=7108, stack(0x00007f3440149000,0x00007f344024a000)]
  0x00007f344c15d000 JavaThread "C2 CompilerThread1" daemon [_thread_blocked, id=7107, stack(0x00007f344024a000,0x00007f344034b000)]
  0x00007f344c15a000 JavaThread "C2 CompilerThread0" daemon [_thread_blocked, id=7106, stack(0x00007f344034b000,0x00007f344044c000)]
  0x00007f344c158000 JavaThread "Signal Dispatcher" daemon [_thread_blocked, id=7105, stack(0x00007f344044c000,0x00007f344054d000)]
  0x00007f344c137000 JavaThread "Finalizer" daemon [_thread_blocked, id=7104, stack(0x00007f3440d60000,0x00007f3440e61000)]
  0x00007f344c135000 JavaThread "Reference Handler" daemon [_thread_blocked, id=7103, stack(0x00007f3440e61000,0x00007f3440f62000)]
  0x00007f344c00a000 JavaThread "main" [_thread_blocked, id=7097, stack(0x00007f3452bf6000,0x00007f3452cf7000)]

Other Threads:
=>0x00007f344c130800 VMThread [stack: 0x00007f3440f62000,0x00007f3441063000] [id=7102]
  0x00007f344c16a000 WatcherThread [stack: 0x00007f3440048000,0x00007f3440149000] [id=7109]

VM state:at safepoint (normal execution)

VM Mutex/Monitor currently owned by a thread:  ([mutex/lock_event])
[0x00007f344c006370] Threads_lock - owner thread: 0x00007f344c130800
[0x00007f344c006870] Heap_lock - owner thread: 0x00007f344c00a000

Heap
 PSYoungGen      total 105984K, used 7482K [0x00000000eaa80000, 0x00000000f1d80000, 0x0000000100000000)
  eden space 94208K, 0% used [0x00000000eaa80000,0x00000000eaa80000,0x00000000f0680000)
  from space 11776K, 63% used [0x00000000f0680000,0x00000000f0dce898,0x00000000f1200000)
  to   space 11264K, 0% used [0x00000000f1280000,0x00000000f1280000,0x00000000f1d80000)
 ParOldGen       total 61440K, used 41956K [0x00000000c0000000, 0x00000000c3c00000, 0x00000000eaa80000)
  object space 61440K, 68% used [0x00000000c0000000,0x00000000c28f92d0,0x00000000c3c00000)
 PSPermGen       total 21504K, used 7283K [0x00000000bae00000, 0x00000000bc300000, 0x00000000c0000000)
  object space 21504K, 33% used [0x00000000bae00000,0x00000000bb51cdc0,0x00000000bc300000)

Card table byte_map: [0x00007f3448bbb000,0x00007f3448de5000] byte_map_base: 0x00007f34485e4000

Polling page: 0x00007f3452d17000

Code Cache  [0x00007f3448de5000, 0x00007f34490d5000, 0x00007f344bde5000)
 total_blobs=1228 nmethods=979 adapters=203 free_code_cache=46227Kb largest_free_block=47294016

Compilation events (10 events):
Event: 7.684 Thread 0x00007f344c15d000 nmethod 987 0x00007f34490bfdd0 code [0x00007f34490bff20, 0x00007f34490c0078]
Event: 7.684 Thread 0x00007f344c15d000  988             com.android.dx.io.instructions.InstructionCodec$6::encode (26 bytes)
Event: 7.687 Thread 0x00007f344c15d000 nmethod 988 0x00007f34490c4850 code [0x00007f34490c49a0, 0x00007f34490c4af8]
Event: 7.687 Thread 0x00007f344c15d000  989             com.android.dx.io.instructions.DecodedInstruction::getTargetByte (48 bytes)
Event: 7.688 Thread 0x00007f344c15d000 nmethod 989 0x00007f34490c4590 code [0x00007f34490c46c0, 0x00007f34490c4738]
Event: 7.688 Thread 0x00007f344c15d000  990             com.android.dx.io.instructions.InstructionCodec$3::decode (35 bytes)
Event: 7.690 Thread 0x00007f344c15d000 nmethod 990 0x00007f34490bfa50 code [0x00007f34490bfba0, 0x00007f34490bfcb8]
Event: 7.690 Thread 0x00007f344c15d000  991             com.android.dx.io.instructions.InstructionCodec$3::encode (25 bytes)
Event: 7.693 Thread 0x00007f344c15d000 nmethod 991 0x00007f34490bdb90 code [0x00007f34490bdd00, 0x00007f34490bdeb8]
Event: 7.693 Thread 0x00007f344c15d000  992             com.android.dx.io.instructions.ThreeRegisterDecodedInstruction::withIndex (41 bytes)

GC Heap History (10 events):
Event: 2.844 GC heap after
Heap after GC invocations=2 (full 0):
 PSYoungGen      total 27136K, used 3552K [0x00000000eaa80000, 0x00000000edf80000, 0x0000000100000000)
  eden space 23552K, 0% used [0x00000000eaa80000,0x00000000eaa80000,0x00000000ec180000)
  from space 3584K, 99% used [0x00000000ec500000,0x00000000ec878048,0x00000000ec880000)
  to   space 3584K, 0% used [0x00000000ec180000,0x00000000ec180000,0x00000000ec500000)
 ParOldGen       total 61440K, used 4788K [0x00000000c0000000, 0x00000000c3c00000, 0x00000000eaa80000)
  object space 61440K, 7% used [0x00000000c0000000,0x00000000c04ad180,0x00000000c3c00000)
 PSPermGen       total 21504K, used 5128K [0x00000000bae00000, 0x00000000bc300000, 0x00000000c0000000)
  object space 21504K, 23% used [0x00000000bae00000,0x00000000bb302330,0x00000000bc300000)
}
Event: 3.533 GC heap before
{Heap before GC invocations=3 (full 0):
 PSYoungGen      total 27136K, used 27104K [0x00000000eaa80000, 0x00000000edf80000, 0x0000000100000000)
  eden space 23552K, 100% used [0x00000000eaa80000,0x00000000ec180000,0x00000000ec180000)
  from space 3584K, 99% used [0x00000000ec500000,0x00000000ec878048,0x00000000ec880000)
  to   space 3584K, 0% used [0x00000000ec180000,0x00000000ec180000,0x00000000ec500000)
 ParOldGen       total 61440K, used 4788K [0x00000000c0000000, 0x00000000c3c00000, 0x00000000eaa80000)
  object space 61440K, 7% used [0x00000000c0000000,0x00000000c04ad180,0x00000000c3c00000)
 PSPermGen       total 21504K, used 5149K [0x00000000bae00000, 0x00000000bc300000, 0x00000000c0000000)
  object space 21504K, 23% used [0x00000000bae00000,0x00000000bb307468,0x00000000bc300000)
Event: 3.550 GC heap after
Heap after GC invocations=3 (full 0):
 PSYoungGen      total 27136K, used 3569K [0x00000000eaa80000, 0x00000000edf80000, 0x0000000100000000)
  eden space 23552K, 0% used [0x00000000eaa80000,0x00000000eaa80000,0x00000000ec180000)
  from space 3584K, 99% used [0x00000000ec180000,0x00000000ec4fc630,0x00000000ec500000)
  to   space 3584K, 0% used [0x00000000edc00000,0x00000000edc00000,0x00000000edf80000)
 ParOldGen       total 61440K, used 8985K [0x00000000c0000000, 0x00000000c3c00000, 0x00000000eaa80000)
  object space 61440K, 14% used [0x00000000c0000000,0x00000000c08c66e0,0x00000000c3c00000)
 PSPermGen       total 21504K, used 5149K [0x00000000bae00000, 0x00000000bc300000, 0x00000000c0000000)
  object space 21504K, 23% used [0x00000000bae00000,0x00000000bb307468,0x00000000bc300000)
}
Event: 4.039 GC heap before
{Heap before GC invocations=4 (full 0):
 PSYoungGen      total 27136K, used 27121K [0x00000000eaa80000, 0x00000000edf80000, 0x0000000100000000)
  eden space 23552K, 100% used [0x00000000eaa80000,0x00000000ec180000,0x00000000ec180000)
  from space 3584K, 99% used [0x00000000ec180000,0x00000000ec4fc630,0x00000000ec500000)
  to   space 3584K, 0% used [0x00000000edc00000,0x00000000edc00000,0x00000000edf80000)
 ParOldGen       total 61440K, used 8985K [0x00000000c0000000, 0x00000000c3c00000, 0x00000000eaa80000)
  object space 61440K, 14% used [0x00000000c0000000,0x00000000c08c66e0,0x00000000c3c00000)
 PSPermGen       total 21504K, used 5172K [0x00000000bae00000, 0x00000000bc300000, 0x00000000c0000000)
  object space 21504K, 24% used [0x00000000bae00000,0x00000000bb30d100,0x00000000bc300000)
Event: 4.073 GC heap after
Heap after GC invocations=4 (full 0):
 PSYoungGen      total 50688K, used 3554K [0x00000000eaa80000, 0x00000000edf80000, 0x0000000100000000)
  eden space 47104K, 0% used [0x00000000eaa80000,0x00000000eaa80000,0x00000000ed880000)
  from space 3584K, 99% used [0x00000000edc00000,0x00000000edf78858,0x00000000edf80000)
  to   space 3584K, 0% used [0x00000000ed880000,0x00000000ed880000,0x00000000edc00000)
 ParOldGen       total 61440K, used 11419K [0x00000000c0000000, 0x00000000c3c00000, 0x00000000eaa80000)
  object space 61440K, 18% used [0x00000000c0000000,0x00000000c0b26e50,0x00000000c3c00000)
 PSPermGen       total 21504K, used 5172K [0x00000000bae00000, 0x00000000bc300000, 0x00000000c0000000)
  object space 21504K, 24% used [0x00000000bae00000,0x00000000bb30d100,0x00000000bc300000)
}
Event: 6.428 GC heap before
{Heap before GC invocations=5 (full 0):
 PSYoungGen      total 50688K, used 50658K [0x00000000eaa80000, 0x00000000edf80000, 0x0000000100000000)
  eden space 47104K, 100% used [0x00000000eaa80000,0x00000000ed880000,0x00000000ed880000)
  from space 3584K, 99% used [0x00000000edc00000,0x00000000edf78858,0x00000000edf80000)
  to   space 3584K, 0% used [0x00000000ed880000,0x00000000ed880000,0x00000000edc00000)
 ParOldGen       total 61440K, used 11419K [0x00000000c0000000, 0x00000000c3c00000, 0x00000000eaa80000)
  object space 61440K, 18% used [0x00000000c0000000,0x00000000c0b26e50,0x00000000c3c00000)
 PSPermGen       total 21504K, used 7183K [0x00000000bae00000, 0x00000000bc300000, 0x00000000c0000000)
  object space 21504K, 33% used [0x00000000bae00000,0x00000000bb503c10,0x00000000bc300000)
Event: 6.448 GC heap after
Heap after GC invocations=5 (full 0):
 PSYoungGen      total 50688K, used 3584K [0x00000000eaa80000, 0x00000000f1e80000, 0x0000000100000000)
  eden space 47104K, 0% used [0x00000000eaa80000,0x00000000eaa80000,0x00000000ed880000)
  from space 3584K, 100% used [0x00000000ed880000,0x00000000edc00000,0x00000000edc00000)
  to   space 12288K, 0% used [0x00000000f1280000,0x00000000f1280000,0x00000000f1e80000)
 ParOldGen       total 61440K, used 20178K [0x00000000c0000000, 0x00000000c3c00000, 0x00000000eaa80000)
  object space 61440K, 32% used [0x00000000c0000000,0x00000000c13b4848,0x00000000c3c00000)
 PSPermGen       total 21504K, used 7183K [0x00000000bae00000, 0x00000000bc300000, 0x00000000c0000000)
  object space 21504K, 33% used [0x00000000bae00000,0x00000000bb503c10,0x00000000bc300000)
}
Event: 7.033 GC heap before
{Heap before GC invocations=6 (full 0):
 PSYoungGen      total 50688K, used 50688K [0x00000000eaa80000, 0x00000000f1e80000, 0x0000000100000000)
  eden space 47104K, 100% used [0x00000000eaa80000,0x00000000ed880000,0x00000000ed880000)
  from space 3584K, 100% used [0x00000000ed880000,0x00000000edc00000,0x00000000edc00000)
  to   space 12288K, 0% used [0x00000000f1280000,0x00000000f1280000,0x00000000f1e80000)
 ParOldGen       total 61440K, used 20178K [0x00000000c0000000, 0x00000000c3c00000, 0x00000000eaa80000)
  object space 61440K, 32% used [0x00000000c0000000,0x00000000c13b4848,0x00000000c3c00000)
 PSPermGen       total 21504K, used 7246K [0x00000000bae00000, 0x00000000bc300000, 0x00000000c0000000)
  object space 21504K, 33% used [0x00000000bae00000,0x00000000bb513a18,0x00000000bc300000)
Event: 7.057 GC heap after
Heap after GC invocations=6 (full 0):
 PSYoungGen      total 105472K, used 7381K [0x00000000eaa80000, 0x00000000f1d80000, 0x0000000100000000)
  eden space 94208K, 0% used [0x00000000eaa80000,0x00000000eaa80000,0x00000000f0680000)
  from space 11264K, 65% used [0x00000000f1280000,0x00000000f19b57a8,0x00000000f1d80000)
  to   space 11776K, 0% used [0x00000000f0680000,0x00000000f0680000,0x00000000f1200000)
 ParOldGen       total 61440K, used 20178K [0x00000000c0000000, 0x00000000c3c00000, 0x00000000eaa80000)
  object space 61440K, 32% used [0x00000000c0000000,0x00000000c13b4848,0x00000000c3c00000)
 PSPermGen       total 21504K, used 7246K [0x00000000bae00000, 0x00000000bc300000, 0x00000000c0000000)
  object space 21504K, 33% used [0x00000000bae00000,0x00000000bb513a18,0x00000000bc300000)
}
Event: 7.696 GC heap before
{Heap before GC invocations=7 (full 0):
 PSYoungGen      total 105472K, used 101589K [0x00000000eaa80000, 0x00000000f1d80000, 0x0000000100000000)
  eden space 94208K, 100% used [0x00000000eaa80000,0x00000000f0680000,0x00000000f0680000)
  from space 11264K, 65% used [0x00000000f1280000,0x00000000f19b57a8,0x00000000f1d80000)
  to   space 11776K, 0% used [0x00000000f0680000,0x00000000f0680000,0x00000000f1200000)
 ParOldGen       total 61440K, used 20178K [0x00000000c0000000, 0x00000000c3c00000, 0x00000000eaa80000)
  object space 61440K, 32% used [0x00000000c0000000,0x00000000c13b4848,0x00000000c3c00000)
 PSPermGen       total 21504K, used 7283K [0x00000000bae00000, 0x00000000bc300000, 0x00000000c0000000)
  object space 21504K, 33% used [0x00000000bae00000,0x00000000bb51cdc0,0x00000000bc300000)

Deoptimization events (10 events):
Event: 6.134 Thread 0x00007f344c00a000 Uncommon trap: reason=predicate action=maybe_recompile pc=0x00007f344901faa4 method=com.android.dex.Leb128.writeUnsignedLeb128(Lcom/android/dex/util/ByteOutput;I)V @ 9
Event: 6.296 Thread 0x00007f344c00a000 Uncommon trap: reason=class_check action=maybe_recompile pc=0x00007f3448ea7af8 method=java.util.HashMap.<init>(IF)V @ 115
Event: 6.297 Thread 0x00007f344c00a000 Uncommon trap: reason=class_check action=maybe_recompile pc=0x00007f3448ec1d64 method=java.util.HashMap.<init>(IF)V @ 115
Event: 6.309 Thread 0x00007f344c00a000 Uncommon trap: reason=class_check action=maybe_recompile pc=0x00007f3448e8af60 method=java.util.ArrayList.<init>(Ljava/util/Collection;)V @ 6
Event: 6.326 Thread 0x00007f344c00a000 Uncommon trap: reason=class_check action=maybe_recompile pc=0x00007f3448ea7af8 method=java.util.HashMap.<init>(IF)V @ 115
Event: 6.326 Thread 0x00007f344c00a000 Uncommon trap: reason=class_check action=maybe_recompile pc=0x00007f3448e8af60 method=java.util.ArrayList.<init>(Ljava/util/Collection;)V @ 6
Event: 6.382 Thread 0x00007f344c00a000 Uncommon trap: reason=unreached action=reinterpret pc=0x00007f3449039194 method=com.android.dx.merge.DexMerger$IdMerger.mergeSorted()V @ 261
Event: 6.382 Thread 0x00007f344c00a000 Uncommon trap: reason=predicate action=maybe_recompile pc=0x00007f344902b838 method=com.android.dex.Leb128.readUnsignedLeb128(Lcom/android/dex/util/ByteInput;)I @ 41
Event: 7.096 Thread 0x00007f344c00a000 Uncommon trap: reason=predicate action=maybe_recompile pc=0x00007f344907d078 method=java.util.ComparableTimSort.binarySort([Ljava/lang/Object;III)V @ 37
Event: 7.507 Thread 0x00007f344c00a000 Uncommon trap: reason=predicate action=maybe_recompile pc=0x00007f3449084d58 method=java.util.TimSort.binarySort([Ljava/lang/Object;IIILjava/util/Comparator;)V @ 37

Internal exceptions (10 events):
Event: 6.169 Thread 0x00007f344c00a000 Threw 0x00000000ed3542a0 at /HUDSON/workspace/7u-2-build-linux-amd64/jdk7u76/1941/hotspot/src/share/vm/prims/jvm.cpp:1304
Event: 6.170 Thread 0x00007f344c00a000 Threw 0x00000000ed3571a0 at /HUDSON/workspace/7u-2-build-linux-amd64/jdk7u76/1941/hotspot/src/share/vm/prims/jvm.cpp:1304
Event: 6.170 Thread 0x00007f344c00a000 Threw 0x00000000ed35a4b8 at /HUDSON/workspace/7u-2-build-linux-amd64/jdk7u76/1941/hotspot/src/share/vm/prims/jvm.cpp:1304
Event: 6.173 Thread 0x00007f344c00a000 Threw 0x00000000ed3a1838 at /HUDSON/workspace/7u-2-build-linux-amd64/jdk7u76/1941/hotspot/src/share/vm/prims/jvm.cpp:1304
Event: 6.173 Thread 0x00007f344c00a000 Threw 0x00000000ed3a38b8 at /HUDSON/workspace/7u-2-build-linux-amd64/jdk7u76/1941/hotspot/src/share/vm/prims/jvm.cpp:1304
Event: 6.302 Thread 0x00007f344c00a000 Threw 0x00000000ed5748c8 at /HUDSON/workspace/7u-2-build-linux-amd64/jdk7u76/1941/hotspot/src/share/vm/prims/jvm.cpp:1304
Event: 6.302 Thread 0x00007f344c00a000 Threw 0x00000000ed5749f0 at /HUDSON/workspace/7u-2-build-linux-amd64/jdk7u76/1941/hotspot/src/share/vm/prims/jvm.cpp:1304
Event: 6.302 Thread 0x00007f344c00a000 Threw 0x00000000ed576d60 at /HUDSON/workspace/7u-2-build-linux-amd64/jdk7u76/1941/hotspot/src/share/vm/prims/jvm.cpp:1304
Event: 6.302 Thread 0x00007f344c00a000 Threw 0x00000000ed576e88 at /HUDSON/workspace/7u-2-build-linux-amd64/jdk7u76/1941/hotspot/src/share/vm/prims/jvm.cpp:1304
Event: 6.700 Thread 0x00007f344c00a000 Threw 0x00000000eb755c48 at /HUDSON/workspace/7u-2-build-linux-amd64/jdk7u76/1941/hotspot/src/share/vm/prims/jvm.cpp:1304

Events (10 events):
Event: 7.058 Executing VM operation: RevokeBias done
Event: 7.096 Thread 0x00007f344c00a000 Uncommon trap: trap_request=0xffffff86 fr.pc=0x00007f344907d078
Event: 7.096 Thread 0x00007f344c00a000 DEOPT PACKING pc=0x00007f344907d078 sp=0x00007f3452cf5410
Event: 7.096 Thread 0x00007f344c00a000 DEOPT UNPACKING pc=0x00007f3448e1e045 sp=0x00007f3452cf5400 mode 2
Event: 7.243 Thread 0x00007f344c15a000 flushing nmethod 0x00007f3448eb1bd0
Event: 7.244 Thread 0x00007f344c15a000 flushing nmethod 0x00007f3448f17350
Event: 7.507 Thread 0x00007f344c00a000 Uncommon trap: trap_request=0xffffff86 fr.pc=0x00007f3449084d58
Event: 7.507 Thread 0x00007f344c00a000 DEOPT PACKING pc=0x00007f3449084d58 sp=0x00007f3452cf5450
Event: 7.507 Thread 0x00007f344c00a000 DEOPT UNPACKING pc=0x00007f3448e1e045 sp=0x00007f3452cf5440 mode 2
Event: 7.696 Executing VM operation: ParallelGCFailedAllocation


Dynamic libraries:
00400000-00401000 r-xp 00000000 08:01 3818624                            /usr/lib/jvm/java-7-oracle/jre/bin/java
00600000-00601000 rw-p 00000000 08:01 3818624                            /usr/lib/jvm/java-7-oracle/jre/bin/java
00f92000-00fb3000 rw-p 00000000 00:00 0                                  [heap]
bae00000-bc300000 rw-p 00000000 00:00 0 
bc300000-c0000000 rw-p 00000000 00:00 0 
c0000000-c3c00000 rw-p 00000000 00:00 0 
c3c00000-eaa80000 rw-p 00000000 00:00 0 
eaa80000-f1d80000 rw-p 00000000 00:00 0 
f7880000-100000000 rw-p 00000000 00:00 0 
7f3413bd8000-7f3413bee000 r-xp 00000000 08:01 3818469                    /usr/lib/jvm/java-7-oracle/jre/lib/amd64/libnet.so
7f3413bee000-7f3413dee000 ---p 00016000 08:01 3818469                    /usr/lib/jvm/java-7-oracle/jre/lib/amd64/libnet.so
7f3413dee000-7f3413def000 rw-p 00016000 08:01 3818469                    /usr/lib/jvm/java-7-oracle/jre/lib/amd64/libnet.so
7f3413def000-7f3413dff000 r-xp 00000000 08:01 3815879                    /usr/lib/jvm/java-7-oracle/jre/lib/amd64/libnio.so
7f3413dff000-7f3413fff000 ---p 00010000 08:01 3815879                    /usr/lib/jvm/java-7-oracle/jre/lib/amd64/libnio.so
7f3413fff000-7f3414000000 rw-p 00010000 08:01 3815879                    /usr/lib/jvm/java-7-oracle/jre/lib/amd64/libnio.so
7f3414000000-7f3414021000 rw-p 00000000 00:00 0 
7f3414021000-7f3418000000 ---p 00000000 00:00 0 
7f3418000000-7f3418021000 rw-p 00000000 00:00 0 
7f3418021000-7f341c000000 ---p 00000000 00:00 0 
7f341c000000-7f341cb55000 rw-p 00000000 00:00 0 
7f341cb55000-7f3420000000 ---p 00000000 00:00 0 
7f3420000000-7f3420eb8000 rw-p 00000000 00:00 0 
7f3420eb8000-7f3424000000 ---p 00000000 00:00 0 
7f3424000000-7f3424021000 rw-p 00000000 00:00 0 
7f3424021000-7f3428000000 ---p 00000000 00:00 0 
7f3428000000-7f3428021000 rw-p 00000000 00:00 0 
7f3428021000-7f342c000000 ---p 00000000 00:00 0 
7f342c000000-7f342c251000 rw-p 00000000 00:00 0 
7f342c251000-7f3430000000 ---p 00000000 00:00 0 
7f3430000000-7f3430021000 rw-p 00000000 00:00 0 
7f3430021000-7f3434000000 ---p 00000000 00:00 0 
7f3434000000-7f3434021000 rw-p 00000000 00:00 0 
7f3434021000-7f3438000000 ---p 00000000 00:00 0 
7f3438000000-7f3438021000 rw-p 00000000 00:00 0 
7f3438021000-7f343c000000 ---p 00000000 00:00 0 
7f343c000000-7f343c021000 rw-p 00000000 00:00 0 
7f343c021000-7f3440000000 ---p 00000000 00:00 0 
7f3440041000-7f3440048000 r--s 00000000 08:01 4071599                    /usr/lib/x86_64-linux-gnu/gconv/gconv-modules.cache
7f3440048000-7f3440049000 ---p 00000000 00:00 0 
7f3440049000-7f3440149000 rw-p 00000000 00:00 0                          [stack:7109]
7f3440149000-7f344014c000 ---p 00000000 00:00 0 
7f344014c000-7f344024a000 rw-p 00000000 00:00 0                          [stack:7108]
7f344024a000-7f344024d000 ---p 00000000 00:00 0 
7f344024d000-7f344034b000 rw-p 00000000 00:00 0                          [stack:7107]
7f344034b000-7f344034e000 ---p 00000000 00:00 0 
7f344034e000-7f344044c000 rw-p 00000000 00:00 0                          [stack:7106]
7f344044c000-7f344044f000 ---p 00000000 00:00 0 
7f344044f000-7f344054d000 rw-p 00000000 00:00 0                          [stack:7105]
7f344054d000-7f3440d60000 r--p 00000000 08:01 3808254                    /usr/lib/locale/locale-archive
7f3440d60000-7f3440d63000 ---p 00000000 00:00 0 
7f3440d63000-7f3440e61000 rw-p 00000000 00:00 0                          [stack:7104]
7f3440e61000-7f3440e64000 ---p 00000000 00:00 0 
7f3440e64000-7f3440f62000 rw-p 00000000 00:00 0                          [stack:7103]
7f3440f62000-7f3440f63000 ---p 00000000 00:00 0 
7f3440f63000-7f3444000000 rw-p 00000000 00:00 0                          [stack:7102]
7f3444000000-7f3444021000 rw-p 00000000 00:00 0 
7f3444021000-7f3448000000 ---p 00000000 00:00 0 
7f3448006000-7f344802c000 r--p 00000000 08:01 4460467                    /usr/share/locale-langpack/ko/LC_MESSAGES/libc.mo
7f344802c000-7f3448279000 rw-p 00000000 00:00 0 
7f3448279000-7f3448438000 r--s 039f0000 08:01 3815342                    /usr/lib/jvm/java-7-oracle/jre/lib/rt.jar
7f3448438000-7f3448661000 rw-p 00000000 00:00 0 
7f3448661000-7f3448662000 ---p 00000000 00:00 0 
7f3448662000-7f3448762000 rw-p 00000000 00:00 0                          [stack:7101]
7f3448762000-7f3448763000 ---p 00000000 00:00 0 
7f3448763000-7f3448863000 rw-p 00000000 00:00 0                          [stack:7100]
7f3448863000-7f3448864000 ---p 00000000 00:00 0 
7f3448864000-7f3448964000 rw-p 00000000 00:00 0                          [stack:7099]
7f3448964000-7f3448965000 ---p 00000000 00:00 0 
7f3448965000-7f3448a83000 rw-p 00000000 00:00 0                          [stack:7098]
7f3448a83000-7f3448bbb000 rw-p 00000000 00:00 0 
7f3448bbb000-7f3448bc6000 rw-p 00000000 00:00 0 
7f3448bc6000-7f3448be4000 rw-p 00000000 00:00 0 
7f3448be4000-7f3448c02000 rw-p 00000000 00:00 0 
7f3448c02000-7f3448d39000 rw-p 00000000 00:00 0 
7f3448d39000-7f3448d73000 rw-p 00000000 00:00 0 
7f3448d73000-7f3448d74000 ---p 00000000 00:00 0 
7f3448d74000-7f3448de4000 rw-p 00000000 00:00 0 
7f3448de4000-7f3448de5000 rw-p 00000000 00:00 0 
7f3448de5000-7f34490d5000 rwxp 00000000 00:00 0 
7f34490d5000-7f344bde5000 rw-p 00000000 00:00 0 
7f344bde5000-7f344bdff000 r-xp 00000000 08:01 3815891                    /usr/lib/jvm/java-7-oracle/jre/lib/amd64/libzip.so
7f344bdff000-7f344bfff000 ---p 0001a000 08:01 3815891                    /usr/lib/jvm/java-7-oracle/jre/lib/amd64/libzip.so
7f344bfff000-7f344c000000 rw-p 0001a000 08:01 3815891                    /usr/lib/jvm/java-7-oracle/jre/lib/amd64/libzip.so
7f344c000000-7f344c30d000 rw-p 00000000 00:00 0 
7f344c30d000-7f3450000000 ---p 00000000 00:00 0 
7f3450002000-7f34500de000 rw-p 00000000 00:00 0 
7f34500de000-7f34500fc000 rw-p 00000000 00:00 0 
7f34500fc000-7f3450107000 r-xp 00000000 08:01 4601829                    /lib/x86_64-linux-gnu/libnss_files-2.19.so
7f3450107000-7f3450306000 ---p 0000b000 08:01 4601829                    /lib/x86_64-linux-gnu/libnss_files-2.19.so
7f3450306000-7f3450307000 r--p 0000a000 08:01 4601829                    /lib/x86_64-linux-gnu/libnss_files-2.19.so
7f3450307000-7f3450308000 rw-p 0000b000 08:01 4601829                    /lib/x86_64-linux-gnu/libnss_files-2.19.so
7f3450308000-7f3450313000 r-xp 00000000 08:01 4601826                    /lib/x86_64-linux-gnu/libnss_nis-2.19.so
7f3450313000-7f3450512000 ---p 0000b000 08:01 4601826                    /lib/x86_64-linux-gnu/libnss_nis-2.19.so
7f3450512000-7f3450513000 r--p 0000a000 08:01 4601826                    /lib/x86_64-linux-gnu/libnss_nis-2.19.so
7f3450513000-7f3450514000 rw-p 0000b000 08:01 4601826                    /lib/x86_64-linux-gnu/libnss_nis-2.19.so
7f3450514000-7f345052b000 r-xp 00000000 08:01 4601820                    /lib/x86_64-linux-gnu/libnsl-2.19.so
7f345052b000-7f345072a000 ---p 00017000 08:01 4601820                    /lib/x86_64-linux-gnu/libnsl-2.19.so
7f345072a000-7f345072b000 r--p 00016000 08:01 4601820                    /lib/x86_64-linux-gnu/libnsl-2.19.so
7f345072b000-7f345072c000 rw-p 00017000 08:01 4601820                    /lib/x86_64-linux-gnu/libnsl-2.19.so
7f345072c000-7f345072e000 rw-p 00000000 00:00 0 
7f345072e000-7f3450737000 r-xp 00000000 08:01 4601817                    /lib/x86_64-linux-gnu/libnss_compat-2.19.so
7f3450737000-7f3450936000 ---p 00009000 08:01 4601817                    /lib/x86_64-linux-gnu/libnss_compat-2.19.so
7f3450936000-7f3450937000 r--p 00008000 08:01 4601817                    /lib/x86_64-linux-gnu/libnss_compat-2.19.so
7f3450937000-7f3450938000 rw-p 00009000 08:01 4601817                    /lib/x86_64-linux-gnu/libnss_compat-2.19.so
7f3450938000-7f3450961000 r-xp 00000000 08:01 3815892                    /usr/lib/jvm/java-7-oracle/jre/lib/amd64/libjava.so
7f3450961000-7f3450b61000 ---p 00029000 08:01 3815892                    /usr/lib/jvm/java-7-oracle/jre/lib/amd64/libjava.so
7f3450b61000-7f3450b63000 rw-p 00029000 08:01 3815892                    /usr/lib/jvm/java-7-oracle/jre/lib/amd64/libjava.so
7f3450b63000-7f3450b70000 r-xp 00000000 08:01 3815883                    /usr/lib/jvm/java-7-oracle/jre/lib/amd64/libverify.so
7f3450b70000-7f3450d6f000 ---p 0000d000 08:01 3815883                    /usr/lib/jvm/java-7-oracle/jre/lib/amd64/libverify.so
7f3450d6f000-7f3450d71000 rw-p 0000c000 08:01 3815883                    /usr/lib/jvm/java-7-oracle/jre/lib/amd64/libverify.so
7f3450d71000-7f3450d78000 r-xp 00000000 08:01 4601812                    /lib/x86_64-linux-gnu/librt-2.19.so
7f3450d78000-7f3450f77000 ---p 00007000 08:01 4601812                    /lib/x86_64-linux-gnu/librt-2.19.so
7f3450f77000-7f3450f78000 r--p 00006000 08:01 4601812                    /lib/x86_64-linux-gnu/librt-2.19.so
7f3450f78000-7f3450f79000 rw-p 00007000 08:01 4601812                    /lib/x86_64-linux-gnu/librt-2.19.so
7f3450f79000-7f345107e000 r-xp 00000000 08:01 4601819                    /lib/x86_64-linux-gnu/libm-2.19.so
7f345107e000-7f345127d000 ---p 00105000 08:01 4601819                    /lib/x86_64-linux-gnu/libm-2.19.so
7f345127d000-7f345127e000 r--p 00104000 08:01 4601819                    /lib/x86_64-linux-gnu/libm-2.19.so
7f345127e000-7f345127f000 rw-p 00105000 08:01 4601819                    /lib/x86_64-linux-gnu/libm-2.19.so
7f345127f000-7f3451df4000 r-xp 00000000 08:01 3818475                    /usr/lib/jvm/java-7-oracle/jre/lib/amd64/server/libjvm.so
7f3451df4000-7f3451ff4000 ---p 00b75000 08:01 3818475                    /usr/lib/jvm/java-7-oracle/jre/lib/amd64/server/libjvm.so
7f3451ff4000-7f34520b8000 rw-p 00b75000 08:01 3818475                    /usr/lib/jvm/java-7-oracle/jre/lib/amd64/server/libjvm.so
7f34520b8000-7f34520f9000 rw-p 00000000 00:00 0 
7f34520f9000-7f34522b4000 r-xp 00000000 08:01 4601811                    /lib/x86_64-linux-gnu/libc-2.19.so
7f34522b4000-7f34524b4000 ---p 001bb000 08:01 4601811                    /lib/x86_64-linux-gnu/libc-2.19.so
7f34524b4000-7f34524b8000 r--p 001bb000 08:01 4601811                    /lib/x86_64-linux-gnu/libc-2.19.so
7f34524b8000-7f34524ba000 rw-p 001bf000 08:01 4601811                    /lib/x86_64-linux-gnu/libc-2.19.so
7f34524ba000-7f34524bf000 rw-p 00000000 00:00 0 
7f34524bf000-7f34524c2000 r-xp 00000000 08:01 4601815                    /lib/x86_64-linux-gnu/libdl-2.19.so
7f34524c2000-7f34526c1000 ---p 00003000 08:01 4601815                    /lib/x86_64-linux-gnu/libdl-2.19.so
7f34526c1000-7f34526c2000 r--p 00002000 08:01 4601815                    /lib/x86_64-linux-gnu/libdl-2.19.so
7f34526c2000-7f34526c3000 rw-p 00003000 08:01 4601815                    /lib/x86_64-linux-gnu/libdl-2.19.so
7f34526c3000-7f34526d9000 r-xp 00000000 08:01 3815454                    /usr/lib/jvm/java-7-oracle/jre/lib/amd64/jli/libjli.so
7f34526d9000-7f34528d9000 ---p 00016000 08:01 3815454                    /usr/lib/jvm/java-7-oracle/jre/lib/amd64/jli/libjli.so
7f34528d9000-7f34528da000 rw-p 00016000 08:01 3815454                    /usr/lib/jvm/java-7-oracle/jre/lib/amd64/jli/libjli.so
7f34528da000-7f34528f3000 r-xp 00000000 08:01 4601828                    /lib/x86_64-linux-gnu/libpthread-2.19.so
7f34528f3000-7f3452af2000 ---p 00019000 08:01 4601828                    /lib/x86_64-linux-gnu/libpthread-2.19.so
7f3452af2000-7f3452af3000 r--p 00018000 08:01 4601828                    /lib/x86_64-linux-gnu/libpthread-2.19.so
7f3452af3000-7f3452af4000 rw-p 00019000 08:01 4601828                    /lib/x86_64-linux-gnu/libpthread-2.19.so
7f3452af4000-7f3452af8000 rw-p 00000000 00:00 0 
7f3452af8000-7f3452b1b000 r-xp 00000000 08:01 4601808                    /lib/x86_64-linux-gnu/ld-2.19.so
7f3452b1b000-7f3452b1c000 rw-p 00000000 00:00 0 
7f3452b1c000-7f3452b20000 r--s 000f7000 08:01 3818490                    /usr/lib/jvm/java-7-oracle/jre/lib/ext/localedata.jar
7f3452b20000-7f3452b42000 rw-p 00000000 00:00 0 
7f3452b42000-7f3452bf6000 rw-p 00000000 00:00 0 
7f3452bf6000-7f3452bf9000 ---p 00000000 00:00 0 
7f3452bf9000-7f3452cfb000 rw-p 00000000 00:00 0                          [stack:7097]
7f3452cfb000-7f3452cff000 r--s 0008b000 08:01 3818495                    /usr/lib/jvm/java-7-oracle/jre/lib/jsse.jar
7f3452cff000-7f3452d0e000 r--s 000dd000 00:22 156718                     /home/johnny/Android/Sdk/build-tools/21.1.2/lib/dx.jar
7f3452d0e000-7f3452d16000 rw-s 00000000 08:01 3673744                    /tmp/hsperfdata_johnny/7089
7f3452d16000-7f3452d17000 rw-p 00000000 00:00 0 
7f3452d17000-7f3452d18000 ---p 00000000 00:00 0 
7f3452d18000-7f3452d1a000 rw-p 00000000 00:00 0 
7f3452d1a000-7f3452d1b000 r--p 00022000 08:01 4601808                    /lib/x86_64-linux-gnu/ld-2.19.so
7f3452d1b000-7f3452d1c000 rw-p 00023000 08:01 4601808                    /lib/x86_64-linux-gnu/ld-2.19.so
7f3452d1c000-7f3452d1d000 rw-p 00000000 00:00 0 
7fffe445a000-7fffe447b000 rw-p 00000000 00:00 0                          [stack]
7fffe45fa000-7fffe45fc000 r-xp 00000000 00:00 0                          [vdso]
ffffffffff600000-ffffffffff601000 r-xp 00000000 00:00 0                  [vsyscall]

VM Arguments:
jvm_args: -Xmx1024M 
java_command: /home/johnny/Android/Sdk/build-tools/21.1.2/lib/dx.jar --dex --output /home/johnny/AndroidStudioProjects/App.BangBangGokGok/app/build/intermediates/dex/release --input-list=/home/johnny/AndroidStudioProjects/App.BangBangGokGok/app/build/intermediates/tmp/dex/release/inputList.txt
Launcher Type: SUN_STANDARD

Environment Variables:
CLASSPATH=/home/johnny/android-studio/bin/../lib/bootstrap.jar:/home/johnny/android-studio/bin/../lib/extensions.jar:/home/johnny/android-studio/bin/../lib/util.jar:/home/johnny/android-studio/bin/../lib/jdom.jar:/home/johnny/android-studio/bin/../lib/log4j.jar:/home/johnny/android-studio/bin/../lib/trove4j.jar:/home/johnny/android-studio/bin/../lib/jna.jar:/usr/lib/jvm/java-7-oracle/lib/tools.jar
PATH=/usr/local/sbin:/usr/local/bin:/usr/sbin:/usr/bin:/sbin:/bin:/usr/games:/usr/local/games
LD_LIBRARY_PATH=/home/johnny/android-studio/bin:
SHELL=/bin/bash
DISPLAY=:0

Signal Handlers:
SIGSEGV: [libjvm.so+0x9a3bd0], sa_mask[0]=0x7ffbfeff, sa_flags=0x10000004
SIGBUS: [libjvm.so+0x9a3bd0], sa_mask[0]=0x7ffbfeff, sa_flags=0x10000004
SIGFPE: [libjvm.so+0x81cb60], sa_mask[0]=0x7ffbfeff, sa_flags=0x10000004
SIGPIPE: [libjvm.so+0x81cb60], sa_mask[0]=0x7ffbfeff, sa_flags=0x10000004
SIGXFSZ: [libjvm.so+0x81cb60], sa_mask[0]=0x7ffbfeff, sa_flags=0x10000004
SIGILL: [libjvm.so+0x81cb60], sa_mask[0]=0x7ffbfeff, sa_flags=0x10000004
SIGUSR1: SIG_DFL, sa_mask[0]=0x00000000, sa_flags=0x00000000
SIGUSR2: [libjvm.so+0x81e360], sa_mask[0]=0x00000004, sa_flags=0x10000004
SIGHUP: [libjvm.so+0x81f480], sa_mask[0]=0x7ffbfeff, sa_flags=0x10000004
SIGINT: [libjvm.so+0x81f480], sa_mask[0]=0x7ffbfeff, sa_flags=0x10000004
SIGTERM: [libjvm.so+0x81f480], sa_mask[0]=0x7ffbfeff, sa_flags=0x10000004
SIGQUIT: [libjvm.so+0x81f480], sa_mask[0]=0x7ffbfeff, sa_flags=0x10000004


---------------  S Y S T E M  ---------------

OS:jessie/sid

uname:Linux 3.13.0-45-generic #74-Ubuntu SMP Tue Jan 13 19:36:28 UTC 2015 x86_64
libc:glibc 2.19 NPTL 2.19 
rlimit: STACK 8192k, CORE 0k, NPROC 45903, NOFILE 4096, AS infinity
load average:1.39 1.02 0.92

/proc/meminfo:
MemTotal:        5905412 kB
MemFree:           98260 kB
Buffers:             664 kB
Cached:          1466392 kB
SwapCached:            0 kB
Active:          4134324 kB
Inactive:        1419360 kB
Active(anon):    4126864 kB
Inactive(anon):  1388488 kB
Active(file):       7460 kB
Inactive(file):    30872 kB
Unevictable:          32 kB
Mlocked:              32 kB
SwapTotal:             0 kB
SwapFree:              0 kB
Dirty:               740 kB
Writeback:             0 kB
AnonPages:       4087692 kB
Mapped:           106272 kB
Shmem:           1427840 kB
Slab:             119752 kB
SReclaimable:      47460 kB
SUnreclaim:        72292 kB
KernelStack:        5440 kB
PageTables:        52996 kB
NFS_Unstable:          0 kB
Bounce:                0 kB
WritebackTmp:          0 kB
CommitLimit:     2952704 kB
Committed_AS:   11765580 kB
VmallocTotal:   34359738367 kB
VmallocUsed:      555900 kB
VmallocChunk:   34359171196 kB
HardwareCorrupted:     0 kB
AnonHugePages:   1656832 kB
HugePages_Total:       0
HugePages_Free:        0
HugePages_Rsvd:        0
HugePages_Surp:        0
Hugepagesize:       2048 kB
DirectMap4k:       92416 kB
DirectMap2M:     5992448 kB


CPU:total 4 (2 cores per cpu, 2 threads per core) family 6 model 37 stepping 5, cmov, cx8, fxsr, mmx, sse, sse2, sse3, ssse3, sse4.1, sse4.2, popcnt, ht, tsc, tscinvbit

/proc/cpuinfo:
processor	: 0
vendor_id	: GenuineIntel
cpu family	: 6
model		: 37
model name	: Intel(R) Core(TM) i3 CPU       M 370  @ 2.40GHz
stepping	: 5
microcode	: 0x2
cpu MHz		: 933.000
cache size	: 3072 KB
physical id	: 0
siblings	: 4
core id		: 0
cpu cores	: 2
apicid		: 0
initial apicid	: 0
fpu		: yes
fpu_exception	: yes
cpuid level	: 11
wp		: yes
flags		: fpu vme de pse tsc msr pae mce cx8 apic sep mtrr pge mca cmov pat pse36 clflush dts acpi mmx fxsr sse sse2 ss ht tm pbe syscall nx rdtscp lm constant_tsc arch_perfmon pebs bts rep_good nopl xtopology nonstop_tsc aperfmperf pni dtes64 monitor ds_cpl vmx est tm2 ssse3 cx16 xtpr pdcm pcid sse4_1 sse4_2 popcnt lahf_lm arat dtherm tpr_shadow vnmi flexpriority ept vpid
bogomips	: 4787.65
clflush size	: 64
cache_alignment	: 64
address sizes	: 36 bits physical, 48 bits virtual
power management:

processor	: 1
vendor_id	: GenuineIntel
cpu family	: 6
model		: 37
model name	: Intel(R) Core(TM) i3 CPU       M 370  @ 2.40GHz
stepping	: 5
microcode	: 0x2
cpu MHz		: 2399.000
cache size	: 3072 KB
physical id	: 0
siblings	: 4
core id		: 0
cpu cores	: 2
apicid		: 1
initial apicid	: 1
fpu		: yes
fpu_exception	: yes
cpuid level	: 11
wp		: yes
flags		: fpu vme de pse tsc msr pae mce cx8 apic sep mtrr pge mca cmov pat pse36 clflush dts acpi mmx fxsr sse sse2 ss ht tm pbe syscall nx rdtscp lm constant_tsc arch_perfmon pebs bts rep_good nopl xtopology nonstop_tsc aperfmperf pni dtes64 monitor ds_cpl vmx est tm2 ssse3 cx16 xtpr pdcm pcid sse4_1 sse4_2 popcnt lahf_lm arat dtherm tpr_shadow vnmi flexpriority ept vpid
bogomips	: 4787.65
clflush size	: 64
cache_alignment	: 64
address sizes	: 36 bits physical, 48 bits virtual
power management:

processor	: 2
vendor_id	: GenuineIntel
cpu family	: 6
model		: 37
model name	: Intel(R) Core(TM) i3 CPU       M 370  @ 2.40GHz
stepping	: 5
microcode	: 0x2
cpu MHz		: 2266.000
cache size	: 3072 KB
physical id	: 0
siblings	: 4
core id		: 2
cpu cores	: 2
apicid		: 4
initial apicid	: 4
fpu		: yes
fpu_exception	: yes
cpuid level	: 11
wp		: yes
flags		: fpu vme de pse tsc msr pae mce cx8 apic sep mtrr pge mca cmov pat pse36 clflush dts acpi mmx fxsr sse sse2 ss ht tm pbe syscall nx rdtscp lm constant_tsc arch_perfmon pebs bts rep_good nopl xtopology nonstop_tsc aperfmperf pni dtes64 monitor ds_cpl vmx est tm2 ssse3 cx16 xtpr pdcm pcid sse4_1 sse4_2 popcnt lahf_lm arat dtherm tpr_shadow vnmi flexpriority ept vpid
bogomips	: 4787.65
clflush size	: 64
cache_alignment	: 64
address sizes	: 36 bits physical, 48 bits virtual
power management:

processor	: 3
vendor_id	: GenuineIntel
cpu family	: 6
model		: 37
model name	: Intel(R) Core(TM) i3 CPU       M 370  @ 2.40GHz
stepping	: 5
microcode	: 0x2
cpu MHz		: 2399.000
cache size	: 3072 KB
physical id	: 0
siblings	: 4
core id		: 2
cpu cores	: 2
apicid		: 5
initial apicid	: 5
fpu		: yes
fpu_exception	: yes
cpuid level	: 11
wp		: yes
flags		: fpu vme de pse tsc msr pae mce cx8 apic sep mtrr pge mca cmov pat pse36 clflush dts acpi mmx fxsr sse sse2 ss ht tm pbe syscall nx rdtscp lm constant_tsc arch_perfmon pebs bts rep_good nopl xtopology nonstop_tsc aperfmperf pni dtes64 monitor ds_cpl vmx est tm2 ssse3 cx16 xtpr pdcm pcid sse4_1 sse4_2 popcnt lahf_lm arat dtherm tpr_shadow vnmi flexpriority ept vpid
bogomips	: 4787.65
clflush size	: 64
cache_alignment	: 64
address sizes	: 36 bits physical, 48 bits virtual
power management:



Memory: 4k page, physical 5905412k(96524k free), swap 0k(0k free)

vm_info: Java HotSpot(TM) 64-Bit Server VM (24.76-b04) for linux-amd64 JRE (1.7.0_76-b13), built on Dec 18 2014 16:58:39 by "java_re" with gcc 4.3.0 20080428 (Red Hat 4.3.0-8)

time: Tue Feb 17 23:29:03 2015
elapsed time: 7 seconds

