#
# There is insufficient memory for the Java Runtime Environment to continue.
# Native memory allocation (malloc) failed to allocate 141557760 bytes for committing reserved memory.
# Possible reasons:
#   The system is out of physical RAM or swap space
#   In 32 bit mode, the process size limit was hit
# Possible solutions:
#   Reduce memory load on the system
#   Increase physical memory or swap space
#   Check if swap backing store is full
#   Use 64 bit Java on a 64 bit OS
#   Decrease Java heap size (-Xmx/-Xms)
#   Decrease number of Java threads
#   Decrease Java thread stack sizes (-Xss)
#   Set larger code cache with -XX:ReservedCodeCacheSize=
# This output file may be truncated or incomplete.
#
#  Out of Memory Error (os_linux.cpp:2756), pid=6218, tid=140480550958848
#
# JRE version: Java(TM) SE Runtime Environment (7.0_76-b13) (build 1.7.0_76-b13)
# Java VM: Java HotSpot(TM) 64-Bit Server VM (24.76-b04 mixed mode linux-amd64 compressed oops)
# Failed to write core dump. Core dumps have been disabled. To enable core dumping, try "ulimit -c unlimited" before starting Java again
#

---------------  T H R E A D  ---------------

Current thread (0x00007fc438130800):  VMThread [stack: 0x00007fc42d467000,0x00007fc42d568000] [id=6232]

Stack: [0x00007fc42d467000,0x00007fc42d568000],  sp=0x00007fc42d566040,  free space=1020k
Native frames: (J=compiled Java code, j=interpreted, Vv=VM code, C=native code)
V  [libjvm.so+0x9a32ba]  VMError::report_and_die()+0x2ea
V  [libjvm.so+0x497f7b]  report_vm_out_of_memory(char const*, int, unsigned long, char const*)+0x9b
V  [libjvm.so+0x81fcce]  os::Linux::commit_memory_impl(char*, unsigned long, bool)+0xfe
V  [libjvm.so+0x820219]  os::pd_commit_memory(char*, unsigned long, unsigned long, bool)+0x29
V  [libjvm.so+0x819faa]  os::commit_memory(char*, unsigned long, unsigned long, bool)+0x2a
V  [libjvm.so+0x88d843]  PSVirtualSpace::expand_by(unsigned long)+0x53
V  [libjvm.so+0x88ec18]  PSYoungGen::resize_generation(unsigned long, unsigned long)+0xf8
V  [libjvm.so+0x88dd82]  PSYoungGen::resize(unsigned long, unsigned long)+0x22
V  [libjvm.so+0x88b13d]  PSScavenge::invoke_no_policy()+0xf3d
V  [libjvm.so+0x88b981]  PSScavenge::invoke()+0x41
V  [libjvm.so+0x842300]  ParallelScavengeHeap::failed_mem_allocate(unsigned long)+0x70
V  [libjvm.so+0x9a4b47]  VM_ParallelGCFailedAllocation::doit()+0x97
V  [libjvm.so+0x9abfe5]  VM_Operation::evaluate()+0x55
V  [libjvm.so+0x9aa3aa]  VMThread::evaluate_operation(VM_Operation*)+0xba
V  [libjvm.so+0x9aa72e]  VMThread::loop()+0x1ce
V  [libjvm.so+0x9aaba0]  VMThread::run()+0x70
V  [libjvm.so+0x821ca8]  java_start(Thread*)+0x108

VM_Operation (0x00007fc43f21f4c0): ParallelGCFailedAllocation, mode: safepoint, requested by thread 0x00007fc43800a000


---------------  P R O C E S S  ---------------

Java Threads: ( => current thread )
  0x00007fc43815f800 JavaThread "Service Thread" daemon [_thread_blocked, id=6238, stack(0x00007fc42c64e000,0x00007fc42c74f000)]
  0x00007fc43815d000 JavaThread "C2 CompilerThread1" daemon [_thread_blocked, id=6237, stack(0x00007fc42c74f000,0x00007fc42c850000)]
  0x00007fc43815a000 JavaThread "C2 CompilerThread0" daemon [_thread_blocked, id=6236, stack(0x00007fc42c850000,0x00007fc42c951000)]
  0x00007fc438158000 JavaThread "Signal Dispatcher" daemon [_thread_blocked, id=6235, stack(0x00007fc42c951000,0x00007fc42ca52000)]
  0x00007fc438137000 JavaThread "Finalizer" daemon [_thread_blocked, id=6234, stack(0x00007fc42d265000,0x00007fc42d366000)]
  0x00007fc438135000 JavaThread "Reference Handler" daemon [_thread_blocked, id=6233, stack(0x00007fc42d366000,0x00007fc42d467000)]
  0x00007fc43800a000 JavaThread "main" [_thread_blocked, id=6227, stack(0x00007fc43f120000,0x00007fc43f221000)]

Other Threads:
=>0x00007fc438130800 VMThread [stack: 0x00007fc42d467000,0x00007fc42d568000] [id=6232]
  0x00007fc43816a000 WatcherThread [stack: 0x00007fc42c54d000,0x00007fc42c64e000] [id=6239]

VM state:at safepoint (normal execution)

VM Mutex/Monitor currently owned by a thread:  ([mutex/lock_event])
[0x00007fc438006370] Threads_lock - owner thread: 0x00007fc438130800
[0x00007fc438006870] Heap_lock - owner thread: 0x00007fc43800a000

Heap
 PSYoungGen      total 97792K, used 3569K [0x00000000eaa80000, 0x00000000f0d80000, 0x0000000100000000)
  eden space 94208K, 0% used [0x00000000eaa80000,0x00000000eaa80000,0x00000000f0680000)
  from space 3584K, 99% used [0x00000000f0680000,0x00000000f09fc680,0x00000000f0a00000)
  to   space 3584K, 0% used [0x00000000f0a00000,0x00000000f0a00000,0x00000000f0d80000)
 ParOldGen       total 61440K, used 59779K [0x00000000c0000000, 0x00000000c3c00000, 0x00000000eaa80000)
  object space 61440K, 97% used [0x00000000c0000000,0x00000000c3a60f28,0x00000000c3c00000)
 PSPermGen       total 21504K, used 6734K [0x00000000bae00000, 0x00000000bc300000, 0x00000000c0000000)
  object space 21504K, 31% used [0x00000000bae00000,0x00000000bb493bf8,0x00000000bc300000)

Card table byte_map: [0x00007fc43c1e1000,0x00007fc43c40b000] byte_map_base: 0x00007fc43bc0a000

Polling page: 0x00007fc43f241000

Code Cache  [0x00007fc435000000, 0x00007fc435270000, 0x00007fc438000000)
 total_blobs=995 nmethods=747 adapters=202 free_code_cache=47178Kb largest_free_block=48250752

Compilation events (10 events):
Event: 6.485 Thread 0x00007fc43815d000 nmethod 751 0x00007fc4351ec5d0 code [0x00007fc4351ec720, 0x00007fc4351ec8d8]
Event: 6.485 Thread 0x00007fc43815d000  752             com.android.dx.io.instructions.ThreeRegisterDecodedInstruction::getRegisterCount (2 bytes)
Event: 6.486 Thread 0x00007fc43815d000 nmethod 752 0x00007fc4351ec3d0 code [0x00007fc4351ec500, 0x00007fc4351ec558]
Event: 6.493 Thread 0x00007fc43815d000  753             com.android.dx.io.instructions.InstructionCodec$14::decode (53 bytes)
Event: 6.497 Thread 0x00007fc43815d000 nmethod 753 0x00007fc4351ebf10 code [0x00007fc4351ec060, 0x00007fc4351ec238]
Event: 6.497 Thread 0x00007fc43815d000  754             com.android.dx.io.instructions.InstructionCodec$14::encode (29 bytes)
Event: 6.501 Thread 0x00007fc43815d000 nmethod 754 0x00007fc4351eb890 code [0x00007fc4351eba00, 0x00007fc4351ebc18]
Event: 6.529 Thread 0x00007fc43815a000 nmethod 732 0x00007fc4351f4610 code [0x00007fc4351f4b60, 0x00007fc4351f7d00]
Event: 6.552 Thread 0x00007fc43815d000  755             com.android.dx.io.instructions.DecodedInstruction::getLiteralUnit (55 bytes)
Event: 6.553 Thread 0x00007fc43815d000 nmethod 755 0x00007fc4351eb650 code [0x00007fc4351eb780, 0x00007fc4351eb7f8]

GC Heap History (9 events):
Event: 2.364 GC heap before
{Heap before GC invocations=1 (full 0):
 PSYoungGen      total 27136K, used 23552K [0x00000000eaa80000, 0x00000000ec880000, 0x0000000100000000)
  eden space 23552K, 100% used [0x00000000eaa80000,0x00000000ec180000,0x00000000ec180000)
  from space 3584K, 0% used [0x00000000ec500000,0x00000000ec500000,0x00000000ec880000)
  to   space 3584K, 0% used [0x00000000ec180000,0x00000000ec180000,0x00000000ec500000)
 ParOldGen       total 61440K, used 0K [0x00000000c0000000, 0x00000000c3c00000, 0x00000000eaa80000)
  object space 61440K, 0% used [0x00000000c0000000,0x00000000c0000000,0x00000000c3c00000)
 PSPermGen       total 21504K, used 4567K [0x00000000bae00000, 0x00000000bc300000, 0x00000000c0000000)
  object space 21504K, 21% used [0x00000000bae00000,0x00000000bb275e80,0x00000000bc300000)
Event: 2.531 GC heap after
Heap after GC invocations=1 (full 0):
 PSYoungGen      total 27136K, used 3552K [0x00000000eaa80000, 0x00000000edf80000, 0x0000000100000000)
  eden space 23552K, 0% used [0x00000000eaa80000,0x00000000eaa80000,0x00000000ec180000)
  from space 3584K, 99% used [0x00000000ec180000,0x00000000ec4f8038,0x00000000ec500000)
  to   space 3584K, 0% used [0x00000000edc00000,0x00000000edc00000,0x00000000edf80000)
 ParOldGen       total 61440K, used 7527K [0x00000000c0000000, 0x00000000c3c00000, 0x00000000eaa80000)
  object space 61440K, 12% used [0x00000000c0000000,0x00000000c0759da8,0x00000000c3c00000)
 PSPermGen       total 21504K, used 4567K [0x00000000bae00000, 0x00000000bc300000, 0x00000000c0000000)
  object space 21504K, 21% used [0x00000000bae00000,0x00000000bb275e80,0x00000000bc300000)
}
Event: 3.494 GC heap before
{Heap before GC invocations=2 (full 0):
 PSYoungGen      total 27136K, used 25505K [0x00000000eaa80000, 0x00000000edf80000, 0x0000000100000000)
  eden space 23552K, 93% used [0x00000000eaa80000,0x00000000ebff0550,0x00000000ec180000)
  from space 3584K, 99% used [0x00000000ec180000,0x00000000ec4f8038,0x00000000ec500000)
  to   space 3584K, 0% used [0x00000000edc00000,0x00000000edc00000,0x00000000edf80000)
 ParOldGen       total 61440K, used 7527K [0x00000000c0000000, 0x00000000c3c00000, 0x00000000eaa80000)
  object space 61440K, 12% used [0x00000000c0000000,0x00000000c0759da8,0x00000000c3c00000)
 PSPermGen       total 21504K, used 4975K [0x00000000bae00000, 0x00000000bc300000, 0x00000000c0000000)
  object space 21504K, 23% used [0x00000000bae00000,0x00000000bb2dbe00,0x00000000bc300000)
Event: 3.586 GC heap after
Heap after GC invocations=2 (full 0):
 PSYoungGen      total 50688K, used 3569K [0x00000000eaa80000, 0x00000000edf80000, 0x0000000100000000)
  eden space 47104K, 0% used [0x00000000eaa80000,0x00000000eaa80000,0x00000000ed880000)
  from space 3584K, 99% used [0x00000000edc00000,0x00000000edf7c668,0x00000000edf80000)
  to   space 3584K, 0% used [0x00000000ed880000,0x00000000ed880000,0x00000000edc00000)
 ParOldGen       total 61440K, used 16464K [0x00000000c0000000, 0x00000000c3c00000, 0x00000000eaa80000)
  object space 61440K, 26% used [0x00000000c0000000,0x00000000c1014158,0x00000000c3c00000)
 PSPermGen       total 21504K, used 4975K [0x00000000bae00000, 0x00000000bc300000, 0x00000000c0000000)
  object space 21504K, 23% used [0x00000000bae00000,0x00000000bb2dbe00,0x00000000bc300000)
}
Event: 5.427 GC heap before
{Heap before GC invocations=3 (full 0):
 PSYoungGen      total 50688K, used 50673K [0x00000000eaa80000, 0x00000000edf80000, 0x0000000100000000)
  eden space 47104K, 100% used [0x00000000eaa80000,0x00000000ed880000,0x00000000ed880000)
  from space 3584K, 99% used [0x00000000edc00000,0x00000000edf7c668,0x00000000edf80000)
  to   space 3584K, 0% used [0x00000000ed880000,0x00000000ed880000,0x00000000edc00000)
 ParOldGen       total 61440K, used 16464K [0x00000000c0000000, 0x00000000c3c00000, 0x00000000eaa80000)
  object space 61440K, 26% used [0x00000000c0000000,0x00000000c1014158,0x00000000c3c00000)
 PSPermGen       total 21504K, used 6667K [0x00000000bae00000, 0x00000000bc300000, 0x00000000c0000000)
  object space 21504K, 31% used [0x00000000bae00000,0x00000000bb482f98,0x00000000bc300000)
Event: 5.451 GC heap after
Heap after GC invocations=3 (full 0):
 PSYoungGen      total 50688K, used 3552K [0x00000000eaa80000, 0x00000000f0d80000, 0x0000000100000000)
  eden space 47104K, 0% used [0x00000000eaa80000,0x00000000eaa80000,0x00000000ed880000)
  from space 3584K, 99% used [0x00000000ed880000,0x00000000edbf8018,0x00000000edc00000)
  to   space 3584K, 0% used [0x00000000f0a00000,0x00000000f0a00000,0x00000000f0d80000)
 ParOldGen       total 61440K, used 34271K [0x00000000c0000000, 0x00000000c3c00000, 0x00000000eaa80000)
  object space 61440K, 55% used [0x00000000c0000000,0x00000000c2177c98,0x00000000c3c00000)
 PSPermGen       total 21504K, used 6667K [0x00000000bae00000, 0x00000000bc300000, 0x00000000c0000000)
  object space 21504K, 31% used [0x00000000bae00000,0x00000000bb482f98,0x00000000bc300000)
}
Event: 5.876 GC heap before
{Heap before GC invocations=4 (full 0):
 PSYoungGen      total 50688K, used 50656K [0x00000000eaa80000, 0x00000000f0d80000, 0x0000000100000000)
  eden space 47104K, 100% used [0x00000000eaa80000,0x00000000ed880000,0x00000000ed880000)
  from space 3584K, 99% used [0x00000000ed880000,0x00000000edbf8018,0x00000000edc00000)
  to   space 3584K, 0% used [0x00000000f0a00000,0x00000000f0a00000,0x00000000f0d80000)
 ParOldGen       total 61440K, used 34271K [0x00000000c0000000, 0x00000000c3c00000, 0x00000000eaa80000)
  object space 61440K, 55% used [0x00000000c0000000,0x00000000c2177c98,0x00000000c3c00000)
 PSPermGen       total 21504K, used 6718K [0x00000000bae00000, 0x00000000bc300000, 0x00000000c0000000)
  object space 21504K, 31% used [0x00000000bae00000,0x00000000bb48fb80,0x00000000bc300000)
Event: 5.910 GC heap after
Heap after GC invocations=4 (full 0):
 PSYoungGen      total 97792K, used 3582K [0x00000000eaa80000, 0x00000000f0d80000, 0x0000000100000000)
  eden space 94208K, 0% used [0x00000000eaa80000,0x00000000eaa80000,0x00000000f0680000)
  from space 3584K, 99% used [0x00000000f0a00000,0x00000000f0d7f818,0x00000000f0d80000)
  to   space 3584K, 0% used [0x00000000f0680000,0x00000000f0680000,0x00000000f0a00000)
 ParOldGen       total 61440K, used 41365K [0x00000000c0000000, 0x00000000c3c00000, 0x00000000eaa80000)
  object space 61440K, 67% used [0x00000000c0000000,0x00000000c28657c8,0x00000000c3c00000)
 PSPermGen       total 21504K, used 6718K [0x00000000bae00000, 0x00000000bc300000, 0x00000000c0000000)
  object space 21504K, 31% used [0x00000000bae00000,0x00000000bb48fb80,0x00000000bc300000)
}
Event: 6.677 GC heap before
{Heap before GC invocations=5 (full 0):
 PSYoungGen      total 97792K, used 95858K [0x00000000eaa80000, 0x00000000f0d80000, 0x0000000100000000)
  eden space 94208K, 97% used [0x00000000eaa80000,0x00000000f049d260,0x00000000f0680000)
  from space 3584K, 99% used [0x00000000f0a00000,0x00000000f0d7f818,0x00000000f0d80000)
  to   space 3584K, 0% used [0x00000000f0680000,0x00000000f0680000,0x00000000f0a00000)
 ParOldGen       total 61440K, used 41365K [0x00000000c0000000, 0x00000000c3c00000, 0x00000000eaa80000)
  object space 61440K, 67% used [0x00000000c0000000,0x00000000c28657c8,0x00000000c3c00000)
 PSPermGen       total 21504K, used 6734K [0x00000000bae00000, 0x00000000bc300000, 0x00000000c0000000)
  object space 21504K, 31% used [0x00000000bae00000,0x00000000bb493bf8,0x00000000bc300000)

Deoptimization events (10 events):
Event: 4.602 Thread 0x00007fc43800a000 Uncommon trap: reason=class_check action=maybe_recompile pc=0x00007fc4351536f8 method=com.android.dex.Leb128.writeUnsignedLeb128(Lcom/android/dex/util/ByteOutput;I)V @ 40
Event: 4.602 Thread 0x00007fc43800a000 Uncommon trap: reason=class_check action=maybe_recompile pc=0x00007fc4351536f8 method=com.android.dex.Leb128.writeUnsignedLeb128(Lcom/android/dex/util/ByteOutput;I)V @ 40
Event: 4.602 Thread 0x00007fc43800a000 Uncommon trap: reason=class_check action=maybe_recompile pc=0x00007fc4351536f8 method=com.android.dex.Leb128.writeUnsignedLeb128(Lcom/android/dex/util/ByteOutput;I)V @ 40
Event: 4.602 Thread 0x00007fc43800a000 Uncommon trap: reason=class_check action=maybe_recompile pc=0x00007fc4351536f8 method=com.android.dex.Leb128.writeUnsignedLeb128(Lcom/android/dex/util/ByteOutput;I)V @ 40
Event: 4.755 Thread 0x00007fc43800a000 Uncommon trap: reason=predicate action=maybe_recompile pc=0x00007fc435161500 method=com.android.dex.Leb128.writeUnsignedLeb128(Lcom/android/dex/util/ByteOutput;I)V @ 9
Event: 5.014 Thread 0x00007fc43800a000 Uncommon trap: reason=unreached action=reinterpret pc=0x00007fc4351758d4 method=com.android.dx.merge.DexMerger$IdMerger.mergeSorted()V @ 261
Event: 5.015 Thread 0x00007fc43800a000 Uncommon trap: reason=predicate action=maybe_recompile pc=0x00007fc43516def8 method=com.android.dex.Leb128.readUnsignedLeb128(Lcom/android/dex/util/ByteInput;)I @ 41
Event: 5.751 Thread 0x00007fc43800a000 Uncommon trap: reason=predicate action=maybe_recompile pc=0x00007fc4350ec638 method=java.util.ComparableTimSort.binarySort([Ljava/lang/Object;III)V @ 37
Event: 6.064 Thread 0x00007fc43800a000 Uncommon trap: reason=array_check action=maybe_recompile pc=0x00007fc4350e5238 method=java.util.ComparableTimSort.binarySort([Ljava/lang/Object;III)V @ 193
Event: 6.321 Thread 0x00007fc43800a000 Uncommon trap: reason=predicate action=maybe_recompile pc=0x00007fc4350b04d8 method=java.util.TimSort.binarySort([Ljava/lang/Object;IIILjava/util/Comparator;)V @ 37

Internal exceptions (10 events):
Event: 4.786 Thread 0x00007fc43800a000 Threw 0x00000000ebe01a30 at /HUDSON/workspace/7u-2-build-linux-amd64/jdk7u76/1941/hotspot/src/share/vm/prims/jvm.cpp:1304
Event: 4.786 Thread 0x00007fc43800a000 Threw 0x00000000ebe04930 at /HUDSON/workspace/7u-2-build-linux-amd64/jdk7u76/1941/hotspot/src/share/vm/prims/jvm.cpp:1304
Event: 4.787 Thread 0x00007fc43800a000 Threw 0x00000000ebe07c48 at /HUDSON/workspace/7u-2-build-linux-amd64/jdk7u76/1941/hotspot/src/share/vm/prims/jvm.cpp:1304
Event: 4.789 Thread 0x00007fc43800a000 Threw 0x00000000ebe4ed08 at /HUDSON/workspace/7u-2-build-linux-amd64/jdk7u76/1941/hotspot/src/share/vm/prims/jvm.cpp:1304
Event: 4.790 Thread 0x00007fc43800a000 Threw 0x00000000ebe50d88 at /HUDSON/workspace/7u-2-build-linux-amd64/jdk7u76/1941/hotspot/src/share/vm/prims/jvm.cpp:1304
Event: 4.939 Thread 0x00007fc43800a000 Threw 0x00000000ec07fb68 at /HUDSON/workspace/7u-2-build-linux-amd64/jdk7u76/1941/hotspot/src/share/vm/prims/jvm.cpp:1304
Event: 4.939 Thread 0x00007fc43800a000 Threw 0x00000000ec07fc90 at /HUDSON/workspace/7u-2-build-linux-amd64/jdk7u76/1941/hotspot/src/share/vm/prims/jvm.cpp:1304
Event: 4.939 Thread 0x00007fc43800a000 Threw 0x00000000ec082000 at /HUDSON/workspace/7u-2-build-linux-amd64/jdk7u76/1941/hotspot/src/share/vm/prims/jvm.cpp:1304
Event: 4.939 Thread 0x00007fc43800a000 Threw 0x00000000ec082128 at /HUDSON/workspace/7u-2-build-linux-amd64/jdk7u76/1941/hotspot/src/share/vm/prims/jvm.cpp:1304
Event: 5.351 Thread 0x00007fc43800a000 Threw 0x00000000ed20bbf0 at /HUDSON/workspace/7u-2-build-linux-amd64/jdk7u76/1941/hotspot/src/share/vm/prims/jvm.cpp:1304

Events (10 events):
Event: 6.004 Thread 0x00007fc43815a000 flushing nmethod 0x00007fc435114050
Event: 6.004 Thread 0x00007fc43815a000 flushing nmethod 0x00007fc435118f90
Event: 6.004 Thread 0x00007fc43815a000 flushing nmethod 0x00007fc43512b250
Event: 6.064 Thread 0x00007fc43800a000 Uncommon trap: trap_request=0xffffffd6 fr.pc=0x00007fc4350e5238
Event: 6.064 Thread 0x00007fc43800a000 DEOPT PACKING pc=0x00007fc4350e5238 sp=0x00007fc43f21f410
Event: 6.064 Thread 0x00007fc43800a000 DEOPT UNPACKING pc=0x00007fc435039045 sp=0x00007fc43f21f3e8 mode 2
Event: 6.321 Thread 0x00007fc43800a000 Uncommon trap: trap_request=0xffffff86 fr.pc=0x00007fc4350b04d8
Event: 6.321 Thread 0x00007fc43800a000 DEOPT PACKING pc=0x00007fc4350b04d8 sp=0x00007fc43f21f450
Event: 6.321 Thread 0x00007fc43800a000 DEOPT UNPACKING pc=0x00007fc435039045 sp=0x00007fc43f21f440 mode 2
Event: 6.677 Executing VM operation: ParallelGCFailedAllocation


Dynamic libraries:
00400000-00401000 r-xp 00000000 08:01 3818624                            /usr/lib/jvm/java-7-oracle/jre/bin/java
00600000-00601000 rw-p 00000000 08:01 3818624                            /usr/lib/jvm/java-7-oracle/jre/bin/java
0214a000-0216b000 rw-p 00000000 00:00 0                                  [heap]
bae00000-bc300000 rw-p 00000000 00:00 0 
bc300000-c0000000 rw-p 00000000 00:00 0 
c0000000-c3c00000 rw-p 00000000 00:00 0 
c3c00000-eaa80000 rw-p 00000000 00:00 0 
eaa80000-f0d80000 rw-p 00000000 00:00 0 
f9480000-100000000 rw-p 00000000 00:00 0 
7fc3ffe93000-7fc400000000 rw-p 00000000 00:00 0 
7fc400000000-7fc400021000 rw-p 00000000 00:00 0 
7fc400021000-7fc404000000 ---p 00000000 00:00 0 
7fc404000000-7fc404021000 rw-p 00000000 00:00 0 
7fc404021000-7fc408000000 ---p 00000000 00:00 0 
7fc408000000-7fc408c34000 rw-p 00000000 00:00 0 
7fc408c34000-7fc40c000000 ---p 00000000 00:00 0 
7fc40c000000-7fc40cbe6000 rw-p 00000000 00:00 0 
7fc40cbe6000-7fc410000000 ---p 00000000 00:00 0 
7fc410000000-7fc410021000 rw-p 00000000 00:00 0 
7fc410021000-7fc414000000 ---p 00000000 00:00 0 
7fc414000000-7fc414021000 rw-p 00000000 00:00 0 
7fc414021000-7fc418000000 ---p 00000000 00:00 0 
7fc418000000-7fc4180e5000 rw-p 00000000 00:00 0 
7fc4180e5000-7fc41c000000 ---p 00000000 00:00 0 
7fc41c000000-7fc41c021000 rw-p 00000000 00:00 0 
7fc41c021000-7fc420000000 ---p 00000000 00:00 0 
7fc420000000-7fc420021000 rw-p 00000000 00:00 0 
7fc420021000-7fc424000000 ---p 00000000 00:00 0 
7fc424000000-7fc424021000 rw-p 00000000 00:00 0 
7fc424021000-7fc428000000 ---p 00000000 00:00 0 
7fc428000000-7fc428021000 rw-p 00000000 00:00 0 
7fc428021000-7fc42c000000 ---p 00000000 00:00 0 
7fc42c125000-7fc42c13b000 r-xp 00000000 08:01 3818469                    /usr/lib/jvm/java-7-oracle/jre/lib/amd64/libnet.so
7fc42c13b000-7fc42c33b000 ---p 00016000 08:01 3818469                    /usr/lib/jvm/java-7-oracle/jre/lib/amd64/libnet.so
7fc42c33b000-7fc42c33c000 rw-p 00016000 08:01 3818469                    /usr/lib/jvm/java-7-oracle/jre/lib/amd64/libnet.so
7fc42c33c000-7fc42c34c000 r-xp 00000000 08:01 3815879                    /usr/lib/jvm/java-7-oracle/jre/lib/amd64/libnio.so
7fc42c34c000-7fc42c54c000 ---p 00010000 08:01 3815879                    /usr/lib/jvm/java-7-oracle/jre/lib/amd64/libnio.so
7fc42c54c000-7fc42c54d000 rw-p 00010000 08:01 3815879                    /usr/lib/jvm/java-7-oracle/jre/lib/amd64/libnio.so
7fc42c54d000-7fc42c54e000 ---p 00000000 00:00 0 
7fc42c54e000-7fc42c64e000 rw-p 00000000 00:00 0                          [stack:6239]
7fc42c64e000-7fc42c651000 ---p 00000000 00:00 0 
7fc42c651000-7fc42c74f000 rw-p 00000000 00:00 0                          [stack:6238]
7fc42c74f000-7fc42c752000 ---p 00000000 00:00 0 
7fc42c752000-7fc42c850000 rw-p 00000000 00:00 0                          [stack:6237]
7fc42c850000-7fc42c853000 ---p 00000000 00:00 0 
7fc42c853000-7fc42c951000 rw-p 00000000 00:00 0                          [stack:6236]
7fc42c951000-7fc42c954000 ---p 00000000 00:00 0 
7fc42c954000-7fc42ca52000 rw-p 00000000 00:00 0                          [stack:6235]
7fc42ca52000-7fc42d265000 r--p 00000000 08:01 3808254                    /usr/lib/locale/locale-archive
7fc42d265000-7fc42d268000 ---p 00000000 00:00 0 
7fc42d268000-7fc42d366000 rw-p 00000000 00:00 0                          [stack:6234]
7fc42d366000-7fc42d369000 ---p 00000000 00:00 0 
7fc42d369000-7fc42d467000 rw-p 00000000 00:00 0                          [stack:6233]
7fc42d467000-7fc42d468000 ---p 00000000 00:00 0 
7fc42d468000-7fc430000000 rw-p 00000000 00:00 0                          [stack:6232]
7fc430000000-7fc430021000 rw-p 00000000 00:00 0 
7fc430021000-7fc434000000 ---p 00000000 00:00 0 
7fc434026000-7fc43404c000 r--p 00000000 08:01 4460467                    /usr/share/locale-langpack/ko/LC_MESSAGES/libc.mo
7fc43404c000-7fc43479e000 rw-p 00000000 00:00 0 
7fc43479e000-7fc43495d000 r--s 039f0000 08:01 3815342                    /usr/lib/jvm/java-7-oracle/jre/lib/rt.jar
7fc43495d000-7fc434bfc000 rw-p 00000000 00:00 0 
7fc434bfc000-7fc434bfd000 ---p 00000000 00:00 0 
7fc434bfd000-7fc434cfd000 rw-p 00000000 00:00 0                          [stack:6231]
7fc434cfd000-7fc434cfe000 ---p 00000000 00:00 0 
7fc434cfe000-7fc434dfe000 rw-p 00000000 00:00 0                          [stack:6230]
7fc434dfe000-7fc434dff000 ---p 00000000 00:00 0 
7fc434dff000-7fc434eff000 rw-p 00000000 00:00 0                          [stack:6229]
7fc434eff000-7fc434f00000 ---p 00000000 00:00 0 
7fc434f00000-7fc435000000 rw-p 00000000 00:00 0                          [stack:6228]
7fc435000000-7fc435270000 rwxp 00000000 00:00 0 
7fc435270000-7fc4382d4000 rw-p 00000000 00:00 0 
7fc4382d4000-7fc43c000000 ---p 00000000 00:00 0 
7fc43c000000-7fc43c007000 r--s 00000000 08:01 4071599                    /usr/lib/x86_64-linux-gnu/gconv/gconv-modules.cache
7fc43c007000-7fc43c06d000 rw-p 00000000 00:00 0 
7fc43c06d000-7fc43c08b000 rw-p 00000000 00:00 0 
7fc43c08b000-7fc43c0a9000 rw-p 00000000 00:00 0 
7fc43c0a9000-7fc43c1e1000 rw-p 00000000 00:00 0 
7fc43c1e1000-7fc43c1ec000 rw-p 00000000 00:00 0 
7fc43c1ec000-7fc43c20a000 rw-p 00000000 00:00 0 
7fc43c20a000-7fc43c228000 rw-p 00000000 00:00 0 
7fc43c228000-7fc43c35f000 rw-p 00000000 00:00 0 
7fc43c35f000-7fc43c391000 rw-p 00000000 00:00 0 
7fc43c391000-7fc43c40a000 rw-p 00000000 00:00 0 
7fc43c40a000-7fc43c40b000 rw-p 00000000 00:00 0 
7fc43c40b000-7fc43c425000 r-xp 00000000 08:01 3815891                    /usr/lib/jvm/java-7-oracle/jre/lib/amd64/libzip.so
7fc43c425000-7fc43c625000 ---p 0001a000 08:01 3815891                    /usr/lib/jvm/java-7-oracle/jre/lib/amd64/libzip.so
7fc43c625000-7fc43c626000 rw-p 0001a000 08:01 3815891                    /usr/lib/jvm/java-7-oracle/jre/lib/amd64/libzip.so
7fc43c626000-7fc43c631000 r-xp 00000000 08:01 4601829                    /lib/x86_64-linux-gnu/libnss_files-2.19.so
7fc43c631000-7fc43c830000 ---p 0000b000 08:01 4601829                    /lib/x86_64-linux-gnu/libnss_files-2.19.so
7fc43c830000-7fc43c831000 r--p 0000a000 08:01 4601829                    /lib/x86_64-linux-gnu/libnss_files-2.19.so
7fc43c831000-7fc43c832000 rw-p 0000b000 08:01 4601829                    /lib/x86_64-linux-gnu/libnss_files-2.19.so
7fc43c832000-7fc43c83d000 r-xp 00000000 08:01 4601826                    /lib/x86_64-linux-gnu/libnss_nis-2.19.so
7fc43c83d000-7fc43ca3c000 ---p 0000b000 08:01 4601826                    /lib/x86_64-linux-gnu/libnss_nis-2.19.so
7fc43ca3c000-7fc43ca3d000 r--p 0000a000 08:01 4601826                    /lib/x86_64-linux-gnu/libnss_nis-2.19.so
7fc43ca3d000-7fc43ca3e000 rw-p 0000b000 08:01 4601826                    /lib/x86_64-linux-gnu/libnss_nis-2.19.so
7fc43ca3e000-7fc43ca55000 r-xp 00000000 08:01 4601820                    /lib/x86_64-linux-gnu/libnsl-2.19.so
7fc43ca55000-7fc43cc54000 ---p 00017000 08:01 4601820                    /lib/x86_64-linux-gnu/libnsl-2.19.so
7fc43cc54000-7fc43cc55000 r--p 00016000 08:01 4601820                    /lib/x86_64-linux-gnu/libnsl-2.19.so
7fc43cc55000-7fc43cc56000 rw-p 00017000 08:01 4601820                    /lib/x86_64-linux-gnu/libnsl-2.19.so
7fc43cc56000-7fc43cc58000 rw-p 00000000 00:00 0 
7fc43cc58000-7fc43cc61000 r-xp 00000000 08:01 4601817                    /lib/x86_64-linux-gnu/libnss_compat-2.19.so
7fc43cc61000-7fc43ce60000 ---p 00009000 08:01 4601817                    /lib/x86_64-linux-gnu/libnss_compat-2.19.so
7fc43ce60000-7fc43ce61000 r--p 00008000 08:01 4601817                    /lib/x86_64-linux-gnu/libnss_compat-2.19.so
7fc43ce61000-7fc43ce62000 rw-p 00009000 08:01 4601817                    /lib/x86_64-linux-gnu/libnss_compat-2.19.so
7fc43ce62000-7fc43ce8b000 r-xp 00000000 08:01 3815892                    /usr/lib/jvm/java-7-oracle/jre/lib/amd64/libjava.so
7fc43ce8b000-7fc43d08b000 ---p 00029000 08:01 3815892                    /usr/lib/jvm/java-7-oracle/jre/lib/amd64/libjava.so
7fc43d08b000-7fc43d08d000 rw-p 00029000 08:01 3815892                    /usr/lib/jvm/java-7-oracle/jre/lib/amd64/libjava.so
7fc43d08d000-7fc43d09a000 r-xp 00000000 08:01 3815883                    /usr/lib/jvm/java-7-oracle/jre/lib/amd64/libverify.so
7fc43d09a000-7fc43d299000 ---p 0000d000 08:01 3815883                    /usr/lib/jvm/java-7-oracle/jre/lib/amd64/libverify.so
7fc43d299000-7fc43d29b000 rw-p 0000c000 08:01 3815883                    /usr/lib/jvm/java-7-oracle/jre/lib/amd64/libverify.so
7fc43d29b000-7fc43d2a2000 r-xp 00000000 08:01 4601812                    /lib/x86_64-linux-gnu/librt-2.19.so
7fc43d2a2000-7fc43d4a1000 ---p 00007000 08:01 4601812                    /lib/x86_64-linux-gnu/librt-2.19.so
7fc43d4a1000-7fc43d4a2000 r--p 00006000 08:01 4601812                    /lib/x86_64-linux-gnu/librt-2.19.so
7fc43d4a2000-7fc43d4a3000 rw-p 00007000 08:01 4601812                    /lib/x86_64-linux-gnu/librt-2.19.so
7fc43d4a3000-7fc43d5a8000 r-xp 00000000 08:01 4601819                    /lib/x86_64-linux-gnu/libm-2.19.so
7fc43d5a8000-7fc43d7a7000 ---p 00105000 08:01 4601819                    /lib/x86_64-linux-gnu/libm-2.19.so
7fc43d7a7000-7fc43d7a8000 r--p 00104000 08:01 4601819                    /lib/x86_64-linux-gnu/libm-2.19.so
7fc43d7a8000-7fc43d7a9000 rw-p 00105000 08:01 4601819                    /lib/x86_64-linux-gnu/libm-2.19.so
7fc43d7a9000-7fc43e31e000 r-xp 00000000 08:01 3818475                    /usr/lib/jvm/java-7-oracle/jre/lib/amd64/server/libjvm.so
7fc43e31e000-7fc43e51e000 ---p 00b75000 08:01 3818475                    /usr/lib/jvm/java-7-oracle/jre/lib/amd64/server/libjvm.so
7fc43e51e000-7fc43e5e2000 rw-p 00b75000 08:01 3818475                    /usr/lib/jvm/java-7-oracle/jre/lib/amd64/server/libjvm.so
7fc43e5e2000-7fc43e623000 rw-p 00000000 00:00 0 
7fc43e623000-7fc43e7de000 r-xp 00000000 08:01 4601811                    /lib/x86_64-linux-gnu/libc-2.19.so
7fc43e7de000-7fc43e9de000 ---p 001bb000 08:01 4601811                    /lib/x86_64-linux-gnu/libc-2.19.so
7fc43e9de000-7fc43e9e2000 r--p 001bb000 08:01 4601811                    /lib/x86_64-linux-gnu/libc-2.19.so
7fc43e9e2000-7fc43e9e4000 rw-p 001bf000 08:01 4601811                    /lib/x86_64-linux-gnu/libc-2.19.so
7fc43e9e4000-7fc43e9e9000 rw-p 00000000 00:00 0 
7fc43e9e9000-7fc43e9ec000 r-xp 00000000 08:01 4601815                    /lib/x86_64-linux-gnu/libdl-2.19.so
7fc43e9ec000-7fc43ebeb000 ---p 00003000 08:01 4601815                    /lib/x86_64-linux-gnu/libdl-2.19.so
7fc43ebeb000-7fc43ebec000 r--p 00002000 08:01 4601815                    /lib/x86_64-linux-gnu/libdl-2.19.so
7fc43ebec000-7fc43ebed000 rw-p 00003000 08:01 4601815                    /lib/x86_64-linux-gnu/libdl-2.19.so
7fc43ebed000-7fc43ec03000 r-xp 00000000 08:01 3815454                    /usr/lib/jvm/java-7-oracle/jre/lib/amd64/jli/libjli.so
7fc43ec03000-7fc43ee03000 ---p 00016000 08:01 3815454                    /usr/lib/jvm/java-7-oracle/jre/lib/amd64/jli/libjli.so
7fc43ee03000-7fc43ee04000 rw-p 00016000 08:01 3815454                    /usr/lib/jvm/java-7-oracle/jre/lib/amd64/jli/libjli.so
7fc43ee04000-7fc43ee1d000 r-xp 00000000 08:01 4601828                    /lib/x86_64-linux-gnu/libpthread-2.19.so
7fc43ee1d000-7fc43f01c000 ---p 00019000 08:01 4601828                    /lib/x86_64-linux-gnu/libpthread-2.19.so
7fc43f01c000-7fc43f01d000 r--p 00018000 08:01 4601828                    /lib/x86_64-linux-gnu/libpthread-2.19.so
7fc43f01d000-7fc43f01e000 rw-p 00019000 08:01 4601828                    /lib/x86_64-linux-gnu/libpthread-2.19.so
7fc43f01e000-7fc43f022000 rw-p 00000000 00:00 0 
7fc43f022000-7fc43f045000 r-xp 00000000 08:01 4601808                    /lib/x86_64-linux-gnu/ld-2.19.so
7fc43f045000-7fc43f046000 rw-p 00000000 00:00 0 
7fc43f046000-7fc43f04a000 r--s 000f7000 08:01 3818490                    /usr/lib/jvm/java-7-oracle/jre/lib/ext/localedata.jar
7fc43f04a000-7fc43f06a000 rw-p 00000000 00:00 0 
7fc43f06a000-7fc43f120000 rw-p 00000000 00:00 0 
7fc43f120000-7fc43f123000 ---p 00000000 00:00 0 
7fc43f123000-7fc43f225000 rw-p 00000000 00:00 0                          [stack:6227]
7fc43f225000-7fc43f229000 r--s 0008b000 08:01 3818495                    /usr/lib/jvm/java-7-oracle/jre/lib/jsse.jar
7fc43f229000-7fc43f238000 r--s 000dd000 00:22 156718                     /home/johnny/Android/Sdk/build-tools/21.1.2/lib/dx.jar
7fc43f238000-7fc43f240000 rw-s 00000000 08:01 3675024                    /tmp/hsperfdata_johnny/6218
7fc43f240000-7fc43f241000 rw-p 00000000 00:00 0 
7fc43f241000-7fc43f242000 ---p 00000000 00:00 0 
7fc43f242000-7fc43f244000 rw-p 00000000 00:00 0 
7fc43f244000-7fc43f245000 r--p 00022000 08:01 4601808                    /lib/x86_64-linux-gnu/ld-2.19.so
7fc43f245000-7fc43f246000 rw-p 00023000 08:01 4601808                    /lib/x86_64-linux-gnu/ld-2.19.so
7fc43f246000-7fc43f247000 rw-p 00000000 00:00 0 
7fffd775c000-7fffd777d000 rw-p 00000000 00:00 0                          [stack]
7fffd77fe000-7fffd7800000 r-xp 00000000 00:00 0                          [vdso]
ffffffffff600000-ffffffffff601000 r-xp 00000000 00:00 0                  [vsyscall]

VM Arguments:
jvm_args: -Xmx1024M 
java_command: /home/johnny/Android/Sdk/build-tools/21.1.2/lib/dx.jar --dex --no-optimize --output /home/johnny/AndroidStudioProjects/App.BangBangGokGok/app/build/intermediates/dex/debug --input-list=/home/johnny/AndroidStudioProjects/App.BangBangGokGok/app/build/intermediates/tmp/dex/debug/inputList.txt
Launcher Type: SUN_STANDARD

Environment Variables:
CLASSPATH=/home/johnny/android-studio/bin/../lib/bootstrap.jar:/home/johnny/android-studio/bin/../lib/extensions.jar:/home/johnny/android-studio/bin/../lib/util.jar:/home/johnny/android-studio/bin/../lib/jdom.jar:/home/johnny/android-studio/bin/../lib/log4j.jar:/home/johnny/android-studio/bin/../lib/trove4j.jar:/home/johnny/android-studio/bin/../lib/jna.jar:/usr/lib/jvm/java-7-oracle/lib/tools.jar
PATH=/usr/local/sbin:/usr/local/bin:/usr/sbin:/usr/bin:/sbin:/bin:/usr/games:/usr/local/games
LD_LIBRARY_PATH=/home/johnny/android-studio/bin:
SHELL=/bin/bash
DISPLAY=:0

Signal Handlers:
SIGSEGV: [libjvm.so+0x9a3bd0], sa_mask[0]=0x7ffbfeff, sa_flags=0x10000004
SIGBUS: [libjvm.so+0x9a3bd0], sa_mask[0]=0x7ffbfeff, sa_flags=0x10000004
SIGFPE: [libjvm.so+0x81cb60], sa_mask[0]=0x7ffbfeff, sa_flags=0x10000004
SIGPIPE: [libjvm.so+0x81cb60], sa_mask[0]=0x7ffbfeff, sa_flags=0x10000004
SIGXFSZ: [libjvm.so+0x81cb60], sa_mask[0]=0x7ffbfeff, sa_flags=0x10000004
SIGILL: [libjvm.so+0x81cb60], sa_mask[0]=0x7ffbfeff, sa_flags=0x10000004
SIGUSR1: SIG_DFL, sa_mask[0]=0x00000000, sa_flags=0x00000000
SIGUSR2: [libjvm.so+0x81e360], sa_mask[0]=0x00000004, sa_flags=0x10000004
SIGHUP: [libjvm.so+0x81f480], sa_mask[0]=0x7ffbfeff, sa_flags=0x10000004
SIGINT: [libjvm.so+0x81f480], sa_mask[0]=0x7ffbfeff, sa_flags=0x10000004
SIGTERM: [libjvm.so+0x81f480], sa_mask[0]=0x7ffbfeff, sa_flags=0x10000004
SIGQUIT: [libjvm.so+0x81f480], sa_mask[0]=0x7ffbfeff, sa_flags=0x10000004


---------------  S Y S T E M  ---------------

OS:jessie/sid

uname:Linux 3.13.0-45-generic #74-Ubuntu SMP Tue Jan 13 19:36:28 UTC 2015 x86_64
libc:glibc 2.19 NPTL 2.19 
rlimit: STACK 8192k, CORE 0k, NPROC 45903, NOFILE 4096, AS infinity
load average:1.99 1.23 1.14

/proc/meminfo:
MemTotal:        5905412 kB
MemFree:           97400 kB
Buffers:            4788 kB
Cached:          1717840 kB
SwapCached:            0 kB
Active:          3938376 kB
Inactive:        1619492 kB
Active(anon):    3875020 kB
Inactive(anon):  1570012 kB
Active(file):      63356 kB
Inactive(file):    49480 kB
Unevictable:          32 kB
Mlocked:              32 kB
SwapTotal:             0 kB
SwapFree:              0 kB
Dirty:              5764 kB
Writeback:           120 kB
AnonPages:       3835848 kB
Mapped:           164996 kB
Shmem:           1609524 kB
Slab:             117752 kB
SReclaimable:      46296 kB
SUnreclaim:        71456 kB
KernelStack:        5312 kB
PageTables:        53148 kB
NFS_Unstable:          0 kB
Bounce:                0 kB
WritebackTmp:          0 kB
CommitLimit:     2952704 kB
Committed_AS:   11597404 kB
VmallocTotal:   34359738367 kB
VmallocUsed:      554524 kB
VmallocChunk:   34359174564 kB
HardwareCorrupted:     0 kB
AnonHugePages:   1355776 kB
HugePages_Total:       0
HugePages_Free:        0
HugePages_Rsvd:        0
HugePages_Surp:        0
Hugepagesize:       2048 kB
DirectMap4k:       82176 kB
DirectMap2M:     6002688 kB


CPU:total 4 (2 cores per cpu, 2 threads per core) family 6 model 37 stepping 5, cmov, cx8, fxsr, mmx, sse, sse2, sse3, ssse3, sse4.1, sse4.2, popcnt, ht, tsc, tscinvbit

/proc/cpuinfo:
processor	: 0
vendor_id	: GenuineIntel
cpu family	: 6
model		: 37
model name	: Intel(R) Core(TM) i3 CPU       M 370  @ 2.40GHz
stepping	: 5
microcode	: 0x2
cpu MHz		: 2399.000
cache size	: 3072 KB
physical id	: 0
siblings	: 4
core id		: 0
cpu cores	: 2
apicid		: 0
initial apicid	: 0
fpu		: yes
fpu_exception	: yes
cpuid level	: 11
wp		: yes
flags		: fpu vme de pse tsc msr pae mce cx8 apic sep mtrr pge mca cmov pat pse36 clflush dts acpi mmx fxsr sse sse2 ss ht tm pbe syscall nx rdtscp lm constant_tsc arch_perfmon pebs bts rep_good nopl xtopology nonstop_tsc aperfmperf pni dtes64 monitor ds_cpl vmx est tm2 ssse3 cx16 xtpr pdcm pcid sse4_1 sse4_2 popcnt lahf_lm arat dtherm tpr_shadow vnmi flexpriority ept vpid
bogomips	: 4788.16
clflush size	: 64
cache_alignment	: 64
address sizes	: 36 bits physical, 48 bits virtual
power management:

processor	: 1
vendor_id	: GenuineIntel
cpu family	: 6
model		: 37
model name	: Intel(R) Core(TM) i3 CPU       M 370  @ 2.40GHz
stepping	: 5
microcode	: 0x2
cpu MHz		: 2399.000
cache size	: 3072 KB
physical id	: 0
siblings	: 4
core id		: 0
cpu cores	: 2
apicid		: 1
initial apicid	: 1
fpu		: yes
fpu_exception	: yes
cpuid level	: 11
wp		: yes
flags		: fpu vme de pse tsc msr pae mce cx8 apic sep mtrr pge mca cmov pat pse36 clflush dts acpi mmx fxsr sse sse2 ss ht tm pbe syscall nx rdtscp lm constant_tsc arch_perfmon pebs bts rep_good nopl xtopology nonstop_tsc aperfmperf pni dtes64 monitor ds_cpl vmx est tm2 ssse3 cx16 xtpr pdcm pcid sse4_1 sse4_2 popcnt lahf_lm arat dtherm tpr_shadow vnmi flexpriority ept vpid
bogomips	: 4788.16
clflush size	: 64
cache_alignment	: 64
address sizes	: 36 bits physical, 48 bits virtual
power management:

processor	: 2
vendor_id	: GenuineIntel
cpu family	: 6
model		: 37
model name	: Intel(R) Core(TM) i3 CPU       M 370  @ 2.40GHz
stepping	: 5
microcode	: 0x2
cpu MHz		: 2399.000
cache size	: 3072 KB
physical id	: 0
siblings	: 4
core id		: 2
cpu cores	: 2
apicid		: 4
initial apicid	: 4
fpu		: yes
fpu_exception	: yes
cpuid level	: 11
wp		: yes
flags		: fpu vme de pse tsc msr pae mce cx8 apic sep mtrr pge mca cmov pat pse36 clflush dts acpi mmx fxsr sse sse2 ss ht tm pbe syscall nx rdtscp lm constant_tsc arch_perfmon pebs bts rep_good nopl xtopology nonstop_tsc aperfmperf pni dtes64 monitor ds_cpl vmx est tm2 ssse3 cx16 xtpr pdcm pcid sse4_1 sse4_2 popcnt lahf_lm arat dtherm tpr_shadow vnmi flexpriority ept vpid
bogomips	: 4788.16
clflush size	: 64
cache_alignment	: 64
address sizes	: 36 bits physical, 48 bits virtual
power management:

processor	: 3
vendor_id	: GenuineIntel
cpu family	: 6
model		: 37
model name	: Intel(R) Core(TM) i3 CPU       M 370  @ 2.40GHz
stepping	: 5
microcode	: 0x2
cpu MHz		: 2399.000
cache size	: 3072 KB
physical id	: 0
siblings	: 4
core id		: 2
cpu cores	: 2
apicid		: 5
initial apicid	: 5
fpu		: yes
fpu_exception	: yes
cpuid level	: 11
wp		: yes
flags		: fpu vme de pse tsc msr pae mce cx8 apic sep mtrr pge mca cmov pat pse36 clflush dts acpi mmx fxsr sse sse2 ss ht tm pbe syscall nx rdtscp lm constant_tsc arch_perfmon pebs bts rep_good nopl xtopology nonstop_tsc aperfmperf pni dtes64 monitor ds_cpl vmx est tm2 ssse3 cx16 xtpr pdcm pcid sse4_1 sse4_2 popcnt lahf_lm arat dtherm tpr_shadow vnmi flexpriority ept vpid
bogomips	: 4788.16
clflush size	: 64
cache_alignment	: 64
address sizes	: 36 bits physical, 48 bits virtual
power management:



Memory: 4k page, physical 5905412k(97152k free), swap 0k(0k free)

vm_info: Java HotSpot(TM) 64-Bit Server VM (24.76-b04) for linux-amd64 JRE (1.7.0_76-b13), built on Dec 18 2014 16:58:39 by "java_re" with gcc 4.3.0 20080428 (Red Hat 4.3.0-8)

time: Fri Feb 13 16:55:55 2015
elapsed time: 6 seconds

