#
# There is insufficient memory for the Java Runtime Environment to continue.
# Native memory allocation (malloc) failed to allocate 143654912 bytes for committing reserved memory.
# Possible reasons:
#   The system is out of physical RAM or swap space
#   In 32 bit mode, the process size limit was hit
# Possible solutions:
#   Reduce memory load on the system
#   Increase physical memory or swap space
#   Check if swap backing store is full
#   Use 64 bit Java on a 64 bit OS
#   Decrease Java heap size (-Xmx/-Xms)
#   Decrease number of Java threads
#   Decrease Java thread stack sizes (-Xss)
#   Set larger code cache with -XX:ReservedCodeCacheSize=
# This output file may be truncated or incomplete.
#
#  Out of Memory Error (os_linux.cpp:2756), pid=6205, tid=139981516818176
#
# JRE version: Java(TM) SE Runtime Environment (7.0_76-b13) (build 1.7.0_76-b13)
# Java VM: Java HotSpot(TM) 64-Bit Server VM (24.76-b04 mixed mode linux-amd64 compressed oops)
# Failed to write core dump. Core dumps have been disabled. To enable core dumping, try "ulimit -c unlimited" before starting Java again
#

---------------  T H R E A D  ---------------

Current thread (0x00007f5008130800):  VMThread [stack: 0x00007f4ffc85c000,0x00007f4ffc95d000] [id=6219]

Stack: [0x00007f4ffc85c000,0x00007f4ffc95d000],  sp=0x00007f4ffc95b2c0,  free space=1020k
Native frames: (J=compiled Java code, j=interpreted, Vv=VM code, C=native code)
V  [libjvm.so+0x9a32ba]  VMError::report_and_die()+0x2ea
V  [libjvm.so+0x497f7b]  report_vm_out_of_memory(char const*, int, unsigned long, char const*)+0x9b
V  [libjvm.so+0x81fcce]  os::Linux::commit_memory_impl(char*, unsigned long, bool)+0xfe
V  [libjvm.so+0x820219]  os::pd_commit_memory(char*, unsigned long, unsigned long, bool)+0x29
V  [libjvm.so+0x819faa]  os::commit_memory(char*, unsigned long, unsigned long, bool)+0x2a
V  [libjvm.so+0x88d843]  PSVirtualSpace::expand_by(unsigned long)+0x53
V  [libjvm.so+0x88ec18]  PSYoungGen::resize_generation(unsigned long, unsigned long)+0xf8
V  [libjvm.so+0x88dd82]  PSYoungGen::resize(unsigned long, unsigned long)+0x22
V  [libjvm.so+0x88b13d]  PSScavenge::invoke_no_policy()+0xf3d
V  [libjvm.so+0x88b981]  PSScavenge::invoke()+0x41
V  [libjvm.so+0x842300]  ParallelScavengeHeap::failed_mem_allocate(unsigned long)+0x70
V  [libjvm.so+0x9a4b47]  VM_ParallelGCFailedAllocation::doit()+0x97
V  [libjvm.so+0x9abfe5]  VM_Operation::evaluate()+0x55
V  [libjvm.so+0x9aa3aa]  VMThread::evaluate_operation(VM_Operation*)+0xba
V  [libjvm.so+0x9aa72e]  VMThread::loop()+0x1ce
V  [libjvm.so+0x9aaba0]  VMThread::run()+0x70
V  [libjvm.so+0x821ca8]  java_start(Thread*)+0x108

VM_Operation (0x00007f500e5d94c0): ParallelGCFailedAllocation, mode: safepoint, requested by thread 0x00007f500800a000


---------------  P R O C E S S  ---------------

Java Threads: ( => current thread )
  0x00007f500815f800 JavaThread "Service Thread" daemon [_thread_blocked, id=6225, stack(0x00007f4ffc256000,0x00007f4ffc357000)]
  0x00007f500815d000 JavaThread "C2 CompilerThread1" daemon [_thread_blocked, id=6224, stack(0x00007f4ffc357000,0x00007f4ffc458000)]
  0x00007f500815a000 JavaThread "C2 CompilerThread0" daemon [_thread_blocked, id=6223, stack(0x00007f4ffc458000,0x00007f4ffc559000)]
  0x00007f5008158000 JavaThread "Signal Dispatcher" daemon [_thread_blocked, id=6222, stack(0x00007f4ffc559000,0x00007f4ffc65a000)]
  0x00007f5008137000 JavaThread "Finalizer" daemon [_thread_blocked, id=6221, stack(0x00007f4ffc65a000,0x00007f4ffc75b000)]
  0x00007f5008135000 JavaThread "Reference Handler" daemon [_thread_blocked, id=6220, stack(0x00007f4ffc75b000,0x00007f4ffc85c000)]
  0x00007f500800a000 JavaThread "main" [_thread_blocked, id=6214, stack(0x00007f500e4da000,0x00007f500e5db000)]

Other Threads:
=>0x00007f5008130800 VMThread [stack: 0x00007f4ffc85c000,0x00007f4ffc95d000] [id=6219]
  0x00007f500816a000 WatcherThread [stack: 0x00007f4ffc155000,0x00007f4ffc256000] [id=6226]

VM state:at safepoint (normal execution)

VM Mutex/Monitor currently owned by a thread:  ([mutex/lock_event])
[0x00007f5008006370] Threads_lock - owner thread: 0x00007f5008130800
[0x00007f5008006870] Heap_lock - owner thread: 0x00007f500800a000

Heap
 PSYoungGen      total 97792K, used 3569K [0x00000000eaa80000, 0x00000000f0d80000, 0x0000000100000000)
  eden space 94208K, 0% used [0x00000000eaa80000,0x00000000eaa80000,0x00000000f0680000)
  from space 3584K, 99% used [0x00000000f0680000,0x00000000f09fc668,0x00000000f0a00000)
  to   space 3584K, 0% used [0x00000000f0a00000,0x00000000f0a00000,0x00000000f0d80000)
 ParOldGen       total 61440K, used 57876K [0x00000000c0000000, 0x00000000c3c00000, 0x00000000eaa80000)
  object space 61440K, 94% used [0x00000000c0000000,0x00000000c38851f8,0x00000000c3c00000)
 PSPermGen       total 21504K, used 6732K [0x00000000bae00000, 0x00000000bc300000, 0x00000000c0000000)
  object space 21504K, 31% used [0x00000000bae00000,0x00000000bb493288,0x00000000bc300000)

Card table byte_map: [0x00007f5004589000,0x00007f50047b3000] byte_map_base: 0x00007f5003fb2000

Polling page: 0x00007f500e5fb000

Code Cache  [0x00007f50047b3000, 0x00007f5004a23000, 0x00007f50077b3000)
 total_blobs=1007 nmethods=759 adapters=202 free_code_cache=47091Kb largest_free_block=48165056

Compilation events (10 events):
Event: 68.008 Thread 0x00007f500815d000 nmethod 761 0x00007f50049a6e50 code [0x00007f50049a6fa0, 0x00007f50049a7158]
Event: 68.008 Thread 0x00007f500815d000  762             com.android.dx.io.instructions.ThreeRegisterDecodedInstruction::getRegisterCount (2 bytes)
Event: 68.009 Thread 0x00007f500815d000 nmethod 762 0x00007f50049a5350 code [0x00007f50049a5480, 0x00007f50049a54d8]
Event: 68.040 Thread 0x00007f500815d000  763             com.android.dx.io.instructions.InstructionCodec$14::decode (53 bytes)
Event: 68.043 Thread 0x00007f500815d000 nmethod 763 0x00007f50049a6990 code [0x00007f50049a6ae0, 0x00007f50049a6cb8]
Event: 68.043 Thread 0x00007f500815d000  764             com.android.dx.io.instructions.InstructionCodec$14::encode (29 bytes)
Event: 68.049 Thread 0x00007f500815d000 nmethod 764 0x00007f50049a6310 code [0x00007f50049a6480, 0x00007f50049a6698]
Event: 68.089 Thread 0x00007f500815a000 nmethod 742 0x00007f50049bc4d0 code [0x00007f50049bca20, 0x00007f50049bfbc0]
Event: 68.098 Thread 0x00007f500815d000  765             com.android.dx.io.instructions.DecodedInstruction::getLiteralUnit (55 bytes)
Event: 68.100 Thread 0x00007f500815d000 nmethod 765 0x00007f50049a3650 code [0x00007f50049a3780, 0x00007f50049a37f8]

GC Heap History (9 events):
Event: 1.863 GC heap before
{Heap before GC invocations=1 (full 0):
 PSYoungGen      total 27136K, used 23552K [0x00000000eaa80000, 0x00000000ec880000, 0x0000000100000000)
  eden space 23552K, 100% used [0x00000000eaa80000,0x00000000ec180000,0x00000000ec180000)
  from space 3584K, 0% used [0x00000000ec500000,0x00000000ec500000,0x00000000ec880000)
  to   space 3584K, 0% used [0x00000000ec180000,0x00000000ec180000,0x00000000ec500000)
 ParOldGen       total 61440K, used 0K [0x00000000c0000000, 0x00000000c3c00000, 0x00000000eaa80000)
  object space 61440K, 0% used [0x00000000c0000000,0x00000000c0000000,0x00000000c3c00000)
 PSPermGen       total 21504K, used 4571K [0x00000000bae00000, 0x00000000bc300000, 0x00000000c0000000)
  object space 21504K, 21% used [0x00000000bae00000,0x00000000bb276ee8,0x00000000bc300000)
Event: 1.899 GC heap after
Heap after GC invocations=1 (full 0):
 PSYoungGen      total 27136K, used 3568K [0x00000000eaa80000, 0x00000000edf80000, 0x0000000100000000)
  eden space 23552K, 0% used [0x00000000eaa80000,0x00000000eaa80000,0x00000000ec180000)
  from space 3584K, 99% used [0x00000000ec180000,0x00000000ec4fc028,0x00000000ec500000)
  to   space 3584K, 0% used [0x00000000edc00000,0x00000000edc00000,0x00000000edf80000)
 ParOldGen       total 61440K, used 7787K [0x00000000c0000000, 0x00000000c3c00000, 0x00000000eaa80000)
  object space 61440K, 12% used [0x00000000c0000000,0x00000000c079add0,0x00000000c3c00000)
 PSPermGen       total 21504K, used 4571K [0x00000000bae00000, 0x00000000bc300000, 0x00000000c0000000)
  object space 21504K, 21% used [0x00000000bae00000,0x00000000bb276ee8,0x00000000bc300000)
}
Event: 2.578 GC heap before
{Heap before GC invocations=2 (full 0):
 PSYoungGen      total 27136K, used 26637K [0x00000000eaa80000, 0x00000000edf80000, 0x0000000100000000)
  eden space 23552K, 97% used [0x00000000eaa80000,0x00000000ec1073f8,0x00000000ec180000)
  from space 3584K, 99% used [0x00000000ec180000,0x00000000ec4fc028,0x00000000ec500000)
  to   space 3584K, 0% used [0x00000000edc00000,0x00000000edc00000,0x00000000edf80000)
 ParOldGen       total 61440K, used 7787K [0x00000000c0000000, 0x00000000c3c00000, 0x00000000eaa80000)
  object space 61440K, 12% used [0x00000000c0000000,0x00000000c079add0,0x00000000c3c00000)
 PSPermGen       total 21504K, used 4974K [0x00000000bae00000, 0x00000000bc300000, 0x00000000c0000000)
  object space 21504K, 23% used [0x00000000bae00000,0x00000000bb2db9b0,0x00000000bc300000)
Event: 3.525 GC heap after
Heap after GC invocations=2 (full 0):
 PSYoungGen      total 50688K, used 3569K [0x00000000eaa80000, 0x00000000edf80000, 0x0000000100000000)
  eden space 47104K, 0% used [0x00000000eaa80000,0x00000000eaa80000,0x00000000ed880000)
  from space 3584K, 99% used [0x00000000edc00000,0x00000000edf7c668,0x00000000edf80000)
  to   space 3584K, 0% used [0x00000000ed880000,0x00000000ed880000,0x00000000edc00000)
 ParOldGen       total 61440K, used 17319K [0x00000000c0000000, 0x00000000c3c00000, 0x00000000eaa80000)
  object space 61440K, 28% used [0x00000000c0000000,0x00000000c10e9d18,0x00000000c3c00000)
 PSPermGen       total 21504K, used 4974K [0x00000000bae00000, 0x00000000bc300000, 0x00000000c0000000)
  object space 21504K, 23% used [0x00000000bae00000,0x00000000bb2db9b0,0x00000000bc300000)
}
Event: 66.679 GC heap before
{Heap before GC invocations=3 (full 0):
 PSYoungGen      total 50688K, used 50673K [0x00000000eaa80000, 0x00000000edf80000, 0x0000000100000000)
  eden space 47104K, 100% used [0x00000000eaa80000,0x00000000ed880000,0x00000000ed880000)
  from space 3584K, 99% used [0x00000000edc00000,0x00000000edf7c668,0x00000000edf80000)
  to   space 3584K, 0% used [0x00000000ed880000,0x00000000ed880000,0x00000000edc00000)
 ParOldGen       total 61440K, used 17319K [0x00000000c0000000, 0x00000000c3c00000, 0x00000000eaa80000)
  object space 61440K, 28% used [0x00000000c0000000,0x00000000c10e9d18,0x00000000c3c00000)
 PSPermGen       total 21504K, used 6666K [0x00000000bae00000, 0x00000000bc300000, 0x00000000c0000000)
  object space 21504K, 31% used [0x00000000bae00000,0x00000000bb482b10,0x00000000bc300000)
Event: 66.723 GC heap after
Heap after GC invocations=3 (full 0):
 PSYoungGen      total 50688K, used 3569K [0x00000000eaa80000, 0x00000000f0d80000, 0x0000000100000000)
  eden space 47104K, 0% used [0x00000000eaa80000,0x00000000eaa80000,0x00000000ed880000)
  from space 3584K, 99% used [0x00000000ed880000,0x00000000edbfc668,0x00000000edc00000)
  to   space 3584K, 0% used [0x00000000f0a00000,0x00000000f0a00000,0x00000000f0d80000)
 ParOldGen       total 61440K, used 34970K [0x00000000c0000000, 0x00000000c3c00000, 0x00000000eaa80000)
  object space 61440K, 56% used [0x00000000c0000000,0x00000000c2226b50,0x00000000c3c00000)
 PSPermGen       total 21504K, used 6666K [0x00000000bae00000, 0x00000000bc300000, 0x00000000c0000000)
  object space 21504K, 31% used [0x00000000bae00000,0x00000000bb482b10,0x00000000bc300000)
}
Event: 67.515 GC heap before
{Heap before GC invocations=4 (full 0):
 PSYoungGen      total 50688K, used 50673K [0x00000000eaa80000, 0x00000000f0d80000, 0x0000000100000000)
  eden space 47104K, 100% used [0x00000000eaa80000,0x00000000ed880000,0x00000000ed880000)
  from space 3584K, 99% used [0x00000000ed880000,0x00000000edbfc668,0x00000000edc00000)
  to   space 3584K, 0% used [0x00000000f0a00000,0x00000000f0a00000,0x00000000f0d80000)
 ParOldGen       total 61440K, used 34970K [0x00000000c0000000, 0x00000000c3c00000, 0x00000000eaa80000)
  object space 61440K, 56% used [0x00000000c0000000,0x00000000c2226b50,0x00000000c3c00000)
 PSPermGen       total 21504K, used 6716K [0x00000000bae00000, 0x00000000bc300000, 0x00000000c0000000)
  object space 21504K, 31% used [0x00000000bae00000,0x00000000bb48f210,0x00000000bc300000)
Event: 67.544 GC heap after
Heap after GC invocations=4 (full 0):
 PSYoungGen      total 97792K, used 3569K [0x00000000eaa80000, 0x00000000f0d80000, 0x0000000100000000)
  eden space 94208K, 0% used [0x00000000eaa80000,0x00000000eaa80000,0x00000000f0680000)
  from space 3584K, 99% used [0x00000000f0a00000,0x00000000f0d7c668,0x00000000f0d80000)
  to   space 3584K, 0% used [0x00000000f0680000,0x00000000f0680000,0x00000000f0a00000)
 ParOldGen       total 61440K, used 39518K [0x00000000c0000000, 0x00000000c3c00000, 0x00000000eaa80000)
  object space 61440K, 64% used [0x00000000c0000000,0x00000000c2697a28,0x00000000c3c00000)
 PSPermGen       total 21504K, used 6716K [0x00000000bae00000, 0x00000000bc300000, 0x00000000c0000000)
  object space 21504K, 31% used [0x00000000bae00000,0x00000000bb48f210,0x00000000bc300000)
}
Event: 68.194 GC heap before
{Heap before GC invocations=5 (full 0):
 PSYoungGen      total 97792K, used 93197K [0x00000000eaa80000, 0x00000000f0d80000, 0x0000000100000000)
  eden space 94208K, 95% used [0x00000000eaa80000,0x00000000f0207128,0x00000000f0680000)
  from space 3584K, 99% used [0x00000000f0a00000,0x00000000f0d7c668,0x00000000f0d80000)
  to   space 3584K, 0% used [0x00000000f0680000,0x00000000f0680000,0x00000000f0a00000)
 ParOldGen       total 61440K, used 39518K [0x00000000c0000000, 0x00000000c3c00000, 0x00000000eaa80000)
  object space 61440K, 64% used [0x00000000c0000000,0x00000000c2697a28,0x00000000c3c00000)
 PSPermGen       total 21504K, used 6732K [0x00000000bae00000, 0x00000000bc300000, 0x00000000c0000000)
  object space 21504K, 31% used [0x00000000bae00000,0x00000000bb493288,0x00000000bc300000)

Deoptimization events (10 events):
Event: 2.252 Thread 0x00007f500800a000 Uncommon trap: reason=class_check action=maybe_recompile pc=0x00007f5004866e24 method=com.android.dx.cf.code.Ropper.processBlock(Lcom/android/dx/cf/code/ByteBlock;Lcom/android/dx/cf/code/Frame;[I)V @ 777
Event: 2.348 Thread 0x00007f500800a000 Uncommon trap: reason=unreached action=reinterpret pc=0x00007f50048a3b0c method=com.android.dx.cf.code.RopperMachine.run(Lcom/android/dx/cf/code/Frame;II)V @ 1500
Event: 19.117 Thread 0x00007f500800a000 Uncommon trap: reason=class_check action=maybe_recompile pc=0x00007f50048c3e40 method=java.util.HashMap.put(Ljava/lang/Object;Ljava/lang/Object;)Ljava/lang/Object; @ 83
Event: 19.141 Thread 0x00007f500800a000 Uncommon trap: reason=class_check action=maybe_recompile pc=0x00007f50048c3e40 method=java.util.HashMap.put(Ljava/lang/Object;Ljava/lang/Object;)Ljava/lang/Object; @ 83
Event: 19.141 Thread 0x00007f500800a000 Uncommon trap: reason=class_check action=maybe_recompile pc=0x00007f50048c3e40 method=java.util.HashMap.put(Ljava/lang/Object;Ljava/lang/Object;)Ljava/lang/Object; @ 83
Event: 19.141 Thread 0x00007f500800a000 Uncommon trap: reason=class_check action=maybe_recompile pc=0x00007f50048c3e40 method=java.util.HashMap.put(Ljava/lang/Object;Ljava/lang/Object;)Ljava/lang/Object; @ 83
Event: 52.597 Thread 0x00007f500800a000 Uncommon trap: reason=predicate action=maybe_recompile pc=0x00007f50048a61e4 method=com.android.dex.Leb128.writeUnsignedLeb128(Lcom/android/dex/util/ByteOutput;I)V @ 9
Event: 57.625 Thread 0x00007f500800a000 Uncommon trap: reason=predicate action=maybe_recompile pc=0x00007f500485b638 method=com.android.dex.Leb128.readUnsignedLeb128(Lcom/android/dex/util/ByteInput;)I @ 41
Event: 67.335 Thread 0x00007f500800a000 Uncommon trap: reason=predicate action=maybe_recompile pc=0x00007f500495a6a0 method=java.util.ComparableTimSort.binarySort([Ljava/lang/Object;III)V @ 37
Event: 67.908 Thread 0x00007f500800a000 Uncommon trap: reason=predicate action=maybe_recompile pc=0x00007f500498cc98 method=java.util.TimSort.binarySort([Ljava/lang/Object;IIILjava/util/Comparator;)V @ 37

Internal exceptions (10 events):
Event: 53.159 Thread 0x00007f500800a000 Threw 0x00000000ebb3d248 at /HUDSON/workspace/7u-2-build-linux-amd64/jdk7u76/1941/hotspot/src/share/vm/prims/jvm.cpp:1304
Event: 53.160 Thread 0x00007f500800a000 Threw 0x00000000ebb40148 at /HUDSON/workspace/7u-2-build-linux-amd64/jdk7u76/1941/hotspot/src/share/vm/prims/jvm.cpp:1304
Event: 53.161 Thread 0x00007f500800a000 Threw 0x00000000ebb43460 at /HUDSON/workspace/7u-2-build-linux-amd64/jdk7u76/1941/hotspot/src/share/vm/prims/jvm.cpp:1304
Event: 53.165 Thread 0x00007f500800a000 Threw 0x00000000ebb8a520 at /HUDSON/workspace/7u-2-build-linux-amd64/jdk7u76/1941/hotspot/src/share/vm/prims/jvm.cpp:1304
Event: 53.165 Thread 0x00007f500800a000 Threw 0x00000000ebb8c5a0 at /HUDSON/workspace/7u-2-build-linux-amd64/jdk7u76/1941/hotspot/src/share/vm/prims/jvm.cpp:1304
Event: 54.262 Thread 0x00007f500800a000 Threw 0x00000000ebdab860 at /HUDSON/workspace/7u-2-build-linux-amd64/jdk7u76/1941/hotspot/src/share/vm/prims/jvm.cpp:1304
Event: 54.262 Thread 0x00007f500800a000 Threw 0x00000000ebdab988 at /HUDSON/workspace/7u-2-build-linux-amd64/jdk7u76/1941/hotspot/src/share/vm/prims/jvm.cpp:1304
Event: 54.263 Thread 0x00007f500800a000 Threw 0x00000000ebdadcf8 at /HUDSON/workspace/7u-2-build-linux-amd64/jdk7u76/1941/hotspot/src/share/vm/prims/jvm.cpp:1304
Event: 54.263 Thread 0x00007f500800a000 Threw 0x00000000ebdade20 at /HUDSON/workspace/7u-2-build-linux-amd64/jdk7u76/1941/hotspot/src/share/vm/prims/jvm.cpp:1304
Event: 64.190 Thread 0x00007f500800a000 Threw 0x00000000ed532498 at /HUDSON/workspace/7u-2-build-linux-amd64/jdk7u76/1941/hotspot/src/share/vm/prims/jvm.cpp:1304

Events (10 events):
Event: 66.963 loading class 0x00007f4ffdb1bf60 done
Event: 67.334 Thread 0x00007f500800a000 Uncommon trap: trap_request=0xffffff86 fr.pc=0x00007f500495a6a0
Event: 67.335 Thread 0x00007f500800a000 DEOPT PACKING pc=0x00007f500495a6a0 sp=0x00007f500e5d9420
Event: 67.336 Thread 0x00007f500800a000 DEOPT UNPACKING pc=0x00007f50047ec045 sp=0x00007f500e5d9400 mode 2
Event: 67.515 Executing VM operation: ParallelGCFailedAllocation
Event: 67.544 Executing VM operation: ParallelGCFailedAllocation done
Event: 67.908 Thread 0x00007f500800a000 Uncommon trap: trap_request=0xffffff86 fr.pc=0x00007f500498cc98
Event: 67.908 Thread 0x00007f500800a000 DEOPT PACKING pc=0x00007f500498cc98 sp=0x00007f500e5d9480
Event: 67.908 Thread 0x00007f500800a000 DEOPT UNPACKING pc=0x00007f50047ec045 sp=0x00007f500e5d9470 mode 2
Event: 68.194 Executing VM operation: ParallelGCFailedAllocation


Dynamic libraries:
00400000-00401000 r-xp 00000000 08:01 3818624                            /usr/lib/jvm/java-7-oracle/jre/bin/java
00600000-00601000 rw-p 00000000 08:01 3818624                            /usr/lib/jvm/java-7-oracle/jre/bin/java
00aab000-00acc000 rw-p 00000000 00:00 0                                  [heap]
bae00000-bc300000 rw-p 00000000 00:00 0 
bc300000-c0000000 rw-p 00000000 00:00 0 
c0000000-c3c00000 rw-p 00000000 00:00 0 
c3c00000-eaa80000 rw-p 00000000 00:00 0 
eaa80000-f0d80000 rw-p 00000000 00:00 0 
f9680000-100000000 rw-p 00000000 00:00 0 
7f4fc8000000-7f4fc8021000 rw-p 00000000 00:00 0 
7f4fc8021000-7f4fcc000000 ---p 00000000 00:00 0 
7f4fd0000000-7f4fd0f59000 rw-p 00000000 00:00 0 
7f4fd0f59000-7f4fd4000000 ---p 00000000 00:00 0 
7f4fd4000000-7f4fd4021000 rw-p 00000000 00:00 0 
7f4fd4021000-7f4fd8000000 ---p 00000000 00:00 0 
7f4fd8000000-7f4fd8021000 rw-p 00000000 00:00 0 
7f4fd8021000-7f4fdc000000 ---p 00000000 00:00 0 
7f4fdc000000-7f4fdcc87000 rw-p 00000000 00:00 0 
7f4fdcc87000-7f4fe0000000 ---p 00000000 00:00 0 
7f4fe0000000-7f4fe0021000 rw-p 00000000 00:00 0 
7f4fe0021000-7f4fe4000000 ---p 00000000 00:00 0 
7f4fe4000000-7f4fe4021000 rw-p 00000000 00:00 0 
7f4fe4021000-7f4fe8000000 ---p 00000000 00:00 0 
7f4fe8000000-7f4fe8021000 rw-p 00000000 00:00 0 
7f4fe8021000-7f4fec000000 ---p 00000000 00:00 0 
7f4fec000000-7f4fec0e5000 rw-p 00000000 00:00 0 
7f4fec0e5000-7f4ff0000000 ---p 00000000 00:00 0 
7f4ff0000000-7f4ff0021000 rw-p 00000000 00:00 0 
7f4ff0021000-7f4ff4000000 ---p 00000000 00:00 0 
7f4ff7258000-7f4ff73c5000 rw-p 00000000 00:00 0 
7f4ff73c5000-7f4ff73db000 r-xp 00000000 08:01 3818469                    /usr/lib/jvm/java-7-oracle/jre/lib/amd64/libnet.so
7f4ff73db000-7f4ff75db000 ---p 00016000 08:01 3818469                    /usr/lib/jvm/java-7-oracle/jre/lib/amd64/libnet.so
7f4ff75db000-7f4ff75dc000 rw-p 00016000 08:01 3818469                    /usr/lib/jvm/java-7-oracle/jre/lib/amd64/libnet.so
7f4ff75dc000-7f4ff75ec000 r-xp 00000000 08:01 3815879                    /usr/lib/jvm/java-7-oracle/jre/lib/amd64/libnio.so
7f4ff75ec000-7f4ff77ec000 ---p 00010000 08:01 3815879                    /usr/lib/jvm/java-7-oracle/jre/lib/amd64/libnio.so
7f4ff77ec000-7f4ff77ed000 rw-p 00010000 08:01 3815879                    /usr/lib/jvm/java-7-oracle/jre/lib/amd64/libnio.so
7f4ff77ed000-7f4ff8000000 r--p 00000000 08:01 3808254                    /usr/lib/locale/locale-archive
7f4ff8000000-7f4ff8021000 rw-p 00000000 00:00 0 
7f4ff8021000-7f4ffc000000 ---p 00000000 00:00 0 
7f4ffc12f000-7f4ffc155000 r--p 00000000 08:01 4460467                    /usr/share/locale-langpack/ko/LC_MESSAGES/libc.mo
7f4ffc155000-7f4ffc156000 ---p 00000000 00:00 0 
7f4ffc156000-7f4ffc256000 rw-p 00000000 00:00 0                          [stack:6226]
7f4ffc256000-7f4ffc259000 ---p 00000000 00:00 0 
7f4ffc259000-7f4ffc357000 rw-p 00000000 00:00 0                          [stack:6225]
7f4ffc357000-7f4ffc35a000 ---p 00000000 00:00 0 
7f4ffc35a000-7f4ffc458000 rw-p 00000000 00:00 0                          [stack:6224]
7f4ffc458000-7f4ffc45b000 ---p 00000000 00:00 0 
7f4ffc45b000-7f4ffc559000 rw-p 00000000 00:00 0                          [stack:6223]
7f4ffc559000-7f4ffc55c000 ---p 00000000 00:00 0 
7f4ffc55c000-7f4ffc65a000 rw-p 00000000 00:00 0                          [stack:6222]
7f4ffc65a000-7f4ffc65d000 ---p 00000000 00:00 0 
7f4ffc65d000-7f4ffc75b000 rw-p 00000000 00:00 0                          [stack:6221]
7f4ffc75b000-7f4ffc75e000 ---p 00000000 00:00 0 
7f4ffc75e000-7f4ffc85c000 rw-p 00000000 00:00 0                          [stack:6220]
7f4ffc85c000-7f4ffc85d000 ---p 00000000 00:00 0 
7f4ffc85d000-7f4ffd8b7000 rw-p 00000000 00:00 0                          [stack:6219]
7f4ffd8b7000-7f4ffda76000 r--s 039f0000 08:01 3815342                    /usr/lib/jvm/java-7-oracle/jre/lib/rt.jar
7f4ffda76000-7f5000000000 rw-p 00000000 00:00 0 
7f5000000000-7f5000021000 rw-p 00000000 00:00 0 
7f5000021000-7f5004000000 ---p 00000000 00:00 0 
7f5004006000-7f5004007000 ---p 00000000 00:00 0 
7f5004007000-7f5004107000 rw-p 00000000 00:00 0                          [stack:6218]
7f5004107000-7f5004108000 ---p 00000000 00:00 0 
7f5004108000-7f5004208000 rw-p 00000000 00:00 0                          [stack:6217]
7f5004208000-7f5004209000 ---p 00000000 00:00 0 
7f5004209000-7f5004309000 rw-p 00000000 00:00 0                          [stack:6216]
7f5004309000-7f500430a000 ---p 00000000 00:00 0 
7f500430a000-7f5004415000 rw-p 00000000 00:00 0                          [stack:6215]
7f5004415000-7f5004433000 rw-p 00000000 00:00 0 
7f5004433000-7f5004451000 rw-p 00000000 00:00 0 
7f5004451000-7f5004589000 rw-p 00000000 00:00 0 
7f5004589000-7f5004594000 rw-p 00000000 00:00 0 
7f5004594000-7f50045b2000 rw-p 00000000 00:00 0 
7f50045b2000-7f50045d0000 rw-p 00000000 00:00 0 
7f50045d0000-7f5004707000 rw-p 00000000 00:00 0 
7f5004707000-7f5004739000 rw-p 00000000 00:00 0 
7f5004739000-7f50047b2000 rw-p 00000000 00:00 0 
7f50047b2000-7f50047b3000 rw-p 00000000 00:00 0 
7f50047b3000-7f5004a23000 rwxp 00000000 00:00 0 
7f5004a23000-7f50077b3000 rw-p 00000000 00:00 0 
7f50077b3000-7f50077cd000 r-xp 00000000 08:01 3815891                    /usr/lib/jvm/java-7-oracle/jre/lib/amd64/libzip.so
7f50077cd000-7f50079cd000 ---p 0001a000 08:01 3815891                    /usr/lib/jvm/java-7-oracle/jre/lib/amd64/libzip.so
7f50079cd000-7f50079ce000 rw-p 0001a000 08:01 3815891                    /usr/lib/jvm/java-7-oracle/jre/lib/amd64/libzip.so
7f50079ce000-7f50079d9000 r-xp 00000000 08:01 4601829                    /lib/x86_64-linux-gnu/libnss_files-2.19.so
7f50079d9000-7f5007bd8000 ---p 0000b000 08:01 4601829                    /lib/x86_64-linux-gnu/libnss_files-2.19.so
7f5007bd8000-7f5007bd9000 r--p 0000a000 08:01 4601829                    /lib/x86_64-linux-gnu/libnss_files-2.19.so
7f5007bd9000-7f5007bda000 rw-p 0000b000 08:01 4601829                    /lib/x86_64-linux-gnu/libnss_files-2.19.so
7f5007bda000-7f5007be5000 r-xp 00000000 08:01 4601826                    /lib/x86_64-linux-gnu/libnss_nis-2.19.so
7f5007be5000-7f5007de4000 ---p 0000b000 08:01 4601826                    /lib/x86_64-linux-gnu/libnss_nis-2.19.so
7f5007de4000-7f5007de5000 r--p 0000a000 08:01 4601826                    /lib/x86_64-linux-gnu/libnss_nis-2.19.so
7f5007de5000-7f5007de6000 rw-p 0000b000 08:01 4601826                    /lib/x86_64-linux-gnu/libnss_nis-2.19.so
7f5007de6000-7f5007dfd000 r-xp 00000000 08:01 4601820                    /lib/x86_64-linux-gnu/libnsl-2.19.so
7f5007dfd000-7f5007ffc000 ---p 00017000 08:01 4601820                    /lib/x86_64-linux-gnu/libnsl-2.19.so
7f5007ffc000-7f5007ffd000 r--p 00016000 08:01 4601820                    /lib/x86_64-linux-gnu/libnsl-2.19.so
7f5007ffd000-7f5007ffe000 rw-p 00017000 08:01 4601820                    /lib/x86_64-linux-gnu/libnsl-2.19.so
7f5007ffe000-7f5008000000 rw-p 00000000 00:00 0 
7f5008000000-7f50082eb000 rw-p 00000000 00:00 0 
7f50082eb000-7f500c000000 ---p 00000000 00:00 0 
7f500c00b000-7f500c012000 r--s 00000000 08:01 4071599                    /usr/lib/x86_64-linux-gnu/gconv/gconv-modules.cache
7f500c012000-7f500c01b000 r-xp 00000000 08:01 4601817                    /lib/x86_64-linux-gnu/libnss_compat-2.19.so
7f500c01b000-7f500c21a000 ---p 00009000 08:01 4601817                    /lib/x86_64-linux-gnu/libnss_compat-2.19.so
7f500c21a000-7f500c21b000 r--p 00008000 08:01 4601817                    /lib/x86_64-linux-gnu/libnss_compat-2.19.so
7f500c21b000-7f500c21c000 rw-p 00009000 08:01 4601817                    /lib/x86_64-linux-gnu/libnss_compat-2.19.so
7f500c21c000-7f500c245000 r-xp 00000000 08:01 3815892                    /usr/lib/jvm/java-7-oracle/jre/lib/amd64/libjava.so
7f500c245000-7f500c445000 ---p 00029000 08:01 3815892                    /usr/lib/jvm/java-7-oracle/jre/lib/amd64/libjava.so
7f500c445000-7f500c447000 rw-p 00029000 08:01 3815892                    /usr/lib/jvm/java-7-oracle/jre/lib/amd64/libjava.so
7f500c447000-7f500c454000 r-xp 00000000 08:01 3815883                    /usr/lib/jvm/java-7-oracle/jre/lib/amd64/libverify.so
7f500c454000-7f500c653000 ---p 0000d000 08:01 3815883                    /usr/lib/jvm/java-7-oracle/jre/lib/amd64/libverify.so
7f500c653000-7f500c655000 rw-p 0000c000 08:01 3815883                    /usr/lib/jvm/java-7-oracle/jre/lib/amd64/libverify.so
7f500c655000-7f500c65c000 r-xp 00000000 08:01 4601812                    /lib/x86_64-linux-gnu/librt-2.19.so
7f500c65c000-7f500c85b000 ---p 00007000 08:01 4601812                    /lib/x86_64-linux-gnu/librt-2.19.so
7f500c85b000-7f500c85c000 r--p 00006000 08:01 4601812                    /lib/x86_64-linux-gnu/librt-2.19.so
7f500c85c000-7f500c85d000 rw-p 00007000 08:01 4601812                    /lib/x86_64-linux-gnu/librt-2.19.so
7f500c85d000-7f500c962000 r-xp 00000000 08:01 4601819                    /lib/x86_64-linux-gnu/libm-2.19.so
7f500c962000-7f500cb61000 ---p 00105000 08:01 4601819                    /lib/x86_64-linux-gnu/libm-2.19.so
7f500cb61000-7f500cb62000 r--p 00104000 08:01 4601819                    /lib/x86_64-linux-gnu/libm-2.19.so
7f500cb62000-7f500cb63000 rw-p 00105000 08:01 4601819                    /lib/x86_64-linux-gnu/libm-2.19.so
7f500cb63000-7f500d6d8000 r-xp 00000000 08:01 3818475                    /usr/lib/jvm/java-7-oracle/jre/lib/amd64/server/libjvm.so
7f500d6d8000-7f500d8d8000 ---p 00b75000 08:01 3818475                    /usr/lib/jvm/java-7-oracle/jre/lib/amd64/server/libjvm.so
7f500d8d8000-7f500d99c000 rw-p 00b75000 08:01 3818475                    /usr/lib/jvm/java-7-oracle/jre/lib/amd64/server/libjvm.so
7f500d99c000-7f500d9dd000 rw-p 00000000 00:00 0 
7f500d9dd000-7f500db98000 r-xp 00000000 08:01 4601811                    /lib/x86_64-linux-gnu/libc-2.19.so
7f500db98000-7f500dd98000 ---p 001bb000 08:01 4601811                    /lib/x86_64-linux-gnu/libc-2.19.so
7f500dd98000-7f500dd9c000 r--p 001bb000 08:01 4601811                    /lib/x86_64-linux-gnu/libc-2.19.so
7f500dd9c000-7f500dd9e000 rw-p 001bf000 08:01 4601811                    /lib/x86_64-linux-gnu/libc-2.19.so
7f500dd9e000-7f500dda3000 rw-p 00000000 00:00 0 
7f500dda3000-7f500dda6000 r-xp 00000000 08:01 4601815                    /lib/x86_64-linux-gnu/libdl-2.19.so
7f500dda6000-7f500dfa5000 ---p 00003000 08:01 4601815                    /lib/x86_64-linux-gnu/libdl-2.19.so
7f500dfa5000-7f500dfa6000 r--p 00002000 08:01 4601815                    /lib/x86_64-linux-gnu/libdl-2.19.so
7f500dfa6000-7f500dfa7000 rw-p 00003000 08:01 4601815                    /lib/x86_64-linux-gnu/libdl-2.19.so
7f500dfa7000-7f500dfbd000 r-xp 00000000 08:01 3815454                    /usr/lib/jvm/java-7-oracle/jre/lib/amd64/jli/libjli.so
7f500dfbd000-7f500e1bd000 ---p 00016000 08:01 3815454                    /usr/lib/jvm/java-7-oracle/jre/lib/amd64/jli/libjli.so
7f500e1bd000-7f500e1be000 rw-p 00016000 08:01 3815454                    /usr/lib/jvm/java-7-oracle/jre/lib/amd64/jli/libjli.so
7f500e1be000-7f500e1d7000 r-xp 00000000 08:01 4601828                    /lib/x86_64-linux-gnu/libpthread-2.19.so
7f500e1d7000-7f500e3d6000 ---p 00019000 08:01 4601828                    /lib/x86_64-linux-gnu/libpthread-2.19.so
7f500e3d6000-7f500e3d7000 r--p 00018000 08:01 4601828                    /lib/x86_64-linux-gnu/libpthread-2.19.so
7f500e3d7000-7f500e3d8000 rw-p 00019000 08:01 4601828                    /lib/x86_64-linux-gnu/libpthread-2.19.so
7f500e3d8000-7f500e3dc000 rw-p 00000000 00:00 0 
7f500e3dc000-7f500e3ff000 r-xp 00000000 08:01 4601808                    /lib/x86_64-linux-gnu/ld-2.19.so
7f500e3ff000-7f500e400000 rw-p 00000000 00:00 0 
7f500e400000-7f500e404000 r--s 000f7000 08:01 3818490                    /usr/lib/jvm/java-7-oracle/jre/lib/ext/localedata.jar
7f500e404000-7f500e424000 rw-p 00000000 00:00 0 
7f500e424000-7f500e4da000 rw-p 00000000 00:00 0 
7f500e4da000-7f500e4dd000 ---p 00000000 00:00 0 
7f500e4dd000-7f500e5df000 rw-p 00000000 00:00 0                          [stack:6214]
7f500e5df000-7f500e5e3000 r--s 0008b000 08:01 3818495                    /usr/lib/jvm/java-7-oracle/jre/lib/jsse.jar
7f500e5e3000-7f500e5f2000 r--s 000dd000 00:22 156718                     /home/johnny/Android/Sdk/build-tools/21.1.2/lib/dx.jar
7f500e5f2000-7f500e5fa000 rw-s 00000000 08:01 3284673                    /tmp/hsperfdata_johnny/6205
7f500e5fa000-7f500e5fb000 rw-p 00000000 00:00 0 
7f500e5fb000-7f500e5fc000 ---p 00000000 00:00 0 
7f500e5fc000-7f500e5fe000 rw-p 00000000 00:00 0 
7f500e5fe000-7f500e5ff000 r--p 00022000 08:01 4601808                    /lib/x86_64-linux-gnu/ld-2.19.so
7f500e5ff000-7f500e600000 rw-p 00023000 08:01 4601808                    /lib/x86_64-linux-gnu/ld-2.19.so
7f500e600000-7f500e601000 rw-p 00000000 00:00 0 
7fff0e4c4000-7fff0e4e5000 rw-p 00000000 00:00 0                          [stack]
7fff0e5fe000-7fff0e600000 r-xp 00000000 00:00 0                          [vdso]
ffffffffff600000-ffffffffff601000 r-xp 00000000 00:00 0                  [vsyscall]

VM Arguments:
jvm_args: -Xmx1024M 
java_command: /home/johnny/Android/Sdk/build-tools/21.1.2/lib/dx.jar --dex --no-optimize --output /home/johnny/AndroidStudioProjects/App.BangBangGokGok/app/build/intermediates/dex/debug --input-list=/home/johnny/AndroidStudioProjects/App.BangBangGokGok/app/build/intermediates/tmp/dex/debug/inputList.txt
Launcher Type: SUN_STANDARD

Environment Variables:
CLASSPATH=/home/johnny/android-studio/bin/../lib/bootstrap.jar:/home/johnny/android-studio/bin/../lib/extensions.jar:/home/johnny/android-studio/bin/../lib/util.jar:/home/johnny/android-studio/bin/../lib/jdom.jar:/home/johnny/android-studio/bin/../lib/log4j.jar:/home/johnny/android-studio/bin/../lib/trove4j.jar:/home/johnny/android-studio/bin/../lib/jna.jar:/usr/lib/jvm/java-7-oracle/lib/tools.jar
PATH=/usr/local/sbin:/usr/local/bin:/usr/sbin:/usr/bin:/sbin:/bin:/usr/games:/usr/local/games
LD_LIBRARY_PATH=/home/johnny/android-studio/bin:
SHELL=/bin/bash
DISPLAY=:0

Signal Handlers:
SIGSEGV: [libjvm.so+0x9a3bd0], sa_mask[0]=0x7ffbfeff, sa_flags=0x10000004
SIGBUS: [libjvm.so+0x9a3bd0], sa_mask[0]=0x7ffbfeff, sa_flags=0x10000004
SIGFPE: [libjvm.so+0x81cb60], sa_mask[0]=0x7ffbfeff, sa_flags=0x10000004
SIGPIPE: [libjvm.so+0x81cb60], sa_mask[0]=0x7ffbfeff, sa_flags=0x10000004
SIGXFSZ: [libjvm.so+0x81cb60], sa_mask[0]=0x7ffbfeff, sa_flags=0x10000004
SIGILL: [libjvm.so+0x81cb60], sa_mask[0]=0x7ffbfeff, sa_flags=0x10000004
SIGUSR1: SIG_DFL, sa_mask[0]=0x00000000, sa_flags=0x00000000
SIGUSR2: [libjvm.so+0x81e360], sa_mask[0]=0x00000004, sa_flags=0x10000004
SIGHUP: [libjvm.so+0x81f480], sa_mask[0]=0x7ffbfeff, sa_flags=0x10000004
SIGINT: [libjvm.so+0x81f480], sa_mask[0]=0x7ffbfeff, sa_flags=0x10000004
SIGTERM: [libjvm.so+0x81f480], sa_mask[0]=0x7ffbfeff, sa_flags=0x10000004
SIGQUIT: [libjvm.so+0x81f480], sa_mask[0]=0x7ffbfeff, sa_flags=0x10000004


---------------  S Y S T E M  ---------------

OS:jessie/sid

uname:Linux 3.13.0-45-generic #74-Ubuntu SMP Tue Jan 13 19:36:28 UTC 2015 x86_64
libc:glibc 2.19 NPTL 2.19 
rlimit: STACK 8192k, CORE 0k, NPROC 45903, NOFILE 4096, AS infinity
load average:10.79 4.02 2.14

/proc/meminfo:
MemTotal:        5905412 kB
MemFree:          136080 kB
Buffers:             280 kB
Cached:          1222248 kB
SwapCached:            0 kB
Active:          4499392 kB
Inactive:        1027844 kB
Active(anon):    4487840 kB
Inactive(anon):  1014848 kB
Active(file):      11552 kB
Inactive(file):    12996 kB
Unevictable:          32 kB
Mlocked:              32 kB
SwapTotal:             0 kB
SwapFree:              0 kB
Dirty:               164 kB
Writeback:             0 kB
AnonPages:       4305812 kB
Mapped:           125648 kB
Shmem:           1197004 kB
Slab:             108764 kB
SReclaimable:      41216 kB
SUnreclaim:        67548 kB
KernelStack:        5784 kB
PageTables:        56844 kB
NFS_Unstable:          0 kB
Bounce:                0 kB
WritebackTmp:          0 kB
CommitLimit:     2952704 kB
Committed_AS:   12320788 kB
VmallocTotal:   34359738367 kB
VmallocUsed:      554492 kB
VmallocChunk:   34359174612 kB
HardwareCorrupted:     0 kB
AnonHugePages:   1275904 kB
HugePages_Total:       0
HugePages_Free:        0
HugePages_Rsvd:        0
HugePages_Surp:        0
Hugepagesize:       2048 kB
DirectMap4k:       76032 kB
DirectMap2M:     6008832 kB


CPU:total 4 (2 cores per cpu, 2 threads per core) family 6 model 37 stepping 5, cmov, cx8, fxsr, mmx, sse, sse2, sse3, ssse3, sse4.1, sse4.2, popcnt, ht, tsc, tscinvbit

/proc/cpuinfo:
processor	: 0
vendor_id	: GenuineIntel
cpu family	: 6
model		: 37
model name	: Intel(R) Core(TM) i3 CPU       M 370  @ 2.40GHz
stepping	: 5
microcode	: 0x2
cpu MHz		: 933.000
cache size	: 3072 KB
physical id	: 0
siblings	: 4
core id		: 0
cpu cores	: 2
apicid		: 0
initial apicid	: 0
fpu		: yes
fpu_exception	: yes
cpuid level	: 11
wp		: yes
flags		: fpu vme de pse tsc msr pae mce cx8 apic sep mtrr pge mca cmov pat pse36 clflush dts acpi mmx fxsr sse sse2 ss ht tm pbe syscall nx rdtscp lm constant_tsc arch_perfmon pebs bts rep_good nopl xtopology nonstop_tsc aperfmperf pni dtes64 monitor ds_cpl vmx est tm2 ssse3 cx16 xtpr pdcm pcid sse4_1 sse4_2 popcnt lahf_lm arat dtherm tpr_shadow vnmi flexpriority ept vpid
bogomips	: 4787.57
clflush size	: 64
cache_alignment	: 64
address sizes	: 36 bits physical, 48 bits virtual
power management:

processor	: 1
vendor_id	: GenuineIntel
cpu family	: 6
model		: 37
model name	: Intel(R) Core(TM) i3 CPU       M 370  @ 2.40GHz
stepping	: 5
microcode	: 0x2
cpu MHz		: 933.000
cache size	: 3072 KB
physical id	: 0
siblings	: 4
core id		: 0
cpu cores	: 2
apicid		: 1
initial apicid	: 1
fpu		: yes
fpu_exception	: yes
cpuid level	: 11
wp		: yes
flags		: fpu vme de pse tsc msr pae mce cx8 apic sep mtrr pge mca cmov pat pse36 clflush dts acpi mmx fxsr sse sse2 ss ht tm pbe syscall nx rdtscp lm constant_tsc arch_perfmon pebs bts rep_good nopl xtopology nonstop_tsc aperfmperf pni dtes64 monitor ds_cpl vmx est tm2 ssse3 cx16 xtpr pdcm pcid sse4_1 sse4_2 popcnt lahf_lm arat dtherm tpr_shadow vnmi flexpriority ept vpid
bogomips	: 4787.57
clflush size	: 64
cache_alignment	: 64
address sizes	: 36 bits physical, 48 bits virtual
power management:

processor	: 2
vendor_id	: GenuineIntel
cpu family	: 6
model		: 37
model name	: Intel(R) Core(TM) i3 CPU       M 370  @ 2.40GHz
stepping	: 5
microcode	: 0x2
cpu MHz		: 933.000
cache size	: 3072 KB
physical id	: 0
siblings	: 4
core id		: 2
cpu cores	: 2
apicid		: 4
initial apicid	: 4
fpu		: yes
fpu_exception	: yes
cpuid level	: 11
wp		: yes
flags		: fpu vme de pse tsc msr pae mce cx8 apic sep mtrr pge mca cmov pat pse36 clflush dts acpi mmx fxsr sse sse2 ss ht tm pbe syscall nx rdtscp lm constant_tsc arch_perfmon pebs bts rep_good nopl xtopology nonstop_tsc aperfmperf pni dtes64 monitor ds_cpl vmx est tm2 ssse3 cx16 xtpr pdcm pcid sse4_1 sse4_2 popcnt lahf_lm arat dtherm tpr_shadow vnmi flexpriority ept vpid
bogomips	: 4787.57
clflush size	: 64
cache_alignment	: 64
address sizes	: 36 bits physical, 48 bits virtual
power management:

processor	: 3
vendor_id	: GenuineIntel
cpu family	: 6
model		: 37
model name	: Intel(R) Core(TM) i3 CPU       M 370  @ 2.40GHz
stepping	: 5
microcode	: 0x2
cpu MHz		: 1466.000
cache size	: 3072 KB
physical id	: 0
siblings	: 4
core id		: 2
cpu cores	: 2
apicid		: 5
initial apicid	: 5
fpu		: yes
fpu_exception	: yes
cpuid level	: 11
wp		: yes
flags		: fpu vme de pse tsc msr pae mce cx8 apic sep mtrr pge mca cmov pat pse36 clflush dts acpi mmx fxsr sse sse2 ss ht tm pbe syscall nx rdtscp lm constant_tsc arch_perfmon pebs bts rep_good nopl xtopology nonstop_tsc aperfmperf pni dtes64 monitor ds_cpl vmx est tm2 ssse3 cx16 xtpr pdcm pcid sse4_1 sse4_2 popcnt lahf_lm arat dtherm tpr_shadow vnmi flexpriority ept vpid
bogomips	: 4787.57
clflush size	: 64
cache_alignment	: 64
address sizes	: 36 bits physical, 48 bits virtual
power management:



Memory: 4k page, physical 5905412k(136080k free), swap 0k(0k free)

vm_info: Java HotSpot(TM) 64-Bit Server VM (24.76-b04) for linux-amd64 JRE (1.7.0_76-b13), built on Dec 18 2014 16:58:39 by "java_re" with gcc 4.3.0 20080428 (Red Hat 4.3.0-8)

time: Thu Feb  5 18:07:51 2015
elapsed time: 68 seconds

